[0.024s] Invoking command in '/home/aimane/data/build/pubsub_custom_param': CMAKE_PREFIX_PATH=/home/aimane/data/install/custom_interfaces:/home/aimane/data/install/pubsub_custom_param:/home/aimane/data/colcon_ws3/install/pubsub_custom_param:/home/aimane/data/colcon_ws3/install/custom_interfaces:/opt/ros/humble /usr/bin/cmake --build /home/aimane/data/build/pubsub_custom_param -- -j3 -l3
[0.087s] [35m[1mConsolidate compiler generated dependencies of target publisher_class[0m
[0.088s] [35m[1mConsolidate compiler generated dependencies of target subscriber_class[0m
[0.108s] [ 50%] Built target publisher_class
[0.111s] [100%] Built target subscriber_class
[0.141s] Invoked command in '/home/aimane/data/build/pubsub_custom_param' returned '0': CMAKE_PREFIX_PATH=/home/aimane/data/install/custom_interfaces:/home/aimane/data/install/pubsub_custom_param:/home/aimane/data/colcon_ws3/install/pubsub_custom_param:/home/aimane/data/colcon_ws3/install/custom_interfaces:/opt/ros/humble /usr/bin/cmake --build /home/aimane/data/build/pubsub_custom_param -- -j3 -l3
[0.151s] Invoking command in '/home/aimane/data/build/pubsub_custom_param': CMAKE_PREFIX_PATH=/home/aimane/data/install/custom_interfaces:/home/aimane/data/install/pubsub_custom_param:/home/aimane/data/colcon_ws3/install/pubsub_custom_param:/home/aimane/data/colcon_ws3/install/custom_interfaces:/opt/ros/humble /usr/bin/cmake --install /home/aimane/data/build/pubsub_custom_param
[0.160s] -- Install configuration: ""
[0.161s] -- Up-to-date: /home/aimane/data/install/pubsub_custom_param/lib/pubsub_custom_param/publisher_class
[0.162s] -- Up-to-date: /home/aimane/data/install/pubsub_custom_param/lib/pubsub_custom_param/subscriber_class
[0.162s] -- Up-to-date: /home/aimane/data/install/pubsub_custom_param/share/pubsub_custom_param/launch
[0.162s] -- Up-to-date: /home/aimane/data/install/pubsub_custom_param/share/pubsub_custom_param/launch/pubsub_launch.py
[0.162s] -- Up-to-date: /home/aimane/data/install/pubsub_custom_param/share/pubsub_custom_param/launch/pubsub_includer_launch.py
[0.162s] -- Up-to-date: /home/aimane/data/install/pubsub_custom_param/share/pubsub_custom_param/launch/pubsub_paramfile_launch.py
[0.162s] -- Up-to-date: /home/aimane/data/install/pubsub_custom_param/share/pubsub_custom_param/launch/pubsub_argument_launch.py
[0.163s] -- Up-to-date: /home/aimane/data/install/pubsub_custom_param/share/pubsub_custom_param/launch/pubsub_param_launch.py
[0.163s] -- Installing: /home/aimane/data/install/pubsub_custom_param/share/pubsub_custom_param/launch/pubsub_remap_launch.py
[0.163s] -- Up-to-date: /home/aimane/data/install/pubsub_custom_param/share/pubsub_custom_param/config
[0.163s] -- Up-to-date: /home/aimane/data/install/pubsub_custom_param/share/pubsub_custom_param/config/params.yaml
[0.163s] -- Up-to-date: /home/aimane/data/install/pubsub_custom_param/share/ament_index/resource_index/package_run_dependencies/pubsub_custom_param
[0.163s] -- Up-to-date: /home/aimane/data/install/pubsub_custom_param/share/ament_index/resource_index/parent_prefix_path/pubsub_custom_param
[0.163s] -- Up-to-date: /home/aimane/data/install/pubsub_custom_param/share/pubsub_custom_param/environment/ament_prefix_path.sh
[0.163s] -- Up-to-date: /home/aimane/data/install/pubsub_custom_param/share/pubsub_custom_param/environment/ament_prefix_path.dsv
[0.163s] -- Up-to-date: /home/aimane/data/install/pubsub_custom_param/share/pubsub_custom_param/environment/path.sh
[0.164s] -- Up-to-date: /home/aimane/data/install/pubsub_custom_param/share/pubsub_custom_param/environment/path.dsv
[0.164s] -- Up-to-date: /home/aimane/data/install/pubsub_custom_param/share/pubsub_custom_param/local_setup.bash
[0.164s] -- Up-to-date: /home/aimane/data/install/pubsub_custom_param/share/pubsub_custom_param/local_setup.sh
[0.164s] -- Up-to-date: /home/aimane/data/install/pubsub_custom_param/share/pubsub_custom_param/local_setup.zsh
[0.164s] -- Up-to-date: /home/aimane/data/install/pubsub_custom_param/share/pubsub_custom_param/local_setup.dsv
[0.165s] -- Installing: /home/aimane/data/install/pubsub_custom_param/share/pubsub_custom_param/package.dsv
[0.165s] -- Up-to-date: /home/aimane/data/install/pubsub_custom_param/share/ament_index/resource_index/packages/pubsub_custom_param
[0.165s] -- Up-to-date: /home/aimane/data/install/pubsub_custom_param/share/pubsub_custom_param/cmake/ament_cmake_export_dependencies-extras.cmake
[0.165s] -- Up-to-date: /home/aimane/data/install/pubsub_custom_param/share/pubsub_custom_param/cmake/pubsub_custom_paramConfig.cmake
[0.165s] -- Up-to-date: /home/aimane/data/install/pubsub_custom_param/share/pubsub_custom_param/cmake/pubsub_custom_paramConfig-version.cmake
[0.165s] -- Up-to-date: /home/aimane/data/install/pubsub_custom_param/share/pubsub_custom_param/package.xml
[0.167s] Invoked command in '/home/aimane/data/build/pubsub_custom_param' returned '0': CMAKE_PREFIX_PATH=/home/aimane/data/install/custom_interfaces:/home/aimane/data/install/pubsub_custom_param:/home/aimane/data/colcon_ws3/install/pubsub_custom_param:/home/aimane/data/colcon_ws3/install/custom_interfaces:/opt/ros/humble /usr/bin/cmake --install /home/aimane/data/build/pubsub_custom_param
