[0.214s] DEBUG:colcon:Command line arguments: ['/usr/bin/colcon', 'build', '--packages-up-to', 'learning_tf2']
[0.214s] DEBUG:colcon:Parsed command line arguments: Namespace(log_base=None, log_level=None, verb_name='build', build_base='build', install_base='install', merge_install=False, symlink_install=False, test_result_base=None, continue_on_error=False, executor='parallel', parallel_workers=3, event_handlers=None, ignore_user_meta=False, metas=['./colcon.meta'], base_paths=['.'], packages_ignore=None, packages_ignore_regex=None, paths=None, packages_up_to=['learning_tf2'], packages_up_to_regex=None, packages_above=None, packages_above_and_dependencies=None, packages_above_depth=None, packages_select_by_dep=None, packages_skip_by_dep=None, packages_skip_up_to=None, packages_select_build_failed=False, packages_skip_build_finished=False, packages_select_test_failures=False, packages_skip_test_passed=False, packages_select=None, packages_skip=None, packages_select_regex=None, packages_skip_regex=None, packages_start=None, packages_end=None, allow_overriding=[], cmake_args=None, cmake_target=None, cmake_target_skip_unavailable=False, cmake_clean_cache=False, cmake_clean_first=False, cmake_force_configure=False, ament_cmake_args=None, catkin_cmake_args=None, catkin_skip_building_tests=False, verb_parser=<colcon_defaults.argument_parser.defaults.DefaultArgumentsDecorator object at 0x7fdaac37c040>, verb_extension=<colcon_core.verb.build.BuildVerb object at 0x7fdaac5557b0>, main=<bound method BuildVerb.main of <colcon_core.verb.build.BuildVerb object at 0x7fdaac5557b0>>)
[0.506s] Level 1:colcon.colcon_core.package_discovery:discover_packages(colcon_meta) check parameters
[0.507s] Level 1:colcon.colcon_core.package_discovery:discover_packages(recursive) check parameters
[0.507s] Level 1:colcon.colcon_core.package_discovery:discover_packages(ignore) check parameters
[0.507s] Level 1:colcon.colcon_core.package_discovery:discover_packages(path) check parameters
[0.507s] Level 1:colcon.colcon_core.package_discovery:discover_packages(colcon_meta) discover
[0.507s] Level 1:colcon.colcon_core.package_discovery:discover_packages(recursive) discover
[0.507s] INFO:colcon.colcon_core.package_discovery:Crawling recursively for packages in '/home/aimane/data/colcon_ws3'
[0.507s] Level 1:colcon.colcon_core.package_identification:_identify(.) by extensions ['ignore', 'ignore_ament_install']
[0.507s] Level 1:colcon.colcon_core.package_identification:_identify(.) by extension 'ignore'
[0.507s] Level 1:colcon.colcon_core.package_identification:_identify(.) by extension 'ignore_ament_install'
[0.507s] Level 1:colcon.colcon_core.package_identification:_identify(.) by extensions ['colcon_pkg']
[0.507s] Level 1:colcon.colcon_core.package_identification:_identify(.) by extension 'colcon_pkg'
[0.507s] Level 1:colcon.colcon_core.package_identification:_identify(.) by extensions ['colcon_meta']
[0.507s] Level 1:colcon.colcon_core.package_identification:_identify(.) by extension 'colcon_meta'
[0.507s] Level 1:colcon.colcon_core.package_identification:_identify(.) by extensions ['ros']
[0.508s] Level 1:colcon.colcon_core.package_identification:_identify(.) by extension 'ros'
[0.538s] Level 1:colcon.colcon_core.package_identification:_identify(.) by extensions ['cmake', 'python']
[0.538s] Level 1:colcon.colcon_core.package_identification:_identify(.) by extension 'cmake'
[0.538s] Level 1:colcon.colcon_core.package_identification:_identify(.) by extension 'python'
[0.538s] Level 1:colcon.colcon_core.package_identification:_identify(.) by extensions ['python_setup_py']
[0.538s] Level 1:colcon.colcon_core.package_identification:_identify(.) by extension 'python_setup_py'
[0.538s] Level 1:colcon.colcon_core.package_identification:_identify(build) by extensions ['ignore', 'ignore_ament_install']
[0.538s] Level 1:colcon.colcon_core.package_identification:_identify(build) by extension 'ignore'
[0.538s] Level 1:colcon.colcon_core.package_identification:_identify(build) ignored
[0.539s] Level 1:colcon.colcon_core.package_identification:_identify(install) by extensions ['ignore', 'ignore_ament_install']
[0.539s] Level 1:colcon.colcon_core.package_identification:_identify(install) by extension 'ignore'
[0.539s] Level 1:colcon.colcon_core.package_identification:_identify(install) ignored
[0.539s] Level 1:colcon.colcon_core.package_identification:_identify(log) by extensions ['ignore', 'ignore_ament_install']
[0.539s] Level 1:colcon.colcon_core.package_identification:_identify(log) by extension 'ignore'
[0.539s] Level 1:colcon.colcon_core.package_identification:_identify(log) ignored
[0.539s] Level 1:colcon.colcon_core.package_identification:_identify(src) by extensions ['ignore', 'ignore_ament_install']
[0.539s] Level 1:colcon.colcon_core.package_identification:_identify(src) by extension 'ignore'
[0.539s] Level 1:colcon.colcon_core.package_identification:_identify(src) by extension 'ignore_ament_install'
[0.540s] Level 1:colcon.colcon_core.package_identification:_identify(src) by extensions ['colcon_pkg']
[0.540s] Level 1:colcon.colcon_core.package_identification:_identify(src) by extension 'colcon_pkg'
[0.540s] Level 1:colcon.colcon_core.package_identification:_identify(src) by extensions ['colcon_meta']
[0.540s] Level 1:colcon.colcon_core.package_identification:_identify(src) by extension 'colcon_meta'
[0.540s] Level 1:colcon.colcon_core.package_identification:_identify(src) by extensions ['ros']
[0.540s] Level 1:colcon.colcon_core.package_identification:_identify(src) by extension 'ros'
[0.540s] Level 1:colcon.colcon_core.package_identification:_identify(src) by extensions ['cmake', 'python']
[0.540s] Level 1:colcon.colcon_core.package_identification:_identify(src) by extension 'cmake'
[0.540s] Level 1:colcon.colcon_core.package_identification:_identify(src) by extension 'python'
[0.540s] Level 1:colcon.colcon_core.package_identification:_identify(src) by extensions ['python_setup_py']
[0.540s] Level 1:colcon.colcon_core.package_identification:_identify(src) by extension 'python_setup_py'
[0.540s] Level 1:colcon.colcon_core.package_identification:_identify(src/Universal_Robots_ROS2_Description) by extensions ['ignore', 'ignore_ament_install']
[0.541s] Level 1:colcon.colcon_core.package_identification:_identify(src/Universal_Robots_ROS2_Description) by extension 'ignore'
[0.541s] Level 1:colcon.colcon_core.package_identification:_identify(src/Universal_Robots_ROS2_Description) by extension 'ignore_ament_install'
[0.541s] Level 1:colcon.colcon_core.package_identification:_identify(src/Universal_Robots_ROS2_Description) by extensions ['colcon_pkg']
[0.541s] Level 1:colcon.colcon_core.package_identification:_identify(src/Universal_Robots_ROS2_Description) by extension 'colcon_pkg'
[0.541s] Level 1:colcon.colcon_core.package_identification:_identify(src/Universal_Robots_ROS2_Description) by extensions ['colcon_meta']
[0.541s] Level 1:colcon.colcon_core.package_identification:_identify(src/Universal_Robots_ROS2_Description) by extension 'colcon_meta'
[0.541s] Level 1:colcon.colcon_core.package_identification:_identify(src/Universal_Robots_ROS2_Description) by extensions ['ros']
[0.541s] Level 1:colcon.colcon_core.package_identification:_identify(src/Universal_Robots_ROS2_Description) by extension 'ros'
[0.546s] DEBUG:colcon.colcon_core.package_identification:Package 'src/Universal_Robots_ROS2_Description' with type 'ros.ament_cmake' and name 'ur_description'
[0.546s] Level 1:colcon.colcon_core.package_identification:_identify(src/custom_interfaces) by extensions ['ignore', 'ignore_ament_install']
[0.546s] Level 1:colcon.colcon_core.package_identification:_identify(src/custom_interfaces) by extension 'ignore'
[0.546s] Level 1:colcon.colcon_core.package_identification:_identify(src/custom_interfaces) by extension 'ignore_ament_install'
[0.546s] Level 1:colcon.colcon_core.package_identification:_identify(src/custom_interfaces) by extensions ['colcon_pkg']
[0.546s] Level 1:colcon.colcon_core.package_identification:_identify(src/custom_interfaces) by extension 'colcon_pkg'
[0.546s] Level 1:colcon.colcon_core.package_identification:_identify(src/custom_interfaces) by extensions ['colcon_meta']
[0.546s] Level 1:colcon.colcon_core.package_identification:_identify(src/custom_interfaces) by extension 'colcon_meta'
[0.547s] Level 1:colcon.colcon_core.package_identification:_identify(src/custom_interfaces) by extensions ['ros']
[0.547s] Level 1:colcon.colcon_core.package_identification:_identify(src/custom_interfaces) by extension 'ros'
[0.548s] DEBUG:colcon.colcon_core.package_identification:Package 'src/custom_interfaces' with type 'ros.ament_cmake' and name 'custom_interfaces'
[0.548s] Level 1:colcon.colcon_core.package_identification:_identify(src/learning_tf2) by extensions ['ignore', 'ignore_ament_install']
[0.548s] Level 1:colcon.colcon_core.package_identification:_identify(src/learning_tf2) by extension 'ignore'
[0.548s] Level 1:colcon.colcon_core.package_identification:_identify(src/learning_tf2) by extension 'ignore_ament_install'
[0.548s] Level 1:colcon.colcon_core.package_identification:_identify(src/learning_tf2) by extensions ['colcon_pkg']
[0.548s] Level 1:colcon.colcon_core.package_identification:_identify(src/learning_tf2) by extension 'colcon_pkg'
[0.549s] Level 1:colcon.colcon_core.package_identification:_identify(src/learning_tf2) by extensions ['colcon_meta']
[0.549s] Level 1:colcon.colcon_core.package_identification:_identify(src/learning_tf2) by extension 'colcon_meta'
[0.549s] Level 1:colcon.colcon_core.package_identification:_identify(src/learning_tf2) by extensions ['ros']
[0.549s] Level 1:colcon.colcon_core.package_identification:_identify(src/learning_tf2) by extension 'ros'
[0.550s] DEBUG:colcon.colcon_core.package_identification:Package 'src/learning_tf2' with type 'ros.ament_cmake' and name 'learning_tf2'
[0.551s] Level 1:colcon.colcon_core.package_identification:_identify(src/pubsub_custom_param) by extensions ['ignore', 'ignore_ament_install']
[0.551s] Level 1:colcon.colcon_core.package_identification:_identify(src/pubsub_custom_param) by extension 'ignore'
[0.551s] Level 1:colcon.colcon_core.package_identification:_identify(src/pubsub_custom_param) by extension 'ignore_ament_install'
[0.551s] Level 1:colcon.colcon_core.package_identification:_identify(src/pubsub_custom_param) by extensions ['colcon_pkg']
[0.551s] Level 1:colcon.colcon_core.package_identification:_identify(src/pubsub_custom_param) by extension 'colcon_pkg'
[0.551s] Level 1:colcon.colcon_core.package_identification:_identify(src/pubsub_custom_param) by extensions ['colcon_meta']
[0.551s] Level 1:colcon.colcon_core.package_identification:_identify(src/pubsub_custom_param) by extension 'colcon_meta'
[0.551s] Level 1:colcon.colcon_core.package_identification:_identify(src/pubsub_custom_param) by extensions ['ros']
[0.551s] Level 1:colcon.colcon_core.package_identification:_identify(src/pubsub_custom_param) by extension 'ros'
[0.553s] DEBUG:colcon.colcon_core.package_identification:Package 'src/pubsub_custom_param' with type 'ros.ament_cmake' and name 'pubsub_custom_param'
[0.553s] Level 1:colcon.colcon_core.package_identification:_identify(src/rviz2_marker_demo) by extensions ['ignore', 'ignore_ament_install']
[0.553s] Level 1:colcon.colcon_core.package_identification:_identify(src/rviz2_marker_demo) by extension 'ignore'
[0.553s] Level 1:colcon.colcon_core.package_identification:_identify(src/rviz2_marker_demo) by extension 'ignore_ament_install'
[0.553s] Level 1:colcon.colcon_core.package_identification:_identify(src/rviz2_marker_demo) by extensions ['colcon_pkg']
[0.553s] Level 1:colcon.colcon_core.package_identification:_identify(src/rviz2_marker_demo) by extension 'colcon_pkg'
[0.553s] Level 1:colcon.colcon_core.package_identification:_identify(src/rviz2_marker_demo) by extensions ['colcon_meta']
[0.553s] Level 1:colcon.colcon_core.package_identification:_identify(src/rviz2_marker_demo) by extension 'colcon_meta'
[0.554s] Level 1:colcon.colcon_core.package_identification:_identify(src/rviz2_marker_demo) by extensions ['ros']
[0.554s] Level 1:colcon.colcon_core.package_identification:_identify(src/rviz2_marker_demo) by extension 'ros'
[0.556s] DEBUG:colcon.colcon_core.package_identification:Package 'src/rviz2_marker_demo' with type 'ros.ament_cmake' and name 'rviz2_marker_demo'
[0.556s] Level 1:colcon.colcon_core.package_identification:_identify(src/urdf_tutorial) by extensions ['ignore', 'ignore_ament_install']
[0.556s] Level 1:colcon.colcon_core.package_identification:_identify(src/urdf_tutorial) by extension 'ignore'
[0.556s] Level 1:colcon.colcon_core.package_identification:_identify(src/urdf_tutorial) by extension 'ignore_ament_install'
[0.556s] Level 1:colcon.colcon_core.package_identification:_identify(src/urdf_tutorial) by extensions ['colcon_pkg']
[0.557s] Level 1:colcon.colcon_core.package_identification:_identify(src/urdf_tutorial) by extension 'colcon_pkg'
[0.557s] Level 1:colcon.colcon_core.package_identification:_identify(src/urdf_tutorial) by extensions ['colcon_meta']
[0.557s] Level 1:colcon.colcon_core.package_identification:_identify(src/urdf_tutorial) by extension 'colcon_meta'
[0.557s] Level 1:colcon.colcon_core.package_identification:_identify(src/urdf_tutorial) by extensions ['ros']
[0.557s] Level 1:colcon.colcon_core.package_identification:_identify(src/urdf_tutorial) by extension 'ros'
[0.558s] DEBUG:colcon.colcon_core.package_identification:Package 'src/urdf_tutorial' with type 'ros.ament_cmake' and name 'urdf_tutorial'
[0.558s] Level 1:colcon.colcon_core.package_discovery:discover_packages(recursive) using defaults
[0.559s] Level 1:colcon.colcon_core.package_discovery:discover_packages(ignore) discover
[0.559s] Level 1:colcon.colcon_core.package_discovery:discover_packages(ignore) using defaults
[0.559s] Level 1:colcon.colcon_core.package_discovery:discover_packages(path) discover
[0.559s] Level 1:colcon.colcon_core.package_discovery:discover_packages(path) using defaults
[0.591s] INFO:colcon.colcon_core.package_selection:Skipping package 'urdf_tutorial' in 'src/urdf_tutorial'
[0.591s] INFO:colcon.colcon_core.package_selection:Skipping package 'pubsub_custom_param' in 'src/pubsub_custom_param'
[0.591s] INFO:colcon.colcon_core.package_selection:Skipping package 'ur_description' in 'src/Universal_Robots_ROS2_Description'
[0.591s] INFO:colcon.colcon_core.package_selection:Skipping package 'rviz2_marker_demo' in 'src/rviz2_marker_demo'
[0.591s] INFO:colcon.colcon_core.package_selection:Skipping package 'custom_interfaces' in 'src/custom_interfaces'
[0.592s] Level 1:colcon.colcon_core.package_discovery:discover_packages(prefix_path) check parameters
[0.592s] Level 1:colcon.colcon_core.package_discovery:discover_packages(prefix_path) discover
[0.593s] WARNING:colcon.colcon_ros.prefix_path.ament:The path '/home/aimane/data/colcon_ws3/install/learning_tf2' in the environment variable AMENT_PREFIX_PATH doesn't exist
[0.594s] WARNING:colcon.colcon_ros.prefix_path.ament:The path '/home/aimane/data/colcon_ws3/install/pubsub_custom_param' in the environment variable AMENT_PREFIX_PATH doesn't exist
[0.594s] WARNING:colcon.colcon_ros.prefix_path.ament:The path '/home/aimane/data/colcon_ws3/install/custom_interfaces' in the environment variable AMENT_PREFIX_PATH doesn't exist
[0.594s] WARNING:colcon.colcon_ros.prefix_path.catkin:The path '/home/aimane/data/colcon_ws3/install/learning_tf2' in the environment variable CMAKE_PREFIX_PATH doesn't exist
[0.594s] WARNING:colcon.colcon_ros.prefix_path.catkin:The path '/home/aimane/data/colcon_ws3/install/pubsub_custom_param' in the environment variable CMAKE_PREFIX_PATH doesn't exist
[0.594s] WARNING:colcon.colcon_ros.prefix_path.catkin:The path '/home/aimane/data/colcon_ws3/install/custom_interfaces' in the environment variable CMAKE_PREFIX_PATH doesn't exist
[0.595s] DEBUG:colcon.colcon_installed_package_information.package_discovery:Found 0 installed packages in /home/aimane/data/colcon_ws3/install
[0.599s] DEBUG:colcon.colcon_installed_package_information.package_discovery:Found 373 installed packages in /opt/ros/humble
[0.604s] Level 1:colcon.colcon_core.package_discovery:discover_packages(prefix_path) using defaults
[0.708s] Level 5:colcon.colcon_core.verb:set package 'learning_tf2' build argument 'cmake_args' from command line to 'None'
[0.708s] Level 5:colcon.colcon_core.verb:set package 'learning_tf2' build argument 'cmake_target' from command line to 'None'
[0.708s] Level 5:colcon.colcon_core.verb:set package 'learning_tf2' build argument 'cmake_target_skip_unavailable' from command line to 'False'
[0.708s] Level 5:colcon.colcon_core.verb:set package 'learning_tf2' build argument 'cmake_clean_cache' from command line to 'False'
[0.708s] Level 5:colcon.colcon_core.verb:set package 'learning_tf2' build argument 'cmake_clean_first' from command line to 'False'
[0.708s] Level 5:colcon.colcon_core.verb:set package 'learning_tf2' build argument 'cmake_force_configure' from command line to 'False'
[0.708s] Level 5:colcon.colcon_core.verb:set package 'learning_tf2' build argument 'ament_cmake_args' from command line to 'None'
[0.708s] Level 5:colcon.colcon_core.verb:set package 'learning_tf2' build argument 'catkin_cmake_args' from command line to 'None'
[0.708s] Level 5:colcon.colcon_core.verb:set package 'learning_tf2' build argument 'catkin_skip_building_tests' from command line to 'False'
[0.708s] DEBUG:colcon.colcon_core.verb:Building package 'learning_tf2' with the following arguments: {'ament_cmake_args': None, 'build_base': '/home/aimane/data/colcon_ws3/build/learning_tf2', 'catkin_cmake_args': None, 'catkin_skip_building_tests': False, 'cmake_args': None, 'cmake_clean_cache': False, 'cmake_clean_first': False, 'cmake_force_configure': False, 'cmake_target': None, 'cmake_target_skip_unavailable': False, 'install_base': '/home/aimane/data/colcon_ws3/install/learning_tf2', 'merge_install': False, 'path': '/home/aimane/data/colcon_ws3/src/learning_tf2', 'symlink_install': False, 'test_result_base': None}
[0.708s] INFO:colcon.colcon_core.executor:Executing jobs using 'parallel' executor
[0.710s] DEBUG:colcon.colcon_parallel_executor.executor.parallel:run_until_complete
[0.710s] INFO:colcon.colcon_ros.task.ament_cmake.build:Building ROS package in '/home/aimane/data/colcon_ws3/src/learning_tf2' with build type 'ament_cmake'
[0.710s] INFO:colcon.colcon_cmake.task.cmake.build:Building CMake package in '/home/aimane/data/colcon_ws3/src/learning_tf2'
[0.713s] INFO:colcon.colcon_core.plugin_system:Skipping extension 'colcon_core.shell.bat': Not used on non-Windows systems
[0.714s] INFO:colcon.colcon_core.shell:Skip shell extension 'powershell' for command environment: Not usable outside of PowerShell
[0.714s] DEBUG:colcon.colcon_core.shell:Skip shell extension 'dsv' for command environment
[0.728s] DEBUG:colcon.colcon_core.event_handler.log_command:Invoking command in '/home/aimane/data/colcon_ws3/build/learning_tf2': CMAKE_PREFIX_PATH=${CMAKE_PREFIX_PATH}:/opt/ros/humble /usr/bin/cmake /home/aimane/data/colcon_ws3/src/learning_tf2 -DCMAKE_INSTALL_PREFIX=/home/aimane/data/colcon_ws3/install/learning_tf2
[2.897s] DEBUG:colcon.colcon_core.event_handler.log_command:Invoked command in '/home/aimane/data/colcon_ws3/build/learning_tf2' returned '0': CMAKE_PREFIX_PATH=${CMAKE_PREFIX_PATH}:/opt/ros/humble /usr/bin/cmake /home/aimane/data/colcon_ws3/src/learning_tf2 -DCMAKE_INSTALL_PREFIX=/home/aimane/data/colcon_ws3/install/learning_tf2
[2.901s] DEBUG:colcon.colcon_core.event_handler.log_command:Invoking command in '/home/aimane/data/colcon_ws3/build/learning_tf2': CMAKE_PREFIX_PATH=${CMAKE_PREFIX_PATH}:/opt/ros/humble /usr/bin/cmake --build /home/aimane/data/colcon_ws3/build/learning_tf2 -- -j3 -l3
[16.131s] DEBUG:colcon.colcon_core.event_handler.log_command:Invoked command in '/home/aimane/data/colcon_ws3/build/learning_tf2' returned '0': CMAKE_PREFIX_PATH=${CMAKE_PREFIX_PATH}:/opt/ros/humble /usr/bin/cmake --build /home/aimane/data/colcon_ws3/build/learning_tf2 -- -j3 -l3
[16.143s] DEBUG:colcon.colcon_core.event_handler.log_command:Invoking command in '/home/aimane/data/colcon_ws3/build/learning_tf2': CMAKE_PREFIX_PATH=${CMAKE_PREFIX_PATH}:/opt/ros/humble /usr/bin/cmake --install /home/aimane/data/colcon_ws3/build/learning_tf2
[16.162s] Level 1:colcon.colcon_core.environment:create_environment_scripts_only(learning_tf2)
[16.163s] DEBUG:colcon.colcon_core.event_handler.log_command:Invoked command in '/home/aimane/data/colcon_ws3/build/learning_tf2' returned '0': CMAKE_PREFIX_PATH=${CMAKE_PREFIX_PATH}:/opt/ros/humble /usr/bin/cmake --install /home/aimane/data/colcon_ws3/build/learning_tf2
[16.166s] Level 1:colcon.colcon_core.environment:checking '/home/aimane/data/colcon_ws3/install/learning_tf2' for CMake module files
[16.167s] Level 1:colcon.colcon_core.environment:checking '/home/aimane/data/colcon_ws3/install/learning_tf2' for CMake config files
[16.168s] Level 1:colcon.colcon_core.shell:create_environment_hook('learning_tf2', 'cmake_prefix_path')
[16.168s] INFO:colcon.colcon_core.shell:Creating environment hook '/home/aimane/data/colcon_ws3/install/learning_tf2/share/learning_tf2/hook/cmake_prefix_path.ps1'
[16.169s] INFO:colcon.colcon_core.shell:Creating environment descriptor '/home/aimane/data/colcon_ws3/install/learning_tf2/share/learning_tf2/hook/cmake_prefix_path.dsv'
[16.170s] INFO:colcon.colcon_core.shell:Creating environment hook '/home/aimane/data/colcon_ws3/install/learning_tf2/share/learning_tf2/hook/cmake_prefix_path.sh'
[16.171s] Level 1:colcon.colcon_core.environment:checking '/home/aimane/data/colcon_ws3/install/learning_tf2/lib'
[16.171s] Level 1:colcon.colcon_core.environment:checking '/home/aimane/data/colcon_ws3/install/learning_tf2/bin'
[16.171s] Level 1:colcon.colcon_core.environment:checking '/home/aimane/data/colcon_ws3/install/learning_tf2/lib/pkgconfig/learning_tf2.pc'
[16.172s] Level 1:colcon.colcon_core.environment:checking '/home/aimane/data/colcon_ws3/install/learning_tf2/lib/python3.10/site-packages'
[16.172s] Level 1:colcon.colcon_core.environment:checking '/home/aimane/data/colcon_ws3/install/learning_tf2/bin'
[16.173s] INFO:colcon.colcon_core.shell:Creating package script '/home/aimane/data/colcon_ws3/install/learning_tf2/share/learning_tf2/package.ps1'
[16.174s] INFO:colcon.colcon_core.shell:Creating package descriptor '/home/aimane/data/colcon_ws3/install/learning_tf2/share/learning_tf2/package.dsv'
[16.175s] INFO:colcon.colcon_core.shell:Creating package script '/home/aimane/data/colcon_ws3/install/learning_tf2/share/learning_tf2/package.sh'
[16.176s] INFO:colcon.colcon_core.shell:Creating package script '/home/aimane/data/colcon_ws3/install/learning_tf2/share/learning_tf2/package.bash'
[16.177s] INFO:colcon.colcon_core.shell:Creating package script '/home/aimane/data/colcon_ws3/install/learning_tf2/share/learning_tf2/package.zsh'
[16.178s] Level 1:colcon.colcon_core.environment:create_file_with_runtime_dependencies(/home/aimane/data/colcon_ws3/install/learning_tf2/share/colcon-core/packages/learning_tf2)
[16.179s] Level 1:colcon.colcon_core.environment:create_environment_scripts_only(learning_tf2)
[16.179s] Level 1:colcon.colcon_core.environment:checking '/home/aimane/data/colcon_ws3/install/learning_tf2' for CMake module files
[16.180s] Level 1:colcon.colcon_core.environment:checking '/home/aimane/data/colcon_ws3/install/learning_tf2' for CMake config files
[16.180s] Level 1:colcon.colcon_core.shell:create_environment_hook('learning_tf2', 'cmake_prefix_path')
[16.181s] INFO:colcon.colcon_core.shell:Creating environment hook '/home/aimane/data/colcon_ws3/install/learning_tf2/share/learning_tf2/hook/cmake_prefix_path.ps1'
[16.181s] INFO:colcon.colcon_core.shell:Creating environment descriptor '/home/aimane/data/colcon_ws3/install/learning_tf2/share/learning_tf2/hook/cmake_prefix_path.dsv'
[16.182s] INFO:colcon.colcon_core.shell:Creating environment hook '/home/aimane/data/colcon_ws3/install/learning_tf2/share/learning_tf2/hook/cmake_prefix_path.sh'
[16.183s] Level 1:colcon.colcon_core.environment:checking '/home/aimane/data/colcon_ws3/install/learning_tf2/lib'
[16.183s] Level 1:colcon.colcon_core.environment:checking '/home/aimane/data/colcon_ws3/install/learning_tf2/bin'
[16.183s] Level 1:colcon.colcon_core.environment:checking '/home/aimane/data/colcon_ws3/install/learning_tf2/lib/pkgconfig/learning_tf2.pc'
[16.183s] Level 1:colcon.colcon_core.environment:checking '/home/aimane/data/colcon_ws3/install/learning_tf2/lib/python3.10/site-packages'
[16.184s] Level 1:colcon.colcon_core.environment:checking '/home/aimane/data/colcon_ws3/install/learning_tf2/bin'
[16.184s] INFO:colcon.colcon_core.shell:Creating package script '/home/aimane/data/colcon_ws3/install/learning_tf2/share/learning_tf2/package.ps1'
[16.185s] INFO:colcon.colcon_core.shell:Creating package descriptor '/home/aimane/data/colcon_ws3/install/learning_tf2/share/learning_tf2/package.dsv'
[16.185s] INFO:colcon.colcon_core.shell:Creating package script '/home/aimane/data/colcon_ws3/install/learning_tf2/share/learning_tf2/package.sh'
[16.186s] INFO:colcon.colcon_core.shell:Creating package script '/home/aimane/data/colcon_ws3/install/learning_tf2/share/learning_tf2/package.bash'
[16.187s] INFO:colcon.colcon_core.shell:Creating package script '/home/aimane/data/colcon_ws3/install/learning_tf2/share/learning_tf2/package.zsh'
[16.188s] Level 1:colcon.colcon_core.environment:create_file_with_runtime_dependencies(/home/aimane/data/colcon_ws3/install/learning_tf2/share/colcon-core/packages/learning_tf2)
[16.188s] DEBUG:colcon.colcon_parallel_executor.executor.parallel:closing loop
[16.188s] DEBUG:colcon.colcon_parallel_executor.executor.parallel:loop closed
[16.188s] DEBUG:colcon.colcon_parallel_executor.executor.parallel:run_until_complete finished with '0'
[16.189s] DEBUG:colcon.colcon_core.event_reactor:joining thread
[16.196s] INFO:colcon.colcon_core.plugin_system:Skipping extension 'colcon_notification.desktop_notification.terminal_notifier': Not used on non-Darwin systems
[16.196s] INFO:colcon.colcon_core.plugin_system:Skipping extension 'colcon_notification.desktop_notification.win32': Not used on non-Windows systems
[16.196s] INFO:colcon.colcon_notification.desktop_notification:Sending desktop notification using 'notify2'
[16.213s] DEBUG:colcon.colcon_core.event_reactor:joined thread
[16.214s] INFO:colcon.colcon_core.shell:Creating prefix script '/home/aimane/data/colcon_ws3/install/local_setup.ps1'
[16.215s] INFO:colcon.colcon_core.shell:Creating prefix util module '/home/aimane/data/colcon_ws3/install/_local_setup_util_ps1.py'
[16.218s] INFO:colcon.colcon_core.shell:Creating prefix chain script '/home/aimane/data/colcon_ws3/install/setup.ps1'
[16.220s] INFO:colcon.colcon_core.shell:Creating prefix script '/home/aimane/data/colcon_ws3/install/local_setup.sh'
[16.221s] INFO:colcon.colcon_core.shell:Creating prefix util module '/home/aimane/data/colcon_ws3/install/_local_setup_util_sh.py'
[16.222s] INFO:colcon.colcon_core.shell:Creating prefix chain script '/home/aimane/data/colcon_ws3/install/setup.sh'
[16.223s] INFO:colcon.colcon_core.shell:Creating prefix script '/home/aimane/data/colcon_ws3/install/local_setup.bash'
[16.224s] INFO:colcon.colcon_core.shell:Creating prefix chain script '/home/aimane/data/colcon_ws3/install/setup.bash'
[16.226s] INFO:colcon.colcon_core.shell:Creating prefix script '/home/aimane/data/colcon_ws3/install/local_setup.zsh'
[16.226s] INFO:colcon.colcon_core.shell:Creating prefix chain script '/home/aimane/data/colcon_ws3/install/setup.zsh'
