[0.012s] Invoking command in '/home/aimane/data/colcon_ws3/build/urdf_tutorial': AMENT_PREFIX_PATH=/home/aimane/data/colcon_ws3/install/ur_description:${AMENT_PREFIX_PATH} CMAKE_PREFIX_PATH=/home/aimane/data/colcon_ws3/install/ur_description:/home/aimane/data/colcon_ws3/install/learning_tf2:/home/aimane/data/colcon_ws3/install/pubsub_custom_param:/home/aimane/data/colcon_ws3/install/custom_interfaces:/opt/ros/humble /usr/bin/cmake /home/aimane/data/colcon_ws3/src/urdf_tutorial -DCMAKE_INSTALL_PREFIX=/home/aimane/data/colcon_ws3/install/urdf_tutorial
[0.121s] -- The C compiler identification is GNU 11.4.0
[0.205s] -- The CXX compiler identification is GNU 11.4.0
[0.216s] -- Detecting C compiler ABI info
[0.316s] -- Detecting C compiler ABI info - done
[0.339s] -- Check for working C compiler: /usr/bin/cc - skipped
[0.339s] -- Detecting C compile features
[0.340s] -- Detecting C compile features - done
[0.346s] -- Detecting CXX compiler ABI info
[0.462s] -- Detecting CXX compiler ABI info - done
[0.487s] -- Check for working CXX compiler: /usr/bin/c++ - skipped
[0.488s] -- Detecting CXX compile features
[0.489s] -- Detecting CXX compile features - done
[0.494s] -- Found ament_cmake: 1.3.12 (/opt/ros/humble/share/ament_cmake/cmake)
[0.751s] -- Found Python3: /usr/bin/python3 (found version "3.10.12") found components: Interpreter 
[0.900s] -- Found rclcpp: 16.0.14 (/opt/ros/humble/share/rclcpp/cmake)
[0.976s] -- Found rosidl_generator_c: 3.1.7 (/opt/ros/humble/share/rosidl_generator_c/cmake)
[0.987s] -- Found rosidl_adapter: 3.1.7 (/opt/ros/humble/share/rosidl_adapter/cmake)
[1.001s] -- Found rosidl_generator_cpp: 3.1.7 (/opt/ros/humble/share/rosidl_generator_cpp/cmake)
[1.025s] -- Using all available rosidl_typesupport_c: rosidl_typesupport_fastrtps_c;rosidl_typesupport_introspection_c
[1.057s] -- Using all available rosidl_typesupport_cpp: rosidl_typesupport_fastrtps_cpp;rosidl_typesupport_introspection_cpp
[1.147s] -- Found rmw_implementation_cmake: 6.1.2 (/opt/ros/humble/share/rmw_implementation_cmake/cmake)
[1.153s] -- Found rmw_fastrtps_cpp: 6.2.8 (/opt/ros/humble/share/rmw_fastrtps_cpp/cmake)
[1.282s] -- Found OpenSSL: /usr/lib/x86_64-linux-gnu/libcrypto.so (found version "3.0.2")  
[1.328s] -- Found FastRTPS: /opt/ros/humble/include  
[1.389s] -- Using RMW implementation 'rmw_fastrtps_cpp' as default
[1.405s] -- Looking for pthread.h
[1.503s] -- Looking for pthread.h - found
[1.503s] -- Performing Test CMAKE_HAVE_LIBC_PTHREAD
[1.613s] -- Performing Test CMAKE_HAVE_LIBC_PTHREAD - Success
[1.614s] -- Found Threads: TRUE  
[1.741s] -- Found ament_lint_auto: 0.12.14 (/opt/ros/humble/share/ament_lint_auto/cmake)
[1.874s] -- Added test 'copyright' to check source files copyright and LICENSE
[1.880s] -- Added test 'flake8' to check Python code syntax and style conventions
[1.880s] -- Added test 'lint_cmake' to check CMake code style
[1.881s] -- Added test 'pep257' to check Python code against some of the docstring style conventions in PEP 257
[1.882s] -- Added test 'xmllint' to check XML markup files
[1.886s] -- Configuring done
[1.893s] -- Generating done
[1.899s] -- Build files have been written to: /home/aimane/data/colcon_ws3/build/urdf_tutorial
[1.921s] Invoked command in '/home/aimane/data/colcon_ws3/build/urdf_tutorial' returned '0': AMENT_PREFIX_PATH=/home/aimane/data/colcon_ws3/install/ur_description:${AMENT_PREFIX_PATH} CMAKE_PREFIX_PATH=/home/aimane/data/colcon_ws3/install/ur_description:/home/aimane/data/colcon_ws3/install/learning_tf2:/home/aimane/data/colcon_ws3/install/pubsub_custom_param:/home/aimane/data/colcon_ws3/install/custom_interfaces:/opt/ros/humble /usr/bin/cmake /home/aimane/data/colcon_ws3/src/urdf_tutorial -DCMAKE_INSTALL_PREFIX=/home/aimane/data/colcon_ws3/install/urdf_tutorial
[1.926s] Invoking command in '/home/aimane/data/colcon_ws3/build/urdf_tutorial': AMENT_PREFIX_PATH=/home/aimane/data/colcon_ws3/install/ur_description:${AMENT_PREFIX_PATH} CMAKE_PREFIX_PATH=/home/aimane/data/colcon_ws3/install/ur_description:/home/aimane/data/colcon_ws3/install/learning_tf2:/home/aimane/data/colcon_ws3/install/pubsub_custom_param:/home/aimane/data/colcon_ws3/install/custom_interfaces:/opt/ros/humble /usr/bin/cmake --build /home/aimane/data/colcon_ws3/build/urdf_tutorial -- -j3 -l3
[1.991s] Invoked command in '/home/aimane/data/colcon_ws3/build/urdf_tutorial' returned '0': AMENT_PREFIX_PATH=/home/aimane/data/colcon_ws3/install/ur_description:${AMENT_PREFIX_PATH} CMAKE_PREFIX_PATH=/home/aimane/data/colcon_ws3/install/ur_description:/home/aimane/data/colcon_ws3/install/learning_tf2:/home/aimane/data/colcon_ws3/install/pubsub_custom_param:/home/aimane/data/colcon_ws3/install/custom_interfaces:/opt/ros/humble /usr/bin/cmake --build /home/aimane/data/colcon_ws3/build/urdf_tutorial -- -j3 -l3
[1.992s] Invoking command in '/home/aimane/data/colcon_ws3/build/urdf_tutorial': AMENT_PREFIX_PATH=/home/aimane/data/colcon_ws3/install/ur_description:${AMENT_PREFIX_PATH} CMAKE_PREFIX_PATH=/home/aimane/data/colcon_ws3/install/ur_description:/home/aimane/data/colcon_ws3/install/learning_tf2:/home/aimane/data/colcon_ws3/install/pubsub_custom_param:/home/aimane/data/colcon_ws3/install/custom_interfaces:/opt/ros/humble /usr/bin/cmake --install /home/aimane/data/colcon_ws3/build/urdf_tutorial
[1.999s] -- Install configuration: ""
[2.000s] -- Installing: /home/aimane/data/colcon_ws3/install/urdf_tutorial/share/urdf_tutorial/launch
[2.000s] -- Installing: /home/aimane/data/colcon_ws3/install/urdf_tutorial/share/urdf_tutorial/launch/ur_visualization.launch.py
[2.001s] -- Installing: /home/aimane/data/colcon_ws3/install/urdf_tutorial/share/urdf_tutorial/launch/pantilt_visualization.launch.py
[2.001s] -- Installing: /home/aimane/data/colcon_ws3/install/urdf_tutorial/share/urdf_tutorial/config
[2.001s] -- Installing: /home/aimane/data/colcon_ws3/install/urdf_tutorial/share/urdf_tutorial/config/pawn_marker.yaml
[2.002s] -- Installing: /home/aimane/data/colcon_ws3/install/urdf_tutorial/share/urdf_tutorial/urdf
[2.002s] -- Installing: /home/aimane/data/colcon_ws3/install/urdf_tutorial/share/urdf_tutorial/urdf/pan_tilt.xacro
[2.003s] -- Installing: /home/aimane/data/colcon_ws3/install/urdf_tutorial/share/urdf_tutorial/urdf/pan_tilt.urdf
[2.003s] -- Installing: /home/aimane/data/colcon_ws3/install/urdf_tutorial/share/urdf_tutorial/rviz
[2.003s] -- Installing: /home/aimane/data/colcon_ws3/install/urdf_tutorial/share/urdf_tutorial/rviz/display_urdf.rviz
[2.004s] -- Installing: /home/aimane/data/colcon_ws3/install/urdf_tutorial/share/urdf_tutorial/rviz/ur_visualization.rviz
[2.006s] -- Installing: /home/aimane/data/colcon_ws3/install/urdf_tutorial/share/ament_index/resource_index/package_run_dependencies/urdf_tutorial
[2.006s] -- Installing: /home/aimane/data/colcon_ws3/install/urdf_tutorial/share/ament_index/resource_index/parent_prefix_path/urdf_tutorial
[2.006s] -- Installing: /home/aimane/data/colcon_ws3/install/urdf_tutorial/share/urdf_tutorial/environment/ament_prefix_path.sh
[2.008s] -- Installing: /home/aimane/data/colcon_ws3/install/urdf_tutorial/share/urdf_tutorial/environment/ament_prefix_path.dsv
[2.008s] -- Installing: /home/aimane/data/colcon_ws3/install/urdf_tutorial/share/urdf_tutorial/environment/path.sh
[2.009s] -- Installing: /home/aimane/data/colcon_ws3/install/urdf_tutorial/share/urdf_tutorial/environment/path.dsv
[2.009s] -- Installing: /home/aimane/data/colcon_ws3/install/urdf_tutorial/share/urdf_tutorial/local_setup.bash
[2.009s] -- Installing: /home/aimane/data/colcon_ws3/install/urdf_tutorial/share/urdf_tutorial/local_setup.sh
[2.009s] -- Installing: /home/aimane/data/colcon_ws3/install/urdf_tutorial/share/urdf_tutorial/local_setup.zsh
[2.009s] -- Installing: /home/aimane/data/colcon_ws3/install/urdf_tutorial/share/urdf_tutorial/local_setup.dsv
[2.009s] -- Installing: /home/aimane/data/colcon_ws3/install/urdf_tutorial/share/urdf_tutorial/package.dsv
[2.009s] -- Installing: /home/aimane/data/colcon_ws3/install/urdf_tutorial/share/ament_index/resource_index/packages/urdf_tutorial
[2.009s] -- Installing: /home/aimane/data/colcon_ws3/install/urdf_tutorial/share/urdf_tutorial/cmake/ament_cmake_export_dependencies-extras.cmake
[2.009s] -- Installing: /home/aimane/data/colcon_ws3/install/urdf_tutorial/share/urdf_tutorial/cmake/urdf_tutorialConfig.cmake
[2.010s] -- Installing: /home/aimane/data/colcon_ws3/install/urdf_tutorial/share/urdf_tutorial/cmake/urdf_tutorialConfig-version.cmake
[2.010s] -- Installing: /home/aimane/data/colcon_ws3/install/urdf_tutorial/share/urdf_tutorial/package.xml
[2.013s] Invoked command in '/home/aimane/data/colcon_ws3/build/urdf_tutorial' returned '0': AMENT_PREFIX_PATH=/home/aimane/data/colcon_ws3/install/ur_description:${AMENT_PREFIX_PATH} CMAKE_PREFIX_PATH=/home/aimane/data/colcon_ws3/install/ur_description:/home/aimane/data/colcon_ws3/install/learning_tf2:/home/aimane/data/colcon_ws3/install/pubsub_custom_param:/home/aimane/data/colcon_ws3/install/custom_interfaces:/opt/ros/humble /usr/bin/cmake --install /home/aimane/data/colcon_ws3/build/urdf_tutorial
