[0.212s] DEBUG:colcon:Command line arguments: ['/usr/bin/colcon', 'build']
[0.212s] DEBUG:colcon:Parsed command line arguments: Namespace(log_base=None, log_level=None, verb_name='build', build_base='build', install_base='install', merge_install=False, symlink_install=False, test_result_base=None, continue_on_error=False, executor='parallel', parallel_workers=3, event_handlers=None, ignore_user_meta=False, metas=['./colcon.meta'], base_paths=['.'], packages_ignore=None, packages_ignore_regex=None, paths=None, packages_up_to=None, packages_up_to_regex=None, packages_above=None, packages_above_and_dependencies=None, packages_above_depth=None, packages_select_by_dep=None, packages_skip_by_dep=None, packages_skip_up_to=None, packages_select_build_failed=False, packages_skip_build_finished=False, packages_select_test_failures=False, packages_skip_test_passed=False, packages_select=None, packages_skip=None, packages_select_regex=None, packages_skip_regex=None, packages_start=None, packages_end=None, allow_overriding=[], cmake_args=None, cmake_target=None, cmake_target_skip_unavailable=False, cmake_clean_cache=False, cmake_clean_first=False, cmake_force_configure=False, ament_cmake_args=None, catkin_cmake_args=None, catkin_skip_building_tests=False, verb_parser=<colcon_defaults.argument_parser.defaults.DefaultArgumentsDecorator object at 0x76c79a82bc70>, verb_extension=<colcon_core.verb.build.BuildVerb object at 0x76c79aa6d3f0>, main=<bound method BuildVerb.main of <colcon_core.verb.build.BuildVerb object at 0x76c79aa6d3f0>>)
[0.513s] Level 1:colcon.colcon_core.package_discovery:discover_packages(colcon_meta) check parameters
[0.514s] Level 1:colcon.colcon_core.package_discovery:discover_packages(recursive) check parameters
[0.514s] Level 1:colcon.colcon_core.package_discovery:discover_packages(ignore) check parameters
[0.514s] Level 1:colcon.colcon_core.package_discovery:discover_packages(path) check parameters
[0.514s] Level 1:colcon.colcon_core.package_discovery:discover_packages(colcon_meta) discover
[0.514s] Level 1:colcon.colcon_core.package_discovery:discover_packages(recursive) discover
[0.514s] INFO:colcon.colcon_core.package_discovery:Crawling recursively for packages in '/home/aimane/data/colcon_ws2'
[0.514s] Level 1:colcon.colcon_core.package_identification:_identify(.) by extensions ['ignore', 'ignore_ament_install']
[0.514s] Level 1:colcon.colcon_core.package_identification:_identify(.) by extension 'ignore'
[0.514s] Level 1:colcon.colcon_core.package_identification:_identify(.) by extension 'ignore_ament_install'
[0.515s] Level 1:colcon.colcon_core.package_identification:_identify(.) by extensions ['colcon_pkg']
[0.515s] Level 1:colcon.colcon_core.package_identification:_identify(.) by extension 'colcon_pkg'
[0.515s] Level 1:colcon.colcon_core.package_identification:_identify(.) by extensions ['colcon_meta']
[0.515s] Level 1:colcon.colcon_core.package_identification:_identify(.) by extension 'colcon_meta'
[0.515s] Level 1:colcon.colcon_core.package_identification:_identify(.) by extensions ['ros']
[0.515s] Level 1:colcon.colcon_core.package_identification:_identify(.) by extension 'ros'
[0.546s] Level 1:colcon.colcon_core.package_identification:_identify(.) by extensions ['cmake', 'python']
[0.546s] Level 1:colcon.colcon_core.package_identification:_identify(.) by extension 'cmake'
[0.547s] Level 1:colcon.colcon_core.package_identification:_identify(.) by extension 'python'
[0.547s] Level 1:colcon.colcon_core.package_identification:_identify(.) by extensions ['python_setup_py']
[0.547s] Level 1:colcon.colcon_core.package_identification:_identify(.) by extension 'python_setup_py'
[0.547s] Level 1:colcon.colcon_core.package_identification:_identify(build) by extensions ['ignore', 'ignore_ament_install']
[0.547s] Level 1:colcon.colcon_core.package_identification:_identify(build) by extension 'ignore'
[0.547s] Level 1:colcon.colcon_core.package_identification:_identify(build) ignored
[0.547s] Level 1:colcon.colcon_core.package_identification:_identify(install) by extensions ['ignore', 'ignore_ament_install']
[0.547s] Level 1:colcon.colcon_core.package_identification:_identify(install) by extension 'ignore'
[0.547s] Level 1:colcon.colcon_core.package_identification:_identify(install) ignored
[0.548s] Level 1:colcon.colcon_core.package_identification:_identify(log) by extensions ['ignore', 'ignore_ament_install']
[0.548s] Level 1:colcon.colcon_core.package_identification:_identify(log) by extension 'ignore'
[0.548s] Level 1:colcon.colcon_core.package_identification:_identify(log) ignored
[0.548s] Level 1:colcon.colcon_core.package_identification:_identify(src) by extensions ['ignore', 'ignore_ament_install']
[0.548s] Level 1:colcon.colcon_core.package_identification:_identify(src) by extension 'ignore'
[0.548s] Level 1:colcon.colcon_core.package_identification:_identify(src) by extension 'ignore_ament_install'
[0.548s] Level 1:colcon.colcon_core.package_identification:_identify(src) by extensions ['colcon_pkg']
[0.548s] Level 1:colcon.colcon_core.package_identification:_identify(src) by extension 'colcon_pkg'
[0.548s] Level 1:colcon.colcon_core.package_identification:_identify(src) by extensions ['colcon_meta']
[0.548s] Level 1:colcon.colcon_core.package_identification:_identify(src) by extension 'colcon_meta'
[0.548s] Level 1:colcon.colcon_core.package_identification:_identify(src) by extensions ['ros']
[0.548s] Level 1:colcon.colcon_core.package_identification:_identify(src) by extension 'ros'
[0.549s] Level 1:colcon.colcon_core.package_identification:_identify(src) by extensions ['cmake', 'python']
[0.549s] Level 1:colcon.colcon_core.package_identification:_identify(src) by extension 'cmake'
[0.549s] Level 1:colcon.colcon_core.package_identification:_identify(src) by extension 'python'
[0.549s] Level 1:colcon.colcon_core.package_identification:_identify(src) by extensions ['python_setup_py']
[0.549s] Level 1:colcon.colcon_core.package_identification:_identify(src) by extension 'python_setup_py'
[0.549s] Level 1:colcon.colcon_core.package_identification:_identify(src/custom_interfaces) by extensions ['ignore', 'ignore_ament_install']
[0.549s] Level 1:colcon.colcon_core.package_identification:_identify(src/custom_interfaces) by extension 'ignore'
[0.549s] Level 1:colcon.colcon_core.package_identification:_identify(src/custom_interfaces) by extension 'ignore_ament_install'
[0.549s] Level 1:colcon.colcon_core.package_identification:_identify(src/custom_interfaces) by extensions ['colcon_pkg']
[0.549s] Level 1:colcon.colcon_core.package_identification:_identify(src/custom_interfaces) by extension 'colcon_pkg'
[0.549s] Level 1:colcon.colcon_core.package_identification:_identify(src/custom_interfaces) by extensions ['colcon_meta']
[0.549s] Level 1:colcon.colcon_core.package_identification:_identify(src/custom_interfaces) by extension 'colcon_meta'
[0.550s] Level 1:colcon.colcon_core.package_identification:_identify(src/custom_interfaces) by extensions ['ros']
[0.550s] Level 1:colcon.colcon_core.package_identification:_identify(src/custom_interfaces) by extension 'ros'
[0.550s] Level 1:colcon.colcon_core.package_identification:_identify(src/custom_interfaces) by extensions ['cmake', 'python']
[0.550s] Level 1:colcon.colcon_core.package_identification:_identify(src/custom_interfaces) by extension 'cmake'
[0.550s] Level 1:colcon.colcon_core.package_identification:_identify(src/custom_interfaces) by extension 'python'
[0.550s] Level 1:colcon.colcon_core.package_identification:_identify(src/custom_interfaces) by extensions ['python_setup_py']
[0.550s] Level 1:colcon.colcon_core.package_identification:_identify(src/custom_interfaces) by extension 'python_setup_py'
[0.550s] Level 1:colcon.colcon_core.package_identification:_identify(src/foolturtle) by extensions ['ignore', 'ignore_ament_install']
[0.550s] Level 1:colcon.colcon_core.package_identification:_identify(src/foolturtle) by extension 'ignore'
[0.550s] Level 1:colcon.colcon_core.package_identification:_identify(src/foolturtle) by extension 'ignore_ament_install'
[0.550s] Level 1:colcon.colcon_core.package_identification:_identify(src/foolturtle) by extensions ['colcon_pkg']
[0.551s] Level 1:colcon.colcon_core.package_identification:_identify(src/foolturtle) by extension 'colcon_pkg'
[0.551s] Level 1:colcon.colcon_core.package_identification:_identify(src/foolturtle) by extensions ['colcon_meta']
[0.551s] Level 1:colcon.colcon_core.package_identification:_identify(src/foolturtle) by extension 'colcon_meta'
[0.551s] Level 1:colcon.colcon_core.package_identification:_identify(src/foolturtle) by extensions ['ros']
[0.551s] Level 1:colcon.colcon_core.package_identification:_identify(src/foolturtle) by extension 'ros'
[0.660s] DEBUG:colcon.colcon_core.package_identification:Package 'src/foolturtle' with type 'ros.ament_cmake' and name 'foolturtle'
[0.661s] Level 1:colcon.colcon_core.package_identification:_identify(src/pubsub) by extensions ['ignore', 'ignore_ament_install']
[0.661s] Level 1:colcon.colcon_core.package_identification:_identify(src/pubsub) by extension 'ignore'
[0.661s] Level 1:colcon.colcon_core.package_identification:_identify(src/pubsub) by extension 'ignore_ament_install'
[0.661s] Level 1:colcon.colcon_core.package_identification:_identify(src/pubsub) by extensions ['colcon_pkg']
[0.662s] Level 1:colcon.colcon_core.package_identification:_identify(src/pubsub) by extension 'colcon_pkg'
[0.662s] Level 1:colcon.colcon_core.package_identification:_identify(src/pubsub) by extensions ['colcon_meta']
[0.662s] Level 1:colcon.colcon_core.package_identification:_identify(src/pubsub) by extension 'colcon_meta'
[0.662s] Level 1:colcon.colcon_core.package_identification:_identify(src/pubsub) by extensions ['ros']
[0.662s] Level 1:colcon.colcon_core.package_identification:_identify(src/pubsub) by extension 'ros'
[0.663s] Level 1:colcon.colcon_core.package_identification:_identify(src/pubsub) by extensions ['cmake', 'python']
[0.663s] Level 1:colcon.colcon_core.package_identification:_identify(src/pubsub) by extension 'cmake'
[0.663s] Level 1:colcon.colcon_core.package_identification:_identify(src/pubsub) by extension 'python'
[0.663s] Level 1:colcon.colcon_core.package_identification:_identify(src/pubsub) by extensions ['python_setup_py']
[0.663s] Level 1:colcon.colcon_core.package_identification:_identify(src/pubsub) by extension 'python_setup_py'
[0.664s] Level 1:colcon.colcon_core.package_identification:_identify(src/pubsub_custom) by extensions ['ignore', 'ignore_ament_install']
[0.664s] Level 1:colcon.colcon_core.package_identification:_identify(src/pubsub_custom) by extension 'ignore'
[0.664s] Level 1:colcon.colcon_core.package_identification:_identify(src/pubsub_custom) by extension 'ignore_ament_install'
[0.665s] Level 1:colcon.colcon_core.package_identification:_identify(src/pubsub_custom) by extensions ['colcon_pkg']
[0.665s] Level 1:colcon.colcon_core.package_identification:_identify(src/pubsub_custom) by extension 'colcon_pkg'
[0.665s] Level 1:colcon.colcon_core.package_identification:_identify(src/pubsub_custom) by extensions ['colcon_meta']
[0.665s] Level 1:colcon.colcon_core.package_identification:_identify(src/pubsub_custom) by extension 'colcon_meta'
[0.665s] Level 1:colcon.colcon_core.package_identification:_identify(src/pubsub_custom) by extensions ['ros']
[0.665s] Level 1:colcon.colcon_core.package_identification:_identify(src/pubsub_custom) by extension 'ros'
[0.666s] Level 1:colcon.colcon_core.package_identification:_identify(src/pubsub_custom) by extensions ['cmake', 'python']
[0.666s] Level 1:colcon.colcon_core.package_identification:_identify(src/pubsub_custom) by extension 'cmake'
[0.666s] Level 1:colcon.colcon_core.package_identification:_identify(src/pubsub_custom) by extension 'python'
[0.666s] Level 1:colcon.colcon_core.package_identification:_identify(src/pubsub_custom) by extensions ['python_setup_py']
[0.666s] Level 1:colcon.colcon_core.package_identification:_identify(src/pubsub_custom) by extension 'python_setup_py'
[0.666s] Level 1:colcon.colcon_core.package_discovery:discover_packages(recursive) using defaults
[0.667s] Level 1:colcon.colcon_core.package_discovery:discover_packages(ignore) discover
[0.667s] Level 1:colcon.colcon_core.package_discovery:discover_packages(ignore) using defaults
[0.667s] Level 1:colcon.colcon_core.package_discovery:discover_packages(path) discover
[0.667s] Level 1:colcon.colcon_core.package_discovery:discover_packages(path) using defaults
[0.702s] Level 1:colcon.colcon_core.package_discovery:discover_packages(prefix_path) check parameters
[0.702s] Level 1:colcon.colcon_core.package_discovery:discover_packages(prefix_path) discover
[0.707s] DEBUG:colcon.colcon_installed_package_information.package_discovery:Found 373 installed packages in /opt/ros/humble
[0.712s] Level 1:colcon.colcon_core.package_discovery:discover_packages(prefix_path) using defaults
[0.809s] Level 5:colcon.colcon_core.verb:set package 'foolturtle' build argument 'cmake_args' from command line to 'None'
[0.809s] Level 5:colcon.colcon_core.verb:set package 'foolturtle' build argument 'cmake_target' from command line to 'None'
[0.809s] Level 5:colcon.colcon_core.verb:set package 'foolturtle' build argument 'cmake_target_skip_unavailable' from command line to 'False'
[0.809s] Level 5:colcon.colcon_core.verb:set package 'foolturtle' build argument 'cmake_clean_cache' from command line to 'False'
[0.809s] Level 5:colcon.colcon_core.verb:set package 'foolturtle' build argument 'cmake_clean_first' from command line to 'False'
[0.809s] Level 5:colcon.colcon_core.verb:set package 'foolturtle' build argument 'cmake_force_configure' from command line to 'False'
[0.809s] Level 5:colcon.colcon_core.verb:set package 'foolturtle' build argument 'ament_cmake_args' from command line to 'None'
[0.809s] Level 5:colcon.colcon_core.verb:set package 'foolturtle' build argument 'catkin_cmake_args' from command line to 'None'
[0.809s] Level 5:colcon.colcon_core.verb:set package 'foolturtle' build argument 'catkin_skip_building_tests' from command line to 'False'
[0.810s] DEBUG:colcon.colcon_core.verb:Building package 'foolturtle' with the following arguments: {'ament_cmake_args': None, 'build_base': '/home/aimane/data/colcon_ws2/build/foolturtle', 'catkin_cmake_args': None, 'catkin_skip_building_tests': False, 'cmake_args': None, 'cmake_clean_cache': False, 'cmake_clean_first': False, 'cmake_force_configure': False, 'cmake_target': None, 'cmake_target_skip_unavailable': False, 'install_base': '/home/aimane/data/colcon_ws2/install/foolturtle', 'merge_install': False, 'path': '/home/aimane/data/colcon_ws2/src/foolturtle', 'symlink_install': False, 'test_result_base': None}
[0.810s] INFO:colcon.colcon_core.executor:Executing jobs using 'parallel' executor
[0.811s] DEBUG:colcon.colcon_parallel_executor.executor.parallel:run_until_complete
[0.811s] INFO:colcon.colcon_ros.task.ament_cmake.build:Building ROS package in '/home/aimane/data/colcon_ws2/src/foolturtle' with build type 'ament_cmake'
[0.812s] INFO:colcon.colcon_cmake.task.cmake.build:Building CMake package in '/home/aimane/data/colcon_ws2/src/foolturtle'
[0.814s] INFO:colcon.colcon_core.plugin_system:Skipping extension 'colcon_core.shell.bat': Not used on non-Windows systems
[0.815s] INFO:colcon.colcon_core.shell:Skip shell extension 'powershell' for command environment: Not usable outside of PowerShell
[0.815s] DEBUG:colcon.colcon_core.shell:Skip shell extension 'dsv' for command environment
[0.823s] DEBUG:colcon.colcon_core.event_handler.log_command:Invoking command in '/home/aimane/data/colcon_ws2/build/foolturtle': CMAKE_PREFIX_PATH=/opt/ros/humble /usr/bin/cmake /home/aimane/data/colcon_ws2/src/foolturtle -DCMAKE_INSTALL_PREFIX=/home/aimane/data/colcon_ws2/install/foolturtle
[5.110s] DEBUG:colcon.colcon_core.event_handler.log_command:Invoked command in '/home/aimane/data/colcon_ws2/build/foolturtle' returned '0': CMAKE_PREFIX_PATH=/opt/ros/humble /usr/bin/cmake /home/aimane/data/colcon_ws2/src/foolturtle -DCMAKE_INSTALL_PREFIX=/home/aimane/data/colcon_ws2/install/foolturtle
[5.113s] DEBUG:colcon.colcon_core.event_handler.log_command:Invoking command in '/home/aimane/data/colcon_ws2/build/foolturtle': CMAKE_PREFIX_PATH=/opt/ros/humble /usr/bin/cmake --build /home/aimane/data/colcon_ws2/build/foolturtle -- -j3 -l3
[18.235s] DEBUG:colcon.colcon_core.event_handler.log_command:Invoked command in '/home/aimane/data/colcon_ws2/build/foolturtle' returned '0': CMAKE_PREFIX_PATH=/opt/ros/humble /usr/bin/cmake --build /home/aimane/data/colcon_ws2/build/foolturtle -- -j3 -l3
[18.246s] DEBUG:colcon.colcon_core.event_handler.log_command:Invoking command in '/home/aimane/data/colcon_ws2/build/foolturtle': CMAKE_PREFIX_PATH=/opt/ros/humble /usr/bin/cmake --install /home/aimane/data/colcon_ws2/build/foolturtle
[18.267s] Level 1:colcon.colcon_core.environment:create_environment_scripts_only(foolturtle)
[18.269s] DEBUG:colcon.colcon_core.event_handler.log_command:Invoked command in '/home/aimane/data/colcon_ws2/build/foolturtle' returned '0': CMAKE_PREFIX_PATH=/opt/ros/humble /usr/bin/cmake --install /home/aimane/data/colcon_ws2/build/foolturtle
[18.270s] Level 1:colcon.colcon_core.environment:checking '/home/aimane/data/colcon_ws2/install/foolturtle' for CMake module files
[18.271s] Level 1:colcon.colcon_core.environment:checking '/home/aimane/data/colcon_ws2/install/foolturtle' for CMake config files
[18.272s] Level 1:colcon.colcon_core.shell:create_environment_hook('foolturtle', 'cmake_prefix_path')
[18.272s] INFO:colcon.colcon_core.shell:Creating environment hook '/home/aimane/data/colcon_ws2/install/foolturtle/share/foolturtle/hook/cmake_prefix_path.ps1'
[18.273s] INFO:colcon.colcon_core.shell:Creating environment descriptor '/home/aimane/data/colcon_ws2/install/foolturtle/share/foolturtle/hook/cmake_prefix_path.dsv'
[18.274s] INFO:colcon.colcon_core.shell:Creating environment hook '/home/aimane/data/colcon_ws2/install/foolturtle/share/foolturtle/hook/cmake_prefix_path.sh'
[18.275s] Level 1:colcon.colcon_core.environment:checking '/home/aimane/data/colcon_ws2/install/foolturtle/lib'
[18.275s] Level 1:colcon.colcon_core.environment:checking '/home/aimane/data/colcon_ws2/install/foolturtle/bin'
[18.275s] Level 1:colcon.colcon_core.environment:checking '/home/aimane/data/colcon_ws2/install/foolturtle/lib/pkgconfig/foolturtle.pc'
[18.276s] Level 1:colcon.colcon_core.environment:checking '/home/aimane/data/colcon_ws2/install/foolturtle/lib/python3.10/site-packages'
[18.276s] Level 1:colcon.colcon_core.environment:checking '/home/aimane/data/colcon_ws2/install/foolturtle/bin'
[18.277s] INFO:colcon.colcon_core.shell:Creating package script '/home/aimane/data/colcon_ws2/install/foolturtle/share/foolturtle/package.ps1'
[18.279s] INFO:colcon.colcon_core.shell:Creating package descriptor '/home/aimane/data/colcon_ws2/install/foolturtle/share/foolturtle/package.dsv'
[18.280s] INFO:colcon.colcon_core.shell:Creating package script '/home/aimane/data/colcon_ws2/install/foolturtle/share/foolturtle/package.sh'
[18.281s] INFO:colcon.colcon_core.shell:Creating package script '/home/aimane/data/colcon_ws2/install/foolturtle/share/foolturtle/package.bash'
[18.282s] INFO:colcon.colcon_core.shell:Creating package script '/home/aimane/data/colcon_ws2/install/foolturtle/share/foolturtle/package.zsh'
[18.284s] Level 1:colcon.colcon_core.environment:create_file_with_runtime_dependencies(/home/aimane/data/colcon_ws2/install/foolturtle/share/colcon-core/packages/foolturtle)
[18.285s] Level 1:colcon.colcon_core.environment:create_environment_scripts_only(foolturtle)
[18.285s] Level 1:colcon.colcon_core.environment:checking '/home/aimane/data/colcon_ws2/install/foolturtle' for CMake module files
[18.286s] Level 1:colcon.colcon_core.environment:checking '/home/aimane/data/colcon_ws2/install/foolturtle' for CMake config files
[18.286s] Level 1:colcon.colcon_core.shell:create_environment_hook('foolturtle', 'cmake_prefix_path')
[18.286s] INFO:colcon.colcon_core.shell:Creating environment hook '/home/aimane/data/colcon_ws2/install/foolturtle/share/foolturtle/hook/cmake_prefix_path.ps1'
[18.287s] INFO:colcon.colcon_core.shell:Creating environment descriptor '/home/aimane/data/colcon_ws2/install/foolturtle/share/foolturtle/hook/cmake_prefix_path.dsv'
[18.288s] INFO:colcon.colcon_core.shell:Creating environment hook '/home/aimane/data/colcon_ws2/install/foolturtle/share/foolturtle/hook/cmake_prefix_path.sh'
[18.288s] Level 1:colcon.colcon_core.environment:checking '/home/aimane/data/colcon_ws2/install/foolturtle/lib'
[18.288s] Level 1:colcon.colcon_core.environment:checking '/home/aimane/data/colcon_ws2/install/foolturtle/bin'
[18.289s] Level 1:colcon.colcon_core.environment:checking '/home/aimane/data/colcon_ws2/install/foolturtle/lib/pkgconfig/foolturtle.pc'
[18.289s] Level 1:colcon.colcon_core.environment:checking '/home/aimane/data/colcon_ws2/install/foolturtle/lib/python3.10/site-packages'
[18.289s] Level 1:colcon.colcon_core.environment:checking '/home/aimane/data/colcon_ws2/install/foolturtle/bin'
[18.290s] INFO:colcon.colcon_core.shell:Creating package script '/home/aimane/data/colcon_ws2/install/foolturtle/share/foolturtle/package.ps1'
[18.290s] INFO:colcon.colcon_core.shell:Creating package descriptor '/home/aimane/data/colcon_ws2/install/foolturtle/share/foolturtle/package.dsv'
[18.291s] INFO:colcon.colcon_core.shell:Creating package script '/home/aimane/data/colcon_ws2/install/foolturtle/share/foolturtle/package.sh'
[18.292s] INFO:colcon.colcon_core.shell:Creating package script '/home/aimane/data/colcon_ws2/install/foolturtle/share/foolturtle/package.bash'
[18.293s] INFO:colcon.colcon_core.shell:Creating package script '/home/aimane/data/colcon_ws2/install/foolturtle/share/foolturtle/package.zsh'
[18.293s] Level 1:colcon.colcon_core.environment:create_file_with_runtime_dependencies(/home/aimane/data/colcon_ws2/install/foolturtle/share/colcon-core/packages/foolturtle)
[18.294s] DEBUG:colcon.colcon_parallel_executor.executor.parallel:closing loop
[18.294s] DEBUG:colcon.colcon_parallel_executor.executor.parallel:loop closed
[18.295s] DEBUG:colcon.colcon_parallel_executor.executor.parallel:run_until_complete finished with '0'
[18.295s] DEBUG:colcon.colcon_core.event_reactor:joining thread
[18.301s] INFO:colcon.colcon_core.plugin_system:Skipping extension 'colcon_notification.desktop_notification.terminal_notifier': Not used on non-Darwin systems
[18.301s] INFO:colcon.colcon_core.plugin_system:Skipping extension 'colcon_notification.desktop_notification.win32': Not used on non-Windows systems
[18.301s] INFO:colcon.colcon_notification.desktop_notification:Sending desktop notification using 'notify2'
[18.318s] DEBUG:colcon.colcon_core.event_reactor:joined thread
[18.319s] INFO:colcon.colcon_core.shell:Creating prefix script '/home/aimane/data/colcon_ws2/install/local_setup.ps1'
[18.320s] INFO:colcon.colcon_core.shell:Creating prefix util module '/home/aimane/data/colcon_ws2/install/_local_setup_util_ps1.py'
[18.324s] INFO:colcon.colcon_core.shell:Creating prefix chain script '/home/aimane/data/colcon_ws2/install/setup.ps1'
[18.326s] INFO:colcon.colcon_core.shell:Creating prefix script '/home/aimane/data/colcon_ws2/install/local_setup.sh'
[18.328s] INFO:colcon.colcon_core.shell:Creating prefix util module '/home/aimane/data/colcon_ws2/install/_local_setup_util_sh.py'
[18.329s] INFO:colcon.colcon_core.shell:Creating prefix chain script '/home/aimane/data/colcon_ws2/install/setup.sh'
[18.331s] INFO:colcon.colcon_core.shell:Creating prefix script '/home/aimane/data/colcon_ws2/install/local_setup.bash'
[18.332s] INFO:colcon.colcon_core.shell:Creating prefix chain script '/home/aimane/data/colcon_ws2/install/setup.bash'
[18.334s] INFO:colcon.colcon_core.shell:Creating prefix script '/home/aimane/data/colcon_ws2/install/local_setup.zsh'
[18.334s] INFO:colcon.colcon_core.shell:Creating prefix chain script '/home/aimane/data/colcon_ws2/install/setup.zsh'
