[0.223s] DEBUG:colcon:Command line arguments: ['/usr/bin/colcon', 'build', '--packages-up-to', 'foolturtle']
[0.223s] DEBUG:colcon:Parsed command line arguments: Namespace(log_base=None, log_level=None, verb_name='build', build_base='build', install_base='install', merge_install=False, symlink_install=False, test_result_base=None, continue_on_error=False, executor='parallel', parallel_workers=3, event_handlers=None, ignore_user_meta=False, metas=['./colcon.meta'], base_paths=['.'], packages_ignore=None, packages_ignore_regex=None, paths=None, packages_up_to=['foolturtle'], packages_up_to_regex=None, packages_above=None, packages_above_and_dependencies=None, packages_above_depth=None, packages_select_by_dep=None, packages_skip_by_dep=None, packages_skip_up_to=None, packages_select_build_failed=False, packages_skip_build_finished=False, packages_select_test_failures=False, packages_skip_test_passed=False, packages_select=None, packages_skip=None, packages_select_regex=None, packages_skip_regex=None, packages_start=None, packages_end=None, allow_overriding=[], cmake_args=None, cmake_target=None, cmake_target_skip_unavailable=False, cmake_clean_cache=False, cmake_clean_first=False, cmake_force_configure=False, ament_cmake_args=None, catkin_cmake_args=None, catkin_skip_building_tests=False, verb_parser=<colcon_defaults.argument_parser.defaults.DefaultArgumentsDecorator object at 0x760d31d4bc70>, verb_extension=<colcon_core.verb.build.BuildVerb object at 0x760d31f55450>, main=<bound method BuildVerb.main of <colcon_core.verb.build.BuildVerb object at 0x760d31f55450>>)
[0.550s] Level 1:colcon.colcon_core.package_discovery:discover_packages(colcon_meta) check parameters
[0.551s] Level 1:colcon.colcon_core.package_discovery:discover_packages(recursive) check parameters
[0.551s] Level 1:colcon.colcon_core.package_discovery:discover_packages(ignore) check parameters
[0.551s] Level 1:colcon.colcon_core.package_discovery:discover_packages(path) check parameters
[0.551s] Level 1:colcon.colcon_core.package_discovery:discover_packages(colcon_meta) discover
[0.551s] Level 1:colcon.colcon_core.package_discovery:discover_packages(recursive) discover
[0.551s] INFO:colcon.colcon_core.package_discovery:Crawling recursively for packages in '/home/aimane/data/colcon_ws2'
[0.551s] Level 1:colcon.colcon_core.package_identification:_identify(.) by extensions ['ignore', 'ignore_ament_install']
[0.551s] Level 1:colcon.colcon_core.package_identification:_identify(.) by extension 'ignore'
[0.551s] Level 1:colcon.colcon_core.package_identification:_identify(.) by extension 'ignore_ament_install'
[0.551s] Level 1:colcon.colcon_core.package_identification:_identify(.) by extensions ['colcon_pkg']
[0.551s] Level 1:colcon.colcon_core.package_identification:_identify(.) by extension 'colcon_pkg'
[0.551s] Level 1:colcon.colcon_core.package_identification:_identify(.) by extensions ['colcon_meta']
[0.552s] Level 1:colcon.colcon_core.package_identification:_identify(.) by extension 'colcon_meta'
[0.552s] Level 1:colcon.colcon_core.package_identification:_identify(.) by extensions ['ros']
[0.552s] Level 1:colcon.colcon_core.package_identification:_identify(.) by extension 'ros'
[0.585s] Level 1:colcon.colcon_core.package_identification:_identify(.) by extensions ['cmake', 'python']
[0.585s] Level 1:colcon.colcon_core.package_identification:_identify(.) by extension 'cmake'
[0.585s] Level 1:colcon.colcon_core.package_identification:_identify(.) by extension 'python'
[0.585s] Level 1:colcon.colcon_core.package_identification:_identify(.) by extensions ['python_setup_py']
[0.585s] Level 1:colcon.colcon_core.package_identification:_identify(.) by extension 'python_setup_py'
[0.585s] Level 1:colcon.colcon_core.package_identification:_identify(build) by extensions ['ignore', 'ignore_ament_install']
[0.585s] Level 1:colcon.colcon_core.package_identification:_identify(build) by extension 'ignore'
[0.585s] Level 1:colcon.colcon_core.package_identification:_identify(build) ignored
[0.586s] Level 1:colcon.colcon_core.package_identification:_identify(install) by extensions ['ignore', 'ignore_ament_install']
[0.586s] Level 1:colcon.colcon_core.package_identification:_identify(install) by extension 'ignore'
[0.586s] Level 1:colcon.colcon_core.package_identification:_identify(install) ignored
[0.586s] Level 1:colcon.colcon_core.package_identification:_identify(log) by extensions ['ignore', 'ignore_ament_install']
[0.586s] Level 1:colcon.colcon_core.package_identification:_identify(log) by extension 'ignore'
[0.586s] Level 1:colcon.colcon_core.package_identification:_identify(log) ignored
[0.586s] Level 1:colcon.colcon_core.package_identification:_identify(src) by extensions ['ignore', 'ignore_ament_install']
[0.587s] Level 1:colcon.colcon_core.package_identification:_identify(src) by extension 'ignore'
[0.587s] Level 1:colcon.colcon_core.package_identification:_identify(src) by extension 'ignore_ament_install'
[0.587s] Level 1:colcon.colcon_core.package_identification:_identify(src) by extensions ['colcon_pkg']
[0.587s] Level 1:colcon.colcon_core.package_identification:_identify(src) by extension 'colcon_pkg'
[0.587s] Level 1:colcon.colcon_core.package_identification:_identify(src) by extensions ['colcon_meta']
[0.587s] Level 1:colcon.colcon_core.package_identification:_identify(src) by extension 'colcon_meta'
[0.587s] Level 1:colcon.colcon_core.package_identification:_identify(src) by extensions ['ros']
[0.587s] Level 1:colcon.colcon_core.package_identification:_identify(src) by extension 'ros'
[0.587s] Level 1:colcon.colcon_core.package_identification:_identify(src) by extensions ['cmake', 'python']
[0.588s] Level 1:colcon.colcon_core.package_identification:_identify(src) by extension 'cmake'
[0.588s] Level 1:colcon.colcon_core.package_identification:_identify(src) by extension 'python'
[0.588s] Level 1:colcon.colcon_core.package_identification:_identify(src) by extensions ['python_setup_py']
[0.588s] Level 1:colcon.colcon_core.package_identification:_identify(src) by extension 'python_setup_py'
[0.588s] Level 1:colcon.colcon_core.package_identification:_identify(src/custom_interfaces) by extensions ['ignore', 'ignore_ament_install']
[0.588s] Level 1:colcon.colcon_core.package_identification:_identify(src/custom_interfaces) by extension 'ignore'
[0.588s] Level 1:colcon.colcon_core.package_identification:_identify(src/custom_interfaces) by extension 'ignore_ament_install'
[0.588s] Level 1:colcon.colcon_core.package_identification:_identify(src/custom_interfaces) by extensions ['colcon_pkg']
[0.588s] Level 1:colcon.colcon_core.package_identification:_identify(src/custom_interfaces) by extension 'colcon_pkg'
[0.588s] Level 1:colcon.colcon_core.package_identification:_identify(src/custom_interfaces) by extensions ['colcon_meta']
[0.588s] Level 1:colcon.colcon_core.package_identification:_identify(src/custom_interfaces) by extension 'colcon_meta'
[0.589s] Level 1:colcon.colcon_core.package_identification:_identify(src/custom_interfaces) by extensions ['ros']
[0.589s] Level 1:colcon.colcon_core.package_identification:_identify(src/custom_interfaces) by extension 'ros'
[0.593s] DEBUG:colcon.colcon_core.package_identification:Package 'src/custom_interfaces' with type 'ros.ament_cmake' and name 'custom_interfaces'
[0.593s] Level 1:colcon.colcon_core.package_identification:_identify(src/foolturtle) by extensions ['ignore', 'ignore_ament_install']
[0.594s] Level 1:colcon.colcon_core.package_identification:_identify(src/foolturtle) by extension 'ignore'
[0.594s] Level 1:colcon.colcon_core.package_identification:_identify(src/foolturtle) by extension 'ignore_ament_install'
[0.594s] Level 1:colcon.colcon_core.package_identification:_identify(src/foolturtle) by extensions ['colcon_pkg']
[0.594s] Level 1:colcon.colcon_core.package_identification:_identify(src/foolturtle) by extension 'colcon_pkg'
[0.594s] Level 1:colcon.colcon_core.package_identification:_identify(src/foolturtle) by extensions ['colcon_meta']
[0.594s] Level 1:colcon.colcon_core.package_identification:_identify(src/foolturtle) by extension 'colcon_meta'
[0.594s] Level 1:colcon.colcon_core.package_identification:_identify(src/foolturtle) by extensions ['ros']
[0.594s] Level 1:colcon.colcon_core.package_identification:_identify(src/foolturtle) by extension 'ros'
[0.596s] DEBUG:colcon.colcon_core.package_identification:Package 'src/foolturtle' with type 'ros.ament_cmake' and name 'foolturtle'
[0.596s] Level 1:colcon.colcon_core.package_identification:_identify(src/pubsub) by extensions ['ignore', 'ignore_ament_install']
[0.596s] Level 1:colcon.colcon_core.package_identification:_identify(src/pubsub) by extension 'ignore'
[0.596s] Level 1:colcon.colcon_core.package_identification:_identify(src/pubsub) by extension 'ignore_ament_install'
[0.596s] Level 1:colcon.colcon_core.package_identification:_identify(src/pubsub) by extensions ['colcon_pkg']
[0.596s] Level 1:colcon.colcon_core.package_identification:_identify(src/pubsub) by extension 'colcon_pkg'
[0.596s] Level 1:colcon.colcon_core.package_identification:_identify(src/pubsub) by extensions ['colcon_meta']
[0.596s] Level 1:colcon.colcon_core.package_identification:_identify(src/pubsub) by extension 'colcon_meta'
[0.597s] Level 1:colcon.colcon_core.package_identification:_identify(src/pubsub) by extensions ['ros']
[0.597s] Level 1:colcon.colcon_core.package_identification:_identify(src/pubsub) by extension 'ros'
[0.598s] DEBUG:colcon.colcon_core.package_identification:Package 'src/pubsub' with type 'ros.ament_cmake' and name 'pubsub'
[0.598s] Level 1:colcon.colcon_core.package_identification:_identify(src/pubsub_custom) by extensions ['ignore', 'ignore_ament_install']
[0.598s] Level 1:colcon.colcon_core.package_identification:_identify(src/pubsub_custom) by extension 'ignore'
[0.598s] Level 1:colcon.colcon_core.package_identification:_identify(src/pubsub_custom) by extension 'ignore_ament_install'
[0.598s] Level 1:colcon.colcon_core.package_identification:_identify(src/pubsub_custom) by extensions ['colcon_pkg']
[0.599s] Level 1:colcon.colcon_core.package_identification:_identify(src/pubsub_custom) by extension 'colcon_pkg'
[0.599s] Level 1:colcon.colcon_core.package_identification:_identify(src/pubsub_custom) by extensions ['colcon_meta']
[0.599s] Level 1:colcon.colcon_core.package_identification:_identify(src/pubsub_custom) by extension 'colcon_meta'
[0.599s] Level 1:colcon.colcon_core.package_identification:_identify(src/pubsub_custom) by extensions ['ros']
[0.599s] Level 1:colcon.colcon_core.package_identification:_identify(src/pubsub_custom) by extension 'ros'
[0.600s] DEBUG:colcon.colcon_core.package_identification:Package 'src/pubsub_custom' with type 'ros.ament_cmake' and name 'pubsub_custom'
[0.600s] Level 1:colcon.colcon_core.package_discovery:discover_packages(recursive) using defaults
[0.600s] Level 1:colcon.colcon_core.package_discovery:discover_packages(ignore) discover
[0.600s] Level 1:colcon.colcon_core.package_discovery:discover_packages(ignore) using defaults
[0.600s] Level 1:colcon.colcon_core.package_discovery:discover_packages(path) discover
[0.601s] Level 1:colcon.colcon_core.package_discovery:discover_packages(path) using defaults
[0.633s] INFO:colcon.colcon_core.package_selection:Skipping package 'pubsub_custom' in 'src/pubsub_custom'
[0.633s] INFO:colcon.colcon_core.package_selection:Skipping package 'pubsub' in 'src/pubsub'
[0.633s] INFO:colcon.colcon_core.package_selection:Skipping package 'custom_interfaces' in 'src/custom_interfaces'
[0.634s] Level 1:colcon.colcon_core.package_discovery:discover_packages(prefix_path) check parameters
[0.634s] Level 1:colcon.colcon_core.package_discovery:discover_packages(prefix_path) discover
[0.639s] DEBUG:colcon.colcon_installed_package_information.package_discovery:Found 373 installed packages in /opt/ros/humble
[0.645s] Level 1:colcon.colcon_core.package_discovery:discover_packages(prefix_path) using defaults
[0.748s] Level 5:colcon.colcon_core.verb:set package 'foolturtle' build argument 'cmake_args' from command line to 'None'
[0.748s] Level 5:colcon.colcon_core.verb:set package 'foolturtle' build argument 'cmake_target' from command line to 'None'
[0.748s] Level 5:colcon.colcon_core.verb:set package 'foolturtle' build argument 'cmake_target_skip_unavailable' from command line to 'False'
[0.748s] Level 5:colcon.colcon_core.verb:set package 'foolturtle' build argument 'cmake_clean_cache' from command line to 'False'
[0.748s] Level 5:colcon.colcon_core.verb:set package 'foolturtle' build argument 'cmake_clean_first' from command line to 'False'
[0.748s] Level 5:colcon.colcon_core.verb:set package 'foolturtle' build argument 'cmake_force_configure' from command line to 'False'
[0.748s] Level 5:colcon.colcon_core.verb:set package 'foolturtle' build argument 'ament_cmake_args' from command line to 'None'
[0.748s] Level 5:colcon.colcon_core.verb:set package 'foolturtle' build argument 'catkin_cmake_args' from command line to 'None'
[0.748s] Level 5:colcon.colcon_core.verb:set package 'foolturtle' build argument 'catkin_skip_building_tests' from command line to 'False'
[0.748s] DEBUG:colcon.colcon_core.verb:Building package 'foolturtle' with the following arguments: {'ament_cmake_args': None, 'build_base': '/home/aimane/data/colcon_ws2/build/foolturtle', 'catkin_cmake_args': None, 'catkin_skip_building_tests': False, 'cmake_args': None, 'cmake_clean_cache': False, 'cmake_clean_first': False, 'cmake_force_configure': False, 'cmake_target': None, 'cmake_target_skip_unavailable': False, 'install_base': '/home/aimane/data/colcon_ws2/install/foolturtle', 'merge_install': False, 'path': '/home/aimane/data/colcon_ws2/src/foolturtle', 'symlink_install': False, 'test_result_base': None}
[0.749s] INFO:colcon.colcon_core.executor:Executing jobs using 'parallel' executor
[0.750s] DEBUG:colcon.colcon_parallel_executor.executor.parallel:run_until_complete
[0.750s] INFO:colcon.colcon_ros.task.ament_cmake.build:Building ROS package in '/home/aimane/data/colcon_ws2/src/foolturtle' with build type 'ament_cmake'
[0.751s] INFO:colcon.colcon_cmake.task.cmake.build:Building CMake package in '/home/aimane/data/colcon_ws2/src/foolturtle'
[0.753s] INFO:colcon.colcon_core.plugin_system:Skipping extension 'colcon_core.shell.bat': Not used on non-Windows systems
[0.754s] INFO:colcon.colcon_core.shell:Skip shell extension 'powershell' for command environment: Not usable outside of PowerShell
[0.754s] DEBUG:colcon.colcon_core.shell:Skip shell extension 'dsv' for command environment
[0.769s] DEBUG:colcon.colcon_core.event_handler.log_command:Invoking command in '/home/aimane/data/colcon_ws2/build/foolturtle': CMAKE_PREFIX_PATH=/opt/ros/humble /usr/bin/cmake --build /home/aimane/data/colcon_ws2/build/foolturtle -- -j3 -l3
[15.143s] DEBUG:colcon.colcon_core.event_handler.log_command:Invoked command in '/home/aimane/data/colcon_ws2/build/foolturtle' returned '0': CMAKE_PREFIX_PATH=/opt/ros/humble /usr/bin/cmake --build /home/aimane/data/colcon_ws2/build/foolturtle -- -j3 -l3
[15.154s] DEBUG:colcon.colcon_core.event_handler.log_command:Invoking command in '/home/aimane/data/colcon_ws2/build/foolturtle': CMAKE_PREFIX_PATH=/opt/ros/humble /usr/bin/cmake --install /home/aimane/data/colcon_ws2/build/foolturtle
[15.175s] Level 1:colcon.colcon_core.environment:create_environment_scripts_only(foolturtle)
[15.176s] DEBUG:colcon.colcon_core.event_handler.log_command:Invoked command in '/home/aimane/data/colcon_ws2/build/foolturtle' returned '0': CMAKE_PREFIX_PATH=/opt/ros/humble /usr/bin/cmake --install /home/aimane/data/colcon_ws2/build/foolturtle
[15.179s] Level 1:colcon.colcon_core.environment:checking '/home/aimane/data/colcon_ws2/install/foolturtle' for CMake module files
[15.180s] Level 1:colcon.colcon_core.environment:checking '/home/aimane/data/colcon_ws2/install/foolturtle' for CMake config files
[15.180s] Level 1:colcon.colcon_core.shell:create_environment_hook('foolturtle', 'cmake_prefix_path')
[15.180s] INFO:colcon.colcon_core.shell:Creating environment hook '/home/aimane/data/colcon_ws2/install/foolturtle/share/foolturtle/hook/cmake_prefix_path.ps1'
[15.181s] INFO:colcon.colcon_core.shell:Creating environment descriptor '/home/aimane/data/colcon_ws2/install/foolturtle/share/foolturtle/hook/cmake_prefix_path.dsv'
[15.182s] INFO:colcon.colcon_core.shell:Creating environment hook '/home/aimane/data/colcon_ws2/install/foolturtle/share/foolturtle/hook/cmake_prefix_path.sh'
[15.184s] Level 1:colcon.colcon_core.environment:checking '/home/aimane/data/colcon_ws2/install/foolturtle/lib'
[15.184s] Level 1:colcon.colcon_core.environment:checking '/home/aimane/data/colcon_ws2/install/foolturtle/bin'
[15.184s] Level 1:colcon.colcon_core.environment:checking '/home/aimane/data/colcon_ws2/install/foolturtle/lib/pkgconfig/foolturtle.pc'
[15.184s] Level 1:colcon.colcon_core.environment:checking '/home/aimane/data/colcon_ws2/install/foolturtle/lib/python3.10/site-packages'
[15.185s] Level 1:colcon.colcon_core.environment:checking '/home/aimane/data/colcon_ws2/install/foolturtle/bin'
[15.185s] INFO:colcon.colcon_core.shell:Creating package script '/home/aimane/data/colcon_ws2/install/foolturtle/share/foolturtle/package.ps1'
[15.187s] INFO:colcon.colcon_core.shell:Creating package descriptor '/home/aimane/data/colcon_ws2/install/foolturtle/share/foolturtle/package.dsv'
[15.188s] INFO:colcon.colcon_core.shell:Creating package script '/home/aimane/data/colcon_ws2/install/foolturtle/share/foolturtle/package.sh'
[15.189s] INFO:colcon.colcon_core.shell:Creating package script '/home/aimane/data/colcon_ws2/install/foolturtle/share/foolturtle/package.bash'
[15.190s] INFO:colcon.colcon_core.shell:Creating package script '/home/aimane/data/colcon_ws2/install/foolturtle/share/foolturtle/package.zsh'
[15.192s] Level 1:colcon.colcon_core.environment:create_file_with_runtime_dependencies(/home/aimane/data/colcon_ws2/install/foolturtle/share/colcon-core/packages/foolturtle)
[15.193s] Level 1:colcon.colcon_core.environment:create_environment_scripts_only(foolturtle)
[15.193s] Level 1:colcon.colcon_core.environment:checking '/home/aimane/data/colcon_ws2/install/foolturtle' for CMake module files
[15.194s] Level 1:colcon.colcon_core.environment:checking '/home/aimane/data/colcon_ws2/install/foolturtle' for CMake config files
[15.194s] Level 1:colcon.colcon_core.shell:create_environment_hook('foolturtle', 'cmake_prefix_path')
[15.194s] INFO:colcon.colcon_core.shell:Creating environment hook '/home/aimane/data/colcon_ws2/install/foolturtle/share/foolturtle/hook/cmake_prefix_path.ps1'
[15.195s] INFO:colcon.colcon_core.shell:Creating environment descriptor '/home/aimane/data/colcon_ws2/install/foolturtle/share/foolturtle/hook/cmake_prefix_path.dsv'
[15.196s] INFO:colcon.colcon_core.shell:Creating environment hook '/home/aimane/data/colcon_ws2/install/foolturtle/share/foolturtle/hook/cmake_prefix_path.sh'
[15.196s] Level 1:colcon.colcon_core.environment:checking '/home/aimane/data/colcon_ws2/install/foolturtle/lib'
[15.197s] Level 1:colcon.colcon_core.environment:checking '/home/aimane/data/colcon_ws2/install/foolturtle/bin'
[15.197s] Level 1:colcon.colcon_core.environment:checking '/home/aimane/data/colcon_ws2/install/foolturtle/lib/pkgconfig/foolturtle.pc'
[15.197s] Level 1:colcon.colcon_core.environment:checking '/home/aimane/data/colcon_ws2/install/foolturtle/lib/python3.10/site-packages'
[15.197s] Level 1:colcon.colcon_core.environment:checking '/home/aimane/data/colcon_ws2/install/foolturtle/bin'
[15.198s] INFO:colcon.colcon_core.shell:Creating package script '/home/aimane/data/colcon_ws2/install/foolturtle/share/foolturtle/package.ps1'
[15.199s] INFO:colcon.colcon_core.shell:Creating package descriptor '/home/aimane/data/colcon_ws2/install/foolturtle/share/foolturtle/package.dsv'
[15.200s] INFO:colcon.colcon_core.shell:Creating package script '/home/aimane/data/colcon_ws2/install/foolturtle/share/foolturtle/package.sh'
[15.201s] INFO:colcon.colcon_core.shell:Creating package script '/home/aimane/data/colcon_ws2/install/foolturtle/share/foolturtle/package.bash'
[15.201s] INFO:colcon.colcon_core.shell:Creating package script '/home/aimane/data/colcon_ws2/install/foolturtle/share/foolturtle/package.zsh'
[15.202s] Level 1:colcon.colcon_core.environment:create_file_with_runtime_dependencies(/home/aimane/data/colcon_ws2/install/foolturtle/share/colcon-core/packages/foolturtle)
[15.202s] DEBUG:colcon.colcon_parallel_executor.executor.parallel:closing loop
[15.203s] DEBUG:colcon.colcon_parallel_executor.executor.parallel:loop closed
[15.203s] DEBUG:colcon.colcon_parallel_executor.executor.parallel:run_until_complete finished with '0'
[15.203s] DEBUG:colcon.colcon_core.event_reactor:joining thread
[15.209s] INFO:colcon.colcon_core.plugin_system:Skipping extension 'colcon_notification.desktop_notification.terminal_notifier': Not used on non-Darwin systems
[15.210s] INFO:colcon.colcon_core.plugin_system:Skipping extension 'colcon_notification.desktop_notification.win32': Not used on non-Windows systems
[15.210s] INFO:colcon.colcon_notification.desktop_notification:Sending desktop notification using 'notify2'
[15.239s] DEBUG:colcon.colcon_core.event_reactor:joined thread
[15.240s] INFO:colcon.colcon_core.shell:Creating prefix script '/home/aimane/data/colcon_ws2/install/local_setup.ps1'
[15.243s] INFO:colcon.colcon_core.shell:Creating prefix util module '/home/aimane/data/colcon_ws2/install/_local_setup_util_ps1.py'
[15.246s] INFO:colcon.colcon_core.shell:Creating prefix chain script '/home/aimane/data/colcon_ws2/install/setup.ps1'
[15.248s] INFO:colcon.colcon_core.shell:Creating prefix script '/home/aimane/data/colcon_ws2/install/local_setup.sh'
[15.249s] INFO:colcon.colcon_core.shell:Creating prefix util module '/home/aimane/data/colcon_ws2/install/_local_setup_util_sh.py'
[15.250s] INFO:colcon.colcon_core.shell:Creating prefix chain script '/home/aimane/data/colcon_ws2/install/setup.sh'
[15.253s] INFO:colcon.colcon_core.shell:Creating prefix script '/home/aimane/data/colcon_ws2/install/local_setup.bash'
[15.254s] INFO:colcon.colcon_core.shell:Creating prefix chain script '/home/aimane/data/colcon_ws2/install/setup.bash'
[15.256s] INFO:colcon.colcon_core.shell:Creating prefix script '/home/aimane/data/colcon_ws2/install/local_setup.zsh'
[15.257s] INFO:colcon.colcon_core.shell:Creating prefix chain script '/home/aimane/data/colcon_ws2/install/setup.zsh'
