[0.025s] Invoking command in '/home/aimane/data/colcon_ws3/build/custom_interfaces': CMAKE_PREFIX_PATH=${CMAKE_PREFIX_PATH}:/opt/ros/humble /usr/bin/cmake --build /home/aimane/data/colcon_ws3/build/custom_interfaces -- -j3 -l3
[0.104s] [  9%] Built target custom_interfaces__rosidl_generator_c
[0.116s] [ 12%] Built target custom_interfaces__cpp
[0.127s] [ 12%] Built target ament_cmake_python_copy_custom_interfaces
[0.154s] [ 22%] Built target custom_interfaces__rosidl_typesupport_introspection_c
[0.159s] [ 32%] Built target custom_interfaces__rosidl_typesupport_fastrtps_c
[0.169s] [ 41%] Built target custom_interfaces__rosidl_typesupport_c
[0.188s] [ 51%] Built target custom_interfaces__rosidl_typesupport_introspection_cpp
[0.208s] [ 61%] Built target custom_interfaces__rosidl_typesupport_cpp
[0.221s] [ 70%] Built target custom_interfaces__rosidl_typesupport_fastrtps_cpp
[0.259s] [ 70%] Built target custom_interfaces
[0.302s] [ 74%] Built target custom_interfaces__py
[0.340s] [ 80%] Built target custom_interfaces__rosidl_generator_py
[0.375s] [ 93%] Built target custom_interfaces__rosidl_typesupport_introspection_c__pyext
[0.375s] [ 93%] Built target custom_interfaces__rosidl_typesupport_fastrtps_c__pyext
[0.400s] [100%] Built target custom_interfaces__rosidl_typesupport_c__pyext
[0.626s] running egg_info
[0.627s] writing custom_interfaces.egg-info/PKG-INFO
[0.628s] writing dependency_links to custom_interfaces.egg-info/dependency_links.txt
[0.628s] writing top-level names to custom_interfaces.egg-info/top_level.txt
[0.632s] reading manifest file 'custom_interfaces.egg-info/SOURCES.txt'
[0.633s] writing manifest file 'custom_interfaces.egg-info/SOURCES.txt'
[0.674s] [100%] Built target ament_cmake_python_build_custom_interfaces_egg
[0.688s] Invoked command in '/home/aimane/data/colcon_ws3/build/custom_interfaces' returned '0': CMAKE_PREFIX_PATH=${CMAKE_PREFIX_PATH}:/opt/ros/humble /usr/bin/cmake --build /home/aimane/data/colcon_ws3/build/custom_interfaces -- -j3 -l3
[0.701s] Invoking command in '/home/aimane/data/colcon_ws3/build/custom_interfaces': CMAKE_PREFIX_PATH=${CMAKE_PREFIX_PATH}:/opt/ros/humble /usr/bin/cmake --install /home/aimane/data/colcon_ws3/build/custom_interfaces
[0.711s] -- Install configuration: ""
[0.711s] -- Up-to-date: /home/aimane/data/colcon_ws3/install/custom_interfaces/share/ament_index/resource_index/rosidl_interfaces/custom_interfaces
[0.713s] -- Up-to-date: /home/aimane/data/colcon_ws3/install/custom_interfaces/include/custom_interfaces/custom_interfaces
[0.713s] -- Up-to-date: /home/aimane/data/colcon_ws3/install/custom_interfaces/include/custom_interfaces/custom_interfaces/msg
[0.713s] -- Up-to-date: /home/aimane/data/colcon_ws3/install/custom_interfaces/include/custom_interfaces/custom_interfaces/msg/my_message.h
[0.713s] -- Up-to-date: /home/aimane/data/colcon_ws3/install/custom_interfaces/include/custom_interfaces/custom_interfaces/msg/rosidl_generator_c__visibility_control.h
[0.713s] -- Up-to-date: /home/aimane/data/colcon_ws3/install/custom_interfaces/include/custom_interfaces/custom_interfaces/msg/detail
[0.714s] -- Up-to-date: /home/aimane/data/colcon_ws3/install/custom_interfaces/include/custom_interfaces/custom_interfaces/msg/detail/my_message__functions.h
[0.714s] -- Up-to-date: /home/aimane/data/colcon_ws3/install/custom_interfaces/include/custom_interfaces/custom_interfaces/msg/detail/my_message__functions.c
[0.714s] -- Up-to-date: /home/aimane/data/colcon_ws3/install/custom_interfaces/include/custom_interfaces/custom_interfaces/msg/detail/my_message__type_support.h
[0.714s] -- Up-to-date: /home/aimane/data/colcon_ws3/install/custom_interfaces/include/custom_interfaces/custom_interfaces/msg/detail/my_message__struct.h
[0.714s] -- Up-to-date: /home/aimane/data/colcon_ws3/install/custom_interfaces/share/custom_interfaces/environment/library_path.sh
[0.714s] -- Up-to-date: /home/aimane/data/colcon_ws3/install/custom_interfaces/share/custom_interfaces/environment/library_path.dsv
[0.716s] -- Up-to-date: /home/aimane/data/colcon_ws3/install/custom_interfaces/lib/libcustom_interfaces__rosidl_generator_c.so
[0.716s] -- Up-to-date: /home/aimane/data/colcon_ws3/install/custom_interfaces/include/custom_interfaces/custom_interfaces
[0.716s] -- Up-to-date: /home/aimane/data/colcon_ws3/install/custom_interfaces/include/custom_interfaces/custom_interfaces/msg
[0.716s] -- Up-to-date: /home/aimane/data/colcon_ws3/install/custom_interfaces/include/custom_interfaces/custom_interfaces/msg/rosidl_typesupport_fastrtps_c__visibility_control.h
[0.716s] -- Up-to-date: /home/aimane/data/colcon_ws3/install/custom_interfaces/include/custom_interfaces/custom_interfaces/msg/detail
[0.717s] -- Up-to-date: /home/aimane/data/colcon_ws3/install/custom_interfaces/include/custom_interfaces/custom_interfaces/msg/detail/my_message__rosidl_typesupport_fastrtps_c.h
[0.717s] -- Up-to-date: /home/aimane/data/colcon_ws3/install/custom_interfaces/lib/libcustom_interfaces__rosidl_typesupport_fastrtps_c.so
[0.717s] -- Up-to-date: /home/aimane/data/colcon_ws3/install/custom_interfaces/include/custom_interfaces/custom_interfaces
[0.717s] -- Up-to-date: /home/aimane/data/colcon_ws3/install/custom_interfaces/include/custom_interfaces/custom_interfaces/msg
[0.717s] -- Up-to-date: /home/aimane/data/colcon_ws3/install/custom_interfaces/include/custom_interfaces/custom_interfaces/msg/my_message.hpp
[0.717s] -- Up-to-date: /home/aimane/data/colcon_ws3/install/custom_interfaces/include/custom_interfaces/custom_interfaces/msg/rosidl_generator_cpp__visibility_control.hpp
[0.717s] -- Up-to-date: /home/aimane/data/colcon_ws3/install/custom_interfaces/include/custom_interfaces/custom_interfaces/msg/detail
[0.717s] -- Up-to-date: /home/aimane/data/colcon_ws3/install/custom_interfaces/include/custom_interfaces/custom_interfaces/msg/detail/my_message__traits.hpp
[0.717s] -- Up-to-date: /home/aimane/data/colcon_ws3/install/custom_interfaces/include/custom_interfaces/custom_interfaces/msg/detail/my_message__type_support.hpp
[0.718s] -- Up-to-date: /home/aimane/data/colcon_ws3/install/custom_interfaces/include/custom_interfaces/custom_interfaces/msg/detail/my_message__struct.hpp
[0.718s] -- Up-to-date: /home/aimane/data/colcon_ws3/install/custom_interfaces/include/custom_interfaces/custom_interfaces/msg/detail/my_message__builder.hpp
[0.718s] -- Up-to-date: /home/aimane/data/colcon_ws3/install/custom_interfaces/include/custom_interfaces/custom_interfaces
[0.718s] -- Up-to-date: /home/aimane/data/colcon_ws3/install/custom_interfaces/include/custom_interfaces/custom_interfaces/msg
[0.718s] -- Up-to-date: /home/aimane/data/colcon_ws3/install/custom_interfaces/include/custom_interfaces/custom_interfaces/msg/rosidl_typesupport_fastrtps_cpp__visibility_control.h
[0.719s] -- Up-to-date: /home/aimane/data/colcon_ws3/install/custom_interfaces/include/custom_interfaces/custom_interfaces/msg/detail
[0.719s] -- Up-to-date: /home/aimane/data/colcon_ws3/install/custom_interfaces/include/custom_interfaces/custom_interfaces/msg/detail/my_message__rosidl_typesupport_fastrtps_cpp.hpp
[0.719s] -- Up-to-date: /home/aimane/data/colcon_ws3/install/custom_interfaces/include/custom_interfaces/custom_interfaces/msg/detail/dds_fastrtps
[0.719s] -- Up-to-date: /home/aimane/data/colcon_ws3/install/custom_interfaces/lib/libcustom_interfaces__rosidl_typesupport_fastrtps_cpp.so
[0.719s] -- Up-to-date: /home/aimane/data/colcon_ws3/install/custom_interfaces/include/custom_interfaces/custom_interfaces
[0.719s] -- Up-to-date: /home/aimane/data/colcon_ws3/install/custom_interfaces/include/custom_interfaces/custom_interfaces/msg
[0.719s] -- Up-to-date: /home/aimane/data/colcon_ws3/install/custom_interfaces/include/custom_interfaces/custom_interfaces/msg/rosidl_typesupport_introspection_c__visibility_control.h
[0.719s] -- Up-to-date: /home/aimane/data/colcon_ws3/install/custom_interfaces/include/custom_interfaces/custom_interfaces/msg/detail
[0.719s] -- Up-to-date: /home/aimane/data/colcon_ws3/install/custom_interfaces/include/custom_interfaces/custom_interfaces/msg/detail/my_message__rosidl_typesupport_introspection_c.h
[0.719s] -- Up-to-date: /home/aimane/data/colcon_ws3/install/custom_interfaces/include/custom_interfaces/custom_interfaces/msg/detail/my_message__type_support.c
[0.720s] -- Up-to-date: /home/aimane/data/colcon_ws3/install/custom_interfaces/lib/libcustom_interfaces__rosidl_typesupport_introspection_c.so
[0.720s] -- Up-to-date: /home/aimane/data/colcon_ws3/install/custom_interfaces/lib/libcustom_interfaces__rosidl_typesupport_c.so
[0.720s] -- Up-to-date: /home/aimane/data/colcon_ws3/install/custom_interfaces/include/custom_interfaces/custom_interfaces
[0.720s] -- Up-to-date: /home/aimane/data/colcon_ws3/install/custom_interfaces/include/custom_interfaces/custom_interfaces/msg
[0.720s] -- Up-to-date: /home/aimane/data/colcon_ws3/install/custom_interfaces/include/custom_interfaces/custom_interfaces/msg/detail
[0.720s] -- Up-to-date: /home/aimane/data/colcon_ws3/install/custom_interfaces/include/custom_interfaces/custom_interfaces/msg/detail/my_message__type_support.cpp
[0.720s] -- Up-to-date: /home/aimane/data/colcon_ws3/install/custom_interfaces/include/custom_interfaces/custom_interfaces/msg/detail/my_message__rosidl_typesupport_introspection_cpp.hpp
[0.720s] -- Up-to-date: /home/aimane/data/colcon_ws3/install/custom_interfaces/lib/libcustom_interfaces__rosidl_typesupport_introspection_cpp.so
[0.720s] -- Up-to-date: /home/aimane/data/colcon_ws3/install/custom_interfaces/lib/libcustom_interfaces__rosidl_typesupport_cpp.so
[0.721s] -- Up-to-date: /home/aimane/data/colcon_ws3/install/custom_interfaces/share/custom_interfaces/environment/pythonpath.sh
[0.721s] -- Up-to-date: /home/aimane/data/colcon_ws3/install/custom_interfaces/share/custom_interfaces/environment/pythonpath.dsv
[0.721s] -- Up-to-date: /home/aimane/data/colcon_ws3/install/custom_interfaces/local/lib/python3.10/dist-packages/custom_interfaces-0.0.0-py3.10.egg-info
[0.721s] -- Installing: /home/aimane/data/colcon_ws3/install/custom_interfaces/local/lib/python3.10/dist-packages/custom_interfaces-0.0.0-py3.10.egg-info/SOURCES.txt
[0.721s] -- Installing: /home/aimane/data/colcon_ws3/install/custom_interfaces/local/lib/python3.10/dist-packages/custom_interfaces-0.0.0-py3.10.egg-info/dependency_links.txt
[0.721s] -- Installing: /home/aimane/data/colcon_ws3/install/custom_interfaces/local/lib/python3.10/dist-packages/custom_interfaces-0.0.0-py3.10.egg-info/top_level.txt
[0.721s] -- Installing: /home/aimane/data/colcon_ws3/install/custom_interfaces/local/lib/python3.10/dist-packages/custom_interfaces-0.0.0-py3.10.egg-info/PKG-INFO
[0.721s] -- Up-to-date: /home/aimane/data/colcon_ws3/install/custom_interfaces/local/lib/python3.10/dist-packages/custom_interfaces
[0.721s] -- Up-to-date: /home/aimane/data/colcon_ws3/install/custom_interfaces/local/lib/python3.10/dist-packages/custom_interfaces/libcustom_interfaces__rosidl_generator_py.so
[0.722s] -- Up-to-date: /home/aimane/data/colcon_ws3/install/custom_interfaces/local/lib/python3.10/dist-packages/custom_interfaces/_custom_interfaces_s.ep.rosidl_typesupport_introspection_c.c
[0.722s] -- Up-to-date: /home/aimane/data/colcon_ws3/install/custom_interfaces/local/lib/python3.10/dist-packages/custom_interfaces/custom_interfaces_s__rosidl_typesupport_c.cpython-310-x86_64-linux-gnu.so
[0.722s] -- Up-to-date: /home/aimane/data/colcon_ws3/install/custom_interfaces/local/lib/python3.10/dist-packages/custom_interfaces/_custom_interfaces_s.ep.rosidl_typesupport_fastrtps_c.c
[0.722s] -- Up-to-date: /home/aimane/data/colcon_ws3/install/custom_interfaces/local/lib/python3.10/dist-packages/custom_interfaces/custom_interfaces_s__rosidl_typesupport_fastrtps_c.cpython-310-x86_64-linux-gnu.so
[0.722s] -- Up-to-date: /home/aimane/data/colcon_ws3/install/custom_interfaces/local/lib/python3.10/dist-packages/custom_interfaces/custom_interfaces_s__rosidl_typesupport_introspection_c.cpython-310-x86_64-linux-gnu.so
[0.722s] -- Up-to-date: /home/aimane/data/colcon_ws3/install/custom_interfaces/local/lib/python3.10/dist-packages/custom_interfaces/msg
[0.722s] -- Up-to-date: /home/aimane/data/colcon_ws3/install/custom_interfaces/local/lib/python3.10/dist-packages/custom_interfaces/msg/_my_message_s.c
[0.722s] -- Up-to-date: /home/aimane/data/colcon_ws3/install/custom_interfaces/local/lib/python3.10/dist-packages/custom_interfaces/msg/_my_message.py
[0.722s] -- Up-to-date: /home/aimane/data/colcon_ws3/install/custom_interfaces/local/lib/python3.10/dist-packages/custom_interfaces/msg/__init__.py
[0.723s] -- Up-to-date: /home/aimane/data/colcon_ws3/install/custom_interfaces/local/lib/python3.10/dist-packages/custom_interfaces/__init__.py
[0.723s] -- Up-to-date: /home/aimane/data/colcon_ws3/install/custom_interfaces/local/lib/python3.10/dist-packages/custom_interfaces/_custom_interfaces_s.ep.rosidl_typesupport_c.c
[0.766s] Listing '/home/aimane/data/colcon_ws3/install/custom_interfaces/local/lib/python3.10/dist-packages/custom_interfaces'...
[0.766s] Listing '/home/aimane/data/colcon_ws3/install/custom_interfaces/local/lib/python3.10/dist-packages/custom_interfaces/msg'...
[0.773s] -- Up-to-date: /home/aimane/data/colcon_ws3/install/custom_interfaces/local/lib/python3.10/dist-packages/custom_interfaces/custom_interfaces_s__rosidl_typesupport_fastrtps_c.cpython-310-x86_64-linux-gnu.so
[0.774s] -- Up-to-date: /home/aimane/data/colcon_ws3/install/custom_interfaces/local/lib/python3.10/dist-packages/custom_interfaces/custom_interfaces_s__rosidl_typesupport_introspection_c.cpython-310-x86_64-linux-gnu.so
[0.774s] -- Up-to-date: /home/aimane/data/colcon_ws3/install/custom_interfaces/local/lib/python3.10/dist-packages/custom_interfaces/custom_interfaces_s__rosidl_typesupport_c.cpython-310-x86_64-linux-gnu.so
[0.775s] -- Up-to-date: /home/aimane/data/colcon_ws3/install/custom_interfaces/lib/libcustom_interfaces__rosidl_generator_py.so
[0.775s] -- Up-to-date: /home/aimane/data/colcon_ws3/install/custom_interfaces/share/custom_interfaces/msg/MyMessage.idl
[0.775s] -- Up-to-date: /home/aimane/data/colcon_ws3/install/custom_interfaces/share/custom_interfaces/msg/MyMessage.msg
[0.776s] -- Up-to-date: /home/aimane/data/colcon_ws3/install/custom_interfaces/share/ament_index/resource_index/package_run_dependencies/custom_interfaces
[0.776s] -- Up-to-date: /home/aimane/data/colcon_ws3/install/custom_interfaces/share/ament_index/resource_index/parent_prefix_path/custom_interfaces
[0.776s] -- Up-to-date: /home/aimane/data/colcon_ws3/install/custom_interfaces/share/custom_interfaces/environment/ament_prefix_path.sh
[0.776s] -- Up-to-date: /home/aimane/data/colcon_ws3/install/custom_interfaces/share/custom_interfaces/environment/ament_prefix_path.dsv
[0.776s] -- Up-to-date: /home/aimane/data/colcon_ws3/install/custom_interfaces/share/custom_interfaces/environment/path.sh
[0.776s] -- Up-to-date: /home/aimane/data/colcon_ws3/install/custom_interfaces/share/custom_interfaces/environment/path.dsv
[0.776s] -- Up-to-date: /home/aimane/data/colcon_ws3/install/custom_interfaces/share/custom_interfaces/local_setup.bash
[0.776s] -- Up-to-date: /home/aimane/data/colcon_ws3/install/custom_interfaces/share/custom_interfaces/local_setup.sh
[0.777s] -- Up-to-date: /home/aimane/data/colcon_ws3/install/custom_interfaces/share/custom_interfaces/local_setup.zsh
[0.777s] -- Up-to-date: /home/aimane/data/colcon_ws3/install/custom_interfaces/share/custom_interfaces/local_setup.dsv
[0.777s] -- Installing: /home/aimane/data/colcon_ws3/install/custom_interfaces/share/custom_interfaces/package.dsv
[0.777s] -- Up-to-date: /home/aimane/data/colcon_ws3/install/custom_interfaces/share/ament_index/resource_index/packages/custom_interfaces
[0.777s] -- Up-to-date: /home/aimane/data/colcon_ws3/install/custom_interfaces/share/custom_interfaces/cmake/export_custom_interfaces__rosidl_generator_cExport.cmake
[0.778s] -- Up-to-date: /home/aimane/data/colcon_ws3/install/custom_interfaces/share/custom_interfaces/cmake/export_custom_interfaces__rosidl_generator_cExport-noconfig.cmake
[0.778s] -- Up-to-date: /home/aimane/data/colcon_ws3/install/custom_interfaces/share/custom_interfaces/cmake/export_custom_interfaces__rosidl_typesupport_fastrtps_cExport.cmake
[0.778s] -- Up-to-date: /home/aimane/data/colcon_ws3/install/custom_interfaces/share/custom_interfaces/cmake/export_custom_interfaces__rosidl_typesupport_fastrtps_cExport-noconfig.cmake
[0.778s] -- Up-to-date: /home/aimane/data/colcon_ws3/install/custom_interfaces/share/custom_interfaces/cmake/export_custom_interfaces__rosidl_generator_cppExport.cmake
[0.779s] -- Up-to-date: /home/aimane/data/colcon_ws3/install/custom_interfaces/share/custom_interfaces/cmake/export_custom_interfaces__rosidl_typesupport_fastrtps_cppExport.cmake
[0.779s] -- Up-to-date: /home/aimane/data/colcon_ws3/install/custom_interfaces/share/custom_interfaces/cmake/export_custom_interfaces__rosidl_typesupport_fastrtps_cppExport-noconfig.cmake
[0.779s] -- Up-to-date: /home/aimane/data/colcon_ws3/install/custom_interfaces/share/custom_interfaces/cmake/custom_interfaces__rosidl_typesupport_introspection_cExport.cmake
[0.779s] -- Up-to-date: /home/aimane/data/colcon_ws3/install/custom_interfaces/share/custom_interfaces/cmake/custom_interfaces__rosidl_typesupport_introspection_cExport-noconfig.cmake
[0.779s] -- Up-to-date: /home/aimane/data/colcon_ws3/install/custom_interfaces/share/custom_interfaces/cmake/custom_interfaces__rosidl_typesupport_cExport.cmake
[0.779s] -- Up-to-date: /home/aimane/data/colcon_ws3/install/custom_interfaces/share/custom_interfaces/cmake/custom_interfaces__rosidl_typesupport_cExport-noconfig.cmake
[0.779s] -- Up-to-date: /home/aimane/data/colcon_ws3/install/custom_interfaces/share/custom_interfaces/cmake/custom_interfaces__rosidl_typesupport_introspection_cppExport.cmake
[0.779s] -- Up-to-date: /home/aimane/data/colcon_ws3/install/custom_interfaces/share/custom_interfaces/cmake/custom_interfaces__rosidl_typesupport_introspection_cppExport-noconfig.cmake
[0.780s] -- Up-to-date: /home/aimane/data/colcon_ws3/install/custom_interfaces/share/custom_interfaces/cmake/custom_interfaces__rosidl_typesupport_cppExport.cmake
[0.780s] -- Up-to-date: /home/aimane/data/colcon_ws3/install/custom_interfaces/share/custom_interfaces/cmake/custom_interfaces__rosidl_typesupport_cppExport-noconfig.cmake
[0.780s] -- Up-to-date: /home/aimane/data/colcon_ws3/install/custom_interfaces/share/custom_interfaces/cmake/export_custom_interfaces__rosidl_generator_pyExport.cmake
[0.780s] -- Up-to-date: /home/aimane/data/colcon_ws3/install/custom_interfaces/share/custom_interfaces/cmake/export_custom_interfaces__rosidl_generator_pyExport-noconfig.cmake
[0.780s] -- Up-to-date: /home/aimane/data/colcon_ws3/install/custom_interfaces/share/custom_interfaces/cmake/rosidl_cmake-extras.cmake
[0.780s] -- Up-to-date: /home/aimane/data/colcon_ws3/install/custom_interfaces/share/custom_interfaces/cmake/ament_cmake_export_dependencies-extras.cmake
[0.780s] -- Up-to-date: /home/aimane/data/colcon_ws3/install/custom_interfaces/share/custom_interfaces/cmake/ament_cmake_export_include_directories-extras.cmake
[0.780s] -- Up-to-date: /home/aimane/data/colcon_ws3/install/custom_interfaces/share/custom_interfaces/cmake/ament_cmake_export_libraries-extras.cmake
[0.780s] -- Up-to-date: /home/aimane/data/colcon_ws3/install/custom_interfaces/share/custom_interfaces/cmake/ament_cmake_export_targets-extras.cmake
[0.781s] -- Up-to-date: /home/aimane/data/colcon_ws3/install/custom_interfaces/share/custom_interfaces/cmake/rosidl_cmake_export_typesupport_targets-extras.cmake
[0.781s] -- Up-to-date: /home/aimane/data/colcon_ws3/install/custom_interfaces/share/custom_interfaces/cmake/rosidl_cmake_export_typesupport_libraries-extras.cmake
[0.781s] -- Up-to-date: /home/aimane/data/colcon_ws3/install/custom_interfaces/share/custom_interfaces/cmake/custom_interfacesConfig.cmake
[0.781s] -- Up-to-date: /home/aimane/data/colcon_ws3/install/custom_interfaces/share/custom_interfaces/cmake/custom_interfacesConfig-version.cmake
[0.781s] -- Up-to-date: /home/aimane/data/colcon_ws3/install/custom_interfaces/share/custom_interfaces/package.xml
[0.784s] Invoked command in '/home/aimane/data/colcon_ws3/build/custom_interfaces' returned '0': CMAKE_PREFIX_PATH=${CMAKE_PREFIX_PATH}:/opt/ros/humble /usr/bin/cmake --install /home/aimane/data/colcon_ws3/build/custom_interfaces
