[0.216s] DEBUG:colcon:Command line arguments: ['/usr/bin/colcon', 'build', '--packages-up-to', 'pubsub_custom_param']
[0.216s] DEBUG:colcon:Parsed command line arguments: Namespace(log_base=None, log_level=None, verb_name='build', build_base='build', install_base='install', merge_install=False, symlink_install=False, test_result_base=None, continue_on_error=False, executor='parallel', parallel_workers=3, event_handlers=None, ignore_user_meta=False, metas=['./colcon.meta'], base_paths=['.'], packages_ignore=None, packages_ignore_regex=None, paths=None, packages_up_to=['pubsub_custom_param'], packages_up_to_regex=None, packages_above=None, packages_above_and_dependencies=None, packages_above_depth=None, packages_select_by_dep=None, packages_skip_by_dep=None, packages_skip_up_to=None, packages_select_build_failed=False, packages_skip_build_finished=False, packages_select_test_failures=False, packages_skip_test_passed=False, packages_select=None, packages_skip=None, packages_select_regex=None, packages_skip_regex=None, packages_start=None, packages_end=None, allow_overriding=[], cmake_args=None, cmake_target=None, cmake_target_skip_unavailable=False, cmake_clean_cache=False, cmake_clean_first=False, cmake_force_configure=False, ament_cmake_args=None, catkin_cmake_args=None, catkin_skip_building_tests=False, verb_parser=<colcon_defaults.argument_parser.defaults.DefaultArgumentsDecorator object at 0x7f79bd04fd30>, verb_extension=<colcon_core.verb.build.BuildVerb object at 0x7f79bd25d4b0>, main=<bound method BuildVerb.main of <colcon_core.verb.build.BuildVerb object at 0x7f79bd25d4b0>>)
[0.538s] Level 1:colcon.colcon_core.package_discovery:discover_packages(colcon_meta) check parameters
[0.538s] Level 1:colcon.colcon_core.package_discovery:discover_packages(recursive) check parameters
[0.538s] Level 1:colcon.colcon_core.package_discovery:discover_packages(ignore) check parameters
[0.538s] Level 1:colcon.colcon_core.package_discovery:discover_packages(path) check parameters
[0.538s] Level 1:colcon.colcon_core.package_discovery:discover_packages(colcon_meta) discover
[0.539s] Level 1:colcon.colcon_core.package_discovery:discover_packages(recursive) discover
[0.539s] INFO:colcon.colcon_core.package_discovery:Crawling recursively for packages in '/home/aimane/data/colcon_ws3'
[0.539s] Level 1:colcon.colcon_core.package_identification:_identify(.) by extensions ['ignore', 'ignore_ament_install']
[0.539s] Level 1:colcon.colcon_core.package_identification:_identify(.) by extension 'ignore'
[0.539s] Level 1:colcon.colcon_core.package_identification:_identify(.) by extension 'ignore_ament_install'
[0.539s] Level 1:colcon.colcon_core.package_identification:_identify(.) by extensions ['colcon_pkg']
[0.539s] Level 1:colcon.colcon_core.package_identification:_identify(.) by extension 'colcon_pkg'
[0.539s] Level 1:colcon.colcon_core.package_identification:_identify(.) by extensions ['colcon_meta']
[0.539s] Level 1:colcon.colcon_core.package_identification:_identify(.) by extension 'colcon_meta'
[0.539s] Level 1:colcon.colcon_core.package_identification:_identify(.) by extensions ['ros']
[0.539s] Level 1:colcon.colcon_core.package_identification:_identify(.) by extension 'ros'
[0.574s] Level 1:colcon.colcon_core.package_identification:_identify(.) by extensions ['cmake', 'python']
[0.574s] Level 1:colcon.colcon_core.package_identification:_identify(.) by extension 'cmake'
[0.574s] Level 1:colcon.colcon_core.package_identification:_identify(.) by extension 'python'
[0.574s] Level 1:colcon.colcon_core.package_identification:_identify(.) by extensions ['python_setup_py']
[0.574s] Level 1:colcon.colcon_core.package_identification:_identify(.) by extension 'python_setup_py'
[0.575s] Level 1:colcon.colcon_core.package_identification:_identify(build) by extensions ['ignore', 'ignore_ament_install']
[0.575s] Level 1:colcon.colcon_core.package_identification:_identify(build) by extension 'ignore'
[0.575s] Level 1:colcon.colcon_core.package_identification:_identify(build) ignored
[0.575s] Level 1:colcon.colcon_core.package_identification:_identify(install) by extensions ['ignore', 'ignore_ament_install']
[0.575s] Level 1:colcon.colcon_core.package_identification:_identify(install) by extension 'ignore'
[0.575s] Level 1:colcon.colcon_core.package_identification:_identify(install) ignored
[0.575s] Level 1:colcon.colcon_core.package_identification:_identify(log) by extensions ['ignore', 'ignore_ament_install']
[0.575s] Level 1:colcon.colcon_core.package_identification:_identify(log) by extension 'ignore'
[0.575s] Level 1:colcon.colcon_core.package_identification:_identify(log) ignored
[0.576s] Level 1:colcon.colcon_core.package_identification:_identify(src) by extensions ['ignore', 'ignore_ament_install']
[0.576s] Level 1:colcon.colcon_core.package_identification:_identify(src) by extension 'ignore'
[0.576s] Level 1:colcon.colcon_core.package_identification:_identify(src) by extension 'ignore_ament_install'
[0.576s] Level 1:colcon.colcon_core.package_identification:_identify(src) by extensions ['colcon_pkg']
[0.576s] Level 1:colcon.colcon_core.package_identification:_identify(src) by extension 'colcon_pkg'
[0.576s] Level 1:colcon.colcon_core.package_identification:_identify(src) by extensions ['colcon_meta']
[0.576s] Level 1:colcon.colcon_core.package_identification:_identify(src) by extension 'colcon_meta'
[0.576s] Level 1:colcon.colcon_core.package_identification:_identify(src) by extensions ['ros']
[0.576s] Level 1:colcon.colcon_core.package_identification:_identify(src) by extension 'ros'
[0.576s] Level 1:colcon.colcon_core.package_identification:_identify(src) by extensions ['cmake', 'python']
[0.576s] Level 1:colcon.colcon_core.package_identification:_identify(src) by extension 'cmake'
[0.576s] Level 1:colcon.colcon_core.package_identification:_identify(src) by extension 'python'
[0.576s] Level 1:colcon.colcon_core.package_identification:_identify(src) by extensions ['python_setup_py']
[0.577s] Level 1:colcon.colcon_core.package_identification:_identify(src) by extension 'python_setup_py'
[0.577s] Level 1:colcon.colcon_core.package_identification:_identify(src/Universal_Robots_ROS2_Description) by extensions ['ignore', 'ignore_ament_install']
[0.577s] Level 1:colcon.colcon_core.package_identification:_identify(src/Universal_Robots_ROS2_Description) by extension 'ignore'
[0.577s] Level 1:colcon.colcon_core.package_identification:_identify(src/Universal_Robots_ROS2_Description) by extension 'ignore_ament_install'
[0.577s] Level 1:colcon.colcon_core.package_identification:_identify(src/Universal_Robots_ROS2_Description) by extensions ['colcon_pkg']
[0.577s] Level 1:colcon.colcon_core.package_identification:_identify(src/Universal_Robots_ROS2_Description) by extension 'colcon_pkg'
[0.577s] Level 1:colcon.colcon_core.package_identification:_identify(src/Universal_Robots_ROS2_Description) by extensions ['colcon_meta']
[0.577s] Level 1:colcon.colcon_core.package_identification:_identify(src/Universal_Robots_ROS2_Description) by extension 'colcon_meta'
[0.577s] Level 1:colcon.colcon_core.package_identification:_identify(src/Universal_Robots_ROS2_Description) by extensions ['ros']
[0.578s] Level 1:colcon.colcon_core.package_identification:_identify(src/Universal_Robots_ROS2_Description) by extension 'ros'
[0.583s] DEBUG:colcon.colcon_core.package_identification:Package 'src/Universal_Robots_ROS2_Description' with type 'ros.ament_cmake' and name 'ur_description'
[0.583s] Level 1:colcon.colcon_core.package_identification:_identify(src/custom_interfaces) by extensions ['ignore', 'ignore_ament_install']
[0.583s] Level 1:colcon.colcon_core.package_identification:_identify(src/custom_interfaces) by extension 'ignore'
[0.583s] Level 1:colcon.colcon_core.package_identification:_identify(src/custom_interfaces) by extension 'ignore_ament_install'
[0.583s] Level 1:colcon.colcon_core.package_identification:_identify(src/custom_interfaces) by extensions ['colcon_pkg']
[0.583s] Level 1:colcon.colcon_core.package_identification:_identify(src/custom_interfaces) by extension 'colcon_pkg'
[0.583s] Level 1:colcon.colcon_core.package_identification:_identify(src/custom_interfaces) by extensions ['colcon_meta']
[0.584s] Level 1:colcon.colcon_core.package_identification:_identify(src/custom_interfaces) by extension 'colcon_meta'
[0.584s] Level 1:colcon.colcon_core.package_identification:_identify(src/custom_interfaces) by extensions ['ros']
[0.584s] Level 1:colcon.colcon_core.package_identification:_identify(src/custom_interfaces) by extension 'ros'
[0.585s] DEBUG:colcon.colcon_core.package_identification:Package 'src/custom_interfaces' with type 'ros.ament_cmake' and name 'custom_interfaces'
[0.585s] Level 1:colcon.colcon_core.package_identification:_identify(src/learning_tf2) by extensions ['ignore', 'ignore_ament_install']
[0.586s] Level 1:colcon.colcon_core.package_identification:_identify(src/learning_tf2) by extension 'ignore'
[0.586s] Level 1:colcon.colcon_core.package_identification:_identify(src/learning_tf2) by extension 'ignore_ament_install'
[0.586s] Level 1:colcon.colcon_core.package_identification:_identify(src/learning_tf2) by extensions ['colcon_pkg']
[0.586s] Level 1:colcon.colcon_core.package_identification:_identify(src/learning_tf2) by extension 'colcon_pkg'
[0.586s] Level 1:colcon.colcon_core.package_identification:_identify(src/learning_tf2) by extensions ['colcon_meta']
[0.586s] Level 1:colcon.colcon_core.package_identification:_identify(src/learning_tf2) by extension 'colcon_meta'
[0.586s] Level 1:colcon.colcon_core.package_identification:_identify(src/learning_tf2) by extensions ['ros']
[0.586s] Level 1:colcon.colcon_core.package_identification:_identify(src/learning_tf2) by extension 'ros'
[0.588s] DEBUG:colcon.colcon_core.package_identification:Package 'src/learning_tf2' with type 'ros.ament_cmake' and name 'learning_tf2'
[0.588s] Level 1:colcon.colcon_core.package_identification:_identify(src/pubsub_custom_param) by extensions ['ignore', 'ignore_ament_install']
[0.589s] Level 1:colcon.colcon_core.package_identification:_identify(src/pubsub_custom_param) by extension 'ignore'
[0.589s] Level 1:colcon.colcon_core.package_identification:_identify(src/pubsub_custom_param) by extension 'ignore_ament_install'
[0.589s] Level 1:colcon.colcon_core.package_identification:_identify(src/pubsub_custom_param) by extensions ['colcon_pkg']
[0.589s] Level 1:colcon.colcon_core.package_identification:_identify(src/pubsub_custom_param) by extension 'colcon_pkg'
[0.589s] Level 1:colcon.colcon_core.package_identification:_identify(src/pubsub_custom_param) by extensions ['colcon_meta']
[0.589s] Level 1:colcon.colcon_core.package_identification:_identify(src/pubsub_custom_param) by extension 'colcon_meta'
[0.589s] Level 1:colcon.colcon_core.package_identification:_identify(src/pubsub_custom_param) by extensions ['ros']
[0.589s] Level 1:colcon.colcon_core.package_identification:_identify(src/pubsub_custom_param) by extension 'ros'
[0.591s] DEBUG:colcon.colcon_core.package_identification:Package 'src/pubsub_custom_param' with type 'ros.ament_cmake' and name 'pubsub_custom_param'
[0.591s] Level 1:colcon.colcon_core.package_identification:_identify(src/rviz2_marker_demo) by extensions ['ignore', 'ignore_ament_install']
[0.591s] Level 1:colcon.colcon_core.package_identification:_identify(src/rviz2_marker_demo) by extension 'ignore'
[0.591s] Level 1:colcon.colcon_core.package_identification:_identify(src/rviz2_marker_demo) by extension 'ignore_ament_install'
[0.591s] Level 1:colcon.colcon_core.package_identification:_identify(src/rviz2_marker_demo) by extensions ['colcon_pkg']
[0.591s] Level 1:colcon.colcon_core.package_identification:_identify(src/rviz2_marker_demo) by extension 'colcon_pkg'
[0.591s] Level 1:colcon.colcon_core.package_identification:_identify(src/rviz2_marker_demo) by extensions ['colcon_meta']
[0.591s] Level 1:colcon.colcon_core.package_identification:_identify(src/rviz2_marker_demo) by extension 'colcon_meta'
[0.591s] Level 1:colcon.colcon_core.package_identification:_identify(src/rviz2_marker_demo) by extensions ['ros']
[0.591s] Level 1:colcon.colcon_core.package_identification:_identify(src/rviz2_marker_demo) by extension 'ros'
[0.593s] DEBUG:colcon.colcon_core.package_identification:Package 'src/rviz2_marker_demo' with type 'ros.ament_cmake' and name 'rviz2_marker_demo'
[0.593s] Level 1:colcon.colcon_core.package_identification:_identify(src/urdf_tutorial) by extensions ['ignore', 'ignore_ament_install']
[0.594s] Level 1:colcon.colcon_core.package_identification:_identify(src/urdf_tutorial) by extension 'ignore'
[0.594s] Level 1:colcon.colcon_core.package_identification:_identify(src/urdf_tutorial) by extension 'ignore_ament_install'
[0.594s] Level 1:colcon.colcon_core.package_identification:_identify(src/urdf_tutorial) by extensions ['colcon_pkg']
[0.594s] Level 1:colcon.colcon_core.package_identification:_identify(src/urdf_tutorial) by extension 'colcon_pkg'
[0.594s] Level 1:colcon.colcon_core.package_identification:_identify(src/urdf_tutorial) by extensions ['colcon_meta']
[0.594s] Level 1:colcon.colcon_core.package_identification:_identify(src/urdf_tutorial) by extension 'colcon_meta'
[0.594s] Level 1:colcon.colcon_core.package_identification:_identify(src/urdf_tutorial) by extensions ['ros']
[0.594s] Level 1:colcon.colcon_core.package_identification:_identify(src/urdf_tutorial) by extension 'ros'
[0.596s] DEBUG:colcon.colcon_core.package_identification:Package 'src/urdf_tutorial' with type 'ros.ament_cmake' and name 'urdf_tutorial'
[0.596s] Level 1:colcon.colcon_core.package_discovery:discover_packages(recursive) using defaults
[0.596s] Level 1:colcon.colcon_core.package_discovery:discover_packages(ignore) discover
[0.596s] Level 1:colcon.colcon_core.package_discovery:discover_packages(ignore) using defaults
[0.596s] Level 1:colcon.colcon_core.package_discovery:discover_packages(path) discover
[0.596s] Level 1:colcon.colcon_core.package_discovery:discover_packages(path) using defaults
[0.633s] INFO:colcon.colcon_core.package_selection:Skipping package 'urdf_tutorial' in 'src/urdf_tutorial'
[0.634s] INFO:colcon.colcon_core.package_selection:Skipping package 'ur_description' in 'src/Universal_Robots_ROS2_Description'
[0.634s] INFO:colcon.colcon_core.package_selection:Skipping package 'rviz2_marker_demo' in 'src/rviz2_marker_demo'
[0.634s] INFO:colcon.colcon_core.package_selection:Skipping package 'learning_tf2' in 'src/learning_tf2'
[0.634s] Level 1:colcon.colcon_core.package_discovery:discover_packages(prefix_path) check parameters
[0.635s] Level 1:colcon.colcon_core.package_discovery:discover_packages(prefix_path) discover
[0.640s] DEBUG:colcon.colcon_installed_package_information.package_discovery:Found 373 installed packages in /opt/ros/humble
[0.646s] Level 1:colcon.colcon_core.package_discovery:discover_packages(prefix_path) using defaults
[0.750s] Level 5:colcon.colcon_core.verb:set package 'custom_interfaces' build argument 'cmake_args' from command line to 'None'
[0.750s] Level 5:colcon.colcon_core.verb:set package 'custom_interfaces' build argument 'cmake_target' from command line to 'None'
[0.750s] Level 5:colcon.colcon_core.verb:set package 'custom_interfaces' build argument 'cmake_target_skip_unavailable' from command line to 'False'
[0.750s] Level 5:colcon.colcon_core.verb:set package 'custom_interfaces' build argument 'cmake_clean_cache' from command line to 'False'
[0.750s] Level 5:colcon.colcon_core.verb:set package 'custom_interfaces' build argument 'cmake_clean_first' from command line to 'False'
[0.750s] Level 5:colcon.colcon_core.verb:set package 'custom_interfaces' build argument 'cmake_force_configure' from command line to 'False'
[0.750s] Level 5:colcon.colcon_core.verb:set package 'custom_interfaces' build argument 'ament_cmake_args' from command line to 'None'
[0.750s] Level 5:colcon.colcon_core.verb:set package 'custom_interfaces' build argument 'catkin_cmake_args' from command line to 'None'
[0.750s] Level 5:colcon.colcon_core.verb:set package 'custom_interfaces' build argument 'catkin_skip_building_tests' from command line to 'False'
[0.750s] DEBUG:colcon.colcon_core.verb:Building package 'custom_interfaces' with the following arguments: {'ament_cmake_args': None, 'build_base': '/home/aimane/data/colcon_ws3/build/custom_interfaces', 'catkin_cmake_args': None, 'catkin_skip_building_tests': False, 'cmake_args': None, 'cmake_clean_cache': False, 'cmake_clean_first': False, 'cmake_force_configure': False, 'cmake_target': None, 'cmake_target_skip_unavailable': False, 'install_base': '/home/aimane/data/colcon_ws3/install/custom_interfaces', 'merge_install': False, 'path': '/home/aimane/data/colcon_ws3/src/custom_interfaces', 'symlink_install': False, 'test_result_base': None}
[0.751s] Level 5:colcon.colcon_core.verb:set package 'pubsub_custom_param' build argument 'cmake_args' from command line to 'None'
[0.751s] Level 5:colcon.colcon_core.verb:set package 'pubsub_custom_param' build argument 'cmake_target' from command line to 'None'
[0.751s] Level 5:colcon.colcon_core.verb:set package 'pubsub_custom_param' build argument 'cmake_target_skip_unavailable' from command line to 'False'
[0.751s] Level 5:colcon.colcon_core.verb:set package 'pubsub_custom_param' build argument 'cmake_clean_cache' from command line to 'False'
[0.752s] Level 5:colcon.colcon_core.verb:set package 'pubsub_custom_param' build argument 'cmake_clean_first' from command line to 'False'
[0.752s] Level 5:colcon.colcon_core.verb:set package 'pubsub_custom_param' build argument 'cmake_force_configure' from command line to 'False'
[0.752s] Level 5:colcon.colcon_core.verb:set package 'pubsub_custom_param' build argument 'ament_cmake_args' from command line to 'None'
[0.752s] Level 5:colcon.colcon_core.verb:set package 'pubsub_custom_param' build argument 'catkin_cmake_args' from command line to 'None'
[0.752s] Level 5:colcon.colcon_core.verb:set package 'pubsub_custom_param' build argument 'catkin_skip_building_tests' from command line to 'False'
[0.752s] DEBUG:colcon.colcon_core.verb:Building package 'pubsub_custom_param' with the following arguments: {'ament_cmake_args': None, 'build_base': '/home/aimane/data/colcon_ws3/build/pubsub_custom_param', 'catkin_cmake_args': None, 'catkin_skip_building_tests': False, 'cmake_args': None, 'cmake_clean_cache': False, 'cmake_clean_first': False, 'cmake_force_configure': False, 'cmake_target': None, 'cmake_target_skip_unavailable': False, 'install_base': '/home/aimane/data/colcon_ws3/install/pubsub_custom_param', 'merge_install': False, 'path': '/home/aimane/data/colcon_ws3/src/pubsub_custom_param', 'symlink_install': False, 'test_result_base': None}
[0.752s] INFO:colcon.colcon_core.executor:Executing jobs using 'parallel' executor
[0.753s] DEBUG:colcon.colcon_parallel_executor.executor.parallel:run_until_complete
[0.754s] INFO:colcon.colcon_ros.task.ament_cmake.build:Building ROS package in '/home/aimane/data/colcon_ws3/src/custom_interfaces' with build type 'ament_cmake'
[0.754s] INFO:colcon.colcon_cmake.task.cmake.build:Building CMake package in '/home/aimane/data/colcon_ws3/src/custom_interfaces'
[0.757s] INFO:colcon.colcon_core.plugin_system:Skipping extension 'colcon_core.shell.bat': Not used on non-Windows systems
[0.757s] INFO:colcon.colcon_core.shell:Skip shell extension 'powershell' for command environment: Not usable outside of PowerShell
[0.757s] DEBUG:colcon.colcon_core.shell:Skip shell extension 'dsv' for command environment
[0.769s] DEBUG:colcon.colcon_core.event_handler.log_command:Invoking command in '/home/aimane/data/colcon_ws3/build/custom_interfaces': CMAKE_PREFIX_PATH=/opt/ros/humble /usr/bin/cmake /home/aimane/data/colcon_ws3/src/custom_interfaces -DCMAKE_INSTALL_PREFIX=/home/aimane/data/colcon_ws3/install/custom_interfaces
[4.764s] DEBUG:colcon.colcon_core.event_handler.log_command:Invoked command in '/home/aimane/data/colcon_ws3/build/custom_interfaces' returned '0': CMAKE_PREFIX_PATH=/opt/ros/humble /usr/bin/cmake /home/aimane/data/colcon_ws3/src/custom_interfaces -DCMAKE_INSTALL_PREFIX=/home/aimane/data/colcon_ws3/install/custom_interfaces
[4.765s] DEBUG:colcon.colcon_core.event_handler.log_command:Invoking command in '/home/aimane/data/colcon_ws3/build/custom_interfaces': CMAKE_PREFIX_PATH=/opt/ros/humble /usr/bin/cmake --build /home/aimane/data/colcon_ws3/build/custom_interfaces -- -j3 -l3
[10.051s] DEBUG:colcon.colcon_core.event_handler.log_command:Invoked command in '/home/aimane/data/colcon_ws3/build/custom_interfaces' returned '0': CMAKE_PREFIX_PATH=/opt/ros/humble /usr/bin/cmake --build /home/aimane/data/colcon_ws3/build/custom_interfaces -- -j3 -l3
[10.063s] DEBUG:colcon.colcon_core.event_handler.log_command:Invoking command in '/home/aimane/data/colcon_ws3/build/custom_interfaces': CMAKE_PREFIX_PATH=/opt/ros/humble /usr/bin/cmake --install /home/aimane/data/colcon_ws3/build/custom_interfaces
[10.185s] Level 1:colcon.colcon_core.environment:create_environment_scripts_only(custom_interfaces)
[10.186s] DEBUG:colcon.colcon_core.event_handler.log_command:Invoked command in '/home/aimane/data/colcon_ws3/build/custom_interfaces' returned '0': CMAKE_PREFIX_PATH=/opt/ros/humble /usr/bin/cmake --install /home/aimane/data/colcon_ws3/build/custom_interfaces
[10.191s] Level 1:colcon.colcon_core.environment:checking '/home/aimane/data/colcon_ws3/install/custom_interfaces' for CMake module files
[10.196s] Level 1:colcon.colcon_core.environment:checking '/home/aimane/data/colcon_ws3/install/custom_interfaces' for CMake config files
[10.197s] Level 1:colcon.colcon_core.shell:create_environment_hook('custom_interfaces', 'cmake_prefix_path')
[10.197s] INFO:colcon.colcon_core.shell:Creating environment hook '/home/aimane/data/colcon_ws3/install/custom_interfaces/share/custom_interfaces/hook/cmake_prefix_path.ps1'
[10.198s] INFO:colcon.colcon_core.shell:Creating environment descriptor '/home/aimane/data/colcon_ws3/install/custom_interfaces/share/custom_interfaces/hook/cmake_prefix_path.dsv'
[10.199s] INFO:colcon.colcon_core.shell:Creating environment hook '/home/aimane/data/colcon_ws3/install/custom_interfaces/share/custom_interfaces/hook/cmake_prefix_path.sh'
[10.201s] Level 1:colcon.colcon_core.environment:checking '/home/aimane/data/colcon_ws3/install/custom_interfaces/lib'
[10.201s] Level 1:colcon.colcon_core.shell:create_environment_hook('custom_interfaces', 'ld_library_path_lib')
[10.201s] INFO:colcon.colcon_core.shell:Creating environment hook '/home/aimane/data/colcon_ws3/install/custom_interfaces/share/custom_interfaces/hook/ld_library_path_lib.ps1'
[10.202s] INFO:colcon.colcon_core.shell:Creating environment descriptor '/home/aimane/data/colcon_ws3/install/custom_interfaces/share/custom_interfaces/hook/ld_library_path_lib.dsv'
[10.203s] INFO:colcon.colcon_core.shell:Creating environment hook '/home/aimane/data/colcon_ws3/install/custom_interfaces/share/custom_interfaces/hook/ld_library_path_lib.sh'
[10.203s] Level 1:colcon.colcon_core.environment:checking '/home/aimane/data/colcon_ws3/install/custom_interfaces/bin'
[10.203s] Level 1:colcon.colcon_core.environment:checking '/home/aimane/data/colcon_ws3/install/custom_interfaces/lib/pkgconfig/custom_interfaces.pc'
[10.204s] Level 1:colcon.colcon_core.environment:checking '/home/aimane/data/colcon_ws3/install/custom_interfaces/lib/python3.10/site-packages'
[10.204s] Level 1:colcon.colcon_core.environment:checking '/home/aimane/data/colcon_ws3/install/custom_interfaces/bin'
[10.205s] INFO:colcon.colcon_core.shell:Creating package script '/home/aimane/data/colcon_ws3/install/custom_interfaces/share/custom_interfaces/package.ps1'
[10.207s] INFO:colcon.colcon_core.shell:Creating package descriptor '/home/aimane/data/colcon_ws3/install/custom_interfaces/share/custom_interfaces/package.dsv'
[10.208s] INFO:colcon.colcon_core.shell:Creating package script '/home/aimane/data/colcon_ws3/install/custom_interfaces/share/custom_interfaces/package.sh'
[10.209s] INFO:colcon.colcon_core.shell:Creating package script '/home/aimane/data/colcon_ws3/install/custom_interfaces/share/custom_interfaces/package.bash'
[10.211s] INFO:colcon.colcon_core.shell:Creating package script '/home/aimane/data/colcon_ws3/install/custom_interfaces/share/custom_interfaces/package.zsh'
[10.213s] Level 1:colcon.colcon_core.environment:create_file_with_runtime_dependencies(/home/aimane/data/colcon_ws3/install/custom_interfaces/share/colcon-core/packages/custom_interfaces)
[10.215s] Level 1:colcon.colcon_core.environment:create_environment_scripts_only(custom_interfaces)
[10.215s] Level 1:colcon.colcon_core.environment:checking '/home/aimane/data/colcon_ws3/install/custom_interfaces' for CMake module files
[10.216s] Level 1:colcon.colcon_core.environment:checking '/home/aimane/data/colcon_ws3/install/custom_interfaces' for CMake config files
[10.217s] Level 1:colcon.colcon_core.shell:create_environment_hook('custom_interfaces', 'cmake_prefix_path')
[10.218s] INFO:colcon.colcon_core.shell:Creating environment hook '/home/aimane/data/colcon_ws3/install/custom_interfaces/share/custom_interfaces/hook/cmake_prefix_path.ps1'
[10.219s] INFO:colcon.colcon_core.shell:Creating environment descriptor '/home/aimane/data/colcon_ws3/install/custom_interfaces/share/custom_interfaces/hook/cmake_prefix_path.dsv'
[10.220s] INFO:colcon.colcon_core.shell:Creating environment hook '/home/aimane/data/colcon_ws3/install/custom_interfaces/share/custom_interfaces/hook/cmake_prefix_path.sh'
[10.221s] Level 1:colcon.colcon_core.environment:checking '/home/aimane/data/colcon_ws3/install/custom_interfaces/lib'
[10.223s] Level 1:colcon.colcon_core.shell:create_environment_hook('custom_interfaces', 'ld_library_path_lib')
[10.224s] INFO:colcon.colcon_core.shell:Creating environment hook '/home/aimane/data/colcon_ws3/install/custom_interfaces/share/custom_interfaces/hook/ld_library_path_lib.ps1'
[10.226s] INFO:colcon.colcon_core.shell:Creating environment descriptor '/home/aimane/data/colcon_ws3/install/custom_interfaces/share/custom_interfaces/hook/ld_library_path_lib.dsv'
[10.226s] INFO:colcon.colcon_core.shell:Creating environment hook '/home/aimane/data/colcon_ws3/install/custom_interfaces/share/custom_interfaces/hook/ld_library_path_lib.sh'
[10.228s] Level 1:colcon.colcon_core.environment:checking '/home/aimane/data/colcon_ws3/install/custom_interfaces/bin'
[10.230s] Level 1:colcon.colcon_core.environment:checking '/home/aimane/data/colcon_ws3/install/custom_interfaces/lib/pkgconfig/custom_interfaces.pc'
[10.231s] Level 1:colcon.colcon_core.environment:checking '/home/aimane/data/colcon_ws3/install/custom_interfaces/lib/python3.10/site-packages'
[10.231s] Level 1:colcon.colcon_core.environment:checking '/home/aimane/data/colcon_ws3/install/custom_interfaces/bin'
[10.232s] INFO:colcon.colcon_core.shell:Creating package script '/home/aimane/data/colcon_ws3/install/custom_interfaces/share/custom_interfaces/package.ps1'
[10.233s] INFO:colcon.colcon_core.shell:Creating package descriptor '/home/aimane/data/colcon_ws3/install/custom_interfaces/share/custom_interfaces/package.dsv'
[10.234s] INFO:colcon.colcon_core.shell:Creating package script '/home/aimane/data/colcon_ws3/install/custom_interfaces/share/custom_interfaces/package.sh'
[10.235s] INFO:colcon.colcon_core.shell:Creating package script '/home/aimane/data/colcon_ws3/install/custom_interfaces/share/custom_interfaces/package.bash'
[10.236s] INFO:colcon.colcon_core.shell:Creating package script '/home/aimane/data/colcon_ws3/install/custom_interfaces/share/custom_interfaces/package.zsh'
[10.237s] Level 1:colcon.colcon_core.environment:create_file_with_runtime_dependencies(/home/aimane/data/colcon_ws3/install/custom_interfaces/share/colcon-core/packages/custom_interfaces)
[10.237s] INFO:colcon.colcon_ros.task.ament_cmake.build:Building ROS package in '/home/aimane/data/colcon_ws3/src/pubsub_custom_param' with build type 'ament_cmake'
[10.237s] INFO:colcon.colcon_cmake.task.cmake.build:Building CMake package in '/home/aimane/data/colcon_ws3/src/pubsub_custom_param'
[10.238s] INFO:colcon.colcon_core.shell:Skip shell extension 'powershell' for command environment: Not usable outside of PowerShell
[10.238s] DEBUG:colcon.colcon_core.shell:Skip shell extension 'dsv' for command environment
[10.260s] DEBUG:colcon.colcon_core.event_handler.log_command:Invoking command in '/home/aimane/data/colcon_ws3/build/pubsub_custom_param': AMENT_PREFIX_PATH=/home/aimane/data/colcon_ws3/install/custom_interfaces:${AMENT_PREFIX_PATH} CMAKE_PREFIX_PATH=/home/aimane/data/colcon_ws3/install/custom_interfaces:/opt/ros/humble LD_LIBRARY_PATH=/home/aimane/data/colcon_ws3/install/custom_interfaces/lib:${LD_LIBRARY_PATH} PYTHONPATH=/home/aimane/data/colcon_ws3/install/custom_interfaces/local/lib/python3.10/dist-packages:${PYTHONPATH} /usr/bin/cmake /home/aimane/data/colcon_ws3/src/pubsub_custom_param -DCMAKE_INSTALL_PREFIX=/home/aimane/data/colcon_ws3/install/pubsub_custom_param
[12.353s] DEBUG:colcon.colcon_core.event_handler.log_command:Invoked command in '/home/aimane/data/colcon_ws3/build/pubsub_custom_param' returned '0': AMENT_PREFIX_PATH=/home/aimane/data/colcon_ws3/install/custom_interfaces:${AMENT_PREFIX_PATH} CMAKE_PREFIX_PATH=/home/aimane/data/colcon_ws3/install/custom_interfaces:/opt/ros/humble LD_LIBRARY_PATH=/home/aimane/data/colcon_ws3/install/custom_interfaces/lib:${LD_LIBRARY_PATH} PYTHONPATH=/home/aimane/data/colcon_ws3/install/custom_interfaces/local/lib/python3.10/dist-packages:${PYTHONPATH} /usr/bin/cmake /home/aimane/data/colcon_ws3/src/pubsub_custom_param -DCMAKE_INSTALL_PREFIX=/home/aimane/data/colcon_ws3/install/pubsub_custom_param
[12.354s] DEBUG:colcon.colcon_core.event_handler.log_command:Invoking command in '/home/aimane/data/colcon_ws3/build/pubsub_custom_param': AMENT_PREFIX_PATH=/home/aimane/data/colcon_ws3/install/custom_interfaces:${AMENT_PREFIX_PATH} CMAKE_PREFIX_PATH=/home/aimane/data/colcon_ws3/install/custom_interfaces:/opt/ros/humble LD_LIBRARY_PATH=/home/aimane/data/colcon_ws3/install/custom_interfaces/lib:${LD_LIBRARY_PATH} PYTHONPATH=/home/aimane/data/colcon_ws3/install/custom_interfaces/local/lib/python3.10/dist-packages:${PYTHONPATH} /usr/bin/cmake --build /home/aimane/data/colcon_ws3/build/pubsub_custom_param -- -j3 -l3
[27.028s] DEBUG:colcon.colcon_core.event_handler.log_command:Invoked command in '/home/aimane/data/colcon_ws3/build/pubsub_custom_param' returned '0': AMENT_PREFIX_PATH=/home/aimane/data/colcon_ws3/install/custom_interfaces:${AMENT_PREFIX_PATH} CMAKE_PREFIX_PATH=/home/aimane/data/colcon_ws3/install/custom_interfaces:/opt/ros/humble LD_LIBRARY_PATH=/home/aimane/data/colcon_ws3/install/custom_interfaces/lib:${LD_LIBRARY_PATH} PYTHONPATH=/home/aimane/data/colcon_ws3/install/custom_interfaces/local/lib/python3.10/dist-packages:${PYTHONPATH} /usr/bin/cmake --build /home/aimane/data/colcon_ws3/build/pubsub_custom_param -- -j3 -l3
[27.030s] DEBUG:colcon.colcon_core.event_handler.log_command:Invoking command in '/home/aimane/data/colcon_ws3/build/pubsub_custom_param': AMENT_PREFIX_PATH=/home/aimane/data/colcon_ws3/install/custom_interfaces:${AMENT_PREFIX_PATH} CMAKE_PREFIX_PATH=/home/aimane/data/colcon_ws3/install/custom_interfaces:/opt/ros/humble LD_LIBRARY_PATH=/home/aimane/data/colcon_ws3/install/custom_interfaces/lib:${LD_LIBRARY_PATH} PYTHONPATH=/home/aimane/data/colcon_ws3/install/custom_interfaces/local/lib/python3.10/dist-packages:${PYTHONPATH} /usr/bin/cmake --install /home/aimane/data/colcon_ws3/build/pubsub_custom_param
[27.051s] Level 1:colcon.colcon_core.environment:create_environment_scripts_only(pubsub_custom_param)
[27.051s] Level 1:colcon.colcon_core.environment:checking '/home/aimane/data/colcon_ws3/install/pubsub_custom_param' for CMake module files
[27.053s] DEBUG:colcon.colcon_core.event_handler.log_command:Invoked command in '/home/aimane/data/colcon_ws3/build/pubsub_custom_param' returned '0': AMENT_PREFIX_PATH=/home/aimane/data/colcon_ws3/install/custom_interfaces:${AMENT_PREFIX_PATH} CMAKE_PREFIX_PATH=/home/aimane/data/colcon_ws3/install/custom_interfaces:/opt/ros/humble LD_LIBRARY_PATH=/home/aimane/data/colcon_ws3/install/custom_interfaces/lib:${LD_LIBRARY_PATH} PYTHONPATH=/home/aimane/data/colcon_ws3/install/custom_interfaces/local/lib/python3.10/dist-packages:${PYTHONPATH} /usr/bin/cmake --install /home/aimane/data/colcon_ws3/build/pubsub_custom_param
[27.053s] Level 1:colcon.colcon_core.environment:checking '/home/aimane/data/colcon_ws3/install/pubsub_custom_param' for CMake config files
[27.053s] Level 1:colcon.colcon_core.shell:create_environment_hook('pubsub_custom_param', 'cmake_prefix_path')
[27.054s] INFO:colcon.colcon_core.shell:Creating environment hook '/home/aimane/data/colcon_ws3/install/pubsub_custom_param/share/pubsub_custom_param/hook/cmake_prefix_path.ps1'
[27.054s] INFO:colcon.colcon_core.shell:Creating environment descriptor '/home/aimane/data/colcon_ws3/install/pubsub_custom_param/share/pubsub_custom_param/hook/cmake_prefix_path.dsv'
[27.055s] INFO:colcon.colcon_core.shell:Creating environment hook '/home/aimane/data/colcon_ws3/install/pubsub_custom_param/share/pubsub_custom_param/hook/cmake_prefix_path.sh'
[27.056s] Level 1:colcon.colcon_core.environment:checking '/home/aimane/data/colcon_ws3/install/pubsub_custom_param/lib'
[27.056s] Level 1:colcon.colcon_core.environment:checking '/home/aimane/data/colcon_ws3/install/pubsub_custom_param/bin'
[27.056s] Level 1:colcon.colcon_core.environment:checking '/home/aimane/data/colcon_ws3/install/pubsub_custom_param/lib/pkgconfig/pubsub_custom_param.pc'
[27.056s] Level 1:colcon.colcon_core.environment:checking '/home/aimane/data/colcon_ws3/install/pubsub_custom_param/lib/python3.10/site-packages'
[27.057s] Level 1:colcon.colcon_core.environment:checking '/home/aimane/data/colcon_ws3/install/pubsub_custom_param/bin'
[27.057s] INFO:colcon.colcon_core.shell:Creating package script '/home/aimane/data/colcon_ws3/install/pubsub_custom_param/share/pubsub_custom_param/package.ps1'
[27.058s] INFO:colcon.colcon_core.shell:Creating package descriptor '/home/aimane/data/colcon_ws3/install/pubsub_custom_param/share/pubsub_custom_param/package.dsv'
[27.059s] INFO:colcon.colcon_core.shell:Creating package script '/home/aimane/data/colcon_ws3/install/pubsub_custom_param/share/pubsub_custom_param/package.sh'
[27.059s] INFO:colcon.colcon_core.shell:Creating package script '/home/aimane/data/colcon_ws3/install/pubsub_custom_param/share/pubsub_custom_param/package.bash'
[27.060s] INFO:colcon.colcon_core.shell:Creating package script '/home/aimane/data/colcon_ws3/install/pubsub_custom_param/share/pubsub_custom_param/package.zsh'
[27.060s] Level 1:colcon.colcon_core.environment:create_file_with_runtime_dependencies(/home/aimane/data/colcon_ws3/install/pubsub_custom_param/share/colcon-core/packages/pubsub_custom_param)
[27.061s] Level 1:colcon.colcon_core.environment:create_environment_scripts_only(pubsub_custom_param)
[27.061s] Level 1:colcon.colcon_core.environment:checking '/home/aimane/data/colcon_ws3/install/pubsub_custom_param' for CMake module files
[27.062s] Level 1:colcon.colcon_core.environment:checking '/home/aimane/data/colcon_ws3/install/pubsub_custom_param' for CMake config files
[27.063s] Level 1:colcon.colcon_core.shell:create_environment_hook('pubsub_custom_param', 'cmake_prefix_path')
[27.063s] INFO:colcon.colcon_core.shell:Creating environment hook '/home/aimane/data/colcon_ws3/install/pubsub_custom_param/share/pubsub_custom_param/hook/cmake_prefix_path.ps1'
[27.064s] INFO:colcon.colcon_core.shell:Creating environment descriptor '/home/aimane/data/colcon_ws3/install/pubsub_custom_param/share/pubsub_custom_param/hook/cmake_prefix_path.dsv'
[27.064s] INFO:colcon.colcon_core.shell:Creating environment hook '/home/aimane/data/colcon_ws3/install/pubsub_custom_param/share/pubsub_custom_param/hook/cmake_prefix_path.sh'
[27.066s] Level 1:colcon.colcon_core.environment:checking '/home/aimane/data/colcon_ws3/install/pubsub_custom_param/lib'
[27.066s] Level 1:colcon.colcon_core.environment:checking '/home/aimane/data/colcon_ws3/install/pubsub_custom_param/bin'
[27.066s] Level 1:colcon.colcon_core.environment:checking '/home/aimane/data/colcon_ws3/install/pubsub_custom_param/lib/pkgconfig/pubsub_custom_param.pc'
[27.066s] Level 1:colcon.colcon_core.environment:checking '/home/aimane/data/colcon_ws3/install/pubsub_custom_param/lib/python3.10/site-packages'
[27.067s] Level 1:colcon.colcon_core.environment:checking '/home/aimane/data/colcon_ws3/install/pubsub_custom_param/bin'
[27.067s] INFO:colcon.colcon_core.shell:Creating package script '/home/aimane/data/colcon_ws3/install/pubsub_custom_param/share/pubsub_custom_param/package.ps1'
[27.068s] INFO:colcon.colcon_core.shell:Creating package descriptor '/home/aimane/data/colcon_ws3/install/pubsub_custom_param/share/pubsub_custom_param/package.dsv'
[27.070s] INFO:colcon.colcon_core.shell:Creating package script '/home/aimane/data/colcon_ws3/install/pubsub_custom_param/share/pubsub_custom_param/package.sh'
[27.070s] INFO:colcon.colcon_core.shell:Creating package script '/home/aimane/data/colcon_ws3/install/pubsub_custom_param/share/pubsub_custom_param/package.bash'
[27.071s] INFO:colcon.colcon_core.shell:Creating package script '/home/aimane/data/colcon_ws3/install/pubsub_custom_param/share/pubsub_custom_param/package.zsh'
[27.072s] Level 1:colcon.colcon_core.environment:create_file_with_runtime_dependencies(/home/aimane/data/colcon_ws3/install/pubsub_custom_param/share/colcon-core/packages/pubsub_custom_param)
[27.072s] DEBUG:colcon.colcon_parallel_executor.executor.parallel:closing loop
[27.073s] DEBUG:colcon.colcon_parallel_executor.executor.parallel:loop closed
[27.073s] DEBUG:colcon.colcon_parallel_executor.executor.parallel:run_until_complete finished with '0'
[27.073s] DEBUG:colcon.colcon_core.event_reactor:joining thread
[27.083s] INFO:colcon.colcon_core.plugin_system:Skipping extension 'colcon_notification.desktop_notification.terminal_notifier': Not used on non-Darwin systems
[27.083s] INFO:colcon.colcon_core.plugin_system:Skipping extension 'colcon_notification.desktop_notification.win32': Not used on non-Windows systems
[27.083s] INFO:colcon.colcon_notification.desktop_notification:Sending desktop notification using 'notify2'
[27.111s] DEBUG:colcon.colcon_core.event_reactor:joined thread
[27.112s] INFO:colcon.colcon_core.shell:Creating prefix script '/home/aimane/data/colcon_ws3/install/local_setup.ps1'
[27.114s] INFO:colcon.colcon_core.shell:Creating prefix util module '/home/aimane/data/colcon_ws3/install/_local_setup_util_ps1.py'
[27.117s] INFO:colcon.colcon_core.shell:Creating prefix chain script '/home/aimane/data/colcon_ws3/install/setup.ps1'
[27.119s] INFO:colcon.colcon_core.shell:Creating prefix script '/home/aimane/data/colcon_ws3/install/local_setup.sh'
[27.120s] INFO:colcon.colcon_core.shell:Creating prefix util module '/home/aimane/data/colcon_ws3/install/_local_setup_util_sh.py'
[27.121s] INFO:colcon.colcon_core.shell:Creating prefix chain script '/home/aimane/data/colcon_ws3/install/setup.sh'
[27.123s] INFO:colcon.colcon_core.shell:Creating prefix script '/home/aimane/data/colcon_ws3/install/local_setup.bash'
[27.124s] INFO:colcon.colcon_core.shell:Creating prefix chain script '/home/aimane/data/colcon_ws3/install/setup.bash'
[27.126s] INFO:colcon.colcon_core.shell:Creating prefix script '/home/aimane/data/colcon_ws3/install/local_setup.zsh'
[27.126s] INFO:colcon.colcon_core.shell:Creating prefix chain script '/home/aimane/data/colcon_ws3/install/setup.zsh'
