[0.017s] Invoking command in '/home/aimane/data/colcon_ws2/build/foolturtle': CMAKE_PREFIX_PATH=/opt/ros/humble /usr/bin/cmake --build /home/aimane/data/colcon_ws2/build/foolturtle -- -j3 -l3
[0.056s] -- Found ament_cmake: 1.3.12 (/opt/ros/humble/share/ament_cmake/cmake)
[0.287s] -- Found rclcpp: 16.0.14 (/opt/ros/humble/share/rclcpp/cmake)
[0.341s] -- Found rosidl_generator_c: 3.1.7 (/opt/ros/humble/share/rosidl_generator_c/cmake)
[0.346s] -- Found rosidl_adapter: 3.1.7 (/opt/ros/humble/share/rosidl_adapter/cmake)
[0.357s] -- Found rosidl_generator_cpp: 3.1.7 (/opt/ros/humble/share/rosidl_generator_cpp/cmake)
[0.377s] -- Using all available rosidl_typesupport_c: rosidl_typesupport_fastrtps_c;rosidl_typesupport_introspection_c
[0.402s] -- Using all available rosidl_typesupport_cpp: rosidl_typesupport_fastrtps_cpp;rosidl_typesupport_introspection_cpp
[0.475s] -- Found rmw_implementation_cmake: 6.1.2 (/opt/ros/humble/share/rmw_implementation_cmake/cmake)
[0.476s] -- Found rmw_fastrtps_cpp: 6.2.8 (/opt/ros/humble/share/rmw_fastrtps_cpp/cmake)
[0.649s] -- Using RMW implementation 'rmw_fastrtps_cpp' as default
[0.787s] -- Found geometry_msgs: 4.9.0 (/opt/ros/humble/share/geometry_msgs/cmake)
[0.825s] -- Found turtlesim: 1.4.2 (/opt/ros/humble/share/turtlesim/cmake)
[0.934s] -- Found ament_lint_auto: 0.12.14 (/opt/ros/humble/share/ament_lint_auto/cmake)
[1.052s] -- Added test 'copyright' to check source files copyright and LICENSE
[1.056s] -- Added test 'cppcheck' to perform static code analysis on C / C++ code
[1.057s] -- Configured cppcheck include dirs: 
[1.057s] -- Configured cppcheck exclude dirs and/or files: 
[1.060s] -- Added test 'cpplint' to check C / C++ code against the Google style
[1.060s] -- Configured cpplint exclude dirs and/or files: 
[1.062s] -- Added test 'lint_cmake' to check CMake code style
[1.067s] -- Added test 'uncrustify' to check C / C++ code style
[1.067s] -- Configured uncrustify additional arguments: 
[1.068s] -- Added test 'xmllint' to check XML markup files
[1.070s] -- Configuring done
[1.103s] -- Generating done
[1.117s] -- Build files have been written to: /home/aimane/data/colcon_ws2/build/foolturtle
[1.156s] [35m[1mConsolidate compiler generated dependencies of target pubvel[0m
[1.160s] [35m[1mConsolidate compiler generated dependencies of target subpose[0m
[1.180s] [ 16%] [32mBuilding CXX object CMakeFiles/pubvelsafe.dir/src/pubvelsafe.cpp.o[0m
[1.199s] [ 50%] Built target pubvel
[1.211s] [ 83%] Built target subpose
[13.633s] [100%] [32m[1mLinking CXX executable pubvelsafe[0m
[14.369s] [100%] Built target pubvelsafe
[14.391s] Invoked command in '/home/aimane/data/colcon_ws2/build/foolturtle' returned '0': CMAKE_PREFIX_PATH=/opt/ros/humble /usr/bin/cmake --build /home/aimane/data/colcon_ws2/build/foolturtle -- -j3 -l3
[14.403s] Invoking command in '/home/aimane/data/colcon_ws2/build/foolturtle': CMAKE_PREFIX_PATH=/opt/ros/humble /usr/bin/cmake --install /home/aimane/data/colcon_ws2/build/foolturtle
[14.412s] -- Install configuration: ""
[14.413s] -- Up-to-date: /home/aimane/data/colcon_ws2/install/foolturtle/lib/foolturtle/pubvel
[14.413s] -- Up-to-date: /home/aimane/data/colcon_ws2/install/foolturtle/lib/foolturtle/subpose
[14.413s] -- Installing: /home/aimane/data/colcon_ws2/install/foolturtle/lib/foolturtle/pubvelsafe
[14.417s] -- Set runtime path of "/home/aimane/data/colcon_ws2/install/foolturtle/lib/foolturtle/pubvelsafe" to ""
[14.417s] -- Up-to-date: /home/aimane/data/colcon_ws2/install/foolturtle/share/ament_index/resource_index/package_run_dependencies/foolturtle
[14.418s] -- Up-to-date: /home/aimane/data/colcon_ws2/install/foolturtle/share/ament_index/resource_index/parent_prefix_path/foolturtle
[14.419s] -- Up-to-date: /home/aimane/data/colcon_ws2/install/foolturtle/share/foolturtle/environment/ament_prefix_path.sh
[14.419s] -- Installing: /home/aimane/data/colcon_ws2/install/foolturtle/share/foolturtle/environment/ament_prefix_path.dsv
[14.419s] -- Up-to-date: /home/aimane/data/colcon_ws2/install/foolturtle/share/foolturtle/environment/path.sh
[14.419s] -- Installing: /home/aimane/data/colcon_ws2/install/foolturtle/share/foolturtle/environment/path.dsv
[14.419s] -- Up-to-date: /home/aimane/data/colcon_ws2/install/foolturtle/share/foolturtle/local_setup.bash
[14.419s] -- Up-to-date: /home/aimane/data/colcon_ws2/install/foolturtle/share/foolturtle/local_setup.sh
[14.419s] -- Up-to-date: /home/aimane/data/colcon_ws2/install/foolturtle/share/foolturtle/local_setup.zsh
[14.419s] -- Installing: /home/aimane/data/colcon_ws2/install/foolturtle/share/foolturtle/local_setup.dsv
[14.419s] -- Installing: /home/aimane/data/colcon_ws2/install/foolturtle/share/foolturtle/package.dsv
[14.420s] -- Up-to-date: /home/aimane/data/colcon_ws2/install/foolturtle/share/ament_index/resource_index/packages/foolturtle
[14.420s] -- Up-to-date: /home/aimane/data/colcon_ws2/install/foolturtle/share/foolturtle/cmake/ament_cmake_export_dependencies-extras.cmake
[14.420s] -- Up-to-date: /home/aimane/data/colcon_ws2/install/foolturtle/share/foolturtle/cmake/foolturtleConfig.cmake
[14.420s] -- Up-to-date: /home/aimane/data/colcon_ws2/install/foolturtle/share/foolturtle/cmake/foolturtleConfig-version.cmake
[14.420s] -- Up-to-date: /home/aimane/data/colcon_ws2/install/foolturtle/share/foolturtle/package.xml
[14.424s] Invoked command in '/home/aimane/data/colcon_ws2/build/foolturtle' returned '0': CMAKE_PREFIX_PATH=/opt/ros/humble /usr/bin/cmake --install /home/aimane/data/colcon_ws2/build/foolturtle
