[0.040s] Invoking command in '/home/aimane/data/colcon_ws2/build/custom_interfaces': CMAKE_PREFIX_PATH=${CMAKE_PREFIX_PATH}:/opt/ros/humble /usr/bin/cmake /home/aimane/data/colcon_ws2/src/custom_interfaces -DCMAKE_INSTALL_PREFIX=/home/aimane/data/colcon_ws2/install/custom_interfaces
[0.152s] -- The C compiler identification is GNU 11.4.0
[0.261s] -- The CXX compiler identification is GNU 11.4.0
[0.275s] -- Detecting C compiler ABI info
[0.388s] -- Detecting C compiler ABI info - done
[0.412s] -- Check for working C compiler: /usr/bin/cc - skipped
[0.414s] -- Detecting C compile features
[0.414s] -- Detecting C compile features - done
[0.418s] -- Detecting CXX compiler ABI info
[0.568s] -- Detecting CXX compiler ABI info - done
[0.602s] -- Check for working CXX compiler: /usr/bin/c++ - skipped
[0.604s] -- Detecting CXX compile features
[0.604s] -- Detecting CXX compile features - done
[0.607s] -- Found ament_cmake: 1.3.12 (/opt/ros/humble/share/ament_cmake/cmake)
[0.846s] -- Found Python3: /usr/bin/python3 (found version "3.10.12") found components: Interpreter 
[0.987s] -- Found rclcpp: 16.0.14 (/opt/ros/humble/share/rclcpp/cmake)
[1.065s] -- Found rosidl_generator_c: 3.1.7 (/opt/ros/humble/share/rosidl_generator_c/cmake)
[1.074s] -- Found rosidl_adapter: 3.1.7 (/opt/ros/humble/share/rosidl_adapter/cmake)
[1.089s] -- Found rosidl_generator_cpp: 3.1.7 (/opt/ros/humble/share/rosidl_generator_cpp/cmake)
[1.116s] -- Using all available rosidl_typesupport_c: rosidl_typesupport_fastrtps_c;rosidl_typesupport_introspection_c
[1.147s] -- Using all available rosidl_typesupport_cpp: rosidl_typesupport_fastrtps_cpp;rosidl_typesupport_introspection_cpp
[1.234s] -- Found rmw_implementation_cmake: 6.1.2 (/opt/ros/humble/share/rmw_implementation_cmake/cmake)
[1.238s] -- Found rmw_fastrtps_cpp: 6.2.8 (/opt/ros/humble/share/rmw_fastrtps_cpp/cmake)
[1.382s] -- Found OpenSSL: /usr/lib/x86_64-linux-gnu/libcrypto.so (found version "3.0.2")  
[1.426s] -- Found FastRTPS: /opt/ros/humble/include  
[1.496s] -- Using RMW implementation 'rmw_fastrtps_cpp' as default
[1.511s] -- Looking for pthread.h
[1.618s] -- Looking for pthread.h - found
[1.618s] -- Performing Test CMAKE_HAVE_LIBC_PTHREAD
[1.726s] -- Performing Test CMAKE_HAVE_LIBC_PTHREAD - Success
[1.726s] -- Found Threads: TRUE  
[1.855s] -- Found geometry_msgs: 4.9.0 (/opt/ros/humble/share/geometry_msgs/cmake)
[1.992s] -- Found rosidl_default_generators: 1.2.0 (/opt/ros/humble/share/rosidl_default_generators/cmake)
[3.257s] -- Found ament_cmake_ros: 0.10.0 (/opt/ros/humble/share/ament_cmake_ros/cmake)
[4.874s] -- Using all available rosidl_typesupport_c: rosidl_typesupport_fastrtps_c;rosidl_typesupport_introspection_c
[5.431s] -- Using all available rosidl_typesupport_cpp: rosidl_typesupport_fastrtps_cpp;rosidl_typesupport_introspection_cpp
[5.530s] -- Found PythonInterp: /usr/bin/python3 (found suitable version "3.10.12", minimum required is "3.6") 
[5.553s] -- Found python_cmake_module: 0.10.0 (/opt/ros/humble/share/python_cmake_module/cmake)
[5.693s] -- Found PythonLibs: /usr/lib/x86_64-linux-gnu/libpython3.10.so (found suitable version "3.10.12", minimum required is "3.5") 
[5.693s] -- Using PYTHON_EXECUTABLE: /usr/bin/python3
[5.693s] -- Using PYTHON_INCLUDE_DIRS: /usr/include/python3.10
[5.693s] -- Using PYTHON_LIBRARIES: /usr/lib/x86_64-linux-gnu/libpython3.10.so
[5.766s] -- Found PythonExtra: .so  
[6.079s] -- Found ament_lint_auto: 0.12.14 (/opt/ros/humble/share/ament_lint_auto/cmake)
[6.187s] -- Added test 'lint_cmake' to check CMake code style
[6.190s] -- Added test 'xmllint' to check XML markup files
[6.203s] -- Configuring done
[6.341s] -- Generating done
[6.384s] -- Build files have been written to: /home/aimane/data/colcon_ws2/build/custom_interfaces
[6.418s] Invoked command in '/home/aimane/data/colcon_ws2/build/custom_interfaces' returned '0': CMAKE_PREFIX_PATH=${CMAKE_PREFIX_PATH}:/opt/ros/humble /usr/bin/cmake /home/aimane/data/colcon_ws2/src/custom_interfaces -DCMAKE_INSTALL_PREFIX=/home/aimane/data/colcon_ws2/install/custom_interfaces
[6.420s] Invoking command in '/home/aimane/data/colcon_ws2/build/custom_interfaces': CMAKE_PREFIX_PATH=${CMAKE_PREFIX_PATH}:/opt/ros/humble /usr/bin/cmake --build /home/aimane/data/colcon_ws2/build/custom_interfaces -- -j3 -l3
[6.626s] [  3%] [34m[1mGenerating C code for ROS interfaces[0m
[6.632s] [  6%] [34m[1mGenerating C++ code for ROS interfaces[0m
[6.703s] [  6%] Built target ament_cmake_python_copy_custom_interfaces
[8.296s] running egg_info
[8.297s] creating custom_interfaces.egg-info
[8.297s] writing custom_interfaces.egg-info/PKG-INFO
[8.299s] writing dependency_links to custom_interfaces.egg-info/dependency_links.txt
[8.299s] writing top-level names to custom_interfaces.egg-info/top_level.txt
[8.301s] writing manifest file 'custom_interfaces.egg-info/SOURCES.txt'
[8.409s] reading manifest file 'custom_interfaces.egg-info/SOURCES.txt'
[8.416s] writing manifest file 'custom_interfaces.egg-info/SOURCES.txt'
[8.477s] [  6%] Built target custom_interfaces__cpp
[8.500s] [  6%] Built target ament_cmake_python_build_custom_interfaces_egg
[8.503s] [  9%] [34m[1mGenerating C++ type support dispatch for ROS interfaces[0m
[8.507s] [ 12%] [32mBuilding C object CMakeFiles/custom_interfaces__rosidl_generator_c.dir/rosidl_generator_c/custom_interfaces/msg/detail/my_message__functions.c.o[0m
[8.531s] [ 16%] [34m[1mGenerating C++ type support for eProsima Fast-RTPS[0m
[8.846s] [ 19%] [32m[1mLinking C shared library libcustom_interfaces__rosidl_generator_c.so[0m
[8.982s] [ 19%] Built target custom_interfaces__rosidl_generator_c
[9.027s] [ 22%] [34m[1mGenerating C++ introspection for ROS interfaces[0m
[9.685s] [ 25%] [32mBuilding CXX object CMakeFiles/custom_interfaces__rosidl_typesupport_cpp.dir/rosidl_typesupport_cpp/custom_interfaces/msg/my_message__type_support.cpp.o[0m
[9.832s] [ 29%] [32mBuilding CXX object CMakeFiles/custom_interfaces__rosidl_typesupport_fastrtps_cpp.dir/rosidl_typesupport_fastrtps_cpp/custom_interfaces/msg/detail/dds_fastrtps/my_message__type_support.cpp.o[0m
[10.401s] [ 32%] [32mBuilding CXX object CMakeFiles/custom_interfaces__rosidl_typesupport_introspection_cpp.dir/rosidl_typesupport_introspection_cpp/custom_interfaces/msg/detail/my_message__type_support.cpp.o[0m
[11.096s] [ 35%] [32m[1mLinking CXX shared library libcustom_interfaces__rosidl_typesupport_cpp.so[0m
[11.263s] [ 35%] Built target custom_interfaces__rosidl_typesupport_cpp
[11.333s] [ 38%] [34m[1mGenerating C type support for eProsima Fast-RTPS[0m
[11.653s] [ 41%] [32m[1mLinking CXX shared library libcustom_interfaces__rosidl_typesupport_fastrtps_cpp.so[0m
[12.035s] [ 41%] Built target custom_interfaces__rosidl_typesupport_fastrtps_cpp
[12.110s] [ 45%] [34m[1mGenerating C introspection for ROS interfaces[0m
[12.686s] [ 48%] [32m[1mLinking CXX shared library libcustom_interfaces__rosidl_typesupport_introspection_cpp.so[0m
[12.990s] [ 48%] Built target custom_interfaces__rosidl_typesupport_introspection_cpp
[13.054s] [ 51%] [34m[1mGenerating C type support dispatch for ROS interfaces[0m
[13.331s] [ 54%] [32mBuilding CXX object CMakeFiles/custom_interfaces__rosidl_typesupport_fastrtps_c.dir/rosidl_typesupport_fastrtps_c/custom_interfaces/msg/detail/my_message__type_support_c.cpp.o[0m
[13.900s] [ 58%] [32mBuilding C object CMakeFiles/custom_interfaces__rosidl_typesupport_introspection_c.dir/rosidl_typesupport_introspection_c/custom_interfaces/msg/detail/my_message__type_support.c.o[0m
[14.105s] [ 61%] [32m[1mLinking C shared library libcustom_interfaces__rosidl_typesupport_introspection_c.so[0m
[14.175s] [ 61%] Built target custom_interfaces__rosidl_typesupport_introspection_c
[14.717s] [ 64%] [32m[1mLinking CXX shared library libcustom_interfaces__rosidl_typesupport_fastrtps_c.so[0m
[14.793s] [ 67%] [32mBuilding CXX object CMakeFiles/custom_interfaces__rosidl_typesupport_c.dir/rosidl_typesupport_c/custom_interfaces/msg/my_message__type_support.cpp.o[0m
[14.891s] [ 67%] Built target custom_interfaces__rosidl_typesupport_fastrtps_c
[14.918s] [ 70%] [32m[1mLinking CXX shared library libcustom_interfaces__rosidl_typesupport_c.so[0m
[15.057s] [ 70%] Built target custom_interfaces__rosidl_typesupport_c
[15.146s] [ 70%] Built target custom_interfaces
[15.204s] [ 74%] [34m[1mGenerating Python code for ROS interfaces[0m
[16.530s] [ 74%] Built target custom_interfaces__py
[16.559s] [ 77%] [32mBuilding C object CMakeFiles/custom_interfaces__rosidl_generator_py.dir/rosidl_generator_py/custom_interfaces/msg/_my_message_s.c.o[0m
[17.112s] [ 80%] [32m[1mLinking C shared library rosidl_generator_py/custom_interfaces/libcustom_interfaces__rosidl_generator_py.so[0m
[17.190s] [ 80%] Built target custom_interfaces__rosidl_generator_py
[17.251s] [ 83%] [32mBuilding C object CMakeFiles/custom_interfaces__rosidl_typesupport_fastrtps_c__pyext.dir/rosidl_generator_py/custom_interfaces/_custom_interfaces_s.ep.rosidl_typesupport_fastrtps_c.c.o[0m
[17.259s] [ 87%] [32mBuilding C object CMakeFiles/custom_interfaces__rosidl_typesupport_introspection_c__pyext.dir/rosidl_generator_py/custom_interfaces/_custom_interfaces_s.ep.rosidl_typesupport_introspection_c.c.o[0m
[17.265s] [ 90%] [32mBuilding C object CMakeFiles/custom_interfaces__rosidl_typesupport_c__pyext.dir/rosidl_generator_py/custom_interfaces/_custom_interfaces_s.ep.rosidl_typesupport_c.c.o[0m
[17.660s] [ 93%] [32m[1mLinking C shared library rosidl_generator_py/custom_interfaces/custom_interfaces_s__rosidl_typesupport_fastrtps_c.cpython-310-x86_64-linux-gnu.so[0m
[17.675s] [ 96%] [32m[1mLinking C shared library rosidl_generator_py/custom_interfaces/custom_interfaces_s__rosidl_typesupport_c.cpython-310-x86_64-linux-gnu.so[0m
[17.676s] [100%] [32m[1mLinking C shared library rosidl_generator_py/custom_interfaces/custom_interfaces_s__rosidl_typesupport_introspection_c.cpython-310-x86_64-linux-gnu.so[0m
[17.784s] [100%] Built target custom_interfaces__rosidl_typesupport_introspection_c__pyext
[17.787s] [100%] Built target custom_interfaces__rosidl_typesupport_fastrtps_c__pyext
[17.791s] [100%] Built target custom_interfaces__rosidl_typesupport_c__pyext
[17.818s] Invoked command in '/home/aimane/data/colcon_ws2/build/custom_interfaces' returned '0': CMAKE_PREFIX_PATH=${CMAKE_PREFIX_PATH}:/opt/ros/humble /usr/bin/cmake --build /home/aimane/data/colcon_ws2/build/custom_interfaces -- -j3 -l3
[17.819s] Invoking command in '/home/aimane/data/colcon_ws2/build/custom_interfaces': CMAKE_PREFIX_PATH=${CMAKE_PREFIX_PATH}:/opt/ros/humble /usr/bin/cmake --install /home/aimane/data/colcon_ws2/build/custom_interfaces
[17.837s] -- Install configuration: ""
[17.838s] -- Installing: /home/aimane/data/colcon_ws2/install/custom_interfaces/share/ament_index/resource_index/rosidl_interfaces/custom_interfaces
[17.838s] -- Installing: /home/aimane/data/colcon_ws2/install/custom_interfaces/include/custom_interfaces/custom_interfaces
[17.838s] -- Installing: /home/aimane/data/colcon_ws2/install/custom_interfaces/include/custom_interfaces/custom_interfaces/msg
[17.838s] -- Installing: /home/aimane/data/colcon_ws2/install/custom_interfaces/include/custom_interfaces/custom_interfaces/msg/my_message.h
[17.838s] -- Installing: /home/aimane/data/colcon_ws2/install/custom_interfaces/include/custom_interfaces/custom_interfaces/msg/rosidl_generator_c__visibility_control.h
[17.838s] -- Installing: /home/aimane/data/colcon_ws2/install/custom_interfaces/include/custom_interfaces/custom_interfaces/msg/detail
[17.838s] -- Installing: /home/aimane/data/colcon_ws2/install/custom_interfaces/include/custom_interfaces/custom_interfaces/msg/detail/my_message__functions.h
[17.838s] -- Installing: /home/aimane/data/colcon_ws2/install/custom_interfaces/include/custom_interfaces/custom_interfaces/msg/detail/my_message__functions.c
[17.843s] -- Installing: /home/aimane/data/colcon_ws2/install/custom_interfaces/include/custom_interfaces/custom_interfaces/msg/detail/my_message__type_support.h
[17.845s] -- Installing: /home/aimane/data/colcon_ws2/install/custom_interfaces/include/custom_interfaces/custom_interfaces/msg/detail/my_message__struct.h
[17.845s] -- Installing: /home/aimane/data/colcon_ws2/install/custom_interfaces/share/custom_interfaces/environment/library_path.sh
[17.845s] -- Installing: /home/aimane/data/colcon_ws2/install/custom_interfaces/share/custom_interfaces/environment/library_path.dsv
[17.845s] -- Installing: /home/aimane/data/colcon_ws2/install/custom_interfaces/lib/libcustom_interfaces__rosidl_generator_c.so
[17.845s] -- Set runtime path of "/home/aimane/data/colcon_ws2/install/custom_interfaces/lib/libcustom_interfaces__rosidl_generator_c.so" to ""
[17.845s] -- Up-to-date: /home/aimane/data/colcon_ws2/install/custom_interfaces/include/custom_interfaces/custom_interfaces
[17.846s] -- Up-to-date: /home/aimane/data/colcon_ws2/install/custom_interfaces/include/custom_interfaces/custom_interfaces/msg
[17.846s] -- Installing: /home/aimane/data/colcon_ws2/install/custom_interfaces/include/custom_interfaces/custom_interfaces/msg/rosidl_typesupport_fastrtps_c__visibility_control.h
[17.846s] -- Up-to-date: /home/aimane/data/colcon_ws2/install/custom_interfaces/include/custom_interfaces/custom_interfaces/msg/detail
[17.846s] -- Installing: /home/aimane/data/colcon_ws2/install/custom_interfaces/include/custom_interfaces/custom_interfaces/msg/detail/my_message__rosidl_typesupport_fastrtps_c.h
[17.847s] -- Installing: /home/aimane/data/colcon_ws2/install/custom_interfaces/lib/libcustom_interfaces__rosidl_typesupport_fastrtps_c.so
[17.849s] -- Set runtime path of "/home/aimane/data/colcon_ws2/install/custom_interfaces/lib/libcustom_interfaces__rosidl_typesupport_fastrtps_c.so" to ""
[17.849s] -- Up-to-date: /home/aimane/data/colcon_ws2/install/custom_interfaces/include/custom_interfaces/custom_interfaces
[17.849s] -- Up-to-date: /home/aimane/data/colcon_ws2/install/custom_interfaces/include/custom_interfaces/custom_interfaces/msg
[17.849s] -- Installing: /home/aimane/data/colcon_ws2/install/custom_interfaces/include/custom_interfaces/custom_interfaces/msg/my_message.hpp
[17.851s] -- Installing: /home/aimane/data/colcon_ws2/install/custom_interfaces/include/custom_interfaces/custom_interfaces/msg/rosidl_generator_cpp__visibility_control.hpp
[17.851s] -- Up-to-date: /home/aimane/data/colcon_ws2/install/custom_interfaces/include/custom_interfaces/custom_interfaces/msg/detail
[17.851s] -- Installing: /home/aimane/data/colcon_ws2/install/custom_interfaces/include/custom_interfaces/custom_interfaces/msg/detail/my_message__traits.hpp
[17.851s] -- Installing: /home/aimane/data/colcon_ws2/install/custom_interfaces/include/custom_interfaces/custom_interfaces/msg/detail/my_message__type_support.hpp
[17.851s] -- Installing: /home/aimane/data/colcon_ws2/install/custom_interfaces/include/custom_interfaces/custom_interfaces/msg/detail/my_message__struct.hpp
[17.851s] -- Installing: /home/aimane/data/colcon_ws2/install/custom_interfaces/include/custom_interfaces/custom_interfaces/msg/detail/my_message__builder.hpp
[17.852s] -- Up-to-date: /home/aimane/data/colcon_ws2/install/custom_interfaces/include/custom_interfaces/custom_interfaces
[17.852s] -- Up-to-date: /home/aimane/data/colcon_ws2/install/custom_interfaces/include/custom_interfaces/custom_interfaces/msg
[17.852s] -- Installing: /home/aimane/data/colcon_ws2/install/custom_interfaces/include/custom_interfaces/custom_interfaces/msg/rosidl_typesupport_fastrtps_cpp__visibility_control.h
[17.856s] -- Up-to-date: /home/aimane/data/colcon_ws2/install/custom_interfaces/include/custom_interfaces/custom_interfaces/msg/detail
[17.856s] -- Installing: /home/aimane/data/colcon_ws2/install/custom_interfaces/include/custom_interfaces/custom_interfaces/msg/detail/my_message__rosidl_typesupport_fastrtps_cpp.hpp
[17.856s] -- Installing: /home/aimane/data/colcon_ws2/install/custom_interfaces/include/custom_interfaces/custom_interfaces/msg/detail/dds_fastrtps
[17.856s] -- Installing: /home/aimane/data/colcon_ws2/install/custom_interfaces/lib/libcustom_interfaces__rosidl_typesupport_fastrtps_cpp.so
[17.856s] -- Set runtime path of "/home/aimane/data/colcon_ws2/install/custom_interfaces/lib/libcustom_interfaces__rosidl_typesupport_fastrtps_cpp.so" to ""
[17.856s] -- Up-to-date: /home/aimane/data/colcon_ws2/install/custom_interfaces/include/custom_interfaces/custom_interfaces
[17.856s] -- Up-to-date: /home/aimane/data/colcon_ws2/install/custom_interfaces/include/custom_interfaces/custom_interfaces/msg
[17.857s] -- Installing: /home/aimane/data/colcon_ws2/install/custom_interfaces/include/custom_interfaces/custom_interfaces/msg/rosidl_typesupport_introspection_c__visibility_control.h
[17.857s] -- Up-to-date: /home/aimane/data/colcon_ws2/install/custom_interfaces/include/custom_interfaces/custom_interfaces/msg/detail
[17.859s] -- Installing: /home/aimane/data/colcon_ws2/install/custom_interfaces/include/custom_interfaces/custom_interfaces/msg/detail/my_message__rosidl_typesupport_introspection_c.h
[17.859s] -- Installing: /home/aimane/data/colcon_ws2/install/custom_interfaces/include/custom_interfaces/custom_interfaces/msg/detail/my_message__type_support.c
[17.859s] -- Installing: /home/aimane/data/colcon_ws2/install/custom_interfaces/lib/libcustom_interfaces__rosidl_typesupport_introspection_c.so
[17.859s] -- Set runtime path of "/home/aimane/data/colcon_ws2/install/custom_interfaces/lib/libcustom_interfaces__rosidl_typesupport_introspection_c.so" to ""
[17.859s] -- Installing: /home/aimane/data/colcon_ws2/install/custom_interfaces/lib/libcustom_interfaces__rosidl_typesupport_c.so
[17.860s] -- Set runtime path of "/home/aimane/data/colcon_ws2/install/custom_interfaces/lib/libcustom_interfaces__rosidl_typesupport_c.so" to ""
[17.860s] -- Up-to-date: /home/aimane/data/colcon_ws2/install/custom_interfaces/include/custom_interfaces/custom_interfaces
[17.860s] -- Up-to-date: /home/aimane/data/colcon_ws2/install/custom_interfaces/include/custom_interfaces/custom_interfaces/msg
[17.860s] -- Up-to-date: /home/aimane/data/colcon_ws2/install/custom_interfaces/include/custom_interfaces/custom_interfaces/msg/detail
[17.863s] -- Installing: /home/aimane/data/colcon_ws2/install/custom_interfaces/include/custom_interfaces/custom_interfaces/msg/detail/my_message__type_support.cpp
[17.863s] -- Installing: /home/aimane/data/colcon_ws2/install/custom_interfaces/include/custom_interfaces/custom_interfaces/msg/detail/my_message__rosidl_typesupport_introspection_cpp.hpp
[17.863s] -- Installing: /home/aimane/data/colcon_ws2/install/custom_interfaces/lib/libcustom_interfaces__rosidl_typesupport_introspection_cpp.so
[17.863s] -- Set runtime path of "/home/aimane/data/colcon_ws2/install/custom_interfaces/lib/libcustom_interfaces__rosidl_typesupport_introspection_cpp.so" to ""
[17.863s] -- Installing: /home/aimane/data/colcon_ws2/install/custom_interfaces/lib/libcustom_interfaces__rosidl_typesupport_cpp.so
[17.866s] -- Set runtime path of "/home/aimane/data/colcon_ws2/install/custom_interfaces/lib/libcustom_interfaces__rosidl_typesupport_cpp.so" to ""
[17.866s] -- Installing: /home/aimane/data/colcon_ws2/install/custom_interfaces/share/custom_interfaces/environment/pythonpath.sh
[17.866s] -- Installing: /home/aimane/data/colcon_ws2/install/custom_interfaces/share/custom_interfaces/environment/pythonpath.dsv
[17.866s] -- Installing: /home/aimane/data/colcon_ws2/install/custom_interfaces/local/lib/python3.10/dist-packages/custom_interfaces-0.0.0-py3.10.egg-info
[17.867s] -- Installing: /home/aimane/data/colcon_ws2/install/custom_interfaces/local/lib/python3.10/dist-packages/custom_interfaces-0.0.0-py3.10.egg-info/SOURCES.txt
[17.867s] -- Installing: /home/aimane/data/colcon_ws2/install/custom_interfaces/local/lib/python3.10/dist-packages/custom_interfaces-0.0.0-py3.10.egg-info/dependency_links.txt
[17.871s] -- Installing: /home/aimane/data/colcon_ws2/install/custom_interfaces/local/lib/python3.10/dist-packages/custom_interfaces-0.0.0-py3.10.egg-info/top_level.txt
[17.871s] -- Installing: /home/aimane/data/colcon_ws2/install/custom_interfaces/local/lib/python3.10/dist-packages/custom_interfaces-0.0.0-py3.10.egg-info/PKG-INFO
[17.871s] -- Installing: /home/aimane/data/colcon_ws2/install/custom_interfaces/local/lib/python3.10/dist-packages/custom_interfaces
[17.871s] -- Installing: /home/aimane/data/colcon_ws2/install/custom_interfaces/local/lib/python3.10/dist-packages/custom_interfaces/libcustom_interfaces__rosidl_generator_py.so
[17.871s] -- Installing: /home/aimane/data/colcon_ws2/install/custom_interfaces/local/lib/python3.10/dist-packages/custom_interfaces/_custom_interfaces_s.ep.rosidl_typesupport_introspection_c.c
[17.871s] -- Installing: /home/aimane/data/colcon_ws2/install/custom_interfaces/local/lib/python3.10/dist-packages/custom_interfaces/custom_interfaces_s__rosidl_typesupport_c.cpython-310-x86_64-linux-gnu.so
[17.875s] -- Installing: /home/aimane/data/colcon_ws2/install/custom_interfaces/local/lib/python3.10/dist-packages/custom_interfaces/_custom_interfaces_s.ep.rosidl_typesupport_fastrtps_c.c
[17.875s] -- Installing: /home/aimane/data/colcon_ws2/install/custom_interfaces/local/lib/python3.10/dist-packages/custom_interfaces/custom_interfaces_s__rosidl_typesupport_fastrtps_c.cpython-310-x86_64-linux-gnu.so
[17.875s] -- Installing: /home/aimane/data/colcon_ws2/install/custom_interfaces/local/lib/python3.10/dist-packages/custom_interfaces/custom_interfaces_s__rosidl_typesupport_introspection_c.cpython-310-x86_64-linux-gnu.so
[17.875s] -- Installing: /home/aimane/data/colcon_ws2/install/custom_interfaces/local/lib/python3.10/dist-packages/custom_interfaces/msg
[17.875s] -- Installing: /home/aimane/data/colcon_ws2/install/custom_interfaces/local/lib/python3.10/dist-packages/custom_interfaces/msg/_my_message_s.c
[17.875s] -- Installing: /home/aimane/data/colcon_ws2/install/custom_interfaces/local/lib/python3.10/dist-packages/custom_interfaces/msg/_my_message.py
[17.878s] -- Installing: /home/aimane/data/colcon_ws2/install/custom_interfaces/local/lib/python3.10/dist-packages/custom_interfaces/msg/__init__.py
[17.880s] -- Installing: /home/aimane/data/colcon_ws2/install/custom_interfaces/local/lib/python3.10/dist-packages/custom_interfaces/__init__.py
[17.880s] -- Installing: /home/aimane/data/colcon_ws2/install/custom_interfaces/local/lib/python3.10/dist-packages/custom_interfaces/_custom_interfaces_s.ep.rosidl_typesupport_c.c
[18.452s] Listing '/home/aimane/data/colcon_ws2/install/custom_interfaces/local/lib/python3.10/dist-packages/custom_interfaces'...
[18.452s] Compiling '/home/aimane/data/colcon_ws2/install/custom_interfaces/local/lib/python3.10/dist-packages/custom_interfaces/__init__.py'...
[18.452s] Listing '/home/aimane/data/colcon_ws2/install/custom_interfaces/local/lib/python3.10/dist-packages/custom_interfaces/msg'...
[18.452s] Compiling '/home/aimane/data/colcon_ws2/install/custom_interfaces/local/lib/python3.10/dist-packages/custom_interfaces/msg/__init__.py'...
[18.452s] Compiling '/home/aimane/data/colcon_ws2/install/custom_interfaces/local/lib/python3.10/dist-packages/custom_interfaces/msg/_my_message.py'...
[18.462s] -- Installing: /home/aimane/data/colcon_ws2/install/custom_interfaces/local/lib/python3.10/dist-packages/custom_interfaces/custom_interfaces_s__rosidl_typesupport_fastrtps_c.cpython-310-x86_64-linux-gnu.so
[18.462s] -- Set runtime path of "/home/aimane/data/colcon_ws2/install/custom_interfaces/local/lib/python3.10/dist-packages/custom_interfaces/custom_interfaces_s__rosidl_typesupport_fastrtps_c.cpython-310-x86_64-linux-gnu.so" to ""
[18.462s] -- Installing: /home/aimane/data/colcon_ws2/install/custom_interfaces/local/lib/python3.10/dist-packages/custom_interfaces/custom_interfaces_s__rosidl_typesupport_introspection_c.cpython-310-x86_64-linux-gnu.so
[18.462s] -- Set runtime path of "/home/aimane/data/colcon_ws2/install/custom_interfaces/local/lib/python3.10/dist-packages/custom_interfaces/custom_interfaces_s__rosidl_typesupport_introspection_c.cpython-310-x86_64-linux-gnu.so" to ""
[18.463s] -- Installing: /home/aimane/data/colcon_ws2/install/custom_interfaces/local/lib/python3.10/dist-packages/custom_interfaces/custom_interfaces_s__rosidl_typesupport_c.cpython-310-x86_64-linux-gnu.so
[18.463s] -- Set runtime path of "/home/aimane/data/colcon_ws2/install/custom_interfaces/local/lib/python3.10/dist-packages/custom_interfaces/custom_interfaces_s__rosidl_typesupport_c.cpython-310-x86_64-linux-gnu.so" to ""
[18.463s] -- Installing: /home/aimane/data/colcon_ws2/install/custom_interfaces/lib/libcustom_interfaces__rosidl_generator_py.so
[18.463s] -- Set runtime path of "/home/aimane/data/colcon_ws2/install/custom_interfaces/lib/libcustom_interfaces__rosidl_generator_py.so" to ""
[18.463s] -- Installing: /home/aimane/data/colcon_ws2/install/custom_interfaces/share/custom_interfaces/msg/MyMessage.idl
[18.463s] -- Installing: /home/aimane/data/colcon_ws2/install/custom_interfaces/share/custom_interfaces/msg/MyMessage.msg
[18.463s] -- Installing: /home/aimane/data/colcon_ws2/install/custom_interfaces/share/ament_index/resource_index/package_run_dependencies/custom_interfaces
[18.464s] -- Installing: /home/aimane/data/colcon_ws2/install/custom_interfaces/share/ament_index/resource_index/parent_prefix_path/custom_interfaces
[18.466s] -- Installing: /home/aimane/data/colcon_ws2/install/custom_interfaces/share/custom_interfaces/environment/ament_prefix_path.sh
[18.466s] -- Installing: /home/aimane/data/colcon_ws2/install/custom_interfaces/share/custom_interfaces/environment/ament_prefix_path.dsv
[18.466s] -- Installing: /home/aimane/data/colcon_ws2/install/custom_interfaces/share/custom_interfaces/environment/path.sh
[18.466s] -- Installing: /home/aimane/data/colcon_ws2/install/custom_interfaces/share/custom_interfaces/environment/path.dsv
[18.466s] -- Installing: /home/aimane/data/colcon_ws2/install/custom_interfaces/share/custom_interfaces/local_setup.bash
[18.467s] -- Installing: /home/aimane/data/colcon_ws2/install/custom_interfaces/share/custom_interfaces/local_setup.sh
[18.467s] -- Installing: /home/aimane/data/colcon_ws2/install/custom_interfaces/share/custom_interfaces/local_setup.zsh
[18.467s] -- Installing: /home/aimane/data/colcon_ws2/install/custom_interfaces/share/custom_interfaces/local_setup.dsv
[18.467s] -- Installing: /home/aimane/data/colcon_ws2/install/custom_interfaces/share/custom_interfaces/package.dsv
[18.467s] -- Installing: /home/aimane/data/colcon_ws2/install/custom_interfaces/share/ament_index/resource_index/packages/custom_interfaces
[18.467s] -- Installing: /home/aimane/data/colcon_ws2/install/custom_interfaces/share/custom_interfaces/cmake/export_custom_interfaces__rosidl_generator_cExport.cmake
[18.467s] -- Installing: /home/aimane/data/colcon_ws2/install/custom_interfaces/share/custom_interfaces/cmake/export_custom_interfaces__rosidl_generator_cExport-noconfig.cmake
[18.467s] -- Installing: /home/aimane/data/colcon_ws2/install/custom_interfaces/share/custom_interfaces/cmake/export_custom_interfaces__rosidl_typesupport_fastrtps_cExport.cmake
[18.470s] -- Installing: /home/aimane/data/colcon_ws2/install/custom_interfaces/share/custom_interfaces/cmake/export_custom_interfaces__rosidl_typesupport_fastrtps_cExport-noconfig.cmake
[18.470s] -- Installing: /home/aimane/data/colcon_ws2/install/custom_interfaces/share/custom_interfaces/cmake/export_custom_interfaces__rosidl_generator_cppExport.cmake
[18.470s] -- Installing: /home/aimane/data/colcon_ws2/install/custom_interfaces/share/custom_interfaces/cmake/export_custom_interfaces__rosidl_typesupport_fastrtps_cppExport.cmake
[18.470s] -- Installing: /home/aimane/data/colcon_ws2/install/custom_interfaces/share/custom_interfaces/cmake/export_custom_interfaces__rosidl_typesupport_fastrtps_cppExport-noconfig.cmake
[18.470s] -- Installing: /home/aimane/data/colcon_ws2/install/custom_interfaces/share/custom_interfaces/cmake/custom_interfaces__rosidl_typesupport_introspection_cExport.cmake
[18.471s] -- Installing: /home/aimane/data/colcon_ws2/install/custom_interfaces/share/custom_interfaces/cmake/custom_interfaces__rosidl_typesupport_introspection_cExport-noconfig.cmake
[18.471s] -- Installing: /home/aimane/data/colcon_ws2/install/custom_interfaces/share/custom_interfaces/cmake/custom_interfaces__rosidl_typesupport_cExport.cmake
[18.471s] -- Installing: /home/aimane/data/colcon_ws2/install/custom_interfaces/share/custom_interfaces/cmake/custom_interfaces__rosidl_typesupport_cExport-noconfig.cmake
[18.471s] -- Installing: /home/aimane/data/colcon_ws2/install/custom_interfaces/share/custom_interfaces/cmake/custom_interfaces__rosidl_typesupport_introspection_cppExport.cmake
[18.471s] -- Installing: /home/aimane/data/colcon_ws2/install/custom_interfaces/share/custom_interfaces/cmake/custom_interfaces__rosidl_typesupport_introspection_cppExport-noconfig.cmake
[18.471s] -- Installing: /home/aimane/data/colcon_ws2/install/custom_interfaces/share/custom_interfaces/cmake/custom_interfaces__rosidl_typesupport_cppExport.cmake
[18.471s] -- Installing: /home/aimane/data/colcon_ws2/install/custom_interfaces/share/custom_interfaces/cmake/custom_interfaces__rosidl_typesupport_cppExport-noconfig.cmake
[18.471s] -- Installing: /home/aimane/data/colcon_ws2/install/custom_interfaces/share/custom_interfaces/cmake/export_custom_interfaces__rosidl_generator_pyExport.cmake
[18.472s] -- Installing: /home/aimane/data/colcon_ws2/install/custom_interfaces/share/custom_interfaces/cmake/export_custom_interfaces__rosidl_generator_pyExport-noconfig.cmake
[18.472s] -- Installing: /home/aimane/data/colcon_ws2/install/custom_interfaces/share/custom_interfaces/cmake/rosidl_cmake-extras.cmake
[18.472s] -- Installing: /home/aimane/data/colcon_ws2/install/custom_interfaces/share/custom_interfaces/cmake/ament_cmake_export_dependencies-extras.cmake
[18.472s] -- Installing: /home/aimane/data/colcon_ws2/install/custom_interfaces/share/custom_interfaces/cmake/ament_cmake_export_include_directories-extras.cmake
[18.472s] -- Installing: /home/aimane/data/colcon_ws2/install/custom_interfaces/share/custom_interfaces/cmake/ament_cmake_export_libraries-extras.cmake
[18.474s] -- Installing: /home/aimane/data/colcon_ws2/install/custom_interfaces/share/custom_interfaces/cmake/ament_cmake_export_targets-extras.cmake
[18.474s] -- Installing: /home/aimane/data/colcon_ws2/install/custom_interfaces/share/custom_interfaces/cmake/rosidl_cmake_export_typesupport_targets-extras.cmake
[18.474s] -- Installing: /home/aimane/data/colcon_ws2/install/custom_interfaces/share/custom_interfaces/cmake/rosidl_cmake_export_typesupport_libraries-extras.cmake
[18.474s] -- Installing: /home/aimane/data/colcon_ws2/install/custom_interfaces/share/custom_interfaces/cmake/custom_interfacesConfig.cmake
[18.474s] -- Installing: /home/aimane/data/colcon_ws2/install/custom_interfaces/share/custom_interfaces/cmake/custom_interfacesConfig-version.cmake
[18.474s] -- Installing: /home/aimane/data/colcon_ws2/install/custom_interfaces/share/custom_interfaces/package.xml
[18.479s] Invoked command in '/home/aimane/data/colcon_ws2/build/custom_interfaces' returned '0': CMAKE_PREFIX_PATH=${CMAKE_PREFIX_PATH}:/opt/ros/humble /usr/bin/cmake --install /home/aimane/data/colcon_ws2/build/custom_interfaces
