[0.021s] Invoking command in '/home/aimane/data/colcon_ws3/build/ur_description': CMAKE_PREFIX_PATH=${CMAKE_PREFIX_PATH}:/opt/ros/humble /usr/bin/cmake /home/aimane/data/colcon_ws3/src/Universal_Robots_ROS2_Description -DCMAKE_INSTALL_PREFIX=/home/aimane/data/colcon_ws3/install/ur_description
[0.331s] -- The C compiler identification is GNU 11.4.0
[0.420s] -- The CXX compiler identification is GNU 11.4.0
[0.436s] -- Detecting C compiler ABI info
[0.530s] -- Detecting C compiler ABI info - done
[0.549s] -- Check for working C compiler: /usr/bin/cc - skipped
[0.550s] -- Detecting C compile features
[0.551s] -- Detecting C compile features - done
[0.556s] -- Detecting CXX compiler ABI info
[0.672s] -- Detecting CXX compiler ABI info - done
[0.695s] -- Check for working CXX compiler: /usr/bin/c++ - skipped
[0.696s] -- Detecting CXX compile features
[0.697s] -- Detecting CXX compile features - done
[0.701s] -- Found ament_cmake: 1.3.12 (/opt/ros/humble/share/ament_cmake/cmake)
[0.937s] -- Found Python3: /usr/bin/python3 (found version "3.10.12") found components: Interpreter 
[1.219s] -- Found ament_cmake_pytest: 1.3.12 (/opt/ros/humble/share/ament_cmake_pytest/cmake)
[3.233s] -- Configuring done
[3.241s] -- Generating done
[3.245s] -- Build files have been written to: /home/aimane/data/colcon_ws3/build/ur_description
[3.251s] Invoked command in '/home/aimane/data/colcon_ws3/build/ur_description' returned '0': CMAKE_PREFIX_PATH=${CMAKE_PREFIX_PATH}:/opt/ros/humble /usr/bin/cmake /home/aimane/data/colcon_ws3/src/Universal_Robots_ROS2_Description -DCMAKE_INSTALL_PREFIX=/home/aimane/data/colcon_ws3/install/ur_description
[3.258s] Invoking command in '/home/aimane/data/colcon_ws3/build/ur_description': CMAKE_PREFIX_PATH=${CMAKE_PREFIX_PATH}:/opt/ros/humble /usr/bin/cmake --build /home/aimane/data/colcon_ws3/build/ur_description -- -j3 -l3
[3.307s] Invoked command in '/home/aimane/data/colcon_ws3/build/ur_description' returned '0': CMAKE_PREFIX_PATH=${CMAKE_PREFIX_PATH}:/opt/ros/humble /usr/bin/cmake --build /home/aimane/data/colcon_ws3/build/ur_description -- -j3 -l3
[3.328s] Invoking command in '/home/aimane/data/colcon_ws3/build/ur_description': CMAKE_PREFIX_PATH=${CMAKE_PREFIX_PATH}:/opt/ros/humble /usr/bin/cmake --install /home/aimane/data/colcon_ws3/build/ur_description
[3.338s] -- Install configuration: ""
[3.338s] -- Installing: /home/aimane/data/colcon_ws3/install/ur_description/share/ur_description/config
[3.341s] -- Installing: /home/aimane/data/colcon_ws3/install/ur_description/share/ur_description/config/initial_positions.yaml
[3.341s] -- Installing: /home/aimane/data/colcon_ws3/install/ur_description/share/ur_description/config/ur12e
[3.341s] -- Installing: /home/aimane/data/colcon_ws3/install/ur_description/share/ur_description/config/ur12e/default_kinematics.yaml
[3.343s] -- Installing: /home/aimane/data/colcon_ws3/install/ur_description/share/ur_description/config/ur12e/visual_parameters.yaml
[3.343s] -- Installing: /home/aimane/data/colcon_ws3/install/ur_description/share/ur_description/config/ur12e/joint_limits.yaml
[3.345s] -- Installing: /home/aimane/data/colcon_ws3/install/ur_description/share/ur_description/config/ur12e/physical_parameters.yaml
[3.345s] -- Installing: /home/aimane/data/colcon_ws3/install/ur_description/share/ur_description/config/ur3e
[3.345s] -- Installing: /home/aimane/data/colcon_ws3/install/ur_description/share/ur_description/config/ur3e/default_kinematics.yaml
[3.346s] -- Installing: /home/aimane/data/colcon_ws3/install/ur_description/share/ur_description/config/ur3e/visual_parameters.yaml
[3.347s] -- Installing: /home/aimane/data/colcon_ws3/install/ur_description/share/ur_description/config/ur3e/joint_limits.yaml
[3.348s] -- Installing: /home/aimane/data/colcon_ws3/install/ur_description/share/ur_description/config/ur3e/physical_parameters.yaml
[3.348s] -- Installing: /home/aimane/data/colcon_ws3/install/ur_description/share/ur_description/config/ur10
[3.350s] -- Installing: /home/aimane/data/colcon_ws3/install/ur_description/share/ur_description/config/ur10/default_kinematics.yaml
[3.350s] -- Installing: /home/aimane/data/colcon_ws3/install/ur_description/share/ur_description/config/ur10/visual_parameters.yaml
[3.350s] -- Installing: /home/aimane/data/colcon_ws3/install/ur_description/share/ur_description/config/ur10/joint_limits.yaml
[3.350s] -- Installing: /home/aimane/data/colcon_ws3/install/ur_description/share/ur_description/config/ur10/physical_parameters.yaml
[3.352s] -- Installing: /home/aimane/data/colcon_ws3/install/ur_description/share/ur_description/config/ur7e
[3.352s] -- Installing: /home/aimane/data/colcon_ws3/install/ur_description/share/ur_description/config/ur7e/default_kinematics.yaml
[3.353s] -- Installing: /home/aimane/data/colcon_ws3/install/ur_description/share/ur_description/config/ur7e/visual_parameters.yaml
[3.353s] -- Installing: /home/aimane/data/colcon_ws3/install/ur_description/share/ur_description/config/ur7e/joint_limits.yaml
[3.355s] -- Installing: /home/aimane/data/colcon_ws3/install/ur_description/share/ur_description/config/ur7e/physical_parameters.yaml
[3.355s] -- Installing: /home/aimane/data/colcon_ws3/install/ur_description/share/ur_description/config/ur16e
[3.356s] -- Installing: /home/aimane/data/colcon_ws3/install/ur_description/share/ur_description/config/ur16e/default_kinematics.yaml
[3.356s] -- Installing: /home/aimane/data/colcon_ws3/install/ur_description/share/ur_description/config/ur16e/visual_parameters.yaml
[3.357s] -- Installing: /home/aimane/data/colcon_ws3/install/ur_description/share/ur_description/config/ur16e/joint_limits.yaml
[3.357s] -- Installing: /home/aimane/data/colcon_ws3/install/ur_description/share/ur_description/config/ur16e/physical_parameters.yaml
[3.360s] -- Installing: /home/aimane/data/colcon_ws3/install/ur_description/share/ur_description/config/ur5
[3.361s] -- Installing: /home/aimane/data/colcon_ws3/install/ur_description/share/ur_description/config/ur5/default_kinematics.yaml
[3.361s] -- Installing: /home/aimane/data/colcon_ws3/install/ur_description/share/ur_description/config/ur5/visual_parameters.yaml
[3.361s] -- Installing: /home/aimane/data/colcon_ws3/install/ur_description/share/ur_description/config/ur5/joint_limits.yaml
[3.362s] -- Installing: /home/aimane/data/colcon_ws3/install/ur_description/share/ur_description/config/ur5/physical_parameters.yaml
[3.362s] -- Installing: /home/aimane/data/colcon_ws3/install/ur_description/share/ur_description/config/ur30
[3.362s] -- Installing: /home/aimane/data/colcon_ws3/install/ur_description/share/ur_description/config/ur30/default_kinematics.yaml
[3.363s] -- Installing: /home/aimane/data/colcon_ws3/install/ur_description/share/ur_description/config/ur30/visual_parameters.yaml
[3.363s] -- Installing: /home/aimane/data/colcon_ws3/install/ur_description/share/ur_description/config/ur30/joint_limits.yaml
[3.364s] -- Installing: /home/aimane/data/colcon_ws3/install/ur_description/share/ur_description/config/ur30/physical_parameters.yaml
[3.367s] -- Installing: /home/aimane/data/colcon_ws3/install/ur_description/share/ur_description/config/ur15
[3.367s] -- Installing: /home/aimane/data/colcon_ws3/install/ur_description/share/ur_description/config/ur15/default_kinematics.yaml
[3.367s] -- Installing: /home/aimane/data/colcon_ws3/install/ur_description/share/ur_description/config/ur15/visual_parameters.yaml
[3.368s] -- Installing: /home/aimane/data/colcon_ws3/install/ur_description/share/ur_description/config/ur15/joint_limits.yaml
[3.368s] -- Installing: /home/aimane/data/colcon_ws3/install/ur_description/share/ur_description/config/ur15/physical_parameters.yaml
[3.370s] -- Installing: /home/aimane/data/colcon_ws3/install/ur_description/share/ur_description/config/ur10e
[3.370s] -- Installing: /home/aimane/data/colcon_ws3/install/ur_description/share/ur_description/config/ur10e/default_kinematics.yaml
[3.370s] -- Installing: /home/aimane/data/colcon_ws3/install/ur_description/share/ur_description/config/ur10e/visual_parameters.yaml
[3.370s] -- Installing: /home/aimane/data/colcon_ws3/install/ur_description/share/ur_description/config/ur10e/joint_limits.yaml
[3.371s] -- Installing: /home/aimane/data/colcon_ws3/install/ur_description/share/ur_description/config/ur10e/physical_parameters.yaml
[3.372s] -- Installing: /home/aimane/data/colcon_ws3/install/ur_description/share/ur_description/config/ur5e
[3.372s] -- Installing: /home/aimane/data/colcon_ws3/install/ur_description/share/ur_description/config/ur5e/default_kinematics.yaml
[3.372s] -- Installing: /home/aimane/data/colcon_ws3/install/ur_description/share/ur_description/config/ur5e/visual_parameters.yaml
[3.374s] -- Installing: /home/aimane/data/colcon_ws3/install/ur_description/share/ur_description/config/ur5e/joint_limits.yaml
[3.374s] -- Installing: /home/aimane/data/colcon_ws3/install/ur_description/share/ur_description/config/ur5e/physical_parameters.yaml
[3.374s] -- Installing: /home/aimane/data/colcon_ws3/install/ur_description/share/ur_description/config/ur3
[3.374s] -- Installing: /home/aimane/data/colcon_ws3/install/ur_description/share/ur_description/config/ur3/default_kinematics.yaml
[3.377s] -- Installing: /home/aimane/data/colcon_ws3/install/ur_description/share/ur_description/config/ur3/visual_parameters.yaml
[3.377s] -- Installing: /home/aimane/data/colcon_ws3/install/ur_description/share/ur_description/config/ur3/joint_limits.yaml
[3.377s] -- Installing: /home/aimane/data/colcon_ws3/install/ur_description/share/ur_description/config/ur3/physical_parameters.yaml
[3.377s] -- Installing: /home/aimane/data/colcon_ws3/install/ur_description/share/ur_description/config/ur20
[3.377s] -- Installing: /home/aimane/data/colcon_ws3/install/ur_description/share/ur_description/config/ur20/default_kinematics.yaml
[3.378s] -- Installing: /home/aimane/data/colcon_ws3/install/ur_description/share/ur_description/config/ur20/visual_parameters.yaml
[3.378s] -- Installing: /home/aimane/data/colcon_ws3/install/ur_description/share/ur_description/config/ur20/joint_limits.yaml
[3.379s] -- Installing: /home/aimane/data/colcon_ws3/install/ur_description/share/ur_description/config/ur20/physical_parameters.yaml
[3.379s] -- Installing: /home/aimane/data/colcon_ws3/install/ur_description/share/ur_description/launch
[3.379s] -- Installing: /home/aimane/data/colcon_ws3/install/ur_description/share/ur_description/launch/view_ur.launch.py
[3.380s] -- Installing: /home/aimane/data/colcon_ws3/install/ur_description/share/ur_description/meshes
[3.380s] -- Installing: /home/aimane/data/colcon_ws3/install/ur_description/share/ur_description/meshes/ur3e
[3.380s] -- Installing: /home/aimane/data/colcon_ws3/install/ur_description/share/ur_description/meshes/ur3e/collision
[3.380s] -- Installing: /home/aimane/data/colcon_ws3/install/ur_description/share/ur_description/meshes/ur3e/collision/forearm.stl
[3.436s] -- Installing: /home/aimane/data/colcon_ws3/install/ur_description/share/ur_description/meshes/ur3e/collision/base.stl
[3.438s] -- Installing: /home/aimane/data/colcon_ws3/install/ur_description/share/ur_description/meshes/ur3e/collision/shoulder.stl
[3.508s] -- Installing: /home/aimane/data/colcon_ws3/install/ur_description/share/ur_description/meshes/ur3e/collision/wrist2.stl
[3.594s] -- Installing: /home/aimane/data/colcon_ws3/install/ur_description/share/ur_description/meshes/ur3e/collision/wrist3.stl
[3.595s] -- Installing: /home/aimane/data/colcon_ws3/install/ur_description/share/ur_description/meshes/ur3e/collision/upperarm.stl
[3.608s] -- Installing: /home/aimane/data/colcon_ws3/install/ur_description/share/ur_description/meshes/ur3e/collision/wrist1.stl
[3.609s] -- Installing: /home/aimane/data/colcon_ws3/install/ur_description/share/ur_description/meshes/ur3e/visual
[3.609s] -- Installing: /home/aimane/data/colcon_ws3/install/ur_description/share/ur_description/meshes/ur3e/visual/wrist1.dae
[3.641s] -- Installing: /home/aimane/data/colcon_ws3/install/ur_description/share/ur_description/meshes/ur3e/visual/forearm.dae
[3.663s] -- Installing: /home/aimane/data/colcon_ws3/install/ur_description/share/ur_description/meshes/ur3e/visual/wrist2.dae
[3.699s] -- Installing: /home/aimane/data/colcon_ws3/install/ur_description/share/ur_description/meshes/ur3e/visual/upperarm.dae
[3.745s] -- Installing: /home/aimane/data/colcon_ws3/install/ur_description/share/ur_description/meshes/ur3e/visual/shoulder.dae
[3.785s] -- Installing: /home/aimane/data/colcon_ws3/install/ur_description/share/ur_description/meshes/ur3e/visual/base.dae
[3.814s] -- Installing: /home/aimane/data/colcon_ws3/install/ur_description/share/ur_description/meshes/ur3e/visual/wrist3.dae
[3.824s] -- Installing: /home/aimane/data/colcon_ws3/install/ur_description/share/ur_description/meshes/ur10
[3.825s] -- Installing: /home/aimane/data/colcon_ws3/install/ur_description/share/ur_description/meshes/ur10/collision
[3.826s] -- Installing: /home/aimane/data/colcon_ws3/install/ur_description/share/ur_description/meshes/ur10/collision/forearm.stl
[3.827s] -- Installing: /home/aimane/data/colcon_ws3/install/ur_description/share/ur_description/meshes/ur10/collision/base.stl
[3.828s] -- Installing: /home/aimane/data/colcon_ws3/install/ur_description/share/ur_description/meshes/ur10/collision/shoulder.stl
[3.830s] -- Installing: /home/aimane/data/colcon_ws3/install/ur_description/share/ur_description/meshes/ur10/collision/wrist2.stl
[3.837s] -- Installing: /home/aimane/data/colcon_ws3/install/ur_description/share/ur_description/meshes/ur10/collision/wrist3.stl
[3.838s] -- Installing: /home/aimane/data/colcon_ws3/install/ur_description/share/ur_description/meshes/ur10/collision/upperarm.stl
[3.840s] -- Installing: /home/aimane/data/colcon_ws3/install/ur_description/share/ur_description/meshes/ur10/collision/wrist1.stl
[3.843s] -- Installing: /home/aimane/data/colcon_ws3/install/ur_description/share/ur_description/meshes/ur10/visual
[3.843s] -- Installing: /home/aimane/data/colcon_ws3/install/ur_description/share/ur_description/meshes/ur10/visual/wrist1.dae
[3.868s] -- Installing: /home/aimane/data/colcon_ws3/install/ur_description/share/ur_description/meshes/ur10/visual/forearm.dae
[3.920s] -- Installing: /home/aimane/data/colcon_ws3/install/ur_description/share/ur_description/meshes/ur10/visual/wrist2.dae
[3.953s] -- Installing: /home/aimane/data/colcon_ws3/install/ur_description/share/ur_description/meshes/ur10/visual/upperarm.dae
[3.988s] -- Installing: /home/aimane/data/colcon_ws3/install/ur_description/share/ur_description/meshes/ur10/visual/shoulder.dae
[4.017s] -- Installing: /home/aimane/data/colcon_ws3/install/ur_description/share/ur_description/meshes/ur10/visual/base.dae
[4.031s] -- Installing: /home/aimane/data/colcon_ws3/install/ur_description/share/ur_description/meshes/ur10/visual/wrist3.dae
[4.048s] -- Installing: /home/aimane/data/colcon_ws3/install/ur_description/share/ur_description/meshes/ur16e
[4.048s] -- Installing: /home/aimane/data/colcon_ws3/install/ur_description/share/ur_description/meshes/ur16e/collision
[4.048s] -- Installing: /home/aimane/data/colcon_ws3/install/ur_description/share/ur_description/meshes/ur16e/collision/forearm.stl
[4.061s] -- Installing: /home/aimane/data/colcon_ws3/install/ur_description/share/ur_description/meshes/ur16e/collision/upperarm.stl
[4.074s] -- Installing: /home/aimane/data/colcon_ws3/install/ur_description/share/ur_description/meshes/ur16e/visual
[4.075s] -- Installing: /home/aimane/data/colcon_ws3/install/ur_description/share/ur_description/meshes/ur16e/visual/forearm.dae
[4.098s] -- Installing: /home/aimane/data/colcon_ws3/install/ur_description/share/ur_description/meshes/ur16e/visual/upperarm.dae
[4.147s] -- Installing: /home/aimane/data/colcon_ws3/install/ur_description/share/ur_description/meshes/ur5
[4.148s] -- Installing: /home/aimane/data/colcon_ws3/install/ur_description/share/ur_description/meshes/ur5/collision
[4.149s] -- Installing: /home/aimane/data/colcon_ws3/install/ur_description/share/ur_description/meshes/ur5/collision/forearm.stl
[4.162s] -- Installing: /home/aimane/data/colcon_ws3/install/ur_description/share/ur_description/meshes/ur5/collision/base.stl
[4.163s] -- Installing: /home/aimane/data/colcon_ws3/install/ur_description/share/ur_description/meshes/ur5/collision/shoulder.stl
[4.164s] -- Installing: /home/aimane/data/colcon_ws3/install/ur_description/share/ur_description/meshes/ur5/collision/wrist2.stl
[4.166s] -- Installing: /home/aimane/data/colcon_ws3/install/ur_description/share/ur_description/meshes/ur5/collision/wrist3.stl
[4.167s] -- Installing: /home/aimane/data/colcon_ws3/install/ur_description/share/ur_description/meshes/ur5/collision/upperarm.stl
[4.168s] -- Installing: /home/aimane/data/colcon_ws3/install/ur_description/share/ur_description/meshes/ur5/collision/wrist1.stl
[4.170s] -- Installing: /home/aimane/data/colcon_ws3/install/ur_description/share/ur_description/meshes/ur5/visual
[4.170s] -- Installing: /home/aimane/data/colcon_ws3/install/ur_description/share/ur_description/meshes/ur5/visual/wrist1.dae
[4.193s] -- Installing: /home/aimane/data/colcon_ws3/install/ur_description/share/ur_description/meshes/ur5/visual/forearm.dae
[4.216s] -- Installing: /home/aimane/data/colcon_ws3/install/ur_description/share/ur_description/meshes/ur5/visual/wrist2.dae
[4.229s] -- Installing: /home/aimane/data/colcon_ws3/install/ur_description/share/ur_description/meshes/ur5/visual/upperarm.dae
[4.271s] -- Installing: /home/aimane/data/colcon_ws3/install/ur_description/share/ur_description/meshes/ur5/visual/shoulder.dae
[4.329s] -- Installing: /home/aimane/data/colcon_ws3/install/ur_description/share/ur_description/meshes/ur5/visual/base.dae
[4.348s] -- Installing: /home/aimane/data/colcon_ws3/install/ur_description/share/ur_description/meshes/ur5/visual/wrist3.dae
[4.366s] -- Installing: /home/aimane/data/colcon_ws3/install/ur_description/share/ur_description/meshes/ur30
[4.366s] -- Installing: /home/aimane/data/colcon_ws3/install/ur_description/share/ur_description/meshes/ur30/collision
[4.367s] -- Installing: /home/aimane/data/colcon_ws3/install/ur_description/share/ur_description/meshes/ur30/collision/forearm.stl
[4.381s] -- Installing: /home/aimane/data/colcon_ws3/install/ur_description/share/ur_description/meshes/ur30/collision/upperarm.stl
[4.396s] -- Installing: /home/aimane/data/colcon_ws3/install/ur_description/share/ur_description/meshes/ur30/visual
[4.396s] -- Installing: /home/aimane/data/colcon_ws3/install/ur_description/share/ur_description/meshes/ur30/visual/forearm.dae
[4.422s] -- Installing: /home/aimane/data/colcon_ws3/install/ur_description/share/ur_description/meshes/ur30/visual/upperarm.dae
[4.430s] -- Installing: /home/aimane/data/colcon_ws3/install/ur_description/share/ur_description/meshes/ur30/visual/UR30_DIFF_8bit_2K.png
[4.510s] -- Installing: /home/aimane/data/colcon_ws3/install/ur_description/share/ur_description/meshes/ur30/LICENSE.txt
[4.520s] -- Installing: /home/aimane/data/colcon_ws3/install/ur_description/share/ur_description/meshes/ur15
[4.520s] -- Installing: /home/aimane/data/colcon_ws3/install/ur_description/share/ur_description/meshes/ur15/collision
[4.521s] -- Installing: /home/aimane/data/colcon_ws3/install/ur_description/share/ur_description/meshes/ur15/collision/forearm.stl
[4.558s] -- Installing: /home/aimane/data/colcon_ws3/install/ur_description/share/ur_description/meshes/ur15/collision/base.stl
[4.563s] -- Installing: /home/aimane/data/colcon_ws3/install/ur_description/share/ur_description/meshes/ur15/collision/shoulder.stl
[4.601s] -- Installing: /home/aimane/data/colcon_ws3/install/ur_description/share/ur_description/meshes/ur15/collision/wrist2.stl
[4.618s] -- Installing: /home/aimane/data/colcon_ws3/install/ur_description/share/ur_description/meshes/ur15/collision/wrist3.stl
[4.618s] -- Installing: /home/aimane/data/colcon_ws3/install/ur_description/share/ur_description/meshes/ur15/collision/upperarm.stl
[4.620s] -- Installing: /home/aimane/data/colcon_ws3/install/ur_description/share/ur_description/meshes/ur15/collision/wrist1.stl
[4.622s] -- Installing: /home/aimane/data/colcon_ws3/install/ur_description/share/ur_description/meshes/ur15/visual
[4.623s] -- Installing: /home/aimane/data/colcon_ws3/install/ur_description/share/ur_description/meshes/ur15/visual/wrist1.dae
[4.626s] -- Installing: /home/aimane/data/colcon_ws3/install/ur_description/share/ur_description/meshes/ur15/visual/forearm.dae
[4.645s] -- Installing: /home/aimane/data/colcon_ws3/install/ur_description/share/ur_description/meshes/ur15/visual/wrist2.dae
[4.647s] -- Installing: /home/aimane/data/colcon_ws3/install/ur_description/share/ur_description/meshes/ur15/visual/upperarm.dae
[4.663s] -- Installing: /home/aimane/data/colcon_ws3/install/ur_description/share/ur_description/meshes/ur15/visual/shoulder.dae
[4.667s] -- Installing: /home/aimane/data/colcon_ws3/install/ur_description/share/ur_description/meshes/ur15/visual/base.dae
[4.684s] -- Installing: /home/aimane/data/colcon_ws3/install/ur_description/share/ur_description/meshes/ur15/visual/wrist3.dae
[4.699s] -- Installing: /home/aimane/data/colcon_ws3/install/ur_description/share/ur_description/meshes/ur15/visual/UR15_DIFF_8bit_2K.jpg
[4.714s] -- Installing: /home/aimane/data/colcon_ws3/install/ur_description/share/ur_description/meshes/ur15/LICENSE.txt
[4.717s] -- Installing: /home/aimane/data/colcon_ws3/install/ur_description/share/ur_description/meshes/ur10e
[4.717s] -- Installing: /home/aimane/data/colcon_ws3/install/ur_description/share/ur_description/meshes/ur10e/collision
[4.717s] -- Installing: /home/aimane/data/colcon_ws3/install/ur_description/share/ur_description/meshes/ur10e/collision/forearm.stl
[4.730s] -- Installing: /home/aimane/data/colcon_ws3/install/ur_description/share/ur_description/meshes/ur10e/collision/base.stl
[4.733s] -- Installing: /home/aimane/data/colcon_ws3/install/ur_description/share/ur_description/meshes/ur10e/collision/shoulder.stl
[4.745s] -- Installing: /home/aimane/data/colcon_ws3/install/ur_description/share/ur_description/meshes/ur10e/collision/wrist2.stl
[4.748s] -- Installing: /home/aimane/data/colcon_ws3/install/ur_description/share/ur_description/meshes/ur10e/collision/wrist3.stl
[4.750s] -- Installing: /home/aimane/data/colcon_ws3/install/ur_description/share/ur_description/meshes/ur10e/collision/upperarm.stl
[4.765s] -- Installing: /home/aimane/data/colcon_ws3/install/ur_description/share/ur_description/meshes/ur10e/collision/wrist1.stl
[4.783s] -- Installing: /home/aimane/data/colcon_ws3/install/ur_description/share/ur_description/meshes/ur10e/visual
[4.784s] -- Installing: /home/aimane/data/colcon_ws3/install/ur_description/share/ur_description/meshes/ur10e/visual/wrist1.dae
[4.792s] -- Installing: /home/aimane/data/colcon_ws3/install/ur_description/share/ur_description/meshes/ur10e/visual/forearm.dae
[4.815s] -- Installing: /home/aimane/data/colcon_ws3/install/ur_description/share/ur_description/meshes/ur10e/visual/wrist2.dae
[4.841s] -- Installing: /home/aimane/data/colcon_ws3/install/ur_description/share/ur_description/meshes/ur10e/visual/upperarm.dae
[4.886s] -- Installing: /home/aimane/data/colcon_ws3/install/ur_description/share/ur_description/meshes/ur10e/visual/shoulder.dae
[4.917s] -- Installing: /home/aimane/data/colcon_ws3/install/ur_description/share/ur_description/meshes/ur10e/visual/base.dae
[4.943s] -- Installing: /home/aimane/data/colcon_ws3/install/ur_description/share/ur_description/meshes/ur10e/visual/wrist3.dae
[4.956s] -- Installing: /home/aimane/data/colcon_ws3/install/ur_description/share/ur_description/meshes/ur5e
[4.956s] -- Installing: /home/aimane/data/colcon_ws3/install/ur_description/share/ur_description/meshes/ur5e/collision
[4.956s] -- Installing: /home/aimane/data/colcon_ws3/install/ur_description/share/ur_description/meshes/ur5e/collision/forearm.stl
[4.961s] -- Installing: /home/aimane/data/colcon_ws3/install/ur_description/share/ur_description/meshes/ur5e/collision/base.stl
[4.962s] -- Installing: /home/aimane/data/colcon_ws3/install/ur_description/share/ur_description/meshes/ur5e/collision/shoulder.stl
[4.964s] -- Installing: /home/aimane/data/colcon_ws3/install/ur_description/share/ur_description/meshes/ur5e/collision/wrist2.stl
[4.976s] -- Installing: /home/aimane/data/colcon_ws3/install/ur_description/share/ur_description/meshes/ur5e/collision/wrist3.stl
[4.978s] -- Installing: /home/aimane/data/colcon_ws3/install/ur_description/share/ur_description/meshes/ur5e/collision/upperarm.stl
[4.989s] -- Installing: /home/aimane/data/colcon_ws3/install/ur_description/share/ur_description/meshes/ur5e/collision/wrist1.stl
[4.991s] -- Installing: /home/aimane/data/colcon_ws3/install/ur_description/share/ur_description/meshes/ur5e/visual
[4.991s] -- Installing: /home/aimane/data/colcon_ws3/install/ur_description/share/ur_description/meshes/ur5e/visual/wrist1.dae
[5.019s] -- Installing: /home/aimane/data/colcon_ws3/install/ur_description/share/ur_description/meshes/ur5e/visual/forearm.dae
[5.050s] -- Installing: /home/aimane/data/colcon_ws3/install/ur_description/share/ur_description/meshes/ur5e/visual/wrist2.dae
[5.073s] -- Installing: /home/aimane/data/colcon_ws3/install/ur_description/share/ur_description/meshes/ur5e/visual/upperarm.dae
[5.214s] -- Installing: /home/aimane/data/colcon_ws3/install/ur_description/share/ur_description/meshes/ur5e/visual/shoulder.dae
[5.225s] -- Installing: /home/aimane/data/colcon_ws3/install/ur_description/share/ur_description/meshes/ur5e/visual/base.dae
[5.241s] -- Installing: /home/aimane/data/colcon_ws3/install/ur_description/share/ur_description/meshes/ur5e/visual/wrist3.dae
[5.243s] -- Installing: /home/aimane/data/colcon_ws3/install/ur_description/share/ur_description/meshes/ur3
[5.243s] -- Installing: /home/aimane/data/colcon_ws3/install/ur_description/share/ur_description/meshes/ur3/collision
[5.243s] -- Installing: /home/aimane/data/colcon_ws3/install/ur_description/share/ur_description/meshes/ur3/collision/forearm.stl
[5.255s] -- Installing: /home/aimane/data/colcon_ws3/install/ur_description/share/ur_description/meshes/ur3/collision/base.stl
[5.283s] -- Installing: /home/aimane/data/colcon_ws3/install/ur_description/share/ur_description/meshes/ur3/collision/shoulder.stl
[5.286s] -- Installing: /home/aimane/data/colcon_ws3/install/ur_description/share/ur_description/meshes/ur3/collision/wrist2.stl
[5.313s] -- Installing: /home/aimane/data/colcon_ws3/install/ur_description/share/ur_description/meshes/ur3/collision/wrist3.stl
[5.314s] -- Installing: /home/aimane/data/colcon_ws3/install/ur_description/share/ur_description/meshes/ur3/collision/upperarm.stl
[5.333s] -- Installing: /home/aimane/data/colcon_ws3/install/ur_description/share/ur_description/meshes/ur3/collision/wrist1.stl
[5.345s] -- Installing: /home/aimane/data/colcon_ws3/install/ur_description/share/ur_description/meshes/ur3/visual
[5.345s] -- Installing: /home/aimane/data/colcon_ws3/install/ur_description/share/ur_description/meshes/ur3/visual/wrist1.dae
[5.369s] -- Installing: /home/aimane/data/colcon_ws3/install/ur_description/share/ur_description/meshes/ur3/visual/forearm.dae
[5.383s] -- Installing: /home/aimane/data/colcon_ws3/install/ur_description/share/ur_description/meshes/ur3/visual/wrist2.dae
[5.399s] -- Installing: /home/aimane/data/colcon_ws3/install/ur_description/share/ur_description/meshes/ur3/visual/upperarm.dae
[5.453s] -- Installing: /home/aimane/data/colcon_ws3/install/ur_description/share/ur_description/meshes/ur3/visual/shoulder.dae
[5.479s] -- Installing: /home/aimane/data/colcon_ws3/install/ur_description/share/ur_description/meshes/ur3/visual/base.dae
[5.493s] -- Installing: /home/aimane/data/colcon_ws3/install/ur_description/share/ur_description/meshes/ur3/visual/wrist3.dae
[5.495s] -- Installing: /home/aimane/data/colcon_ws3/install/ur_description/share/ur_description/meshes/ur20
[5.495s] -- Installing: /home/aimane/data/colcon_ws3/install/ur_description/share/ur_description/meshes/ur20/collision
[5.496s] -- Installing: /home/aimane/data/colcon_ws3/install/ur_description/share/ur_description/meshes/ur20/collision/forearm.stl
[5.512s] -- Installing: /home/aimane/data/colcon_ws3/install/ur_description/share/ur_description/meshes/ur20/collision/base.stl
[5.515s] -- Installing: /home/aimane/data/colcon_ws3/install/ur_description/share/ur_description/meshes/ur20/collision/shoulder.stl
[5.516s] -- Installing: /home/aimane/data/colcon_ws3/install/ur_description/share/ur_description/meshes/ur20/collision/wrist2.stl
[5.519s] -- Installing: /home/aimane/data/colcon_ws3/install/ur_description/share/ur_description/meshes/ur20/collision/wrist3.stl
[5.521s] -- Installing: /home/aimane/data/colcon_ws3/install/ur_description/share/ur_description/meshes/ur20/collision/upperarm.stl
[5.534s] -- Installing: /home/aimane/data/colcon_ws3/install/ur_description/share/ur_description/meshes/ur20/collision/wrist1.stl
[5.536s] -- Installing: /home/aimane/data/colcon_ws3/install/ur_description/share/ur_description/meshes/ur20/visual
[5.537s] -- Installing: /home/aimane/data/colcon_ws3/install/ur_description/share/ur_description/meshes/ur20/visual/wrist1.dae
[5.556s] -- Installing: /home/aimane/data/colcon_ws3/install/ur_description/share/ur_description/meshes/ur20/visual/forearm.dae
[5.578s] -- Installing: /home/aimane/data/colcon_ws3/install/ur_description/share/ur_description/meshes/ur20/visual/UR20_DIFF_8bit_2K.png
[5.621s] -- Installing: /home/aimane/data/colcon_ws3/install/ur_description/share/ur_description/meshes/ur20/visual/wrist2.dae
[5.647s] -- Installing: /home/aimane/data/colcon_ws3/install/ur_description/share/ur_description/meshes/ur20/visual/upperarm.dae
[5.653s] -- Installing: /home/aimane/data/colcon_ws3/install/ur_description/share/ur_description/meshes/ur20/visual/shoulder.dae
[5.669s] -- Installing: /home/aimane/data/colcon_ws3/install/ur_description/share/ur_description/meshes/ur20/visual/base.dae
[5.680s] -- Installing: /home/aimane/data/colcon_ws3/install/ur_description/share/ur_description/meshes/ur20/visual/wrist3.dae
[5.695s] -- Installing: /home/aimane/data/colcon_ws3/install/ur_description/share/ur_description/meshes/ur20/LICENSE.txt
[5.696s] -- Installing: /home/aimane/data/colcon_ws3/install/ur_description/share/ur_description/rviz
[5.696s] -- Installing: /home/aimane/data/colcon_ws3/install/ur_description/share/ur_description/rviz/view_robot.rviz
[5.698s] -- Installing: /home/aimane/data/colcon_ws3/install/ur_description/share/ur_description/urdf
[5.708s] -- Installing: /home/aimane/data/colcon_ws3/install/ur_description/share/ur_description/urdf/ur_mocked.urdf.xacro
[5.710s] -- Installing: /home/aimane/data/colcon_ws3/install/ur_description/share/ur_description/urdf/ros2_control_mock_hardware.xacro
[5.710s] -- Installing: /home/aimane/data/colcon_ws3/install/ur_description/share/ur_description/urdf/inc
[5.712s] -- Installing: /home/aimane/data/colcon_ws3/install/ur_description/share/ur_description/urdf/inc/ur_transmissions.xacro
[5.712s] -- Installing: /home/aimane/data/colcon_ws3/install/ur_description/share/ur_description/urdf/inc/ur_joint_control.xacro
[5.712s] -- Installing: /home/aimane/data/colcon_ws3/install/ur_description/share/ur_description/urdf/inc/ur_sensors.xacro
[5.712s] -- Installing: /home/aimane/data/colcon_ws3/install/ur_description/share/ur_description/urdf/inc/ur_common.xacro
[5.713s] -- Installing: /home/aimane/data/colcon_ws3/install/ur_description/share/ur_description/urdf/ur.urdf.xacro
[5.714s] -- Installing: /home/aimane/data/colcon_ws3/install/ur_description/share/ur_description/urdf/ur_macro.xacro
[5.715s] -- Installing: /home/aimane/data/colcon_ws3/install/ur_description/share/ur_description/test
[5.715s] -- Installing: /home/aimane/data/colcon_ws3/install/ur_description/share/ur_description/test/test_ur_urdf_xacro.py
[5.715s] -- Installing: /home/aimane/data/colcon_ws3/install/ur_description/share/ur_description/test/test_view_ur_launch.py
[5.715s] -- Installing: /home/aimane/data/colcon_ws3/install/ur_description/share/ament_index/resource_index/package_run_dependencies/ur_description
[5.716s] -- Installing: /home/aimane/data/colcon_ws3/install/ur_description/share/ament_index/resource_index/parent_prefix_path/ur_description
[5.716s] -- Installing: /home/aimane/data/colcon_ws3/install/ur_description/share/ur_description/environment/ament_prefix_path.sh
[5.716s] -- Installing: /home/aimane/data/colcon_ws3/install/ur_description/share/ur_description/environment/ament_prefix_path.dsv
[5.716s] -- Installing: /home/aimane/data/colcon_ws3/install/ur_description/share/ur_description/environment/path.sh
[5.717s] -- Installing: /home/aimane/data/colcon_ws3/install/ur_description/share/ur_description/environment/path.dsv
[5.717s] -- Installing: /home/aimane/data/colcon_ws3/install/ur_description/share/ur_description/local_setup.bash
[5.717s] -- Installing: /home/aimane/data/colcon_ws3/install/ur_description/share/ur_description/local_setup.sh
[5.717s] -- Installing: /home/aimane/data/colcon_ws3/install/ur_description/share/ur_description/local_setup.zsh
[5.717s] -- Installing: /home/aimane/data/colcon_ws3/install/ur_description/share/ur_description/local_setup.dsv
[5.718s] -- Installing: /home/aimane/data/colcon_ws3/install/ur_description/share/ur_description/package.dsv
[5.718s] -- Installing: /home/aimane/data/colcon_ws3/install/ur_description/share/ament_index/resource_index/packages/ur_description
[5.718s] -- Installing: /home/aimane/data/colcon_ws3/install/ur_description/share/ur_description/cmake/ur_descriptionConfig.cmake
[5.718s] -- Installing: /home/aimane/data/colcon_ws3/install/ur_description/share/ur_description/cmake/ur_descriptionConfig-version.cmake
[5.719s] -- Installing: /home/aimane/data/colcon_ws3/install/ur_description/share/ur_description/package.xml
[5.721s] Invoked command in '/home/aimane/data/colcon_ws3/build/ur_description' returned '0': CMAKE_PREFIX_PATH=${CMAKE_PREFIX_PATH}:/opt/ros/humble /usr/bin/cmake --install /home/aimane/data/colcon_ws3/build/ur_description
