[0.014s] Invoking command in '/home/aimane/data/colcon_ws3/build/custom_interfaces': CMAKE_PREFIX_PATH=/opt/ros/humble /usr/bin/cmake /home/aimane/data/colcon_ws3/src/custom_interfaces -DCMAKE_INSTALL_PREFIX=/home/aimane/data/colcon_ws3/install/custom_interfaces
[0.130s] -- The C compiler identification is GNU 11.4.0
[0.269s] -- The CXX compiler identification is GNU 11.4.0
[0.288s] -- Detecting C compiler ABI info
[0.406s] -- Detecting C compiler ABI info - done
[0.427s] -- Check for working C compiler: /usr/bin/cc - skipped
[0.429s] -- Detecting C compile features
[0.429s] -- Detecting C compile features - done
[0.436s] -- Detecting CXX compiler ABI info
[0.561s] -- Detecting CXX compiler ABI info - done
[0.583s] -- Check for working CXX compiler: /usr/bin/c++ - skipped
[0.583s] -- Detecting CXX compile features
[0.584s] -- Detecting CXX compile features - done
[0.587s] -- Found ament_cmake: 1.3.12 (/opt/ros/humble/share/ament_cmake/cmake)
[0.835s] -- Found Python3: /usr/bin/python3 (found version "3.10.12") found components: Interpreter 
[0.984s] -- Found rclcpp: 16.0.14 (/opt/ros/humble/share/rclcpp/cmake)
[1.063s] -- Found rosidl_generator_c: 3.1.7 (/opt/ros/humble/share/rosidl_generator_c/cmake)
[1.077s] -- Found rosidl_adapter: 3.1.7 (/opt/ros/humble/share/rosidl_adapter/cmake)
[1.093s] -- Found rosidl_generator_cpp: 3.1.7 (/opt/ros/humble/share/rosidl_generator_cpp/cmake)
[1.117s] -- Using all available rosidl_typesupport_c: rosidl_typesupport_fastrtps_c;rosidl_typesupport_introspection_c
[1.153s] -- Using all available rosidl_typesupport_cpp: rosidl_typesupport_fastrtps_cpp;rosidl_typesupport_introspection_cpp
[1.245s] -- Found rmw_implementation_cmake: 6.1.2 (/opt/ros/humble/share/rmw_implementation_cmake/cmake)
[1.248s] -- Found rmw_fastrtps_cpp: 6.2.8 (/opt/ros/humble/share/rmw_fastrtps_cpp/cmake)
[1.381s] -- Found OpenSSL: /usr/lib/x86_64-linux-gnu/libcrypto.so (found version "3.0.2")  
[1.429s] -- Found FastRTPS: /opt/ros/humble/include  
[1.495s] -- Using RMW implementation 'rmw_fastrtps_cpp' as default
[1.509s] -- Looking for pthread.h
[1.631s] -- Looking for pthread.h - found
[1.631s] -- Performing Test CMAKE_HAVE_LIBC_PTHREAD
[1.766s] -- Performing Test CMAKE_HAVE_LIBC_PTHREAD - Success
[1.767s] -- Found Threads: TRUE  
[1.892s] -- Found geometry_msgs: 4.9.0 (/opt/ros/humble/share/geometry_msgs/cmake)
[1.927s] -- Found rosidl_default_generators: 1.2.0 (/opt/ros/humble/share/rosidl_default_generators/cmake)
[2.455s] -- Found ament_cmake_ros: 0.10.0 (/opt/ros/humble/share/ament_cmake_ros/cmake)
[3.274s] -- Using all available rosidl_typesupport_c: rosidl_typesupport_fastrtps_c;rosidl_typesupport_introspection_c
[3.588s] -- Using all available rosidl_typesupport_cpp: rosidl_typesupport_fastrtps_cpp;rosidl_typesupport_introspection_cpp
[3.627s] -- Found PythonInterp: /usr/bin/python3 (found suitable version "3.10.12", minimum required is "3.6") 
[3.627s] -- Found python_cmake_module: 0.10.0 (/opt/ros/humble/share/python_cmake_module/cmake)
[3.679s] -- Found PythonLibs: /usr/lib/x86_64-linux-gnu/libpython3.10.so (found suitable version "3.10.12", minimum required is "3.5") 
[3.681s] -- Using PYTHON_EXECUTABLE: /usr/bin/python3
[3.681s] -- Using PYTHON_INCLUDE_DIRS: /usr/include/python3.10
[3.681s] -- Using PYTHON_LIBRARIES: /usr/lib/x86_64-linux-gnu/libpython3.10.so
[3.718s] -- Found PythonExtra: .so  
[3.861s] -- Found ament_lint_auto: 0.12.14 (/opt/ros/humble/share/ament_lint_auto/cmake)
[3.891s] -- Added test 'lint_cmake' to check CMake code style
[3.892s] -- Added test 'xmllint' to check XML markup files
[3.896s] -- Configuring done
[3.962s] -- Generating done
[3.986s] -- Build files have been written to: /home/aimane/data/colcon_ws3/build/custom_interfaces
[4.009s] Invoked command in '/home/aimane/data/colcon_ws3/build/custom_interfaces' returned '0': CMAKE_PREFIX_PATH=/opt/ros/humble /usr/bin/cmake /home/aimane/data/colcon_ws3/src/custom_interfaces -DCMAKE_INSTALL_PREFIX=/home/aimane/data/colcon_ws3/install/custom_interfaces
[4.009s] Invoking command in '/home/aimane/data/colcon_ws3/build/custom_interfaces': CMAKE_PREFIX_PATH=/opt/ros/humble /usr/bin/cmake --build /home/aimane/data/colcon_ws3/build/custom_interfaces -- -j3 -l3
[4.071s] [  3%] [34m[1mGenerating C code for ROS interfaces[0m
[4.097s] [  6%] [34m[1mGenerating C++ code for ROS interfaces[0m
[4.102s] [  6%] Built target ament_cmake_python_copy_custom_interfaces
[4.656s] running egg_info
[4.659s] creating custom_interfaces.egg-info
[4.659s] writing custom_interfaces.egg-info/PKG-INFO
[4.660s] writing dependency_links to custom_interfaces.egg-info/dependency_links.txt
[4.660s] writing top-level names to custom_interfaces.egg-info/top_level.txt
[4.661s] writing manifest file 'custom_interfaces.egg-info/SOURCES.txt'
[4.665s] reading manifest file 'custom_interfaces.egg-info/SOURCES.txt'
[4.666s] writing manifest file 'custom_interfaces.egg-info/SOURCES.txt'
[4.734s] [  6%] Built target ament_cmake_python_build_custom_interfaces_egg
[4.917s] [  9%] [32mBuilding C object CMakeFiles/custom_interfaces__rosidl_generator_c.dir/rosidl_generator_c/custom_interfaces/msg/detail/my_message__functions.c.o[0m
[4.946s] [  9%] Built target custom_interfaces__cpp
[4.966s] [ 12%] [34m[1mGenerating C++ type support dispatch for ROS interfaces[0m
[4.969s] [ 16%] [34m[1mGenerating C++ type support for eProsima Fast-RTPS[0m
[5.009s] [ 19%] [32m[1mLinking C shared library libcustom_interfaces__rosidl_generator_c.so[0m
[5.082s] [ 19%] Built target custom_interfaces__rosidl_generator_c
[5.098s] [ 22%] [34m[1mGenerating C++ introspection for ROS interfaces[0m
[5.514s] [ 25%] [32mBuilding CXX object CMakeFiles/custom_interfaces__rosidl_typesupport_cpp.dir/rosidl_typesupport_cpp/custom_interfaces/msg/my_message__type_support.cpp.o[0m
[5.525s] [ 29%] [32mBuilding CXX object CMakeFiles/custom_interfaces__rosidl_typesupport_fastrtps_cpp.dir/rosidl_typesupport_fastrtps_cpp/custom_interfaces/msg/detail/dds_fastrtps/my_message__type_support.cpp.o[0m
[5.734s] [ 32%] [32mBuilding CXX object CMakeFiles/custom_interfaces__rosidl_typesupport_introspection_cpp.dir/rosidl_typesupport_introspection_cpp/custom_interfaces/msg/detail/my_message__type_support.cpp.o[0m
[6.283s] [ 35%] [32m[1mLinking CXX shared library libcustom_interfaces__rosidl_typesupport_cpp.so[0m
[6.461s] [ 35%] Built target custom_interfaces__rosidl_typesupport_cpp
[6.479s] [ 38%] [34m[1mGenerating C type support for eProsima Fast-RTPS[0m
[6.518s] [ 41%] [32m[1mLinking CXX shared library libcustom_interfaces__rosidl_typesupport_fastrtps_cpp.so[0m
[6.565s] [ 45%] [32m[1mLinking CXX shared library libcustom_interfaces__rosidl_typesupport_introspection_cpp.so[0m
[6.641s] [ 45%] Built target custom_interfaces__rosidl_typesupport_fastrtps_cpp
[6.663s] [ 48%] [34m[1mGenerating C introspection for ROS interfaces[0m
[6.683s] [ 48%] Built target custom_interfaces__rosidl_typesupport_introspection_cpp
[6.715s] [ 51%] [34m[1mGenerating C type support dispatch for ROS interfaces[0m
[7.184s] [ 54%] [32mBuilding CXX object CMakeFiles/custom_interfaces__rosidl_typesupport_fastrtps_c.dir/rosidl_typesupport_fastrtps_c/custom_interfaces/msg/detail/my_message__type_support_c.cpp.o[0m
[7.324s] [ 58%] [32mBuilding C object CMakeFiles/custom_interfaces__rosidl_typesupport_introspection_c.dir/rosidl_typesupport_introspection_c/custom_interfaces/msg/detail/my_message__type_support.c.o[0m
[7.409s] [ 61%] [32m[1mLinking C shared library libcustom_interfaces__rosidl_typesupport_introspection_c.so[0m
[7.470s] [ 64%] [32mBuilding CXX object CMakeFiles/custom_interfaces__rosidl_typesupport_c.dir/rosidl_typesupport_c/custom_interfaces/msg/my_message__type_support.cpp.o[0m
[7.491s] [ 64%] Built target custom_interfaces__rosidl_typesupport_introspection_c
[7.566s] [ 67%] [32m[1mLinking CXX shared library libcustom_interfaces__rosidl_typesupport_c.so[0m
[7.645s] [ 67%] Built target custom_interfaces__rosidl_typesupport_c
[7.845s] [ 70%] [32m[1mLinking CXX shared library libcustom_interfaces__rosidl_typesupport_fastrtps_c.so[0m
[7.972s] [ 70%] Built target custom_interfaces__rosidl_typesupport_fastrtps_c
[7.999s] [ 70%] Built target custom_interfaces
[8.033s] [ 74%] [34m[1mGenerating Python code for ROS interfaces[0m
[8.692s] [ 74%] Built target custom_interfaces__py
[8.720s] [ 77%] [32mBuilding C object CMakeFiles/custom_interfaces__rosidl_generator_py.dir/rosidl_generator_py/custom_interfaces/msg/_my_message_s.c.o[0m
[8.880s] [ 80%] [32m[1mLinking C shared library rosidl_generator_py/custom_interfaces/libcustom_interfaces__rosidl_generator_py.so[0m
[8.943s] [ 80%] Built target custom_interfaces__rosidl_generator_py
[8.978s] [ 83%] [32mBuilding C object CMakeFiles/custom_interfaces__rosidl_typesupport_introspection_c__pyext.dir/rosidl_generator_py/custom_interfaces/_custom_interfaces_s.ep.rosidl_typesupport_introspection_c.c.o[0m
[8.989s] [ 87%] [32mBuilding C object CMakeFiles/custom_interfaces__rosidl_typesupport_c__pyext.dir/rosidl_generator_py/custom_interfaces/_custom_interfaces_s.ep.rosidl_typesupport_c.c.o[0m
[9.007s] [ 90%] [32mBuilding C object CMakeFiles/custom_interfaces__rosidl_typesupport_fastrtps_c__pyext.dir/rosidl_generator_py/custom_interfaces/_custom_interfaces_s.ep.rosidl_typesupport_fastrtps_c.c.o[0m
[9.178s] [ 93%] [32m[1mLinking C shared library rosidl_generator_py/custom_interfaces/custom_interfaces_s__rosidl_typesupport_c.cpython-310-x86_64-linux-gnu.so[0m
[9.186s] [ 96%] [32m[1mLinking C shared library rosidl_generator_py/custom_interfaces/custom_interfaces_s__rosidl_typesupport_fastrtps_c.cpython-310-x86_64-linux-gnu.so[0m
[9.206s] [100%] [32m[1mLinking C shared library rosidl_generator_py/custom_interfaces/custom_interfaces_s__rosidl_typesupport_introspection_c.cpython-310-x86_64-linux-gnu.so[0m
[9.247s] [100%] Built target custom_interfaces__rosidl_typesupport_c__pyext
[9.262s] [100%] Built target custom_interfaces__rosidl_typesupport_fastrtps_c__pyext
[9.278s] [100%] Built target custom_interfaces__rosidl_typesupport_introspection_c__pyext
[9.295s] Invoked command in '/home/aimane/data/colcon_ws3/build/custom_interfaces' returned '0': CMAKE_PREFIX_PATH=/opt/ros/humble /usr/bin/cmake --build /home/aimane/data/colcon_ws3/build/custom_interfaces -- -j3 -l3
[9.308s] Invoking command in '/home/aimane/data/colcon_ws3/build/custom_interfaces': CMAKE_PREFIX_PATH=/opt/ros/humble /usr/bin/cmake --install /home/aimane/data/colcon_ws3/build/custom_interfaces
[9.322s] -- Install configuration: ""
[9.322s] -- Installing: /home/aimane/data/colcon_ws3/install/custom_interfaces/share/ament_index/resource_index/rosidl_interfaces/custom_interfaces
[9.326s] -- Installing: /home/aimane/data/colcon_ws3/install/custom_interfaces/include/custom_interfaces/custom_interfaces
[9.327s] -- Installing: /home/aimane/data/colcon_ws3/install/custom_interfaces/include/custom_interfaces/custom_interfaces/msg
[9.329s] -- Installing: /home/aimane/data/colcon_ws3/install/custom_interfaces/include/custom_interfaces/custom_interfaces/msg/my_message.h
[9.329s] -- Installing: /home/aimane/data/colcon_ws3/install/custom_interfaces/include/custom_interfaces/custom_interfaces/msg/rosidl_generator_c__visibility_control.h
[9.330s] -- Installing: /home/aimane/data/colcon_ws3/install/custom_interfaces/include/custom_interfaces/custom_interfaces/msg/detail
[9.330s] -- Installing: /home/aimane/data/colcon_ws3/install/custom_interfaces/include/custom_interfaces/custom_interfaces/msg/detail/my_message__functions.h
[9.330s] -- Installing: /home/aimane/data/colcon_ws3/install/custom_interfaces/include/custom_interfaces/custom_interfaces/msg/detail/my_message__functions.c
[9.330s] -- Installing: /home/aimane/data/colcon_ws3/install/custom_interfaces/include/custom_interfaces/custom_interfaces/msg/detail/my_message__type_support.h
[9.330s] -- Installing: /home/aimane/data/colcon_ws3/install/custom_interfaces/include/custom_interfaces/custom_interfaces/msg/detail/my_message__struct.h
[9.330s] -- Installing: /home/aimane/data/colcon_ws3/install/custom_interfaces/share/custom_interfaces/environment/library_path.sh
[9.330s] -- Installing: /home/aimane/data/colcon_ws3/install/custom_interfaces/share/custom_interfaces/environment/library_path.dsv
[9.330s] -- Installing: /home/aimane/data/colcon_ws3/install/custom_interfaces/lib/libcustom_interfaces__rosidl_generator_c.so
[9.332s] -- Set runtime path of "/home/aimane/data/colcon_ws3/install/custom_interfaces/lib/libcustom_interfaces__rosidl_generator_c.so" to ""
[9.332s] -- Up-to-date: /home/aimane/data/colcon_ws3/install/custom_interfaces/include/custom_interfaces/custom_interfaces
[9.333s] -- Up-to-date: /home/aimane/data/colcon_ws3/install/custom_interfaces/include/custom_interfaces/custom_interfaces/msg
[9.333s] -- Installing: /home/aimane/data/colcon_ws3/install/custom_interfaces/include/custom_interfaces/custom_interfaces/msg/rosidl_typesupport_fastrtps_c__visibility_control.h
[9.333s] -- Up-to-date: /home/aimane/data/colcon_ws3/install/custom_interfaces/include/custom_interfaces/custom_interfaces/msg/detail
[9.333s] -- Installing: /home/aimane/data/colcon_ws3/install/custom_interfaces/include/custom_interfaces/custom_interfaces/msg/detail/my_message__rosidl_typesupport_fastrtps_c.h
[9.333s] -- Installing: /home/aimane/data/colcon_ws3/install/custom_interfaces/lib/libcustom_interfaces__rosidl_typesupport_fastrtps_c.so
[9.334s] -- Set runtime path of "/home/aimane/data/colcon_ws3/install/custom_interfaces/lib/libcustom_interfaces__rosidl_typesupport_fastrtps_c.so" to ""
[9.334s] -- Up-to-date: /home/aimane/data/colcon_ws3/install/custom_interfaces/include/custom_interfaces/custom_interfaces
[9.335s] -- Up-to-date: /home/aimane/data/colcon_ws3/install/custom_interfaces/include/custom_interfaces/custom_interfaces/msg
[9.335s] -- Installing: /home/aimane/data/colcon_ws3/install/custom_interfaces/include/custom_interfaces/custom_interfaces/msg/my_message.hpp
[9.336s] -- Installing: /home/aimane/data/colcon_ws3/install/custom_interfaces/include/custom_interfaces/custom_interfaces/msg/rosidl_generator_cpp__visibility_control.hpp
[9.336s] -- Up-to-date: /home/aimane/data/colcon_ws3/install/custom_interfaces/include/custom_interfaces/custom_interfaces/msg/detail
[9.337s] -- Installing: /home/aimane/data/colcon_ws3/install/custom_interfaces/include/custom_interfaces/custom_interfaces/msg/detail/my_message__traits.hpp
[9.339s] -- Installing: /home/aimane/data/colcon_ws3/install/custom_interfaces/include/custom_interfaces/custom_interfaces/msg/detail/my_message__type_support.hpp
[9.339s] -- Installing: /home/aimane/data/colcon_ws3/install/custom_interfaces/include/custom_interfaces/custom_interfaces/msg/detail/my_message__struct.hpp
[9.339s] -- Installing: /home/aimane/data/colcon_ws3/install/custom_interfaces/include/custom_interfaces/custom_interfaces/msg/detail/my_message__builder.hpp
[9.340s] -- Up-to-date: /home/aimane/data/colcon_ws3/install/custom_interfaces/include/custom_interfaces/custom_interfaces
[9.340s] -- Up-to-date: /home/aimane/data/colcon_ws3/install/custom_interfaces/include/custom_interfaces/custom_interfaces/msg
[9.340s] -- Installing: /home/aimane/data/colcon_ws3/install/custom_interfaces/include/custom_interfaces/custom_interfaces/msg/rosidl_typesupport_fastrtps_cpp__visibility_control.h
[9.340s] -- Up-to-date: /home/aimane/data/colcon_ws3/install/custom_interfaces/include/custom_interfaces/custom_interfaces/msg/detail
[9.340s] -- Installing: /home/aimane/data/colcon_ws3/install/custom_interfaces/include/custom_interfaces/custom_interfaces/msg/detail/my_message__rosidl_typesupport_fastrtps_cpp.hpp
[9.340s] -- Installing: /home/aimane/data/colcon_ws3/install/custom_interfaces/include/custom_interfaces/custom_interfaces/msg/detail/dds_fastrtps
[9.340s] -- Installing: /home/aimane/data/colcon_ws3/install/custom_interfaces/lib/libcustom_interfaces__rosidl_typesupport_fastrtps_cpp.so
[9.340s] -- Set runtime path of "/home/aimane/data/colcon_ws3/install/custom_interfaces/lib/libcustom_interfaces__rosidl_typesupport_fastrtps_cpp.so" to ""
[9.341s] -- Up-to-date: /home/aimane/data/colcon_ws3/install/custom_interfaces/include/custom_interfaces/custom_interfaces
[9.341s] -- Up-to-date: /home/aimane/data/colcon_ws3/install/custom_interfaces/include/custom_interfaces/custom_interfaces/msg
[9.341s] -- Installing: /home/aimane/data/colcon_ws3/install/custom_interfaces/include/custom_interfaces/custom_interfaces/msg/rosidl_typesupport_introspection_c__visibility_control.h
[9.341s] -- Up-to-date: /home/aimane/data/colcon_ws3/install/custom_interfaces/include/custom_interfaces/custom_interfaces/msg/detail
[9.341s] -- Installing: /home/aimane/data/colcon_ws3/install/custom_interfaces/include/custom_interfaces/custom_interfaces/msg/detail/my_message__rosidl_typesupport_introspection_c.h
[9.341s] -- Installing: /home/aimane/data/colcon_ws3/install/custom_interfaces/include/custom_interfaces/custom_interfaces/msg/detail/my_message__type_support.c
[9.341s] -- Installing: /home/aimane/data/colcon_ws3/install/custom_interfaces/lib/libcustom_interfaces__rosidl_typesupport_introspection_c.so
[9.341s] -- Set runtime path of "/home/aimane/data/colcon_ws3/install/custom_interfaces/lib/libcustom_interfaces__rosidl_typesupport_introspection_c.so" to ""
[9.341s] -- Installing: /home/aimane/data/colcon_ws3/install/custom_interfaces/lib/libcustom_interfaces__rosidl_typesupport_c.so
[9.342s] -- Set runtime path of "/home/aimane/data/colcon_ws3/install/custom_interfaces/lib/libcustom_interfaces__rosidl_typesupport_c.so" to ""
[9.342s] -- Up-to-date: /home/aimane/data/colcon_ws3/install/custom_interfaces/include/custom_interfaces/custom_interfaces
[9.342s] -- Up-to-date: /home/aimane/data/colcon_ws3/install/custom_interfaces/include/custom_interfaces/custom_interfaces/msg
[9.342s] -- Up-to-date: /home/aimane/data/colcon_ws3/install/custom_interfaces/include/custom_interfaces/custom_interfaces/msg/detail
[9.342s] -- Installing: /home/aimane/data/colcon_ws3/install/custom_interfaces/include/custom_interfaces/custom_interfaces/msg/detail/my_message__type_support.cpp
[9.342s] -- Installing: /home/aimane/data/colcon_ws3/install/custom_interfaces/include/custom_interfaces/custom_interfaces/msg/detail/my_message__rosidl_typesupport_introspection_cpp.hpp
[9.342s] -- Installing: /home/aimane/data/colcon_ws3/install/custom_interfaces/lib/libcustom_interfaces__rosidl_typesupport_introspection_cpp.so
[9.342s] -- Set runtime path of "/home/aimane/data/colcon_ws3/install/custom_interfaces/lib/libcustom_interfaces__rosidl_typesupport_introspection_cpp.so" to ""
[9.342s] -- Installing: /home/aimane/data/colcon_ws3/install/custom_interfaces/lib/libcustom_interfaces__rosidl_typesupport_cpp.so
[9.343s] -- Set runtime path of "/home/aimane/data/colcon_ws3/install/custom_interfaces/lib/libcustom_interfaces__rosidl_typesupport_cpp.so" to ""
[9.343s] -- Installing: /home/aimane/data/colcon_ws3/install/custom_interfaces/share/custom_interfaces/environment/pythonpath.sh
[9.343s] -- Installing: /home/aimane/data/colcon_ws3/install/custom_interfaces/share/custom_interfaces/environment/pythonpath.dsv
[9.343s] -- Installing: /home/aimane/data/colcon_ws3/install/custom_interfaces/local/lib/python3.10/dist-packages/custom_interfaces-0.0.0-py3.10.egg-info
[9.343s] -- Installing: /home/aimane/data/colcon_ws3/install/custom_interfaces/local/lib/python3.10/dist-packages/custom_interfaces-0.0.0-py3.10.egg-info/SOURCES.txt
[9.343s] -- Installing: /home/aimane/data/colcon_ws3/install/custom_interfaces/local/lib/python3.10/dist-packages/custom_interfaces-0.0.0-py3.10.egg-info/dependency_links.txt
[9.343s] -- Installing: /home/aimane/data/colcon_ws3/install/custom_interfaces/local/lib/python3.10/dist-packages/custom_interfaces-0.0.0-py3.10.egg-info/top_level.txt
[9.343s] -- Installing: /home/aimane/data/colcon_ws3/install/custom_interfaces/local/lib/python3.10/dist-packages/custom_interfaces-0.0.0-py3.10.egg-info/PKG-INFO
[9.343s] -- Installing: /home/aimane/data/colcon_ws3/install/custom_interfaces/local/lib/python3.10/dist-packages/custom_interfaces
[9.344s] -- Installing: /home/aimane/data/colcon_ws3/install/custom_interfaces/local/lib/python3.10/dist-packages/custom_interfaces/libcustom_interfaces__rosidl_generator_py.so
[9.344s] -- Installing: /home/aimane/data/colcon_ws3/install/custom_interfaces/local/lib/python3.10/dist-packages/custom_interfaces/_custom_interfaces_s.ep.rosidl_typesupport_introspection_c.c
[9.344s] -- Installing: /home/aimane/data/colcon_ws3/install/custom_interfaces/local/lib/python3.10/dist-packages/custom_interfaces/custom_interfaces_s__rosidl_typesupport_c.cpython-310-x86_64-linux-gnu.so
[9.344s] -- Installing: /home/aimane/data/colcon_ws3/install/custom_interfaces/local/lib/python3.10/dist-packages/custom_interfaces/_custom_interfaces_s.ep.rosidl_typesupport_fastrtps_c.c
[9.344s] -- Installing: /home/aimane/data/colcon_ws3/install/custom_interfaces/local/lib/python3.10/dist-packages/custom_interfaces/custom_interfaces_s__rosidl_typesupport_fastrtps_c.cpython-310-x86_64-linux-gnu.so
[9.344s] -- Installing: /home/aimane/data/colcon_ws3/install/custom_interfaces/local/lib/python3.10/dist-packages/custom_interfaces/custom_interfaces_s__rosidl_typesupport_introspection_c.cpython-310-x86_64-linux-gnu.so
[9.344s] -- Installing: /home/aimane/data/colcon_ws3/install/custom_interfaces/local/lib/python3.10/dist-packages/custom_interfaces/msg
[9.344s] -- Installing: /home/aimane/data/colcon_ws3/install/custom_interfaces/local/lib/python3.10/dist-packages/custom_interfaces/msg/_my_message_s.c
[9.344s] -- Installing: /home/aimane/data/colcon_ws3/install/custom_interfaces/local/lib/python3.10/dist-packages/custom_interfaces/msg/_my_message.py
[9.344s] -- Installing: /home/aimane/data/colcon_ws3/install/custom_interfaces/local/lib/python3.10/dist-packages/custom_interfaces/msg/__init__.py
[9.345s] -- Installing: /home/aimane/data/colcon_ws3/install/custom_interfaces/local/lib/python3.10/dist-packages/custom_interfaces/__init__.py
[9.345s] -- Installing: /home/aimane/data/colcon_ws3/install/custom_interfaces/local/lib/python3.10/dist-packages/custom_interfaces/_custom_interfaces_s.ep.rosidl_typesupport_c.c
[9.397s] Listing '/home/aimane/data/colcon_ws3/install/custom_interfaces/local/lib/python3.10/dist-packages/custom_interfaces'...
[9.397s] Compiling '/home/aimane/data/colcon_ws3/install/custom_interfaces/local/lib/python3.10/dist-packages/custom_interfaces/__init__.py'...
[9.397s] Listing '/home/aimane/data/colcon_ws3/install/custom_interfaces/local/lib/python3.10/dist-packages/custom_interfaces/msg'...
[9.397s] Compiling '/home/aimane/data/colcon_ws3/install/custom_interfaces/local/lib/python3.10/dist-packages/custom_interfaces/msg/__init__.py'...
[9.398s] Compiling '/home/aimane/data/colcon_ws3/install/custom_interfaces/local/lib/python3.10/dist-packages/custom_interfaces/msg/_my_message.py'...
[9.405s] -- Installing: /home/aimane/data/colcon_ws3/install/custom_interfaces/local/lib/python3.10/dist-packages/custom_interfaces/custom_interfaces_s__rosidl_typesupport_fastrtps_c.cpython-310-x86_64-linux-gnu.so
[9.406s] -- Set runtime path of "/home/aimane/data/colcon_ws3/install/custom_interfaces/local/lib/python3.10/dist-packages/custom_interfaces/custom_interfaces_s__rosidl_typesupport_fastrtps_c.cpython-310-x86_64-linux-gnu.so" to ""
[9.407s] -- Installing: /home/aimane/data/colcon_ws3/install/custom_interfaces/local/lib/python3.10/dist-packages/custom_interfaces/custom_interfaces_s__rosidl_typesupport_introspection_c.cpython-310-x86_64-linux-gnu.so
[9.409s] -- Set runtime path of "/home/aimane/data/colcon_ws3/install/custom_interfaces/local/lib/python3.10/dist-packages/custom_interfaces/custom_interfaces_s__rosidl_typesupport_introspection_c.cpython-310-x86_64-linux-gnu.so" to ""
[9.409s] -- Installing: /home/aimane/data/colcon_ws3/install/custom_interfaces/local/lib/python3.10/dist-packages/custom_interfaces/custom_interfaces_s__rosidl_typesupport_c.cpython-310-x86_64-linux-gnu.so
[9.409s] -- Set runtime path of "/home/aimane/data/colcon_ws3/install/custom_interfaces/local/lib/python3.10/dist-packages/custom_interfaces/custom_interfaces_s__rosidl_typesupport_c.cpython-310-x86_64-linux-gnu.so" to ""
[9.409s] -- Installing: /home/aimane/data/colcon_ws3/install/custom_interfaces/lib/libcustom_interfaces__rosidl_generator_py.so
[9.410s] -- Set runtime path of "/home/aimane/data/colcon_ws3/install/custom_interfaces/lib/libcustom_interfaces__rosidl_generator_py.so" to ""
[9.411s] -- Installing: /home/aimane/data/colcon_ws3/install/custom_interfaces/share/custom_interfaces/msg/MyMessage.idl
[9.411s] -- Installing: /home/aimane/data/colcon_ws3/install/custom_interfaces/share/custom_interfaces/msg/MyMessage.msg
[9.411s] -- Installing: /home/aimane/data/colcon_ws3/install/custom_interfaces/share/ament_index/resource_index/package_run_dependencies/custom_interfaces
[9.412s] -- Installing: /home/aimane/data/colcon_ws3/install/custom_interfaces/share/ament_index/resource_index/parent_prefix_path/custom_interfaces
[9.412s] -- Installing: /home/aimane/data/colcon_ws3/install/custom_interfaces/share/custom_interfaces/environment/ament_prefix_path.sh
[9.412s] -- Installing: /home/aimane/data/colcon_ws3/install/custom_interfaces/share/custom_interfaces/environment/ament_prefix_path.dsv
[9.413s] -- Installing: /home/aimane/data/colcon_ws3/install/custom_interfaces/share/custom_interfaces/environment/path.sh
[9.416s] -- Installing: /home/aimane/data/colcon_ws3/install/custom_interfaces/share/custom_interfaces/environment/path.dsv
[9.416s] -- Installing: /home/aimane/data/colcon_ws3/install/custom_interfaces/share/custom_interfaces/local_setup.bash
[9.416s] -- Installing: /home/aimane/data/colcon_ws3/install/custom_interfaces/share/custom_interfaces/local_setup.sh
[9.416s] -- Installing: /home/aimane/data/colcon_ws3/install/custom_interfaces/share/custom_interfaces/local_setup.zsh
[9.417s] -- Installing: /home/aimane/data/colcon_ws3/install/custom_interfaces/share/custom_interfaces/local_setup.dsv
[9.417s] -- Installing: /home/aimane/data/colcon_ws3/install/custom_interfaces/share/custom_interfaces/package.dsv
[9.418s] -- Installing: /home/aimane/data/colcon_ws3/install/custom_interfaces/share/ament_index/resource_index/packages/custom_interfaces
[9.418s] -- Installing: /home/aimane/data/colcon_ws3/install/custom_interfaces/share/custom_interfaces/cmake/export_custom_interfaces__rosidl_generator_cExport.cmake
[9.418s] -- Installing: /home/aimane/data/colcon_ws3/install/custom_interfaces/share/custom_interfaces/cmake/export_custom_interfaces__rosidl_generator_cExport-noconfig.cmake
[9.418s] -- Installing: /home/aimane/data/colcon_ws3/install/custom_interfaces/share/custom_interfaces/cmake/export_custom_interfaces__rosidl_typesupport_fastrtps_cExport.cmake
[9.419s] -- Installing: /home/aimane/data/colcon_ws3/install/custom_interfaces/share/custom_interfaces/cmake/export_custom_interfaces__rosidl_typesupport_fastrtps_cExport-noconfig.cmake
[9.419s] -- Installing: /home/aimane/data/colcon_ws3/install/custom_interfaces/share/custom_interfaces/cmake/export_custom_interfaces__rosidl_generator_cppExport.cmake
[9.419s] -- Installing: /home/aimane/data/colcon_ws3/install/custom_interfaces/share/custom_interfaces/cmake/export_custom_interfaces__rosidl_typesupport_fastrtps_cppExport.cmake
[9.419s] -- Installing: /home/aimane/data/colcon_ws3/install/custom_interfaces/share/custom_interfaces/cmake/export_custom_interfaces__rosidl_typesupport_fastrtps_cppExport-noconfig.cmake
[9.419s] -- Installing: /home/aimane/data/colcon_ws3/install/custom_interfaces/share/custom_interfaces/cmake/custom_interfaces__rosidl_typesupport_introspection_cExport.cmake
[9.420s] -- Installing: /home/aimane/data/colcon_ws3/install/custom_interfaces/share/custom_interfaces/cmake/custom_interfaces__rosidl_typesupport_introspection_cExport-noconfig.cmake
[9.420s] -- Installing: /home/aimane/data/colcon_ws3/install/custom_interfaces/share/custom_interfaces/cmake/custom_interfaces__rosidl_typesupport_cExport.cmake
[9.420s] -- Installing: /home/aimane/data/colcon_ws3/install/custom_interfaces/share/custom_interfaces/cmake/custom_interfaces__rosidl_typesupport_cExport-noconfig.cmake
[9.423s] -- Installing: /home/aimane/data/colcon_ws3/install/custom_interfaces/share/custom_interfaces/cmake/custom_interfaces__rosidl_typesupport_introspection_cppExport.cmake
[9.423s] -- Installing: /home/aimane/data/colcon_ws3/install/custom_interfaces/share/custom_interfaces/cmake/custom_interfaces__rosidl_typesupport_introspection_cppExport-noconfig.cmake
[9.423s] -- Installing: /home/aimane/data/colcon_ws3/install/custom_interfaces/share/custom_interfaces/cmake/custom_interfaces__rosidl_typesupport_cppExport.cmake
[9.424s] -- Installing: /home/aimane/data/colcon_ws3/install/custom_interfaces/share/custom_interfaces/cmake/custom_interfaces__rosidl_typesupport_cppExport-noconfig.cmake
[9.424s] -- Installing: /home/aimane/data/colcon_ws3/install/custom_interfaces/share/custom_interfaces/cmake/export_custom_interfaces__rosidl_generator_pyExport.cmake
[9.424s] -- Installing: /home/aimane/data/colcon_ws3/install/custom_interfaces/share/custom_interfaces/cmake/export_custom_interfaces__rosidl_generator_pyExport-noconfig.cmake
[9.424s] -- Installing: /home/aimane/data/colcon_ws3/install/custom_interfaces/share/custom_interfaces/cmake/rosidl_cmake-extras.cmake
[9.424s] -- Installing: /home/aimane/data/colcon_ws3/install/custom_interfaces/share/custom_interfaces/cmake/ament_cmake_export_dependencies-extras.cmake
[9.425s] -- Installing: /home/aimane/data/colcon_ws3/install/custom_interfaces/share/custom_interfaces/cmake/ament_cmake_export_include_directories-extras.cmake
[9.425s] -- Installing: /home/aimane/data/colcon_ws3/install/custom_interfaces/share/custom_interfaces/cmake/ament_cmake_export_libraries-extras.cmake
[9.426s] -- Installing: /home/aimane/data/colcon_ws3/install/custom_interfaces/share/custom_interfaces/cmake/ament_cmake_export_targets-extras.cmake
[9.428s] -- Installing: /home/aimane/data/colcon_ws3/install/custom_interfaces/share/custom_interfaces/cmake/rosidl_cmake_export_typesupport_targets-extras.cmake
[9.428s] -- Installing: /home/aimane/data/colcon_ws3/install/custom_interfaces/share/custom_interfaces/cmake/rosidl_cmake_export_typesupport_libraries-extras.cmake
[9.428s] -- Installing: /home/aimane/data/colcon_ws3/install/custom_interfaces/share/custom_interfaces/cmake/custom_interfacesConfig.cmake
[9.428s] -- Installing: /home/aimane/data/colcon_ws3/install/custom_interfaces/share/custom_interfaces/cmake/custom_interfacesConfig-version.cmake
[9.429s] -- Installing: /home/aimane/data/colcon_ws3/install/custom_interfaces/share/custom_interfaces/package.xml
[9.430s] Invoked command in '/home/aimane/data/colcon_ws3/build/custom_interfaces' returned '0': CMAKE_PREFIX_PATH=/opt/ros/humble /usr/bin/cmake --install /home/aimane/data/colcon_ws3/build/custom_interfaces
