[0.018s] Invoking command in '/home/aimane/data/colcon_ws1/build/my_first_pkg': CMAKE_PREFIX_PATH=/opt/ros/humble /usr/bin/cmake /home/aimane/data/colcon_ws1/my_first_pkg -DCMAKE_INSTALL_PREFIX=/home/aimane/data/colcon_ws1/install/my_first_pkg
[0.608s] -- The C compiler identification is GNU 11.4.0
[0.976s] -- The CXX compiler identification is GNU 11.4.0
[0.985s] -- Detecting C compiler ABI info
[1.195s] -- Detecting C compiler ABI info - done
[1.219s] -- Check for working C compiler: /usr/bin/cc - skipped
[1.219s] -- Detecting C compile features
[1.220s] -- Detecting C compile features - done
[1.225s] -- Detecting CXX compiler ABI info
[1.424s] -- Detecting CXX compiler ABI info - done
[1.451s] -- Check for working CXX compiler: /usr/bin/c++ - skipped
[1.451s] -- Detecting CXX compile features
[1.452s] -- Detecting CXX compile features - done
[1.459s] -- Found ament_cmake: 1.3.12 (/opt/ros/humble/share/ament_cmake/cmake)
[1.751s] -- Found Python3: /usr/bin/python3 (found version "3.10.12") found components: Interpreter 
[2.007s] -- Found rclcpp: 16.0.14 (/opt/ros/humble/share/rclcpp/cmake)
[2.099s] -- Found rosidl_generator_c: 3.1.7 (/opt/ros/humble/share/rosidl_generator_c/cmake)
[2.106s] -- Found rosidl_adapter: 3.1.7 (/opt/ros/humble/share/rosidl_adapter/cmake)
[2.122s] -- Found rosidl_generator_cpp: 3.1.7 (/opt/ros/humble/share/rosidl_generator_cpp/cmake)
[2.151s] -- Using all available rosidl_typesupport_c: rosidl_typesupport_fastrtps_c;rosidl_typesupport_introspection_c
[2.188s] -- Using all available rosidl_typesupport_cpp: rosidl_typesupport_fastrtps_cpp;rosidl_typesupport_introspection_cpp
[2.276s] -- Found rmw_implementation_cmake: 6.1.2 (/opt/ros/humble/share/rmw_implementation_cmake/cmake)
[2.284s] -- Found rmw_fastrtps_cpp: 6.2.8 (/opt/ros/humble/share/rmw_fastrtps_cpp/cmake)
[2.438s] -- Found OpenSSL: /usr/lib/x86_64-linux-gnu/libcrypto.so (found version "3.0.2")  
[2.484s] -- Found FastRTPS: /opt/ros/humble/include  
[2.552s] -- Using RMW implementation 'rmw_fastrtps_cpp' as default
[2.566s] -- Looking for pthread.h
[2.884s] -- Looking for pthread.h - found
[2.884s] -- Performing Test CMAKE_HAVE_LIBC_PTHREAD
[3.031s] -- Performing Test CMAKE_HAVE_LIBC_PTHREAD - Success
[3.032s] -- Found Threads: TRUE  
[3.180s] -- Found ament_lint_auto: 0.12.14 (/opt/ros/humble/share/ament_lint_auto/cmake)
[3.332s] -- Added test 'cppcheck' to perform static code analysis on C / C++ code
[3.332s] -- Configured cppcheck include dirs: 
[3.332s] -- Configured cppcheck exclude dirs and/or files: 
[3.340s] -- Added test 'lint_cmake' to check CMake code style
[3.340s] -- Added test 'uncrustify' to check C / C++ code style
[3.340s] -- Configured uncrustify additional arguments: 
[3.340s] -- Added test 'xmllint' to check XML markup files
[3.340s] -- Configuring done
[3.356s] -- Generating done
[3.363s] -- Build files have been written to: /home/aimane/data/colcon_ws1/build/my_first_pkg
[3.380s] Invoked command in '/home/aimane/data/colcon_ws1/build/my_first_pkg' returned '0': CMAKE_PREFIX_PATH=/opt/ros/humble /usr/bin/cmake /home/aimane/data/colcon_ws1/my_first_pkg -DCMAKE_INSTALL_PREFIX=/home/aimane/data/colcon_ws1/install/my_first_pkg
[3.384s] Invoking command in '/home/aimane/data/colcon_ws1/build/my_first_pkg': CMAKE_PREFIX_PATH=/opt/ros/humble /usr/bin/cmake --build /home/aimane/data/colcon_ws1/build/my_first_pkg -- -j3 -l3
[3.470s] [ 50%] [32mBuilding CXX object CMakeFiles/my_node.dir/src/my_node.cpp.o[0m
[9.386s] [100%] [32m[1mLinking CXX executable my_node[0m
[9.577s] [100%] Built target my_node
[9.596s] Invoked command in '/home/aimane/data/colcon_ws1/build/my_first_pkg' returned '0': CMAKE_PREFIX_PATH=/opt/ros/humble /usr/bin/cmake --build /home/aimane/data/colcon_ws1/build/my_first_pkg -- -j3 -l3
[9.616s] Invoking command in '/home/aimane/data/colcon_ws1/build/my_first_pkg': CMAKE_PREFIX_PATH=/opt/ros/humble /usr/bin/cmake --install /home/aimane/data/colcon_ws1/build/my_first_pkg
[9.633s] -- Install configuration: ""
[9.634s] -- Installing: /home/aimane/data/colcon_ws1/install/my_first_pkg/lib/my_first_pkg/my_node
[9.634s] -- Set runtime path of "/home/aimane/data/colcon_ws1/install/my_first_pkg/lib/my_first_pkg/my_node" to ""
[9.634s] -- Installing: /home/aimane/data/colcon_ws1/install/my_first_pkg/share/ament_index/resource_index/package_run_dependencies/my_first_pkg
[9.634s] -- Installing: /home/aimane/data/colcon_ws1/install/my_first_pkg/share/ament_index/resource_index/parent_prefix_path/my_first_pkg
[9.634s] -- Installing: /home/aimane/data/colcon_ws1/install/my_first_pkg/share/my_first_pkg/environment/ament_prefix_path.sh
[9.634s] -- Installing: /home/aimane/data/colcon_ws1/install/my_first_pkg/share/my_first_pkg/environment/ament_prefix_path.dsv
[9.634s] -- Installing: /home/aimane/data/colcon_ws1/install/my_first_pkg/share/my_first_pkg/environment/path.sh
[9.637s] -- Installing: /home/aimane/data/colcon_ws1/install/my_first_pkg/share/my_first_pkg/environment/path.dsv
[9.638s] -- Installing: /home/aimane/data/colcon_ws1/install/my_first_pkg/share/my_first_pkg/local_setup.bash
[9.638s] -- Installing: /home/aimane/data/colcon_ws1/install/my_first_pkg/share/my_first_pkg/local_setup.sh
[9.638s] -- Installing: /home/aimane/data/colcon_ws1/install/my_first_pkg/share/my_first_pkg/local_setup.zsh
[9.639s] -- Installing: /home/aimane/data/colcon_ws1/install/my_first_pkg/share/my_first_pkg/local_setup.dsv
[9.639s] -- Installing: /home/aimane/data/colcon_ws1/install/my_first_pkg/share/my_first_pkg/package.dsv
[9.640s] -- Installing: /home/aimane/data/colcon_ws1/install/my_first_pkg/share/ament_index/resource_index/packages/my_first_pkg
[9.640s] -- Installing: /home/aimane/data/colcon_ws1/install/my_first_pkg/share/my_first_pkg/cmake/my_first_pkgConfig.cmake
[9.640s] -- Installing: /home/aimane/data/colcon_ws1/install/my_first_pkg/share/my_first_pkg/cmake/my_first_pkgConfig-version.cmake
[9.640s] -- Installing: /home/aimane/data/colcon_ws1/install/my_first_pkg/share/my_first_pkg/package.xml
[9.646s] Invoked command in '/home/aimane/data/colcon_ws1/build/my_first_pkg' returned '0': CMAKE_PREFIX_PATH=/opt/ros/humble /usr/bin/cmake --install /home/aimane/data/colcon_ws1/build/my_first_pkg
