[0.019s] Invoking command in '/home/aimane/data/colcon_ws1/build/my_first_pkg': CMAKE_PREFIX_PATH=${CMAKE_PREFIX_PATH}:/opt/ros/humble /usr/bin/cmake --build /home/aimane/data/colcon_ws1/build/my_first_pkg -- -j3 -l3
[0.054s] -- Found ament_cmake: 1.3.12 (/opt/ros/humble/share/ament_cmake/cmake)
[0.261s] -- Found rclcpp: 16.0.14 (/opt/ros/humble/share/rclcpp/cmake)
[0.315s] -- Found rosidl_generator_c: 3.1.7 (/opt/ros/humble/share/rosidl_generator_c/cmake)
[0.321s] -- Found rosidl_adapter: 3.1.7 (/opt/ros/humble/share/rosidl_adapter/cmake)
[0.335s] -- Found rosidl_generator_cpp: 3.1.7 (/opt/ros/humble/share/rosidl_generator_cpp/cmake)
[0.354s] -- Using all available rosidl_typesupport_c: rosidl_typesupport_fastrtps_c;rosidl_typesupport_introspection_c
[0.379s] -- Using all available rosidl_typesupport_cpp: rosidl_typesupport_fastrtps_cpp;rosidl_typesupport_introspection_cpp
[0.450s] -- Found rmw_implementation_cmake: 6.1.2 (/opt/ros/humble/share/rmw_implementation_cmake/cmake)
[0.453s] -- Found rmw_fastrtps_cpp: 6.2.8 (/opt/ros/humble/share/rmw_fastrtps_cpp/cmake)
[0.625s] -- Using RMW implementation 'rmw_fastrtps_cpp' as default
[0.747s] -- Found ament_lint_auto: 0.12.14 (/opt/ros/humble/share/ament_lint_auto/cmake)
[0.855s] -- Added test 'cppcheck' to perform static code analysis on C / C++ code
[0.855s] -- Configured cppcheck include dirs: 
[0.856s] -- Configured cppcheck exclude dirs and/or files: 
[0.856s] -- Added test 'lint_cmake' to check CMake code style
[0.856s] -- Added test 'uncrustify' to check C / C++ code style
[0.856s] -- Configured uncrustify additional arguments: 
[0.857s] -- Added test 'xmllint' to check XML markup files
[0.860s] -- Configuring done
[0.876s] -- Generating done
[0.886s] -- Build files have been written to: /home/aimane/data/colcon_ws1/build/my_first_pkg
[0.921s] [35m[1mConsolidate compiler generated dependencies of target my_node[0m
[0.933s] [ 25%] [32mBuilding CXX object CMakeFiles/my_nodeLoop.dir/src/my_nodeLoop.cpp.o[0m
[0.950s] [ 50%] [32mBuilding CXX object CMakeFiles/my_node.dir/src/my_node.cpp.o[0m
[5.649s] [ 75%] [32m[1mLinking CXX executable my_node[0m
[5.713s] [100%] [32m[1mLinking CXX executable my_nodeLoop[0m
[5.880s] [100%] Built target my_node
[5.920s] [100%] Built target my_nodeLoop
[5.941s] Invoked command in '/home/aimane/data/colcon_ws1/build/my_first_pkg' returned '0': CMAKE_PREFIX_PATH=${CMAKE_PREFIX_PATH}:/opt/ros/humble /usr/bin/cmake --build /home/aimane/data/colcon_ws1/build/my_first_pkg -- -j3 -l3
[5.955s] Invoking command in '/home/aimane/data/colcon_ws1/build/my_first_pkg': CMAKE_PREFIX_PATH=${CMAKE_PREFIX_PATH}:/opt/ros/humble /usr/bin/cmake --install /home/aimane/data/colcon_ws1/build/my_first_pkg
[5.966s] -- Install configuration: ""
[5.966s] -- Installing: /home/aimane/data/colcon_ws1/install/my_first_pkg/lib/my_first_pkg/my_node
[5.968s] -- Set runtime path of "/home/aimane/data/colcon_ws1/install/my_first_pkg/lib/my_first_pkg/my_node" to ""
[5.969s] -- Installing: /home/aimane/data/colcon_ws1/install/my_first_pkg/lib/my_first_pkg/my_nodeLoop
[5.969s] -- Set runtime path of "/home/aimane/data/colcon_ws1/install/my_first_pkg/lib/my_first_pkg/my_nodeLoop" to ""
[5.969s] -- Up-to-date: /home/aimane/data/colcon_ws1/install/my_first_pkg/share/ament_index/resource_index/package_run_dependencies/my_first_pkg
[5.969s] -- Installing: /home/aimane/data/colcon_ws1/install/my_first_pkg/share/ament_index/resource_index/parent_prefix_path/my_first_pkg
[5.969s] -- Up-to-date: /home/aimane/data/colcon_ws1/install/my_first_pkg/share/my_first_pkg/environment/ament_prefix_path.sh
[5.970s] -- Installing: /home/aimane/data/colcon_ws1/install/my_first_pkg/share/my_first_pkg/environment/ament_prefix_path.dsv
[5.970s] -- Up-to-date: /home/aimane/data/colcon_ws1/install/my_first_pkg/share/my_first_pkg/environment/path.sh
[5.970s] -- Installing: /home/aimane/data/colcon_ws1/install/my_first_pkg/share/my_first_pkg/environment/path.dsv
[5.970s] -- Up-to-date: /home/aimane/data/colcon_ws1/install/my_first_pkg/share/my_first_pkg/local_setup.bash
[5.970s] -- Up-to-date: /home/aimane/data/colcon_ws1/install/my_first_pkg/share/my_first_pkg/local_setup.sh
[5.970s] -- Up-to-date: /home/aimane/data/colcon_ws1/install/my_first_pkg/share/my_first_pkg/local_setup.zsh
[5.970s] -- Installing: /home/aimane/data/colcon_ws1/install/my_first_pkg/share/my_first_pkg/local_setup.dsv
[5.971s] -- Installing: /home/aimane/data/colcon_ws1/install/my_first_pkg/share/my_first_pkg/package.dsv
[5.971s] -- Up-to-date: /home/aimane/data/colcon_ws1/install/my_first_pkg/share/ament_index/resource_index/packages/my_first_pkg
[5.971s] -- Up-to-date: /home/aimane/data/colcon_ws1/install/my_first_pkg/share/my_first_pkg/cmake/my_first_pkgConfig.cmake
[5.971s] -- Up-to-date: /home/aimane/data/colcon_ws1/install/my_first_pkg/share/my_first_pkg/cmake/my_first_pkgConfig-version.cmake
[5.971s] -- Up-to-date: /home/aimane/data/colcon_ws1/install/my_first_pkg/share/my_first_pkg/package.xml
[5.974s] Invoked command in '/home/aimane/data/colcon_ws1/build/my_first_pkg' returned '0': CMAKE_PREFIX_PATH=${CMAKE_PREFIX_PATH}:/opt/ros/humble /usr/bin/cmake --install /home/aimane/data/colcon_ws1/build/my_first_pkg
