[ 50%] Built target pubvel
[100%] Built target subpose
-- Install configuration: ""
-- Up-to-date: /home/aimane/data/colcon_ws2/install/foolturtle/lib/foolturtle/pubvel
-- Up-to-date: /home/aimane/data/colcon_ws2/install/foolturtle/lib/foolturtle/subpose
-- Up-to-date: /home/aimane/data/colcon_ws2/install/foolturtle/share/ament_index/resource_index/package_run_dependencies/foolturtle
-- Up-to-date: /home/aimane/data/colcon_ws2/install/foolturtle/share/ament_index/resource_index/parent_prefix_path/foolturtle
-- Up-to-date: /home/aimane/data/colcon_ws2/install/foolturtle/share/foolturtle/environment/ament_prefix_path.sh
-- Up-to-date: /home/aimane/data/colcon_ws2/install/foolturtle/share/foolturtle/environment/ament_prefix_path.dsv
-- Up-to-date: /home/aimane/data/colcon_ws2/install/foolturtle/share/foolturtle/environment/path.sh
-- Up-to-date: /home/aimane/data/colcon_ws2/install/foolturtle/share/foolturtle/environment/path.dsv
-- Up-to-date: /home/aimane/data/colcon_ws2/install/foolturtle/share/foolturtle/local_setup.bash
-- Up-to-date: /home/aimane/data/colcon_ws2/install/foolturtle/share/foolturtle/local_setup.sh
-- Up-to-date: /home/aimane/data/colcon_ws2/install/foolturtle/share/foolturtle/local_setup.zsh
-- Up-to-date: /home/aimane/data/colcon_ws2/install/foolturtle/share/foolturtle/local_setup.dsv
-- Installing: /home/aimane/data/colcon_ws2/install/foolturtle/share/foolturtle/package.dsv
-- Up-to-date: /home/aimane/data/colcon_ws2/install/foolturtle/share/ament_index/resource_index/packages/foolturtle
-- Up-to-date: /home/aimane/data/colcon_ws2/install/foolturtle/share/foolturtle/cmake/ament_cmake_export_dependencies-extras.cmake
-- Up-to-date: /home/aimane/data/colcon_ws2/install/foolturtle/share/foolturtle/cmake/foolturtleConfig.cmake
-- Up-to-date: /home/aimane/data/colcon_ws2/install/foolturtle/share/foolturtle/cmake/foolturtleConfig-version.cmake
-- Up-to-date: /home/aimane/data/colcon_ws2/install/foolturtle/share/foolturtle/package.xml
