[0.018s] Invoking command in '/home/aimane/data/colcon_ws2/build/foolturtle': CMAKE_PREFIX_PATH=${CMAKE_PREFIX_PATH}:/opt/ros/humble /usr/bin/cmake --build /home/aimane/data/colcon_ws2/build/foolturtle -- -j3 -l3
[0.131s] [ 50%] Built target pubvel
[0.156s] [100%] Built target subpose
[0.177s] Invoked command in '/home/aimane/data/colcon_ws2/build/foolturtle' returned '0': CMAKE_PREFIX_PATH=${CMAKE_PREFIX_PATH}:/opt/ros/humble /usr/bin/cmake --build /home/aimane/data/colcon_ws2/build/foolturtle -- -j3 -l3
[0.202s] Invoking command in '/home/aimane/data/colcon_ws2/build/foolturtle': CMAKE_PREFIX_PATH=${CMAKE_PREFIX_PATH}:/opt/ros/humble /usr/bin/cmake --install /home/aimane/data/colcon_ws2/build/foolturtle
[0.211s] -- Install configuration: ""
[0.212s] -- Up-to-date: /home/aimane/data/colcon_ws2/install/foolturtle/lib/foolturtle/pubvel
[0.214s] -- Up-to-date: /home/aimane/data/colcon_ws2/install/foolturtle/lib/foolturtle/subpose
[0.214s] -- Up-to-date: /home/aimane/data/colcon_ws2/install/foolturtle/share/ament_index/resource_index/package_run_dependencies/foolturtle
[0.215s] -- Up-to-date: /home/aimane/data/colcon_ws2/install/foolturtle/share/ament_index/resource_index/parent_prefix_path/foolturtle
[0.215s] -- Up-to-date: /home/aimane/data/colcon_ws2/install/foolturtle/share/foolturtle/environment/ament_prefix_path.sh
[0.217s] -- Up-to-date: /home/aimane/data/colcon_ws2/install/foolturtle/share/foolturtle/environment/ament_prefix_path.dsv
[0.217s] -- Up-to-date: /home/aimane/data/colcon_ws2/install/foolturtle/share/foolturtle/environment/path.sh
[0.217s] -- Up-to-date: /home/aimane/data/colcon_ws2/install/foolturtle/share/foolturtle/environment/path.dsv
[0.217s] -- Up-to-date: /home/aimane/data/colcon_ws2/install/foolturtle/share/foolturtle/local_setup.bash
[0.217s] -- Up-to-date: /home/aimane/data/colcon_ws2/install/foolturtle/share/foolturtle/local_setup.sh
[0.217s] -- Up-to-date: /home/aimane/data/colcon_ws2/install/foolturtle/share/foolturtle/local_setup.zsh
[0.217s] -- Up-to-date: /home/aimane/data/colcon_ws2/install/foolturtle/share/foolturtle/local_setup.dsv
[0.217s] -- Installing: /home/aimane/data/colcon_ws2/install/foolturtle/share/foolturtle/package.dsv
[0.218s] -- Up-to-date: /home/aimane/data/colcon_ws2/install/foolturtle/share/ament_index/resource_index/packages/foolturtle
[0.218s] -- Up-to-date: /home/aimane/data/colcon_ws2/install/foolturtle/share/foolturtle/cmake/ament_cmake_export_dependencies-extras.cmake
[0.218s] -- Up-to-date: /home/aimane/data/colcon_ws2/install/foolturtle/share/foolturtle/cmake/foolturtleConfig.cmake
[0.218s] -- Up-to-date: /home/aimane/data/colcon_ws2/install/foolturtle/share/foolturtle/cmake/foolturtleConfig-version.cmake
[0.218s] -- Up-to-date: /home/aimane/data/colcon_ws2/install/foolturtle/share/foolturtle/package.xml
[0.224s] Invoked command in '/home/aimane/data/colcon_ws2/build/foolturtle' returned '0': CMAKE_PREFIX_PATH=${CMAKE_PREFIX_PATH}:/opt/ros/humble /usr/bin/cmake --install /home/aimane/data/colcon_ws2/build/foolturtle
