[0.052s] Invoking command in '/home/aimane/data/colcon_ws3/build/urdf_tutorial': AMENT_PREFIX_PATH=/home/aimane/data/colcon_ws3/install/ur_description:${AMENT_PREFIX_PATH} CMAKE_PREFIX_PATH=/home/aimane/data/colcon_ws3/install/ur_description:/opt/ros/humble /usr/bin/cmake --build /home/aimane/data/colcon_ws3/build/urdf_tutorial -- -j3 -l3
[0.297s] Invoked command in '/home/aimane/data/colcon_ws3/build/urdf_tutorial' returned '0': AMENT_PREFIX_PATH=/home/aimane/data/colcon_ws3/install/ur_description:${AMENT_PREFIX_PATH} CMAKE_PREFIX_PATH=/home/aimane/data/colcon_ws3/install/ur_description:/opt/ros/humble /usr/bin/cmake --build /home/aimane/data/colcon_ws3/build/urdf_tutorial -- -j3 -l3
[0.319s] Invoking command in '/home/aimane/data/colcon_ws3/build/urdf_tutorial': AMENT_PREFIX_PATH=/home/aimane/data/colcon_ws3/install/ur_description:${AMENT_PREFIX_PATH} CMAKE_PREFIX_PATH=/home/aimane/data/colcon_ws3/install/ur_description:/opt/ros/humble /usr/bin/cmake --install /home/aimane/data/colcon_ws3/build/urdf_tutorial
[0.342s] -- Install configuration: ""
[0.342s] -- Up-to-date: /home/aimane/data/colcon_ws3/install/urdf_tutorial/share/urdf_tutorial/launch
[0.345s] -- Up-to-date: /home/aimane/data/colcon_ws3/install/urdf_tutorial/share/urdf_tutorial/launch/ur_visualization.launch.py
[0.345s] -- Up-to-date: /home/aimane/data/colcon_ws3/install/urdf_tutorial/share/urdf_tutorial/launch/pantilt_visualization.launch.py
[0.345s] -- Up-to-date: /home/aimane/data/colcon_ws3/install/urdf_tutorial/share/urdf_tutorial/config
[0.345s] -- Up-to-date: /home/aimane/data/colcon_ws3/install/urdf_tutorial/share/urdf_tutorial/config/pawn_marker.yaml
[0.345s] -- Up-to-date: /home/aimane/data/colcon_ws3/install/urdf_tutorial/share/urdf_tutorial/urdf
[0.345s] -- Up-to-date: /home/aimane/data/colcon_ws3/install/urdf_tutorial/share/urdf_tutorial/urdf/build
[0.346s] -- Up-to-date: /home/aimane/data/colcon_ws3/install/urdf_tutorial/share/urdf_tutorial/urdf/build/COLCON_IGNORE
[0.346s] -- Up-to-date: /home/aimane/data/colcon_ws3/install/urdf_tutorial/share/urdf_tutorial/urdf/build/.built_by
[0.346s] -- Up-to-date: /home/aimane/data/colcon_ws3/install/urdf_tutorial/share/urdf_tutorial/urdf/pan_tilt.pdf
[0.346s] -- Installing: /home/aimane/data/colcon_ws3/install/urdf_tutorial/share/urdf_tutorial/urdf/ur.urdf.xacro 
[0.346s] -- Up-to-date: /home/aimane/data/colcon_ws3/install/urdf_tutorial/share/urdf_tutorial/urdf/pan_tilt.xacro
[0.347s] -- Up-to-date: /home/aimane/data/colcon_ws3/install/urdf_tutorial/share/urdf_tutorial/urdf/install
[0.347s] -- Up-to-date: /home/aimane/data/colcon_ws3/install/urdf_tutorial/share/urdf_tutorial/urdf/install/COLCON_IGNORE
[0.347s] -- Up-to-date: /home/aimane/data/colcon_ws3/install/urdf_tutorial/share/urdf_tutorial/urdf/install/.colcon_install_layout
[0.347s] -- Up-to-date: /home/aimane/data/colcon_ws3/install/urdf_tutorial/share/urdf_tutorial/urdf/log
[0.347s] -- Up-to-date: /home/aimane/data/colcon_ws3/install/urdf_tutorial/share/urdf_tutorial/urdf/log/latest
[0.348s] -- Up-to-date: /home/aimane/data/colcon_ws3/install/urdf_tutorial/share/urdf_tutorial/urdf/log/COLCON_IGNORE
[0.348s] -- Up-to-date: /home/aimane/data/colcon_ws3/install/urdf_tutorial/share/urdf_tutorial/urdf/log/build_2025-09-08_01-41-47
[0.348s] -- Up-to-date: /home/aimane/data/colcon_ws3/install/urdf_tutorial/share/urdf_tutorial/urdf/log/build_2025-09-08_01-41-47/logger_all.log
[0.348s] -- Up-to-date: /home/aimane/data/colcon_ws3/install/urdf_tutorial/share/urdf_tutorial/urdf/log/latest_build
[0.348s] -- Up-to-date: /home/aimane/data/colcon_ws3/install/urdf_tutorial/share/urdf_tutorial/urdf/pan_tilt.gv
[0.349s] -- Installing: /home/aimane/data/colcon_ws3/install/urdf_tutorial/share/urdf_tutorial/urdf/pan_tilt.urdf
[0.356s] -- Up-to-date: /home/aimane/data/colcon_ws3/install/urdf_tutorial/share/urdf_tutorial/rviz
[0.357s] -- Up-to-date: /home/aimane/data/colcon_ws3/install/urdf_tutorial/share/urdf_tutorial/rviz/display_urdf.rviz
[0.357s] -- Up-to-date: /home/aimane/data/colcon_ws3/install/urdf_tutorial/share/urdf_tutorial/rviz/ur_visualization.rviz
[0.357s] -- Up-to-date: /home/aimane/data/colcon_ws3/install/urdf_tutorial/share/ament_index/resource_index/package_run_dependencies/urdf_tutorial
[0.357s] -- Up-to-date: /home/aimane/data/colcon_ws3/install/urdf_tutorial/share/ament_index/resource_index/parent_prefix_path/urdf_tutorial
[0.358s] -- Up-to-date: /home/aimane/data/colcon_ws3/install/urdf_tutorial/share/urdf_tutorial/environment/ament_prefix_path.sh
[0.358s] -- Up-to-date: /home/aimane/data/colcon_ws3/install/urdf_tutorial/share/urdf_tutorial/environment/ament_prefix_path.dsv
[0.358s] -- Up-to-date: /home/aimane/data/colcon_ws3/install/urdf_tutorial/share/urdf_tutorial/environment/path.sh
[0.358s] -- Up-to-date: /home/aimane/data/colcon_ws3/install/urdf_tutorial/share/urdf_tutorial/environment/path.dsv
[0.358s] -- Up-to-date: /home/aimane/data/colcon_ws3/install/urdf_tutorial/share/urdf_tutorial/local_setup.bash
[0.358s] -- Up-to-date: /home/aimane/data/colcon_ws3/install/urdf_tutorial/share/urdf_tutorial/local_setup.sh
[0.359s] -- Up-to-date: /home/aimane/data/colcon_ws3/install/urdf_tutorial/share/urdf_tutorial/local_setup.zsh
[0.359s] -- Up-to-date: /home/aimane/data/colcon_ws3/install/urdf_tutorial/share/urdf_tutorial/local_setup.dsv
[0.359s] -- Installing: /home/aimane/data/colcon_ws3/install/urdf_tutorial/share/urdf_tutorial/package.dsv
[0.359s] -- Up-to-date: /home/aimane/data/colcon_ws3/install/urdf_tutorial/share/ament_index/resource_index/packages/urdf_tutorial
[0.359s] -- Up-to-date: /home/aimane/data/colcon_ws3/install/urdf_tutorial/share/urdf_tutorial/cmake/ament_cmake_export_dependencies-extras.cmake
[0.360s] -- Up-to-date: /home/aimane/data/colcon_ws3/install/urdf_tutorial/share/urdf_tutorial/cmake/urdf_tutorialConfig.cmake
[0.360s] -- Up-to-date: /home/aimane/data/colcon_ws3/install/urdf_tutorial/share/urdf_tutorial/cmake/urdf_tutorialConfig-version.cmake
[0.360s] -- Up-to-date: /home/aimane/data/colcon_ws3/install/urdf_tutorial/share/urdf_tutorial/package.xml
[0.364s] Invoked command in '/home/aimane/data/colcon_ws3/build/urdf_tutorial' returned '0': AMENT_PREFIX_PATH=/home/aimane/data/colcon_ws3/install/ur_description:${AMENT_PREFIX_PATH} CMAKE_PREFIX_PATH=/home/aimane/data/colcon_ws3/install/ur_description:/opt/ros/humble /usr/bin/cmake --install /home/aimane/data/colcon_ws3/build/urdf_tutorial
