[0.026s] Invoking command in '/home/aimane/data/colcon_ws2/build/pubsub_custom': AMENT_PREFIX_PATH=/home/aimane/data/colcon_ws2/install/custom_interfaces:${AMENT_PREFIX_PATH} CMAKE_PREFIX_PATH=/home/aimane/data/colcon_ws2/install/custom_interfaces:/home/aimane/data/colcon_ws2/install/foolturtle:/opt/ros/humble LD_LIBRARY_PATH=/home/aimane/data/colcon_ws2/install/custom_interfaces/lib:${LD_LIBRARY_PATH} PYTHONPATH=/home/aimane/data/colcon_ws2/install/custom_interfaces/local/lib/python3.10/dist-packages:${PYTHONPATH} /usr/bin/cmake /home/aimane/data/colcon_ws2/src/pubsub_custom -DCMAKE_INSTALL_PREFIX=/home/aimane/data/colcon_ws2/install/pubsub_custom
[0.154s] -- The C compiler identification is GNU 11.4.0
[0.257s] -- The CXX compiler identification is GNU 11.4.0
[0.273s] -- Detecting C compiler ABI info
[0.415s] -- Detecting C compiler ABI info - done
[0.438s] -- Check for working C compiler: /usr/bin/cc - skipped
[0.441s] -- Detecting C compile features
[0.445s] -- Detecting C compile features - done
[0.463s] -- Detecting CXX compiler ABI info
[0.698s] -- Detecting CXX compiler ABI info - done
[0.727s] -- Check for working CXX compiler: /usr/bin/c++ - skipped
[0.729s] -- Detecting CXX compile features
[0.732s] -- Detecting CXX compile features - done
[0.740s] -- Found ament_cmake: 1.3.12 (/opt/ros/humble/share/ament_cmake/cmake)
[1.025s] -- Found Python3: /usr/bin/python3 (found version "3.10.12") found components: Interpreter 
[1.214s] -- Found rclcpp: 16.0.14 (/opt/ros/humble/share/rclcpp/cmake)
[1.300s] -- Found rosidl_generator_c: 3.1.7 (/opt/ros/humble/share/rosidl_generator_c/cmake)
[1.309s] -- Found rosidl_adapter: 3.1.7 (/opt/ros/humble/share/rosidl_adapter/cmake)
[1.336s] -- Found rosidl_generator_cpp: 3.1.7 (/opt/ros/humble/share/rosidl_generator_cpp/cmake)
[1.380s] -- Using all available rosidl_typesupport_c: rosidl_typesupport_fastrtps_c;rosidl_typesupport_introspection_c
[1.414s] -- Using all available rosidl_typesupport_cpp: rosidl_typesupport_fastrtps_cpp;rosidl_typesupport_introspection_cpp
[1.513s] -- Found rmw_implementation_cmake: 6.1.2 (/opt/ros/humble/share/rmw_implementation_cmake/cmake)
[1.519s] -- Found rmw_fastrtps_cpp: 6.2.8 (/opt/ros/humble/share/rmw_fastrtps_cpp/cmake)
[1.685s] -- Found OpenSSL: /usr/lib/x86_64-linux-gnu/libcrypto.so (found version "3.0.2")  
[1.737s] -- Found FastRTPS: /opt/ros/humble/include  
[1.813s] -- Using RMW implementation 'rmw_fastrtps_cpp' as default
[1.831s] -- Looking for pthread.h
[1.959s] -- Looking for pthread.h - found
[1.967s] -- Performing Test CMAKE_HAVE_LIBC_PTHREAD
[2.101s] -- Performing Test CMAKE_HAVE_LIBC_PTHREAD - Success
[2.103s] -- Found Threads: TRUE  
[2.234s] -- Found custom_interfaces: 0.0.0 (/home/aimane/data/colcon_ws2/install/custom_interfaces/share/custom_interfaces/cmake)
[2.317s] -- Found ament_lint_auto: 0.12.14 (/opt/ros/humble/share/ament_lint_auto/cmake)
[2.500s] -- Added test 'copyright' to check source files copyright and LICENSE
[2.504s] -- Added test 'cppcheck' to perform static code analysis on C / C++ code
[2.505s] -- Configured cppcheck include dirs: 
[2.505s] -- Configured cppcheck exclude dirs and/or files: 
[2.505s] -- Added test 'cpplint' to check C / C++ code against the Google style
[2.505s] -- Configured cpplint exclude dirs and/or files: 
[2.508s] -- Added test 'lint_cmake' to check CMake code style
[2.508s] -- Added test 'uncrustify' to check C / C++ code style
[2.508s] -- Configured uncrustify additional arguments: 
[2.511s] -- Added test 'xmllint' to check XML markup files
[2.513s] -- Configuring done
[2.534s] -- Generating done
[2.546s] -- Build files have been written to: /home/aimane/data/colcon_ws2/build/pubsub_custom
[2.566s] Invoked command in '/home/aimane/data/colcon_ws2/build/pubsub_custom' returned '0': AMENT_PREFIX_PATH=/home/aimane/data/colcon_ws2/install/custom_interfaces:${AMENT_PREFIX_PATH} CMAKE_PREFIX_PATH=/home/aimane/data/colcon_ws2/install/custom_interfaces:/home/aimane/data/colcon_ws2/install/foolturtle:/opt/ros/humble LD_LIBRARY_PATH=/home/aimane/data/colcon_ws2/install/custom_interfaces/lib:${LD_LIBRARY_PATH} PYTHONPATH=/home/aimane/data/colcon_ws2/install/custom_interfaces/local/lib/python3.10/dist-packages:${PYTHONPATH} /usr/bin/cmake /home/aimane/data/colcon_ws2/src/pubsub_custom -DCMAKE_INSTALL_PREFIX=/home/aimane/data/colcon_ws2/install/pubsub_custom
[2.567s] Invoking command in '/home/aimane/data/colcon_ws2/build/pubsub_custom': AMENT_PREFIX_PATH=/home/aimane/data/colcon_ws2/install/custom_interfaces:${AMENT_PREFIX_PATH} CMAKE_PREFIX_PATH=/home/aimane/data/colcon_ws2/install/custom_interfaces:/home/aimane/data/colcon_ws2/install/foolturtle:/opt/ros/humble LD_LIBRARY_PATH=/home/aimane/data/colcon_ws2/install/custom_interfaces/lib:${LD_LIBRARY_PATH} PYTHONPATH=/home/aimane/data/colcon_ws2/install/custom_interfaces/local/lib/python3.10/dist-packages:${PYTHONPATH} /usr/bin/cmake --build /home/aimane/data/colcon_ws2/build/pubsub_custom -- -j3 -l3
[2.653s] [ 25%] [32mBuilding CXX object CMakeFiles/publisher_class.dir/src/publisher_class.cpp.o[0m
[2.664s] [ 50%] [32mBuilding CXX object CMakeFiles/subscriber_class.dir/src/subscriber_class.cpp.o[0m
[12.808s] [ 75%] [32m[1mLinking CXX executable publisher_class[0m
[13.241s] [ 75%] Built target publisher_class
[18.881s] [100%] [32m[1mLinking CXX executable subscriber_class[0m
[19.502s] [100%] Built target subscriber_class
[19.522s] Invoked command in '/home/aimane/data/colcon_ws2/build/pubsub_custom' returned '0': AMENT_PREFIX_PATH=/home/aimane/data/colcon_ws2/install/custom_interfaces:${AMENT_PREFIX_PATH} CMAKE_PREFIX_PATH=/home/aimane/data/colcon_ws2/install/custom_interfaces:/home/aimane/data/colcon_ws2/install/foolturtle:/opt/ros/humble LD_LIBRARY_PATH=/home/aimane/data/colcon_ws2/install/custom_interfaces/lib:${LD_LIBRARY_PATH} PYTHONPATH=/home/aimane/data/colcon_ws2/install/custom_interfaces/local/lib/python3.10/dist-packages:${PYTHONPATH} /usr/bin/cmake --build /home/aimane/data/colcon_ws2/build/pubsub_custom -- -j3 -l3
[19.526s] Invoking command in '/home/aimane/data/colcon_ws2/build/pubsub_custom': AMENT_PREFIX_PATH=/home/aimane/data/colcon_ws2/install/custom_interfaces:${AMENT_PREFIX_PATH} CMAKE_PREFIX_PATH=/home/aimane/data/colcon_ws2/install/custom_interfaces:/home/aimane/data/colcon_ws2/install/foolturtle:/opt/ros/humble LD_LIBRARY_PATH=/home/aimane/data/colcon_ws2/install/custom_interfaces/lib:${LD_LIBRARY_PATH} PYTHONPATH=/home/aimane/data/colcon_ws2/install/custom_interfaces/local/lib/python3.10/dist-packages:${PYTHONPATH} /usr/bin/cmake --install /home/aimane/data/colcon_ws2/build/pubsub_custom
[19.537s] -- Install configuration: ""
[19.537s] -- Installing: /home/aimane/data/colcon_ws2/install/pubsub_custom/lib/pubsub_custom/publisher_class
[19.540s] -- Set runtime path of "/home/aimane/data/colcon_ws2/install/pubsub_custom/lib/pubsub_custom/publisher_class" to ""
[19.540s] -- Installing: /home/aimane/data/colcon_ws2/install/pubsub_custom/lib/pubsub_custom/subscriber_class
[19.543s] -- Set runtime path of "/home/aimane/data/colcon_ws2/install/pubsub_custom/lib/pubsub_custom/subscriber_class" to ""
[19.543s] -- Installing: /home/aimane/data/colcon_ws2/install/pubsub_custom/share/ament_index/resource_index/package_run_dependencies/pubsub_custom
[19.543s] -- Installing: /home/aimane/data/colcon_ws2/install/pubsub_custom/share/ament_index/resource_index/parent_prefix_path/pubsub_custom
[19.546s] -- Installing: /home/aimane/data/colcon_ws2/install/pubsub_custom/share/pubsub_custom/environment/ament_prefix_path.sh
[19.546s] -- Installing: /home/aimane/data/colcon_ws2/install/pubsub_custom/share/pubsub_custom/environment/ament_prefix_path.dsv
[19.546s] -- Installing: /home/aimane/data/colcon_ws2/install/pubsub_custom/share/pubsub_custom/environment/path.sh
[19.546s] -- Installing: /home/aimane/data/colcon_ws2/install/pubsub_custom/share/pubsub_custom/environment/path.dsv
[19.546s] -- Installing: /home/aimane/data/colcon_ws2/install/pubsub_custom/share/pubsub_custom/local_setup.bash
[19.546s] -- Installing: /home/aimane/data/colcon_ws2/install/pubsub_custom/share/pubsub_custom/local_setup.sh
[19.546s] -- Installing: /home/aimane/data/colcon_ws2/install/pubsub_custom/share/pubsub_custom/local_setup.zsh
[19.547s] -- Installing: /home/aimane/data/colcon_ws2/install/pubsub_custom/share/pubsub_custom/local_setup.dsv
[19.547s] -- Installing: /home/aimane/data/colcon_ws2/install/pubsub_custom/share/pubsub_custom/package.dsv
[19.547s] -- Installing: /home/aimane/data/colcon_ws2/install/pubsub_custom/share/ament_index/resource_index/packages/pubsub_custom
[19.547s] -- Installing: /home/aimane/data/colcon_ws2/install/pubsub_custom/share/pubsub_custom/cmake/ament_cmake_export_dependencies-extras.cmake
[19.547s] -- Installing: /home/aimane/data/colcon_ws2/install/pubsub_custom/share/pubsub_custom/cmake/pubsub_customConfig.cmake
[19.547s] -- Installing: /home/aimane/data/colcon_ws2/install/pubsub_custom/share/pubsub_custom/cmake/pubsub_customConfig-version.cmake
[19.547s] -- Installing: /home/aimane/data/colcon_ws2/install/pubsub_custom/share/pubsub_custom/package.xml
[19.550s] Invoked command in '/home/aimane/data/colcon_ws2/build/pubsub_custom' returned '0': AMENT_PREFIX_PATH=/home/aimane/data/colcon_ws2/install/custom_interfaces:${AMENT_PREFIX_PATH} CMAKE_PREFIX_PATH=/home/aimane/data/colcon_ws2/install/custom_interfaces:/home/aimane/data/colcon_ws2/install/foolturtle:/opt/ros/humble LD_LIBRARY_PATH=/home/aimane/data/colcon_ws2/install/custom_interfaces/lib:${LD_LIBRARY_PATH} PYTHONPATH=/home/aimane/data/colcon_ws2/install/custom_interfaces/local/lib/python3.10/dist-packages:${PYTHONPATH} /usr/bin/cmake --install /home/aimane/data/colcon_ws2/build/pubsub_custom
