[0.247s] DEBUG:colcon:Command line arguments: ['/usr/bin/colcon', 'build', '--packages-up-to', 'pubsub_custom_param']
[0.247s] DEBUG:colcon:Parsed command line arguments: Namespace(log_base=None, log_level=None, verb_name='build', build_base='build', install_base='install', merge_install=False, symlink_install=False, test_result_base=None, continue_on_error=False, executor='parallel', parallel_workers=3, event_handlers=None, ignore_user_meta=False, metas=['./colcon.meta'], base_paths=['.'], packages_ignore=None, packages_ignore_regex=None, paths=None, packages_up_to=['pubsub_custom_param'], packages_up_to_regex=None, packages_above=None, packages_above_and_dependencies=None, packages_above_depth=None, packages_select_by_dep=None, packages_skip_by_dep=None, packages_skip_up_to=None, packages_select_build_failed=False, packages_skip_build_finished=False, packages_select_test_failures=False, packages_skip_test_passed=False, packages_select=None, packages_skip=None, packages_select_regex=None, packages_skip_regex=None, packages_start=None, packages_end=None, allow_overriding=[], cmake_args=None, cmake_target=None, cmake_target_skip_unavailable=False, cmake_clean_cache=False, cmake_clean_first=False, cmake_force_configure=False, ament_cmake_args=None, catkin_cmake_args=None, catkin_skip_building_tests=False, verb_parser=<colcon_defaults.argument_parser.defaults.DefaultArgumentsDecorator object at 0x7e308851bfa0>, verb_extension=<colcon_core.verb.build.BuildVerb object at 0x7e30887616f0>, main=<bound method BuildVerb.main of <colcon_core.verb.build.BuildVerb object at 0x7e30887616f0>>)
[0.599s] Level 1:colcon.colcon_core.package_discovery:discover_packages(colcon_meta) check parameters
[0.599s] Level 1:colcon.colcon_core.package_discovery:discover_packages(recursive) check parameters
[0.599s] Level 1:colcon.colcon_core.package_discovery:discover_packages(ignore) check parameters
[0.600s] Level 1:colcon.colcon_core.package_discovery:discover_packages(path) check parameters
[0.600s] Level 1:colcon.colcon_core.package_discovery:discover_packages(colcon_meta) discover
[0.600s] Level 1:colcon.colcon_core.package_discovery:discover_packages(recursive) discover
[0.600s] INFO:colcon.colcon_core.package_discovery:Crawling recursively for packages in '/home/aimane/data/colcon_ws3'
[0.600s] Level 1:colcon.colcon_core.package_identification:_identify(.) by extensions ['ignore', 'ignore_ament_install']
[0.600s] Level 1:colcon.colcon_core.package_identification:_identify(.) by extension 'ignore'
[0.601s] Level 1:colcon.colcon_core.package_identification:_identify(.) by extension 'ignore_ament_install'
[0.601s] Level 1:colcon.colcon_core.package_identification:_identify(.) by extensions ['colcon_pkg']
[0.601s] Level 1:colcon.colcon_core.package_identification:_identify(.) by extension 'colcon_pkg'
[0.601s] Level 1:colcon.colcon_core.package_identification:_identify(.) by extensions ['colcon_meta']
[0.601s] Level 1:colcon.colcon_core.package_identification:_identify(.) by extension 'colcon_meta'
[0.601s] Level 1:colcon.colcon_core.package_identification:_identify(.) by extensions ['ros']
[0.601s] Level 1:colcon.colcon_core.package_identification:_identify(.) by extension 'ros'
[0.641s] Level 1:colcon.colcon_core.package_identification:_identify(.) by extensions ['cmake', 'python']
[0.641s] Level 1:colcon.colcon_core.package_identification:_identify(.) by extension 'cmake'
[0.641s] Level 1:colcon.colcon_core.package_identification:_identify(.) by extension 'python'
[0.641s] Level 1:colcon.colcon_core.package_identification:_identify(.) by extensions ['python_setup_py']
[0.641s] Level 1:colcon.colcon_core.package_identification:_identify(.) by extension 'python_setup_py'
[0.641s] Level 1:colcon.colcon_core.package_identification:_identify(build) by extensions ['ignore', 'ignore_ament_install']
[0.642s] Level 1:colcon.colcon_core.package_identification:_identify(build) by extension 'ignore'
[0.642s] Level 1:colcon.colcon_core.package_identification:_identify(build) ignored
[0.642s] Level 1:colcon.colcon_core.package_identification:_identify(install) by extensions ['ignore', 'ignore_ament_install']
[0.642s] Level 1:colcon.colcon_core.package_identification:_identify(install) by extension 'ignore'
[0.642s] Level 1:colcon.colcon_core.package_identification:_identify(install) ignored
[0.642s] Level 1:colcon.colcon_core.package_identification:_identify(log) by extensions ['ignore', 'ignore_ament_install']
[0.643s] Level 1:colcon.colcon_core.package_identification:_identify(log) by extension 'ignore'
[0.643s] Level 1:colcon.colcon_core.package_identification:_identify(log) ignored
[0.643s] Level 1:colcon.colcon_core.package_identification:_identify(src) by extensions ['ignore', 'ignore_ament_install']
[0.643s] Level 1:colcon.colcon_core.package_identification:_identify(src) by extension 'ignore'
[0.643s] Level 1:colcon.colcon_core.package_identification:_identify(src) by extension 'ignore_ament_install'
[0.643s] Level 1:colcon.colcon_core.package_identification:_identify(src) by extensions ['colcon_pkg']
[0.643s] Level 1:colcon.colcon_core.package_identification:_identify(src) by extension 'colcon_pkg'
[0.643s] Level 1:colcon.colcon_core.package_identification:_identify(src) by extensions ['colcon_meta']
[0.643s] Level 1:colcon.colcon_core.package_identification:_identify(src) by extension 'colcon_meta'
[0.643s] Level 1:colcon.colcon_core.package_identification:_identify(src) by extensions ['ros']
[0.644s] Level 1:colcon.colcon_core.package_identification:_identify(src) by extension 'ros'
[0.644s] Level 1:colcon.colcon_core.package_identification:_identify(src) by extensions ['cmake', 'python']
[0.644s] Level 1:colcon.colcon_core.package_identification:_identify(src) by extension 'cmake'
[0.644s] Level 1:colcon.colcon_core.package_identification:_identify(src) by extension 'python'
[0.644s] Level 1:colcon.colcon_core.package_identification:_identify(src) by extensions ['python_setup_py']
[0.644s] Level 1:colcon.colcon_core.package_identification:_identify(src) by extension 'python_setup_py'
[0.644s] Level 1:colcon.colcon_core.package_identification:_identify(src/Universal_Robots_ROS2_Description) by extensions ['ignore', 'ignore_ament_install']
[0.644s] Level 1:colcon.colcon_core.package_identification:_identify(src/Universal_Robots_ROS2_Description) by extension 'ignore'
[0.644s] Level 1:colcon.colcon_core.package_identification:_identify(src/Universal_Robots_ROS2_Description) by extension 'ignore_ament_install'
[0.645s] Level 1:colcon.colcon_core.package_identification:_identify(src/Universal_Robots_ROS2_Description) by extensions ['colcon_pkg']
[0.645s] Level 1:colcon.colcon_core.package_identification:_identify(src/Universal_Robots_ROS2_Description) by extension 'colcon_pkg'
[0.645s] Level 1:colcon.colcon_core.package_identification:_identify(src/Universal_Robots_ROS2_Description) by extensions ['colcon_meta']
[0.645s] Level 1:colcon.colcon_core.package_identification:_identify(src/Universal_Robots_ROS2_Description) by extension 'colcon_meta'
[0.645s] Level 1:colcon.colcon_core.package_identification:_identify(src/Universal_Robots_ROS2_Description) by extensions ['ros']
[0.645s] Level 1:colcon.colcon_core.package_identification:_identify(src/Universal_Robots_ROS2_Description) by extension 'ros'
[0.651s] DEBUG:colcon.colcon_core.package_identification:Package 'src/Universal_Robots_ROS2_Description' with type 'ros.ament_cmake' and name 'ur_description'
[0.652s] Level 1:colcon.colcon_core.package_identification:_identify(src/custom_interfaces) by extensions ['ignore', 'ignore_ament_install']
[0.652s] Level 1:colcon.colcon_core.package_identification:_identify(src/custom_interfaces) by extension 'ignore'
[0.652s] Level 1:colcon.colcon_core.package_identification:_identify(src/custom_interfaces) by extension 'ignore_ament_install'
[0.652s] Level 1:colcon.colcon_core.package_identification:_identify(src/custom_interfaces) by extensions ['colcon_pkg']
[0.652s] Level 1:colcon.colcon_core.package_identification:_identify(src/custom_interfaces) by extension 'colcon_pkg'
[0.652s] Level 1:colcon.colcon_core.package_identification:_identify(src/custom_interfaces) by extensions ['colcon_meta']
[0.652s] Level 1:colcon.colcon_core.package_identification:_identify(src/custom_interfaces) by extension 'colcon_meta'
[0.652s] Level 1:colcon.colcon_core.package_identification:_identify(src/custom_interfaces) by extensions ['ros']
[0.652s] Level 1:colcon.colcon_core.package_identification:_identify(src/custom_interfaces) by extension 'ros'
[0.654s] DEBUG:colcon.colcon_core.package_identification:Package 'src/custom_interfaces' with type 'ros.ament_cmake' and name 'custom_interfaces'
[0.654s] Level 1:colcon.colcon_core.package_identification:_identify(src/learning_tf2) by extensions ['ignore', 'ignore_ament_install']
[0.655s] Level 1:colcon.colcon_core.package_identification:_identify(src/learning_tf2) by extension 'ignore'
[0.655s] Level 1:colcon.colcon_core.package_identification:_identify(src/learning_tf2) by extension 'ignore_ament_install'
[0.655s] Level 1:colcon.colcon_core.package_identification:_identify(src/learning_tf2) by extensions ['colcon_pkg']
[0.655s] Level 1:colcon.colcon_core.package_identification:_identify(src/learning_tf2) by extension 'colcon_pkg'
[0.655s] Level 1:colcon.colcon_core.package_identification:_identify(src/learning_tf2) by extensions ['colcon_meta']
[0.655s] Level 1:colcon.colcon_core.package_identification:_identify(src/learning_tf2) by extension 'colcon_meta'
[0.655s] Level 1:colcon.colcon_core.package_identification:_identify(src/learning_tf2) by extensions ['ros']
[0.655s] Level 1:colcon.colcon_core.package_identification:_identify(src/learning_tf2) by extension 'ros'
[0.658s] DEBUG:colcon.colcon_core.package_identification:Package 'src/learning_tf2' with type 'ros.ament_cmake' and name 'learning_tf2'
[0.658s] Level 1:colcon.colcon_core.package_identification:_identify(src/pubsub_custom_param) by extensions ['ignore', 'ignore_ament_install']
[0.659s] Level 1:colcon.colcon_core.package_identification:_identify(src/pubsub_custom_param) by extension 'ignore'
[0.659s] Level 1:colcon.colcon_core.package_identification:_identify(src/pubsub_custom_param) by extension 'ignore_ament_install'
[0.659s] Level 1:colcon.colcon_core.package_identification:_identify(src/pubsub_custom_param) by extensions ['colcon_pkg']
[0.659s] Level 1:colcon.colcon_core.package_identification:_identify(src/pubsub_custom_param) by extension 'colcon_pkg'
[0.659s] Level 1:colcon.colcon_core.package_identification:_identify(src/pubsub_custom_param) by extensions ['colcon_meta']
[0.659s] Level 1:colcon.colcon_core.package_identification:_identify(src/pubsub_custom_param) by extension 'colcon_meta'
[0.659s] Level 1:colcon.colcon_core.package_identification:_identify(src/pubsub_custom_param) by extensions ['ros']
[0.659s] Level 1:colcon.colcon_core.package_identification:_identify(src/pubsub_custom_param) by extension 'ros'
[0.661s] DEBUG:colcon.colcon_core.package_identification:Package 'src/pubsub_custom_param' with type 'ros.ament_cmake' and name 'pubsub_custom_param'
[0.661s] Level 1:colcon.colcon_core.package_identification:_identify(src/rviz2_marker_demo) by extensions ['ignore', 'ignore_ament_install']
[0.661s] Level 1:colcon.colcon_core.package_identification:_identify(src/rviz2_marker_demo) by extension 'ignore'
[0.661s] Level 1:colcon.colcon_core.package_identification:_identify(src/rviz2_marker_demo) by extension 'ignore_ament_install'
[0.662s] Level 1:colcon.colcon_core.package_identification:_identify(src/rviz2_marker_demo) by extensions ['colcon_pkg']
[0.662s] Level 1:colcon.colcon_core.package_identification:_identify(src/rviz2_marker_demo) by extension 'colcon_pkg'
[0.662s] Level 1:colcon.colcon_core.package_identification:_identify(src/rviz2_marker_demo) by extensions ['colcon_meta']
[0.662s] Level 1:colcon.colcon_core.package_identification:_identify(src/rviz2_marker_demo) by extension 'colcon_meta'
[0.662s] Level 1:colcon.colcon_core.package_identification:_identify(src/rviz2_marker_demo) by extensions ['ros']
[0.662s] Level 1:colcon.colcon_core.package_identification:_identify(src/rviz2_marker_demo) by extension 'ros'
[0.664s] DEBUG:colcon.colcon_core.package_identification:Package 'src/rviz2_marker_demo' with type 'ros.ament_cmake' and name 'rviz2_marker_demo'
[0.664s] Level 1:colcon.colcon_core.package_identification:_identify(src/urdf_tutorial) by extensions ['ignore', 'ignore_ament_install']
[0.664s] Level 1:colcon.colcon_core.package_identification:_identify(src/urdf_tutorial) by extension 'ignore'
[0.664s] Level 1:colcon.colcon_core.package_identification:_identify(src/urdf_tutorial) by extension 'ignore_ament_install'
[0.664s] Level 1:colcon.colcon_core.package_identification:_identify(src/urdf_tutorial) by extensions ['colcon_pkg']
[0.664s] Level 1:colcon.colcon_core.package_identification:_identify(src/urdf_tutorial) by extension 'colcon_pkg'
[0.664s] Level 1:colcon.colcon_core.package_identification:_identify(src/urdf_tutorial) by extensions ['colcon_meta']
[0.664s] Level 1:colcon.colcon_core.package_identification:_identify(src/urdf_tutorial) by extension 'colcon_meta'
[0.665s] Level 1:colcon.colcon_core.package_identification:_identify(src/urdf_tutorial) by extensions ['ros']
[0.665s] Level 1:colcon.colcon_core.package_identification:_identify(src/urdf_tutorial) by extension 'ros'
[0.666s] DEBUG:colcon.colcon_core.package_identification:Package 'src/urdf_tutorial' with type 'ros.ament_cmake' and name 'urdf_tutorial'
[0.666s] Level 1:colcon.colcon_core.package_discovery:discover_packages(recursive) using defaults
[0.667s] Level 1:colcon.colcon_core.package_discovery:discover_packages(ignore) discover
[0.667s] Level 1:colcon.colcon_core.package_discovery:discover_packages(ignore) using defaults
[0.667s] Level 1:colcon.colcon_core.package_discovery:discover_packages(path) discover
[0.667s] Level 1:colcon.colcon_core.package_discovery:discover_packages(path) using defaults
[0.700s] INFO:colcon.colcon_core.package_selection:Skipping package 'urdf_tutorial' in 'src/urdf_tutorial'
[0.701s] INFO:colcon.colcon_core.package_selection:Skipping package 'ur_description' in 'src/Universal_Robots_ROS2_Description'
[0.701s] INFO:colcon.colcon_core.package_selection:Skipping package 'rviz2_marker_demo' in 'src/rviz2_marker_demo'
[0.701s] INFO:colcon.colcon_core.package_selection:Skipping package 'learning_tf2' in 'src/learning_tf2'
[0.701s] Level 1:colcon.colcon_core.package_discovery:discover_packages(prefix_path) check parameters
[0.701s] Level 1:colcon.colcon_core.package_discovery:discover_packages(prefix_path) discover
[0.704s] DEBUG:colcon.colcon_installed_package_information.package_discovery:Found 2 installed packages in /home/aimane/data/colcon_ws3/install
[0.707s] DEBUG:colcon.colcon_installed_package_information.package_discovery:Found 373 installed packages in /opt/ros/humble
[0.713s] Level 1:colcon.colcon_core.package_discovery:discover_packages(prefix_path) using defaults
[0.812s] Level 5:colcon.colcon_core.verb:set package 'custom_interfaces' build argument 'cmake_args' from command line to 'None'
[0.812s] Level 5:colcon.colcon_core.verb:set package 'custom_interfaces' build argument 'cmake_target' from command line to 'None'
[0.812s] Level 5:colcon.colcon_core.verb:set package 'custom_interfaces' build argument 'cmake_target_skip_unavailable' from command line to 'False'
[0.812s] Level 5:colcon.colcon_core.verb:set package 'custom_interfaces' build argument 'cmake_clean_cache' from command line to 'False'
[0.813s] Level 5:colcon.colcon_core.verb:set package 'custom_interfaces' build argument 'cmake_clean_first' from command line to 'False'
[0.813s] Level 5:colcon.colcon_core.verb:set package 'custom_interfaces' build argument 'cmake_force_configure' from command line to 'False'
[0.813s] Level 5:colcon.colcon_core.verb:set package 'custom_interfaces' build argument 'ament_cmake_args' from command line to 'None'
[0.813s] Level 5:colcon.colcon_core.verb:set package 'custom_interfaces' build argument 'catkin_cmake_args' from command line to 'None'
[0.813s] Level 5:colcon.colcon_core.verb:set package 'custom_interfaces' build argument 'catkin_skip_building_tests' from command line to 'False'
[0.813s] DEBUG:colcon.colcon_core.verb:Building package 'custom_interfaces' with the following arguments: {'ament_cmake_args': None, 'build_base': '/home/aimane/data/colcon_ws3/build/custom_interfaces', 'catkin_cmake_args': None, 'catkin_skip_building_tests': False, 'cmake_args': None, 'cmake_clean_cache': False, 'cmake_clean_first': False, 'cmake_force_configure': False, 'cmake_target': None, 'cmake_target_skip_unavailable': False, 'install_base': '/home/aimane/data/colcon_ws3/install/custom_interfaces', 'merge_install': False, 'path': '/home/aimane/data/colcon_ws3/src/custom_interfaces', 'symlink_install': False, 'test_result_base': None}
[0.814s] Level 5:colcon.colcon_core.verb:set package 'pubsub_custom_param' build argument 'cmake_args' from command line to 'None'
[0.814s] Level 5:colcon.colcon_core.verb:set package 'pubsub_custom_param' build argument 'cmake_target' from command line to 'None'
[0.814s] Level 5:colcon.colcon_core.verb:set package 'pubsub_custom_param' build argument 'cmake_target_skip_unavailable' from command line to 'False'
[0.814s] Level 5:colcon.colcon_core.verb:set package 'pubsub_custom_param' build argument 'cmake_clean_cache' from command line to 'False'
[0.814s] Level 5:colcon.colcon_core.verb:set package 'pubsub_custom_param' build argument 'cmake_clean_first' from command line to 'False'
[0.814s] Level 5:colcon.colcon_core.verb:set package 'pubsub_custom_param' build argument 'cmake_force_configure' from command line to 'False'
[0.814s] Level 5:colcon.colcon_core.verb:set package 'pubsub_custom_param' build argument 'ament_cmake_args' from command line to 'None'
[0.814s] Level 5:colcon.colcon_core.verb:set package 'pubsub_custom_param' build argument 'catkin_cmake_args' from command line to 'None'
[0.814s] Level 5:colcon.colcon_core.verb:set package 'pubsub_custom_param' build argument 'catkin_skip_building_tests' from command line to 'False'
[0.814s] DEBUG:colcon.colcon_core.verb:Building package 'pubsub_custom_param' with the following arguments: {'ament_cmake_args': None, 'build_base': '/home/aimane/data/colcon_ws3/build/pubsub_custom_param', 'catkin_cmake_args': None, 'catkin_skip_building_tests': False, 'cmake_args': None, 'cmake_clean_cache': False, 'cmake_clean_first': False, 'cmake_force_configure': False, 'cmake_target': None, 'cmake_target_skip_unavailable': False, 'install_base': '/home/aimane/data/colcon_ws3/install/pubsub_custom_param', 'merge_install': False, 'path': '/home/aimane/data/colcon_ws3/src/pubsub_custom_param', 'symlink_install': False, 'test_result_base': None}
[0.814s] INFO:colcon.colcon_core.executor:Executing jobs using 'parallel' executor
[0.816s] DEBUG:colcon.colcon_parallel_executor.executor.parallel:run_until_complete
[0.816s] INFO:colcon.colcon_ros.task.ament_cmake.build:Building ROS package in '/home/aimane/data/colcon_ws3/src/custom_interfaces' with build type 'ament_cmake'
[0.816s] INFO:colcon.colcon_cmake.task.cmake.build:Building CMake package in '/home/aimane/data/colcon_ws3/src/custom_interfaces'
[0.820s] INFO:colcon.colcon_core.plugin_system:Skipping extension 'colcon_core.shell.bat': Not used on non-Windows systems
[0.820s] INFO:colcon.colcon_core.shell:Skip shell extension 'powershell' for command environment: Not usable outside of PowerShell
[0.820s] DEBUG:colcon.colcon_core.shell:Skip shell extension 'dsv' for command environment
[0.843s] DEBUG:colcon.colcon_core.event_handler.log_command:Invoking command in '/home/aimane/data/colcon_ws3/build/custom_interfaces': CMAKE_PREFIX_PATH=${CMAKE_PREFIX_PATH}:/opt/ros/humble /usr/bin/cmake --build /home/aimane/data/colcon_ws3/build/custom_interfaces -- -j3 -l3
[1.505s] DEBUG:colcon.colcon_core.event_handler.log_command:Invoked command in '/home/aimane/data/colcon_ws3/build/custom_interfaces' returned '0': CMAKE_PREFIX_PATH=${CMAKE_PREFIX_PATH}:/opt/ros/humble /usr/bin/cmake --build /home/aimane/data/colcon_ws3/build/custom_interfaces -- -j3 -l3
[1.518s] DEBUG:colcon.colcon_core.event_handler.log_command:Invoking command in '/home/aimane/data/colcon_ws3/build/custom_interfaces': CMAKE_PREFIX_PATH=${CMAKE_PREFIX_PATH}:/opt/ros/humble /usr/bin/cmake --install /home/aimane/data/colcon_ws3/build/custom_interfaces
[1.599s] Level 1:colcon.colcon_core.environment:create_environment_scripts_only(custom_interfaces)
[1.601s] DEBUG:colcon.colcon_core.event_handler.log_command:Invoked command in '/home/aimane/data/colcon_ws3/build/custom_interfaces' returned '0': CMAKE_PREFIX_PATH=${CMAKE_PREFIX_PATH}:/opt/ros/humble /usr/bin/cmake --install /home/aimane/data/colcon_ws3/build/custom_interfaces
[1.603s] Level 1:colcon.colcon_core.environment:checking '/home/aimane/data/colcon_ws3/install/custom_interfaces' for CMake module files
[1.604s] Level 1:colcon.colcon_core.environment:checking '/home/aimane/data/colcon_ws3/install/custom_interfaces' for CMake config files
[1.605s] Level 1:colcon.colcon_core.shell:create_environment_hook('custom_interfaces', 'cmake_prefix_path')
[1.605s] INFO:colcon.colcon_core.shell:Creating environment hook '/home/aimane/data/colcon_ws3/install/custom_interfaces/share/custom_interfaces/hook/cmake_prefix_path.ps1'
[1.606s] INFO:colcon.colcon_core.shell:Creating environment descriptor '/home/aimane/data/colcon_ws3/install/custom_interfaces/share/custom_interfaces/hook/cmake_prefix_path.dsv'
[1.607s] INFO:colcon.colcon_core.shell:Creating environment hook '/home/aimane/data/colcon_ws3/install/custom_interfaces/share/custom_interfaces/hook/cmake_prefix_path.sh'
[1.609s] Level 1:colcon.colcon_core.environment:checking '/home/aimane/data/colcon_ws3/install/custom_interfaces/lib'
[1.609s] Level 1:colcon.colcon_core.shell:create_environment_hook('custom_interfaces', 'ld_library_path_lib')
[1.609s] INFO:colcon.colcon_core.shell:Creating environment hook '/home/aimane/data/colcon_ws3/install/custom_interfaces/share/custom_interfaces/hook/ld_library_path_lib.ps1'
[1.610s] INFO:colcon.colcon_core.shell:Creating environment descriptor '/home/aimane/data/colcon_ws3/install/custom_interfaces/share/custom_interfaces/hook/ld_library_path_lib.dsv'
[1.610s] INFO:colcon.colcon_core.shell:Creating environment hook '/home/aimane/data/colcon_ws3/install/custom_interfaces/share/custom_interfaces/hook/ld_library_path_lib.sh'
[1.611s] Level 1:colcon.colcon_core.environment:checking '/home/aimane/data/colcon_ws3/install/custom_interfaces/bin'
[1.611s] Level 1:colcon.colcon_core.environment:checking '/home/aimane/data/colcon_ws3/install/custom_interfaces/lib/pkgconfig/custom_interfaces.pc'
[1.612s] Level 1:colcon.colcon_core.environment:checking '/home/aimane/data/colcon_ws3/install/custom_interfaces/lib/python3.10/site-packages'
[1.612s] Level 1:colcon.colcon_core.environment:checking '/home/aimane/data/colcon_ws3/install/custom_interfaces/bin'
[1.613s] INFO:colcon.colcon_core.shell:Creating package script '/home/aimane/data/colcon_ws3/install/custom_interfaces/share/custom_interfaces/package.ps1'
[1.614s] INFO:colcon.colcon_core.shell:Creating package descriptor '/home/aimane/data/colcon_ws3/install/custom_interfaces/share/custom_interfaces/package.dsv'
[1.615s] INFO:colcon.colcon_core.shell:Creating package script '/home/aimane/data/colcon_ws3/install/custom_interfaces/share/custom_interfaces/package.sh'
[1.616s] INFO:colcon.colcon_core.shell:Creating package script '/home/aimane/data/colcon_ws3/install/custom_interfaces/share/custom_interfaces/package.bash'
[1.618s] INFO:colcon.colcon_core.shell:Creating package script '/home/aimane/data/colcon_ws3/install/custom_interfaces/share/custom_interfaces/package.zsh'
[1.619s] Level 1:colcon.colcon_core.environment:create_file_with_runtime_dependencies(/home/aimane/data/colcon_ws3/install/custom_interfaces/share/colcon-core/packages/custom_interfaces)
[1.620s] Level 1:colcon.colcon_core.environment:create_environment_scripts_only(custom_interfaces)
[1.621s] Level 1:colcon.colcon_core.environment:checking '/home/aimane/data/colcon_ws3/install/custom_interfaces' for CMake module files
[1.622s] Level 1:colcon.colcon_core.environment:checking '/home/aimane/data/colcon_ws3/install/custom_interfaces' for CMake config files
[1.623s] Level 1:colcon.colcon_core.shell:create_environment_hook('custom_interfaces', 'cmake_prefix_path')
[1.623s] INFO:colcon.colcon_core.shell:Creating environment hook '/home/aimane/data/colcon_ws3/install/custom_interfaces/share/custom_interfaces/hook/cmake_prefix_path.ps1'
[1.624s] INFO:colcon.colcon_core.shell:Creating environment descriptor '/home/aimane/data/colcon_ws3/install/custom_interfaces/share/custom_interfaces/hook/cmake_prefix_path.dsv'
[1.624s] INFO:colcon.colcon_core.shell:Creating environment hook '/home/aimane/data/colcon_ws3/install/custom_interfaces/share/custom_interfaces/hook/cmake_prefix_path.sh'
[1.625s] Level 1:colcon.colcon_core.environment:checking '/home/aimane/data/colcon_ws3/install/custom_interfaces/lib'
[1.625s] Level 1:colcon.colcon_core.shell:create_environment_hook('custom_interfaces', 'ld_library_path_lib')
[1.626s] INFO:colcon.colcon_core.shell:Creating environment hook '/home/aimane/data/colcon_ws3/install/custom_interfaces/share/custom_interfaces/hook/ld_library_path_lib.ps1'
[1.626s] INFO:colcon.colcon_core.shell:Creating environment descriptor '/home/aimane/data/colcon_ws3/install/custom_interfaces/share/custom_interfaces/hook/ld_library_path_lib.dsv'
[1.627s] INFO:colcon.colcon_core.shell:Creating environment hook '/home/aimane/data/colcon_ws3/install/custom_interfaces/share/custom_interfaces/hook/ld_library_path_lib.sh'
[1.627s] Level 1:colcon.colcon_core.environment:checking '/home/aimane/data/colcon_ws3/install/custom_interfaces/bin'
[1.627s] Level 1:colcon.colcon_core.environment:checking '/home/aimane/data/colcon_ws3/install/custom_interfaces/lib/pkgconfig/custom_interfaces.pc'
[1.628s] Level 1:colcon.colcon_core.environment:checking '/home/aimane/data/colcon_ws3/install/custom_interfaces/lib/python3.10/site-packages'
[1.628s] Level 1:colcon.colcon_core.environment:checking '/home/aimane/data/colcon_ws3/install/custom_interfaces/bin'
[1.629s] INFO:colcon.colcon_core.shell:Creating package script '/home/aimane/data/colcon_ws3/install/custom_interfaces/share/custom_interfaces/package.ps1'
[1.630s] INFO:colcon.colcon_core.shell:Creating package descriptor '/home/aimane/data/colcon_ws3/install/custom_interfaces/share/custom_interfaces/package.dsv'
[1.630s] INFO:colcon.colcon_core.shell:Creating package script '/home/aimane/data/colcon_ws3/install/custom_interfaces/share/custom_interfaces/package.sh'
[1.631s] INFO:colcon.colcon_core.shell:Creating package script '/home/aimane/data/colcon_ws3/install/custom_interfaces/share/custom_interfaces/package.bash'
[1.632s] INFO:colcon.colcon_core.shell:Creating package script '/home/aimane/data/colcon_ws3/install/custom_interfaces/share/custom_interfaces/package.zsh'
[1.633s] Level 1:colcon.colcon_core.environment:create_file_with_runtime_dependencies(/home/aimane/data/colcon_ws3/install/custom_interfaces/share/colcon-core/packages/custom_interfaces)
[1.634s] INFO:colcon.colcon_ros.task.ament_cmake.build:Building ROS package in '/home/aimane/data/colcon_ws3/src/pubsub_custom_param' with build type 'ament_cmake'
[1.634s] INFO:colcon.colcon_cmake.task.cmake.build:Building CMake package in '/home/aimane/data/colcon_ws3/src/pubsub_custom_param'
[1.635s] INFO:colcon.colcon_core.shell:Skip shell extension 'powershell' for command environment: Not usable outside of PowerShell
[1.635s] DEBUG:colcon.colcon_core.shell:Skip shell extension 'dsv' for command environment
[1.654s] DEBUG:colcon.colcon_core.event_handler.log_command:Invoking command in '/home/aimane/data/colcon_ws3/build/pubsub_custom_param': CMAKE_PREFIX_PATH=/home/aimane/data/colcon_ws3/install/custom_interfaces:/home/aimane/data/colcon_ws3/install/pubsub_custom_param:/opt/ros/humble /usr/bin/cmake --build /home/aimane/data/colcon_ws3/build/pubsub_custom_param -- -j3 -l3
[1.765s] DEBUG:colcon.colcon_core.event_handler.log_command:Invoked command in '/home/aimane/data/colcon_ws3/build/pubsub_custom_param' returned '0': CMAKE_PREFIX_PATH=/home/aimane/data/colcon_ws3/install/custom_interfaces:/home/aimane/data/colcon_ws3/install/pubsub_custom_param:/opt/ros/humble /usr/bin/cmake --build /home/aimane/data/colcon_ws3/build/pubsub_custom_param -- -j3 -l3
[1.767s] DEBUG:colcon.colcon_core.event_handler.log_command:Invoking command in '/home/aimane/data/colcon_ws3/build/pubsub_custom_param': CMAKE_PREFIX_PATH=/home/aimane/data/colcon_ws3/install/custom_interfaces:/home/aimane/data/colcon_ws3/install/pubsub_custom_param:/opt/ros/humble /usr/bin/cmake --install /home/aimane/data/colcon_ws3/build/pubsub_custom_param
[1.782s] Level 1:colcon.colcon_core.environment:create_environment_scripts_only(pubsub_custom_param)
[1.782s] Level 1:colcon.colcon_core.environment:checking '/home/aimane/data/colcon_ws3/install/pubsub_custom_param' for CMake module files
[1.783s] Level 1:colcon.colcon_core.environment:checking '/home/aimane/data/colcon_ws3/install/pubsub_custom_param' for CMake config files
[1.783s] Level 1:colcon.colcon_core.shell:create_environment_hook('pubsub_custom_param', 'cmake_prefix_path')
[1.784s] INFO:colcon.colcon_core.shell:Creating environment hook '/home/aimane/data/colcon_ws3/install/pubsub_custom_param/share/pubsub_custom_param/hook/cmake_prefix_path.ps1'
[1.784s] DEBUG:colcon.colcon_core.event_handler.log_command:Invoked command in '/home/aimane/data/colcon_ws3/build/pubsub_custom_param' returned '0': CMAKE_PREFIX_PATH=/home/aimane/data/colcon_ws3/install/custom_interfaces:/home/aimane/data/colcon_ws3/install/pubsub_custom_param:/opt/ros/humble /usr/bin/cmake --install /home/aimane/data/colcon_ws3/build/pubsub_custom_param
[1.785s] INFO:colcon.colcon_core.shell:Creating environment descriptor '/home/aimane/data/colcon_ws3/install/pubsub_custom_param/share/pubsub_custom_param/hook/cmake_prefix_path.dsv'
[1.786s] INFO:colcon.colcon_core.shell:Creating environment hook '/home/aimane/data/colcon_ws3/install/pubsub_custom_param/share/pubsub_custom_param/hook/cmake_prefix_path.sh'
[1.787s] Level 1:colcon.colcon_core.environment:checking '/home/aimane/data/colcon_ws3/install/pubsub_custom_param/lib'
[1.787s] Level 1:colcon.colcon_core.environment:checking '/home/aimane/data/colcon_ws3/install/pubsub_custom_param/bin'
[1.787s] Level 1:colcon.colcon_core.environment:checking '/home/aimane/data/colcon_ws3/install/pubsub_custom_param/lib/pkgconfig/pubsub_custom_param.pc'
[1.787s] Level 1:colcon.colcon_core.environment:checking '/home/aimane/data/colcon_ws3/install/pubsub_custom_param/lib/python3.10/site-packages'
[1.788s] Level 1:colcon.colcon_core.environment:checking '/home/aimane/data/colcon_ws3/install/pubsub_custom_param/bin'
[1.788s] INFO:colcon.colcon_core.shell:Creating package script '/home/aimane/data/colcon_ws3/install/pubsub_custom_param/share/pubsub_custom_param/package.ps1'
[1.789s] INFO:colcon.colcon_core.shell:Creating package descriptor '/home/aimane/data/colcon_ws3/install/pubsub_custom_param/share/pubsub_custom_param/package.dsv'
[1.789s] INFO:colcon.colcon_core.shell:Creating package script '/home/aimane/data/colcon_ws3/install/pubsub_custom_param/share/pubsub_custom_param/package.sh'
[1.790s] INFO:colcon.colcon_core.shell:Creating package script '/home/aimane/data/colcon_ws3/install/pubsub_custom_param/share/pubsub_custom_param/package.bash'
[1.791s] INFO:colcon.colcon_core.shell:Creating package script '/home/aimane/data/colcon_ws3/install/pubsub_custom_param/share/pubsub_custom_param/package.zsh'
[1.791s] Level 1:colcon.colcon_core.environment:create_file_with_runtime_dependencies(/home/aimane/data/colcon_ws3/install/pubsub_custom_param/share/colcon-core/packages/pubsub_custom_param)
[1.792s] Level 1:colcon.colcon_core.environment:create_environment_scripts_only(pubsub_custom_param)
[1.793s] Level 1:colcon.colcon_core.environment:checking '/home/aimane/data/colcon_ws3/install/pubsub_custom_param' for CMake module files
[1.793s] Level 1:colcon.colcon_core.environment:checking '/home/aimane/data/colcon_ws3/install/pubsub_custom_param' for CMake config files
[1.794s] Level 1:colcon.colcon_core.shell:create_environment_hook('pubsub_custom_param', 'cmake_prefix_path')
[1.794s] INFO:colcon.colcon_core.shell:Creating environment hook '/home/aimane/data/colcon_ws3/install/pubsub_custom_param/share/pubsub_custom_param/hook/cmake_prefix_path.ps1'
[1.795s] INFO:colcon.colcon_core.shell:Creating environment descriptor '/home/aimane/data/colcon_ws3/install/pubsub_custom_param/share/pubsub_custom_param/hook/cmake_prefix_path.dsv'
[1.795s] INFO:colcon.colcon_core.shell:Creating environment hook '/home/aimane/data/colcon_ws3/install/pubsub_custom_param/share/pubsub_custom_param/hook/cmake_prefix_path.sh'
[1.796s] Level 1:colcon.colcon_core.environment:checking '/home/aimane/data/colcon_ws3/install/pubsub_custom_param/lib'
[1.796s] Level 1:colcon.colcon_core.environment:checking '/home/aimane/data/colcon_ws3/install/pubsub_custom_param/bin'
[1.796s] Level 1:colcon.colcon_core.environment:checking '/home/aimane/data/colcon_ws3/install/pubsub_custom_param/lib/pkgconfig/pubsub_custom_param.pc'
[1.797s] Level 1:colcon.colcon_core.environment:checking '/home/aimane/data/colcon_ws3/install/pubsub_custom_param/lib/python3.10/site-packages'
[1.797s] Level 1:colcon.colcon_core.environment:checking '/home/aimane/data/colcon_ws3/install/pubsub_custom_param/bin'
[1.798s] INFO:colcon.colcon_core.shell:Creating package script '/home/aimane/data/colcon_ws3/install/pubsub_custom_param/share/pubsub_custom_param/package.ps1'
[1.798s] INFO:colcon.colcon_core.shell:Creating package descriptor '/home/aimane/data/colcon_ws3/install/pubsub_custom_param/share/pubsub_custom_param/package.dsv'
[1.799s] INFO:colcon.colcon_core.shell:Creating package script '/home/aimane/data/colcon_ws3/install/pubsub_custom_param/share/pubsub_custom_param/package.sh'
[1.800s] INFO:colcon.colcon_core.shell:Creating package script '/home/aimane/data/colcon_ws3/install/pubsub_custom_param/share/pubsub_custom_param/package.bash'
[1.800s] INFO:colcon.colcon_core.shell:Creating package script '/home/aimane/data/colcon_ws3/install/pubsub_custom_param/share/pubsub_custom_param/package.zsh'
[1.801s] Level 1:colcon.colcon_core.environment:create_file_with_runtime_dependencies(/home/aimane/data/colcon_ws3/install/pubsub_custom_param/share/colcon-core/packages/pubsub_custom_param)
[1.802s] DEBUG:colcon.colcon_parallel_executor.executor.parallel:closing loop
[1.803s] DEBUG:colcon.colcon_parallel_executor.executor.parallel:loop closed
[1.803s] DEBUG:colcon.colcon_parallel_executor.executor.parallel:run_until_complete finished with '0'
[1.803s] DEBUG:colcon.colcon_core.event_reactor:joining thread
[1.810s] INFO:colcon.colcon_core.plugin_system:Skipping extension 'colcon_notification.desktop_notification.terminal_notifier': Not used on non-Darwin systems
[1.810s] INFO:colcon.colcon_core.plugin_system:Skipping extension 'colcon_notification.desktop_notification.win32': Not used on non-Windows systems
[1.810s] INFO:colcon.colcon_notification.desktop_notification:Sending desktop notification using 'notify2'
[1.833s] DEBUG:colcon.colcon_core.event_reactor:joined thread
[1.834s] INFO:colcon.colcon_core.shell:Creating prefix script '/home/aimane/data/colcon_ws3/install/local_setup.ps1'
[1.836s] INFO:colcon.colcon_core.shell:Creating prefix util module '/home/aimane/data/colcon_ws3/install/_local_setup_util_ps1.py'
[1.840s] INFO:colcon.colcon_core.shell:Creating prefix chain script '/home/aimane/data/colcon_ws3/install/setup.ps1'
[1.843s] INFO:colcon.colcon_core.shell:Creating prefix script '/home/aimane/data/colcon_ws3/install/local_setup.sh'
[1.844s] INFO:colcon.colcon_core.shell:Creating prefix util module '/home/aimane/data/colcon_ws3/install/_local_setup_util_sh.py'
[1.846s] INFO:colcon.colcon_core.shell:Creating prefix chain script '/home/aimane/data/colcon_ws3/install/setup.sh'
[1.849s] INFO:colcon.colcon_core.shell:Creating prefix script '/home/aimane/data/colcon_ws3/install/local_setup.bash'
[1.850s] INFO:colcon.colcon_core.shell:Creating prefix chain script '/home/aimane/data/colcon_ws3/install/setup.bash'
[1.853s] INFO:colcon.colcon_core.shell:Creating prefix script '/home/aimane/data/colcon_ws3/install/local_setup.zsh'
[1.854s] INFO:colcon.colcon_core.shell:Creating prefix chain script '/home/aimane/data/colcon_ws3/install/setup.zsh'
