[0.211s] DEBUG:colcon:Command line arguments: ['/usr/bin/colcon', 'build']
[0.211s] DEBUG:colcon:Parsed command line arguments: Namespace(log_base=None, log_level=None, verb_name='build', build_base='build', install_base='install', merge_install=False, symlink_install=False, test_result_base=None, continue_on_error=False, executor='parallel', parallel_workers=3, event_handlers=None, ignore_user_meta=False, metas=['./colcon.meta'], base_paths=['.'], packages_ignore=None, packages_ignore_regex=None, paths=None, packages_up_to=None, packages_up_to_regex=None, packages_above=None, packages_above_and_dependencies=None, packages_above_depth=None, packages_select_by_dep=None, packages_skip_by_dep=None, packages_skip_up_to=None, packages_select_build_failed=False, packages_skip_build_finished=False, packages_select_test_failures=False, packages_skip_test_passed=False, packages_select=None, packages_skip=None, packages_select_regex=None, packages_skip_regex=None, packages_start=None, packages_end=None, allow_overriding=[], cmake_args=None, cmake_target=None, cmake_target_skip_unavailable=False, cmake_clean_cache=False, cmake_clean_first=False, cmake_force_configure=False, ament_cmake_args=None, catkin_cmake_args=None, catkin_skip_building_tests=False, verb_parser=<colcon_defaults.argument_parser.defaults.DefaultArgumentsDecorator object at 0x78866b04bcd0>, verb_extension=<colcon_core.verb.build.BuildVerb object at 0x78866b2593f0>, main=<bound method BuildVerb.main of <colcon_core.verb.build.BuildVerb object at 0x78866b2593f0>>)
[0.518s] Level 1:colcon.colcon_core.package_discovery:discover_packages(colcon_meta) check parameters
[0.518s] Level 1:colcon.colcon_core.package_discovery:discover_packages(recursive) check parameters
[0.518s] Level 1:colcon.colcon_core.package_discovery:discover_packages(ignore) check parameters
[0.518s] Level 1:colcon.colcon_core.package_discovery:discover_packages(path) check parameters
[0.518s] Level 1:colcon.colcon_core.package_discovery:discover_packages(colcon_meta) discover
[0.518s] Level 1:colcon.colcon_core.package_discovery:discover_packages(recursive) discover
[0.518s] INFO:colcon.colcon_core.package_discovery:Crawling recursively for packages in '/home/aimane/data/colcon_ws2'
[0.519s] Level 1:colcon.colcon_core.package_identification:_identify(.) by extensions ['ignore', 'ignore_ament_install']
[0.519s] Level 1:colcon.colcon_core.package_identification:_identify(.) by extension 'ignore'
[0.519s] Level 1:colcon.colcon_core.package_identification:_identify(.) by extension 'ignore_ament_install'
[0.519s] Level 1:colcon.colcon_core.package_identification:_identify(.) by extensions ['colcon_pkg']
[0.519s] Level 1:colcon.colcon_core.package_identification:_identify(.) by extension 'colcon_pkg'
[0.519s] Level 1:colcon.colcon_core.package_identification:_identify(.) by extensions ['colcon_meta']
[0.519s] Level 1:colcon.colcon_core.package_identification:_identify(.) by extension 'colcon_meta'
[0.519s] Level 1:colcon.colcon_core.package_identification:_identify(.) by extensions ['ros']
[0.519s] Level 1:colcon.colcon_core.package_identification:_identify(.) by extension 'ros'
[0.552s] Level 1:colcon.colcon_core.package_identification:_identify(.) by extensions ['cmake', 'python']
[0.552s] Level 1:colcon.colcon_core.package_identification:_identify(.) by extension 'cmake'
[0.552s] Level 1:colcon.colcon_core.package_identification:_identify(.) by extension 'python'
[0.552s] Level 1:colcon.colcon_core.package_identification:_identify(.) by extensions ['python_setup_py']
[0.552s] Level 1:colcon.colcon_core.package_identification:_identify(.) by extension 'python_setup_py'
[0.552s] Level 1:colcon.colcon_core.package_identification:_identify(build) by extensions ['ignore', 'ignore_ament_install']
[0.553s] Level 1:colcon.colcon_core.package_identification:_identify(build) by extension 'ignore'
[0.553s] Level 1:colcon.colcon_core.package_identification:_identify(build) ignored
[0.553s] Level 1:colcon.colcon_core.package_identification:_identify(install) by extensions ['ignore', 'ignore_ament_install']
[0.553s] Level 1:colcon.colcon_core.package_identification:_identify(install) by extension 'ignore'
[0.553s] Level 1:colcon.colcon_core.package_identification:_identify(install) ignored
[0.553s] Level 1:colcon.colcon_core.package_identification:_identify(log) by extensions ['ignore', 'ignore_ament_install']
[0.553s] Level 1:colcon.colcon_core.package_identification:_identify(log) by extension 'ignore'
[0.553s] Level 1:colcon.colcon_core.package_identification:_identify(log) ignored
[0.554s] Level 1:colcon.colcon_core.package_identification:_identify(src) by extensions ['ignore', 'ignore_ament_install']
[0.554s] Level 1:colcon.colcon_core.package_identification:_identify(src) by extension 'ignore'
[0.554s] Level 1:colcon.colcon_core.package_identification:_identify(src) by extension 'ignore_ament_install'
[0.554s] Level 1:colcon.colcon_core.package_identification:_identify(src) by extensions ['colcon_pkg']
[0.554s] Level 1:colcon.colcon_core.package_identification:_identify(src) by extension 'colcon_pkg'
[0.554s] Level 1:colcon.colcon_core.package_identification:_identify(src) by extensions ['colcon_meta']
[0.554s] Level 1:colcon.colcon_core.package_identification:_identify(src) by extension 'colcon_meta'
[0.554s] Level 1:colcon.colcon_core.package_identification:_identify(src) by extensions ['ros']
[0.554s] Level 1:colcon.colcon_core.package_identification:_identify(src) by extension 'ros'
[0.554s] Level 1:colcon.colcon_core.package_identification:_identify(src) by extensions ['cmake', 'python']
[0.554s] Level 1:colcon.colcon_core.package_identification:_identify(src) by extension 'cmake'
[0.554s] Level 1:colcon.colcon_core.package_identification:_identify(src) by extension 'python'
[0.554s] Level 1:colcon.colcon_core.package_identification:_identify(src) by extensions ['python_setup_py']
[0.554s] Level 1:colcon.colcon_core.package_identification:_identify(src) by extension 'python_setup_py'
[0.555s] Level 1:colcon.colcon_core.package_identification:_identify(src/custom_interfaces) by extensions ['ignore', 'ignore_ament_install']
[0.555s] Level 1:colcon.colcon_core.package_identification:_identify(src/custom_interfaces) by extension 'ignore'
[0.555s] Level 1:colcon.colcon_core.package_identification:_identify(src/custom_interfaces) by extension 'ignore_ament_install'
[0.555s] Level 1:colcon.colcon_core.package_identification:_identify(src/custom_interfaces) by extensions ['colcon_pkg']
[0.555s] Level 1:colcon.colcon_core.package_identification:_identify(src/custom_interfaces) by extension 'colcon_pkg'
[0.555s] Level 1:colcon.colcon_core.package_identification:_identify(src/custom_interfaces) by extensions ['colcon_meta']
[0.555s] Level 1:colcon.colcon_core.package_identification:_identify(src/custom_interfaces) by extension 'colcon_meta'
[0.555s] Level 1:colcon.colcon_core.package_identification:_identify(src/custom_interfaces) by extensions ['ros']
[0.555s] Level 1:colcon.colcon_core.package_identification:_identify(src/custom_interfaces) by extension 'ros'
[0.560s] DEBUG:colcon.colcon_core.package_identification:Package 'src/custom_interfaces' with type 'ros.ament_cmake' and name 'custom_interfaces'
[0.560s] Level 1:colcon.colcon_core.package_identification:_identify(src/foolturtle) by extensions ['ignore', 'ignore_ament_install']
[0.561s] Level 1:colcon.colcon_core.package_identification:_identify(src/foolturtle) by extension 'ignore'
[0.561s] Level 1:colcon.colcon_core.package_identification:_identify(src/foolturtle) by extension 'ignore_ament_install'
[0.561s] Level 1:colcon.colcon_core.package_identification:_identify(src/foolturtle) by extensions ['colcon_pkg']
[0.561s] Level 1:colcon.colcon_core.package_identification:_identify(src/foolturtle) by extension 'colcon_pkg'
[0.561s] Level 1:colcon.colcon_core.package_identification:_identify(src/foolturtle) by extensions ['colcon_meta']
[0.561s] Level 1:colcon.colcon_core.package_identification:_identify(src/foolturtle) by extension 'colcon_meta'
[0.561s] Level 1:colcon.colcon_core.package_identification:_identify(src/foolturtle) by extensions ['ros']
[0.561s] Level 1:colcon.colcon_core.package_identification:_identify(src/foolturtle) by extension 'ros'
[0.563s] DEBUG:colcon.colcon_core.package_identification:Package 'src/foolturtle' with type 'ros.ament_cmake' and name 'foolturtle'
[0.563s] Level 1:colcon.colcon_core.package_identification:_identify(src/pubsub) by extensions ['ignore', 'ignore_ament_install']
[0.563s] Level 1:colcon.colcon_core.package_identification:_identify(src/pubsub) by extension 'ignore'
[0.563s] Level 1:colcon.colcon_core.package_identification:_identify(src/pubsub) by extension 'ignore_ament_install'
[0.564s] Level 1:colcon.colcon_core.package_identification:_identify(src/pubsub) by extensions ['colcon_pkg']
[0.564s] Level 1:colcon.colcon_core.package_identification:_identify(src/pubsub) by extension 'colcon_pkg'
[0.564s] Level 1:colcon.colcon_core.package_identification:_identify(src/pubsub) by extensions ['colcon_meta']
[0.564s] Level 1:colcon.colcon_core.package_identification:_identify(src/pubsub) by extension 'colcon_meta'
[0.564s] Level 1:colcon.colcon_core.package_identification:_identify(src/pubsub) by extensions ['ros']
[0.564s] Level 1:colcon.colcon_core.package_identification:_identify(src/pubsub) by extension 'ros'
[0.565s] DEBUG:colcon.colcon_core.package_identification:Package 'src/pubsub' with type 'ros.ament_cmake' and name 'pubsub'
[0.565s] Level 1:colcon.colcon_core.package_identification:_identify(src/pubsub_custom) by extensions ['ignore', 'ignore_ament_install']
[0.566s] Level 1:colcon.colcon_core.package_identification:_identify(src/pubsub_custom) by extension 'ignore'
[0.566s] Level 1:colcon.colcon_core.package_identification:_identify(src/pubsub_custom) by extension 'ignore_ament_install'
[0.566s] Level 1:colcon.colcon_core.package_identification:_identify(src/pubsub_custom) by extensions ['colcon_pkg']
[0.566s] Level 1:colcon.colcon_core.package_identification:_identify(src/pubsub_custom) by extension 'colcon_pkg'
[0.566s] Level 1:colcon.colcon_core.package_identification:_identify(src/pubsub_custom) by extensions ['colcon_meta']
[0.566s] Level 1:colcon.colcon_core.package_identification:_identify(src/pubsub_custom) by extension 'colcon_meta'
[0.566s] Level 1:colcon.colcon_core.package_identification:_identify(src/pubsub_custom) by extensions ['ros']
[0.566s] Level 1:colcon.colcon_core.package_identification:_identify(src/pubsub_custom) by extension 'ros'
[0.568s] DEBUG:colcon.colcon_core.package_identification:Package 'src/pubsub_custom' with type 'ros.ament_cmake' and name 'pubsub_custom'
[0.568s] Level 1:colcon.colcon_core.package_discovery:discover_packages(recursive) using defaults
[0.568s] Level 1:colcon.colcon_core.package_discovery:discover_packages(ignore) discover
[0.568s] Level 1:colcon.colcon_core.package_discovery:discover_packages(ignore) using defaults
[0.568s] Level 1:colcon.colcon_core.package_discovery:discover_packages(path) discover
[0.568s] Level 1:colcon.colcon_core.package_discovery:discover_packages(path) using defaults
[0.601s] Level 1:colcon.colcon_core.package_discovery:discover_packages(prefix_path) check parameters
[0.601s] Level 1:colcon.colcon_core.package_discovery:discover_packages(prefix_path) discover
[0.604s] DEBUG:colcon.colcon_installed_package_information.package_discovery:Found 1 installed packages in /home/aimane/data/colcon_ws2/install
[0.607s] DEBUG:colcon.colcon_installed_package_information.package_discovery:Found 373 installed packages in /opt/ros/humble
[0.613s] Level 1:colcon.colcon_core.package_discovery:discover_packages(prefix_path) using defaults
[0.716s] Level 5:colcon.colcon_core.verb:set package 'custom_interfaces' build argument 'cmake_args' from command line to 'None'
[0.716s] Level 5:colcon.colcon_core.verb:set package 'custom_interfaces' build argument 'cmake_target' from command line to 'None'
[0.717s] Level 5:colcon.colcon_core.verb:set package 'custom_interfaces' build argument 'cmake_target_skip_unavailable' from command line to 'False'
[0.717s] Level 5:colcon.colcon_core.verb:set package 'custom_interfaces' build argument 'cmake_clean_cache' from command line to 'False'
[0.717s] Level 5:colcon.colcon_core.verb:set package 'custom_interfaces' build argument 'cmake_clean_first' from command line to 'False'
[0.717s] Level 5:colcon.colcon_core.verb:set package 'custom_interfaces' build argument 'cmake_force_configure' from command line to 'False'
[0.717s] Level 5:colcon.colcon_core.verb:set package 'custom_interfaces' build argument 'ament_cmake_args' from command line to 'None'
[0.717s] Level 5:colcon.colcon_core.verb:set package 'custom_interfaces' build argument 'catkin_cmake_args' from command line to 'None'
[0.717s] Level 5:colcon.colcon_core.verb:set package 'custom_interfaces' build argument 'catkin_skip_building_tests' from command line to 'False'
[0.717s] DEBUG:colcon.colcon_core.verb:Building package 'custom_interfaces' with the following arguments: {'ament_cmake_args': None, 'build_base': '/home/aimane/data/colcon_ws2/build/custom_interfaces', 'catkin_cmake_args': None, 'catkin_skip_building_tests': False, 'cmake_args': None, 'cmake_clean_cache': False, 'cmake_clean_first': False, 'cmake_force_configure': False, 'cmake_target': None, 'cmake_target_skip_unavailable': False, 'install_base': '/home/aimane/data/colcon_ws2/install/custom_interfaces', 'merge_install': False, 'path': '/home/aimane/data/colcon_ws2/src/custom_interfaces', 'symlink_install': False, 'test_result_base': None}
[0.718s] Level 5:colcon.colcon_core.verb:set package 'foolturtle' build argument 'cmake_args' from command line to 'None'
[0.718s] Level 5:colcon.colcon_core.verb:set package 'foolturtle' build argument 'cmake_target' from command line to 'None'
[0.718s] Level 5:colcon.colcon_core.verb:set package 'foolturtle' build argument 'cmake_target_skip_unavailable' from command line to 'False'
[0.718s] Level 5:colcon.colcon_core.verb:set package 'foolturtle' build argument 'cmake_clean_cache' from command line to 'False'
[0.718s] Level 5:colcon.colcon_core.verb:set package 'foolturtle' build argument 'cmake_clean_first' from command line to 'False'
[0.718s] Level 5:colcon.colcon_core.verb:set package 'foolturtle' build argument 'cmake_force_configure' from command line to 'False'
[0.718s] Level 5:colcon.colcon_core.verb:set package 'foolturtle' build argument 'ament_cmake_args' from command line to 'None'
[0.718s] Level 5:colcon.colcon_core.verb:set package 'foolturtle' build argument 'catkin_cmake_args' from command line to 'None'
[0.718s] Level 5:colcon.colcon_core.verb:set package 'foolturtle' build argument 'catkin_skip_building_tests' from command line to 'False'
[0.718s] DEBUG:colcon.colcon_core.verb:Building package 'foolturtle' with the following arguments: {'ament_cmake_args': None, 'build_base': '/home/aimane/data/colcon_ws2/build/foolturtle', 'catkin_cmake_args': None, 'catkin_skip_building_tests': False, 'cmake_args': None, 'cmake_clean_cache': False, 'cmake_clean_first': False, 'cmake_force_configure': False, 'cmake_target': None, 'cmake_target_skip_unavailable': False, 'install_base': '/home/aimane/data/colcon_ws2/install/foolturtle', 'merge_install': False, 'path': '/home/aimane/data/colcon_ws2/src/foolturtle', 'symlink_install': False, 'test_result_base': None}
[0.719s] Level 5:colcon.colcon_core.verb:set package 'pubsub' build argument 'cmake_args' from command line to 'None'
[0.719s] Level 5:colcon.colcon_core.verb:set package 'pubsub' build argument 'cmake_target' from command line to 'None'
[0.719s] Level 5:colcon.colcon_core.verb:set package 'pubsub' build argument 'cmake_target_skip_unavailable' from command line to 'False'
[0.719s] Level 5:colcon.colcon_core.verb:set package 'pubsub' build argument 'cmake_clean_cache' from command line to 'False'
[0.719s] Level 5:colcon.colcon_core.verb:set package 'pubsub' build argument 'cmake_clean_first' from command line to 'False'
[0.719s] Level 5:colcon.colcon_core.verb:set package 'pubsub' build argument 'cmake_force_configure' from command line to 'False'
[0.719s] Level 5:colcon.colcon_core.verb:set package 'pubsub' build argument 'ament_cmake_args' from command line to 'None'
[0.719s] Level 5:colcon.colcon_core.verb:set package 'pubsub' build argument 'catkin_cmake_args' from command line to 'None'
[0.719s] Level 5:colcon.colcon_core.verb:set package 'pubsub' build argument 'catkin_skip_building_tests' from command line to 'False'
[0.719s] DEBUG:colcon.colcon_core.verb:Building package 'pubsub' with the following arguments: {'ament_cmake_args': None, 'build_base': '/home/aimane/data/colcon_ws2/build/pubsub', 'catkin_cmake_args': None, 'catkin_skip_building_tests': False, 'cmake_args': None, 'cmake_clean_cache': False, 'cmake_clean_first': False, 'cmake_force_configure': False, 'cmake_target': None, 'cmake_target_skip_unavailable': False, 'install_base': '/home/aimane/data/colcon_ws2/install/pubsub', 'merge_install': False, 'path': '/home/aimane/data/colcon_ws2/src/pubsub', 'symlink_install': False, 'test_result_base': None}
[0.720s] Level 5:colcon.colcon_core.verb:set package 'pubsub_custom' build argument 'cmake_args' from command line to 'None'
[0.720s] Level 5:colcon.colcon_core.verb:set package 'pubsub_custom' build argument 'cmake_target' from command line to 'None'
[0.721s] Level 5:colcon.colcon_core.verb:set package 'pubsub_custom' build argument 'cmake_target_skip_unavailable' from command line to 'False'
[0.721s] Level 5:colcon.colcon_core.verb:set package 'pubsub_custom' build argument 'cmake_clean_cache' from command line to 'False'
[0.721s] Level 5:colcon.colcon_core.verb:set package 'pubsub_custom' build argument 'cmake_clean_first' from command line to 'False'
[0.721s] Level 5:colcon.colcon_core.verb:set package 'pubsub_custom' build argument 'cmake_force_configure' from command line to 'False'
[0.721s] Level 5:colcon.colcon_core.verb:set package 'pubsub_custom' build argument 'ament_cmake_args' from command line to 'None'
[0.721s] Level 5:colcon.colcon_core.verb:set package 'pubsub_custom' build argument 'catkin_cmake_args' from command line to 'None'
[0.721s] Level 5:colcon.colcon_core.verb:set package 'pubsub_custom' build argument 'catkin_skip_building_tests' from command line to 'False'
[0.721s] DEBUG:colcon.colcon_core.verb:Building package 'pubsub_custom' with the following arguments: {'ament_cmake_args': None, 'build_base': '/home/aimane/data/colcon_ws2/build/pubsub_custom', 'catkin_cmake_args': None, 'catkin_skip_building_tests': False, 'cmake_args': None, 'cmake_clean_cache': False, 'cmake_clean_first': False, 'cmake_force_configure': False, 'cmake_target': None, 'cmake_target_skip_unavailable': False, 'install_base': '/home/aimane/data/colcon_ws2/install/pubsub_custom', 'merge_install': False, 'path': '/home/aimane/data/colcon_ws2/src/pubsub_custom', 'symlink_install': False, 'test_result_base': None}
[0.721s] INFO:colcon.colcon_core.executor:Executing jobs using 'parallel' executor
[0.723s] DEBUG:colcon.colcon_parallel_executor.executor.parallel:run_until_complete
[0.723s] INFO:colcon.colcon_ros.task.ament_cmake.build:Building ROS package in '/home/aimane/data/colcon_ws2/src/custom_interfaces' with build type 'ament_cmake'
[0.723s] INFO:colcon.colcon_cmake.task.cmake.build:Building CMake package in '/home/aimane/data/colcon_ws2/src/custom_interfaces'
[0.726s] INFO:colcon.colcon_core.plugin_system:Skipping extension 'colcon_core.shell.bat': Not used on non-Windows systems
[0.727s] INFO:colcon.colcon_core.shell:Skip shell extension 'powershell' for command environment: Not usable outside of PowerShell
[0.727s] DEBUG:colcon.colcon_core.shell:Skip shell extension 'dsv' for command environment
[0.733s] INFO:colcon.colcon_ros.task.ament_cmake.build:Building ROS package in '/home/aimane/data/colcon_ws2/src/foolturtle' with build type 'ament_cmake'
[0.733s] INFO:colcon.colcon_cmake.task.cmake.build:Building CMake package in '/home/aimane/data/colcon_ws2/src/foolturtle'
[0.734s] INFO:colcon.colcon_core.shell:Skip shell extension 'powershell' for command environment: Not usable outside of PowerShell
[0.734s] DEBUG:colcon.colcon_core.shell:Skip shell extension 'dsv' for command environment
[0.743s] INFO:colcon.colcon_ros.task.ament_cmake.build:Building ROS package in '/home/aimane/data/colcon_ws2/src/pubsub' with build type 'ament_cmake'
[0.743s] INFO:colcon.colcon_cmake.task.cmake.build:Building CMake package in '/home/aimane/data/colcon_ws2/src/pubsub'
[0.743s] INFO:colcon.colcon_core.shell:Skip shell extension 'powershell' for command environment: Not usable outside of PowerShell
[0.743s] DEBUG:colcon.colcon_core.shell:Skip shell extension 'dsv' for command environment
[0.764s] DEBUG:colcon.colcon_core.event_handler.log_command:Invoking command in '/home/aimane/data/colcon_ws2/build/custom_interfaces': CMAKE_PREFIX_PATH=${CMAKE_PREFIX_PATH}:/opt/ros/humble /usr/bin/cmake /home/aimane/data/colcon_ws2/src/custom_interfaces -DCMAKE_INSTALL_PREFIX=/home/aimane/data/colcon_ws2/install/custom_interfaces
[0.765s] DEBUG:colcon.colcon_core.event_handler.log_command:Invoking command in '/home/aimane/data/colcon_ws2/build/foolturtle': CMAKE_PREFIX_PATH=${CMAKE_PREFIX_PATH}:/opt/ros/humble /usr/bin/cmake --build /home/aimane/data/colcon_ws2/build/foolturtle -- -j3 -l3
[0.777s] DEBUG:colcon.colcon_core.event_handler.log_command:Invoking command in '/home/aimane/data/colcon_ws2/build/pubsub': CMAKE_PREFIX_PATH=${CMAKE_PREFIX_PATH}:/opt/ros/humble /usr/bin/cmake /home/aimane/data/colcon_ws2/src/pubsub -DCMAKE_INSTALL_PREFIX=/home/aimane/data/colcon_ws2/install/pubsub
[0.905s] DEBUG:colcon.colcon_core.event_handler.log_command:Invoked command in '/home/aimane/data/colcon_ws2/build/foolturtle' returned '0': CMAKE_PREFIX_PATH=${CMAKE_PREFIX_PATH}:/opt/ros/humble /usr/bin/cmake --build /home/aimane/data/colcon_ws2/build/foolturtle -- -j3 -l3
[0.921s] DEBUG:colcon.colcon_core.event_handler.log_command:Invoking command in '/home/aimane/data/colcon_ws2/build/foolturtle': CMAKE_PREFIX_PATH=${CMAKE_PREFIX_PATH}:/opt/ros/humble /usr/bin/cmake --install /home/aimane/data/colcon_ws2/build/foolturtle
[0.949s] Level 1:colcon.colcon_core.environment:create_environment_scripts_only(foolturtle)
[0.949s] DEBUG:colcon.colcon_core.event_handler.log_command:Invoked command in '/home/aimane/data/colcon_ws2/build/foolturtle' returned '0': CMAKE_PREFIX_PATH=${CMAKE_PREFIX_PATH}:/opt/ros/humble /usr/bin/cmake --install /home/aimane/data/colcon_ws2/build/foolturtle
[0.961s] Level 1:colcon.colcon_core.environment:checking '/home/aimane/data/colcon_ws2/install/foolturtle' for CMake module files
[0.962s] Level 1:colcon.colcon_core.environment:checking '/home/aimane/data/colcon_ws2/install/foolturtle' for CMake config files
[0.962s] Level 1:colcon.colcon_core.shell:create_environment_hook('foolturtle', 'cmake_prefix_path')
[0.964s] INFO:colcon.colcon_core.shell:Creating environment hook '/home/aimane/data/colcon_ws2/install/foolturtle/share/foolturtle/hook/cmake_prefix_path.ps1'
[0.966s] INFO:colcon.colcon_core.shell:Creating environment descriptor '/home/aimane/data/colcon_ws2/install/foolturtle/share/foolturtle/hook/cmake_prefix_path.dsv'
[0.967s] INFO:colcon.colcon_core.shell:Creating environment hook '/home/aimane/data/colcon_ws2/install/foolturtle/share/foolturtle/hook/cmake_prefix_path.sh'
[0.970s] Level 1:colcon.colcon_core.environment:checking '/home/aimane/data/colcon_ws2/install/foolturtle/lib'
[0.971s] Level 1:colcon.colcon_core.environment:checking '/home/aimane/data/colcon_ws2/install/foolturtle/bin'
[0.971s] Level 1:colcon.colcon_core.environment:checking '/home/aimane/data/colcon_ws2/install/foolturtle/lib/pkgconfig/foolturtle.pc'
[0.972s] Level 1:colcon.colcon_core.environment:checking '/home/aimane/data/colcon_ws2/install/foolturtle/lib/python3.10/site-packages'
[0.972s] Level 1:colcon.colcon_core.environment:checking '/home/aimane/data/colcon_ws2/install/foolturtle/bin'
[0.973s] INFO:colcon.colcon_core.shell:Creating package script '/home/aimane/data/colcon_ws2/install/foolturtle/share/foolturtle/package.ps1'
[0.976s] INFO:colcon.colcon_core.shell:Creating package descriptor '/home/aimane/data/colcon_ws2/install/foolturtle/share/foolturtle/package.dsv'
[0.979s] INFO:colcon.colcon_core.shell:Creating package script '/home/aimane/data/colcon_ws2/install/foolturtle/share/foolturtle/package.sh'
[0.982s] INFO:colcon.colcon_core.shell:Creating package script '/home/aimane/data/colcon_ws2/install/foolturtle/share/foolturtle/package.bash'
[0.987s] INFO:colcon.colcon_core.shell:Creating package script '/home/aimane/data/colcon_ws2/install/foolturtle/share/foolturtle/package.zsh'
[0.989s] Level 1:colcon.colcon_core.environment:create_file_with_runtime_dependencies(/home/aimane/data/colcon_ws2/install/foolturtle/share/colcon-core/packages/foolturtle)
[0.990s] Level 1:colcon.colcon_core.environment:create_environment_scripts_only(foolturtle)
[0.990s] Level 1:colcon.colcon_core.environment:checking '/home/aimane/data/colcon_ws2/install/foolturtle' for CMake module files
[0.995s] Level 1:colcon.colcon_core.environment:checking '/home/aimane/data/colcon_ws2/install/foolturtle' for CMake config files
[0.998s] Level 1:colcon.colcon_core.shell:create_environment_hook('foolturtle', 'cmake_prefix_path')
[0.998s] INFO:colcon.colcon_core.shell:Creating environment hook '/home/aimane/data/colcon_ws2/install/foolturtle/share/foolturtle/hook/cmake_prefix_path.ps1'
[0.999s] INFO:colcon.colcon_core.shell:Creating environment descriptor '/home/aimane/data/colcon_ws2/install/foolturtle/share/foolturtle/hook/cmake_prefix_path.dsv'
[1.000s] INFO:colcon.colcon_core.shell:Creating environment hook '/home/aimane/data/colcon_ws2/install/foolturtle/share/foolturtle/hook/cmake_prefix_path.sh'
[1.004s] Level 1:colcon.colcon_core.environment:checking '/home/aimane/data/colcon_ws2/install/foolturtle/lib'
[1.004s] Level 1:colcon.colcon_core.environment:checking '/home/aimane/data/colcon_ws2/install/foolturtle/bin'
[1.004s] Level 1:colcon.colcon_core.environment:checking '/home/aimane/data/colcon_ws2/install/foolturtle/lib/pkgconfig/foolturtle.pc'
[1.004s] Level 1:colcon.colcon_core.environment:checking '/home/aimane/data/colcon_ws2/install/foolturtle/lib/python3.10/site-packages'
[1.005s] Level 1:colcon.colcon_core.environment:checking '/home/aimane/data/colcon_ws2/install/foolturtle/bin'
[1.005s] INFO:colcon.colcon_core.shell:Creating package script '/home/aimane/data/colcon_ws2/install/foolturtle/share/foolturtle/package.ps1'
[1.008s] INFO:colcon.colcon_core.shell:Creating package descriptor '/home/aimane/data/colcon_ws2/install/foolturtle/share/foolturtle/package.dsv'
[1.009s] INFO:colcon.colcon_core.shell:Creating package script '/home/aimane/data/colcon_ws2/install/foolturtle/share/foolturtle/package.sh'
[1.012s] INFO:colcon.colcon_core.shell:Creating package script '/home/aimane/data/colcon_ws2/install/foolturtle/share/foolturtle/package.bash'
[1.013s] INFO:colcon.colcon_core.shell:Creating package script '/home/aimane/data/colcon_ws2/install/foolturtle/share/foolturtle/package.zsh'
[1.014s] Level 1:colcon.colcon_core.environment:create_file_with_runtime_dependencies(/home/aimane/data/colcon_ws2/install/foolturtle/share/colcon-core/packages/foolturtle)
[2.811s] DEBUG:colcon.colcon_core.event_handler.log_command:Invoked command in '/home/aimane/data/colcon_ws2/build/pubsub' returned '0': CMAKE_PREFIX_PATH=${CMAKE_PREFIX_PATH}:/opt/ros/humble /usr/bin/cmake /home/aimane/data/colcon_ws2/src/pubsub -DCMAKE_INSTALL_PREFIX=/home/aimane/data/colcon_ws2/install/pubsub
[2.813s] DEBUG:colcon.colcon_core.event_handler.log_command:Invoking command in '/home/aimane/data/colcon_ws2/build/pubsub': CMAKE_PREFIX_PATH=${CMAKE_PREFIX_PATH}:/opt/ros/humble /usr/bin/cmake --build /home/aimane/data/colcon_ws2/build/pubsub -- -j3 -l3
[7.142s] DEBUG:colcon.colcon_core.event_handler.log_command:Invoked command in '/home/aimane/data/colcon_ws2/build/custom_interfaces' returned '0': CMAKE_PREFIX_PATH=${CMAKE_PREFIX_PATH}:/opt/ros/humble /usr/bin/cmake /home/aimane/data/colcon_ws2/src/custom_interfaces -DCMAKE_INSTALL_PREFIX=/home/aimane/data/colcon_ws2/install/custom_interfaces
[7.144s] DEBUG:colcon.colcon_core.event_handler.log_command:Invoking command in '/home/aimane/data/colcon_ws2/build/custom_interfaces': CMAKE_PREFIX_PATH=${CMAKE_PREFIX_PATH}:/opt/ros/humble /usr/bin/cmake --build /home/aimane/data/colcon_ws2/build/custom_interfaces -- -j3 -l3
[18.542s] DEBUG:colcon.colcon_core.event_handler.log_command:Invoked command in '/home/aimane/data/colcon_ws2/build/custom_interfaces' returned '0': CMAKE_PREFIX_PATH=${CMAKE_PREFIX_PATH}:/opt/ros/humble /usr/bin/cmake --build /home/aimane/data/colcon_ws2/build/custom_interfaces -- -j3 -l3
[18.543s] DEBUG:colcon.colcon_core.event_handler.log_command:Invoking command in '/home/aimane/data/colcon_ws2/build/custom_interfaces': CMAKE_PREFIX_PATH=${CMAKE_PREFIX_PATH}:/opt/ros/humble /usr/bin/cmake --install /home/aimane/data/colcon_ws2/build/custom_interfaces
[19.202s] Level 1:colcon.colcon_core.environment:create_environment_scripts_only(custom_interfaces)
[19.202s] Level 1:colcon.colcon_core.environment:checking '/home/aimane/data/colcon_ws2/install/custom_interfaces' for CMake module files
[19.204s] DEBUG:colcon.colcon_core.event_handler.log_command:Invoked command in '/home/aimane/data/colcon_ws2/build/custom_interfaces' returned '0': CMAKE_PREFIX_PATH=${CMAKE_PREFIX_PATH}:/opt/ros/humble /usr/bin/cmake --install /home/aimane/data/colcon_ws2/build/custom_interfaces
[19.204s] Level 1:colcon.colcon_core.environment:checking '/home/aimane/data/colcon_ws2/install/custom_interfaces' for CMake config files
[19.206s] Level 1:colcon.colcon_core.shell:create_environment_hook('custom_interfaces', 'cmake_prefix_path')
[19.209s] INFO:colcon.colcon_core.shell:Creating environment hook '/home/aimane/data/colcon_ws2/install/custom_interfaces/share/custom_interfaces/hook/cmake_prefix_path.ps1'
[19.209s] INFO:colcon.colcon_core.shell:Creating environment descriptor '/home/aimane/data/colcon_ws2/install/custom_interfaces/share/custom_interfaces/hook/cmake_prefix_path.dsv'
[19.210s] INFO:colcon.colcon_core.shell:Creating environment hook '/home/aimane/data/colcon_ws2/install/custom_interfaces/share/custom_interfaces/hook/cmake_prefix_path.sh'
[19.213s] Level 1:colcon.colcon_core.environment:checking '/home/aimane/data/colcon_ws2/install/custom_interfaces/lib'
[19.213s] Level 1:colcon.colcon_core.shell:create_environment_hook('custom_interfaces', 'ld_library_path_lib')
[19.213s] INFO:colcon.colcon_core.shell:Creating environment hook '/home/aimane/data/colcon_ws2/install/custom_interfaces/share/custom_interfaces/hook/ld_library_path_lib.ps1'
[19.214s] INFO:colcon.colcon_core.shell:Creating environment descriptor '/home/aimane/data/colcon_ws2/install/custom_interfaces/share/custom_interfaces/hook/ld_library_path_lib.dsv'
[19.217s] INFO:colcon.colcon_core.shell:Creating environment hook '/home/aimane/data/colcon_ws2/install/custom_interfaces/share/custom_interfaces/hook/ld_library_path_lib.sh'
[19.217s] Level 1:colcon.colcon_core.environment:checking '/home/aimane/data/colcon_ws2/install/custom_interfaces/bin'
[19.217s] Level 1:colcon.colcon_core.environment:checking '/home/aimane/data/colcon_ws2/install/custom_interfaces/lib/pkgconfig/custom_interfaces.pc'
[19.218s] Level 1:colcon.colcon_core.environment:checking '/home/aimane/data/colcon_ws2/install/custom_interfaces/lib/python3.10/site-packages'
[19.218s] Level 1:colcon.colcon_core.environment:checking '/home/aimane/data/colcon_ws2/install/custom_interfaces/bin'
[19.221s] INFO:colcon.colcon_core.shell:Creating package script '/home/aimane/data/colcon_ws2/install/custom_interfaces/share/custom_interfaces/package.ps1'
[19.222s] INFO:colcon.colcon_core.shell:Creating package descriptor '/home/aimane/data/colcon_ws2/install/custom_interfaces/share/custom_interfaces/package.dsv'
[19.223s] INFO:colcon.colcon_core.shell:Creating package script '/home/aimane/data/colcon_ws2/install/custom_interfaces/share/custom_interfaces/package.sh'
[19.225s] INFO:colcon.colcon_core.shell:Creating package script '/home/aimane/data/colcon_ws2/install/custom_interfaces/share/custom_interfaces/package.bash'
[19.226s] INFO:colcon.colcon_core.shell:Creating package script '/home/aimane/data/colcon_ws2/install/custom_interfaces/share/custom_interfaces/package.zsh'
[19.226s] Level 1:colcon.colcon_core.environment:create_file_with_runtime_dependencies(/home/aimane/data/colcon_ws2/install/custom_interfaces/share/colcon-core/packages/custom_interfaces)
[19.229s] Level 1:colcon.colcon_core.environment:create_environment_scripts_only(custom_interfaces)
[19.230s] Level 1:colcon.colcon_core.environment:checking '/home/aimane/data/colcon_ws2/install/custom_interfaces' for CMake module files
[19.233s] Level 1:colcon.colcon_core.environment:checking '/home/aimane/data/colcon_ws2/install/custom_interfaces' for CMake config files
[19.234s] Level 1:colcon.colcon_core.shell:create_environment_hook('custom_interfaces', 'cmake_prefix_path')
[19.234s] INFO:colcon.colcon_core.shell:Creating environment hook '/home/aimane/data/colcon_ws2/install/custom_interfaces/share/custom_interfaces/hook/cmake_prefix_path.ps1'
[19.237s] INFO:colcon.colcon_core.shell:Creating environment descriptor '/home/aimane/data/colcon_ws2/install/custom_interfaces/share/custom_interfaces/hook/cmake_prefix_path.dsv'
[19.238s] INFO:colcon.colcon_core.shell:Creating environment hook '/home/aimane/data/colcon_ws2/install/custom_interfaces/share/custom_interfaces/hook/cmake_prefix_path.sh'
[19.239s] Level 1:colcon.colcon_core.environment:checking '/home/aimane/data/colcon_ws2/install/custom_interfaces/lib'
[19.241s] Level 1:colcon.colcon_core.shell:create_environment_hook('custom_interfaces', 'ld_library_path_lib')
[19.241s] INFO:colcon.colcon_core.shell:Creating environment hook '/home/aimane/data/colcon_ws2/install/custom_interfaces/share/custom_interfaces/hook/ld_library_path_lib.ps1'
[19.242s] INFO:colcon.colcon_core.shell:Creating environment descriptor '/home/aimane/data/colcon_ws2/install/custom_interfaces/share/custom_interfaces/hook/ld_library_path_lib.dsv'
[19.242s] INFO:colcon.colcon_core.shell:Creating environment hook '/home/aimane/data/colcon_ws2/install/custom_interfaces/share/custom_interfaces/hook/ld_library_path_lib.sh'
[19.245s] Level 1:colcon.colcon_core.environment:checking '/home/aimane/data/colcon_ws2/install/custom_interfaces/bin'
[19.245s] Level 1:colcon.colcon_core.environment:checking '/home/aimane/data/colcon_ws2/install/custom_interfaces/lib/pkgconfig/custom_interfaces.pc'
[19.246s] Level 1:colcon.colcon_core.environment:checking '/home/aimane/data/colcon_ws2/install/custom_interfaces/lib/python3.10/site-packages'
[19.246s] Level 1:colcon.colcon_core.environment:checking '/home/aimane/data/colcon_ws2/install/custom_interfaces/bin'
[19.249s] INFO:colcon.colcon_core.shell:Creating package script '/home/aimane/data/colcon_ws2/install/custom_interfaces/share/custom_interfaces/package.ps1'
[19.250s] INFO:colcon.colcon_core.shell:Creating package descriptor '/home/aimane/data/colcon_ws2/install/custom_interfaces/share/custom_interfaces/package.dsv'
[19.253s] INFO:colcon.colcon_core.shell:Creating package script '/home/aimane/data/colcon_ws2/install/custom_interfaces/share/custom_interfaces/package.sh'
[19.253s] INFO:colcon.colcon_core.shell:Creating package script '/home/aimane/data/colcon_ws2/install/custom_interfaces/share/custom_interfaces/package.bash'
[19.254s] INFO:colcon.colcon_core.shell:Creating package script '/home/aimane/data/colcon_ws2/install/custom_interfaces/share/custom_interfaces/package.zsh'
[19.257s] Level 1:colcon.colcon_core.environment:create_file_with_runtime_dependencies(/home/aimane/data/colcon_ws2/install/custom_interfaces/share/colcon-core/packages/custom_interfaces)
[19.257s] INFO:colcon.colcon_ros.task.ament_cmake.build:Building ROS package in '/home/aimane/data/colcon_ws2/src/pubsub_custom' with build type 'ament_cmake'
[19.257s] INFO:colcon.colcon_cmake.task.cmake.build:Building CMake package in '/home/aimane/data/colcon_ws2/src/pubsub_custom'
[19.258s] INFO:colcon.colcon_core.shell:Skip shell extension 'powershell' for command environment: Not usable outside of PowerShell
[19.258s] DEBUG:colcon.colcon_core.shell:Skip shell extension 'dsv' for command environment
[19.289s] DEBUG:colcon.colcon_core.event_handler.log_command:Invoking command in '/home/aimane/data/colcon_ws2/build/pubsub_custom': AMENT_PREFIX_PATH=/home/aimane/data/colcon_ws2/install/custom_interfaces:${AMENT_PREFIX_PATH} CMAKE_PREFIX_PATH=/home/aimane/data/colcon_ws2/install/custom_interfaces:/home/aimane/data/colcon_ws2/install/foolturtle:/opt/ros/humble LD_LIBRARY_PATH=/home/aimane/data/colcon_ws2/install/custom_interfaces/lib:${LD_LIBRARY_PATH} PYTHONPATH=/home/aimane/data/colcon_ws2/install/custom_interfaces/local/lib/python3.10/dist-packages:${PYTHONPATH} /usr/bin/cmake /home/aimane/data/colcon_ws2/src/pubsub_custom -DCMAKE_INSTALL_PREFIX=/home/aimane/data/colcon_ws2/install/pubsub_custom
[21.828s] DEBUG:colcon.colcon_core.event_handler.log_command:Invoked command in '/home/aimane/data/colcon_ws2/build/pubsub_custom' returned '0': AMENT_PREFIX_PATH=/home/aimane/data/colcon_ws2/install/custom_interfaces:${AMENT_PREFIX_PATH} CMAKE_PREFIX_PATH=/home/aimane/data/colcon_ws2/install/custom_interfaces:/home/aimane/data/colcon_ws2/install/foolturtle:/opt/ros/humble LD_LIBRARY_PATH=/home/aimane/data/colcon_ws2/install/custom_interfaces/lib:${LD_LIBRARY_PATH} PYTHONPATH=/home/aimane/data/colcon_ws2/install/custom_interfaces/local/lib/python3.10/dist-packages:${PYTHONPATH} /usr/bin/cmake /home/aimane/data/colcon_ws2/src/pubsub_custom -DCMAKE_INSTALL_PREFIX=/home/aimane/data/colcon_ws2/install/pubsub_custom
[21.829s] DEBUG:colcon.colcon_core.event_handler.log_command:Invoking command in '/home/aimane/data/colcon_ws2/build/pubsub_custom': AMENT_PREFIX_PATH=/home/aimane/data/colcon_ws2/install/custom_interfaces:${AMENT_PREFIX_PATH} CMAKE_PREFIX_PATH=/home/aimane/data/colcon_ws2/install/custom_interfaces:/home/aimane/data/colcon_ws2/install/foolturtle:/opt/ros/humble LD_LIBRARY_PATH=/home/aimane/data/colcon_ws2/install/custom_interfaces/lib:${LD_LIBRARY_PATH} PYTHONPATH=/home/aimane/data/colcon_ws2/install/custom_interfaces/local/lib/python3.10/dist-packages:${PYTHONPATH} /usr/bin/cmake --build /home/aimane/data/colcon_ws2/build/pubsub_custom -- -j3 -l3
[35.993s] DEBUG:colcon.colcon_core.event_handler.log_command:Invoked command in '/home/aimane/data/colcon_ws2/build/pubsub' returned '0': CMAKE_PREFIX_PATH=${CMAKE_PREFIX_PATH}:/opt/ros/humble /usr/bin/cmake --build /home/aimane/data/colcon_ws2/build/pubsub -- -j3 -l3
[35.998s] DEBUG:colcon.colcon_core.event_handler.log_command:Invoking command in '/home/aimane/data/colcon_ws2/build/pubsub': CMAKE_PREFIX_PATH=${CMAKE_PREFIX_PATH}:/opt/ros/humble /usr/bin/cmake --install /home/aimane/data/colcon_ws2/build/pubsub
[36.038s] Level 1:colcon.colcon_core.environment:create_environment_scripts_only(pubsub)
[36.039s] Level 1:colcon.colcon_core.environment:checking '/home/aimane/data/colcon_ws2/install/pubsub' for CMake module files
[36.040s] DEBUG:colcon.colcon_core.event_handler.log_command:Invoked command in '/home/aimane/data/colcon_ws2/build/pubsub' returned '0': CMAKE_PREFIX_PATH=${CMAKE_PREFIX_PATH}:/opt/ros/humble /usr/bin/cmake --install /home/aimane/data/colcon_ws2/build/pubsub
[36.040s] Level 1:colcon.colcon_core.environment:checking '/home/aimane/data/colcon_ws2/install/pubsub' for CMake config files
[36.041s] Level 1:colcon.colcon_core.shell:create_environment_hook('pubsub', 'cmake_prefix_path')
[36.041s] INFO:colcon.colcon_core.shell:Creating environment hook '/home/aimane/data/colcon_ws2/install/pubsub/share/pubsub/hook/cmake_prefix_path.ps1'
[36.043s] INFO:colcon.colcon_core.shell:Creating environment descriptor '/home/aimane/data/colcon_ws2/install/pubsub/share/pubsub/hook/cmake_prefix_path.dsv'
[36.043s] INFO:colcon.colcon_core.shell:Creating environment hook '/home/aimane/data/colcon_ws2/install/pubsub/share/pubsub/hook/cmake_prefix_path.sh'
[36.044s] Level 1:colcon.colcon_core.environment:checking '/home/aimane/data/colcon_ws2/install/pubsub/lib'
[36.044s] Level 1:colcon.colcon_core.environment:checking '/home/aimane/data/colcon_ws2/install/pubsub/bin'
[36.044s] Level 1:colcon.colcon_core.environment:checking '/home/aimane/data/colcon_ws2/install/pubsub/lib/pkgconfig/pubsub.pc'
[36.045s] Level 1:colcon.colcon_core.environment:checking '/home/aimane/data/colcon_ws2/install/pubsub/lib/python3.10/site-packages'
[36.045s] Level 1:colcon.colcon_core.environment:checking '/home/aimane/data/colcon_ws2/install/pubsub/bin'
[36.047s] INFO:colcon.colcon_core.shell:Creating package script '/home/aimane/data/colcon_ws2/install/pubsub/share/pubsub/package.ps1'
[36.047s] INFO:colcon.colcon_core.shell:Creating package descriptor '/home/aimane/data/colcon_ws2/install/pubsub/share/pubsub/package.dsv'
[36.049s] INFO:colcon.colcon_core.shell:Creating package script '/home/aimane/data/colcon_ws2/install/pubsub/share/pubsub/package.sh'
[36.050s] INFO:colcon.colcon_core.shell:Creating package script '/home/aimane/data/colcon_ws2/install/pubsub/share/pubsub/package.bash'
[36.050s] INFO:colcon.colcon_core.shell:Creating package script '/home/aimane/data/colcon_ws2/install/pubsub/share/pubsub/package.zsh'
[36.051s] Level 1:colcon.colcon_core.environment:create_file_with_runtime_dependencies(/home/aimane/data/colcon_ws2/install/pubsub/share/colcon-core/packages/pubsub)
[36.052s] Level 1:colcon.colcon_core.environment:create_environment_scripts_only(pubsub)
[36.053s] Level 1:colcon.colcon_core.environment:checking '/home/aimane/data/colcon_ws2/install/pubsub' for CMake module files
[36.054s] Level 1:colcon.colcon_core.environment:checking '/home/aimane/data/colcon_ws2/install/pubsub' for CMake config files
[36.055s] Level 1:colcon.colcon_core.shell:create_environment_hook('pubsub', 'cmake_prefix_path')
[36.055s] INFO:colcon.colcon_core.shell:Creating environment hook '/home/aimane/data/colcon_ws2/install/pubsub/share/pubsub/hook/cmake_prefix_path.ps1'
[36.056s] INFO:colcon.colcon_core.shell:Creating environment descriptor '/home/aimane/data/colcon_ws2/install/pubsub/share/pubsub/hook/cmake_prefix_path.dsv'
[36.057s] INFO:colcon.colcon_core.shell:Creating environment hook '/home/aimane/data/colcon_ws2/install/pubsub/share/pubsub/hook/cmake_prefix_path.sh'
[36.058s] Level 1:colcon.colcon_core.environment:checking '/home/aimane/data/colcon_ws2/install/pubsub/lib'
[36.059s] Level 1:colcon.colcon_core.environment:checking '/home/aimane/data/colcon_ws2/install/pubsub/bin'
[36.059s] Level 1:colcon.colcon_core.environment:checking '/home/aimane/data/colcon_ws2/install/pubsub/lib/pkgconfig/pubsub.pc'
[36.059s] Level 1:colcon.colcon_core.environment:checking '/home/aimane/data/colcon_ws2/install/pubsub/lib/python3.10/site-packages'
[36.060s] Level 1:colcon.colcon_core.environment:checking '/home/aimane/data/colcon_ws2/install/pubsub/bin'
[36.060s] INFO:colcon.colcon_core.shell:Creating package script '/home/aimane/data/colcon_ws2/install/pubsub/share/pubsub/package.ps1'
[36.061s] INFO:colcon.colcon_core.shell:Creating package descriptor '/home/aimane/data/colcon_ws2/install/pubsub/share/pubsub/package.dsv'
[36.062s] INFO:colcon.colcon_core.shell:Creating package script '/home/aimane/data/colcon_ws2/install/pubsub/share/pubsub/package.sh'
[36.063s] INFO:colcon.colcon_core.shell:Creating package script '/home/aimane/data/colcon_ws2/install/pubsub/share/pubsub/package.bash'
[36.064s] INFO:colcon.colcon_core.shell:Creating package script '/home/aimane/data/colcon_ws2/install/pubsub/share/pubsub/package.zsh'
[36.066s] Level 1:colcon.colcon_core.environment:create_file_with_runtime_dependencies(/home/aimane/data/colcon_ws2/install/pubsub/share/colcon-core/packages/pubsub)
[38.785s] DEBUG:colcon.colcon_core.event_handler.log_command:Invoked command in '/home/aimane/data/colcon_ws2/build/pubsub_custom' returned '0': AMENT_PREFIX_PATH=/home/aimane/data/colcon_ws2/install/custom_interfaces:${AMENT_PREFIX_PATH} CMAKE_PREFIX_PATH=/home/aimane/data/colcon_ws2/install/custom_interfaces:/home/aimane/data/colcon_ws2/install/foolturtle:/opt/ros/humble LD_LIBRARY_PATH=/home/aimane/data/colcon_ws2/install/custom_interfaces/lib:${LD_LIBRARY_PATH} PYTHONPATH=/home/aimane/data/colcon_ws2/install/custom_interfaces/local/lib/python3.10/dist-packages:${PYTHONPATH} /usr/bin/cmake --build /home/aimane/data/colcon_ws2/build/pubsub_custom -- -j3 -l3
[38.789s] DEBUG:colcon.colcon_core.event_handler.log_command:Invoking command in '/home/aimane/data/colcon_ws2/build/pubsub_custom': AMENT_PREFIX_PATH=/home/aimane/data/colcon_ws2/install/custom_interfaces:${AMENT_PREFIX_PATH} CMAKE_PREFIX_PATH=/home/aimane/data/colcon_ws2/install/custom_interfaces:/home/aimane/data/colcon_ws2/install/foolturtle:/opt/ros/humble LD_LIBRARY_PATH=/home/aimane/data/colcon_ws2/install/custom_interfaces/lib:${LD_LIBRARY_PATH} PYTHONPATH=/home/aimane/data/colcon_ws2/install/custom_interfaces/local/lib/python3.10/dist-packages:${PYTHONPATH} /usr/bin/cmake --install /home/aimane/data/colcon_ws2/build/pubsub_custom
[38.810s] Level 1:colcon.colcon_core.environment:create_environment_scripts_only(pubsub_custom)
[38.811s] Level 1:colcon.colcon_core.environment:checking '/home/aimane/data/colcon_ws2/install/pubsub_custom' for CMake module files
[38.812s] DEBUG:colcon.colcon_core.event_handler.log_command:Invoked command in '/home/aimane/data/colcon_ws2/build/pubsub_custom' returned '0': AMENT_PREFIX_PATH=/home/aimane/data/colcon_ws2/install/custom_interfaces:${AMENT_PREFIX_PATH} CMAKE_PREFIX_PATH=/home/aimane/data/colcon_ws2/install/custom_interfaces:/home/aimane/data/colcon_ws2/install/foolturtle:/opt/ros/humble LD_LIBRARY_PATH=/home/aimane/data/colcon_ws2/install/custom_interfaces/lib:${LD_LIBRARY_PATH} PYTHONPATH=/home/aimane/data/colcon_ws2/install/custom_interfaces/local/lib/python3.10/dist-packages:${PYTHONPATH} /usr/bin/cmake --install /home/aimane/data/colcon_ws2/build/pubsub_custom
[38.812s] Level 1:colcon.colcon_core.environment:checking '/home/aimane/data/colcon_ws2/install/pubsub_custom' for CMake config files
[38.813s] Level 1:colcon.colcon_core.shell:create_environment_hook('pubsub_custom', 'cmake_prefix_path')
[38.813s] INFO:colcon.colcon_core.shell:Creating environment hook '/home/aimane/data/colcon_ws2/install/pubsub_custom/share/pubsub_custom/hook/cmake_prefix_path.ps1'
[38.814s] INFO:colcon.colcon_core.shell:Creating environment descriptor '/home/aimane/data/colcon_ws2/install/pubsub_custom/share/pubsub_custom/hook/cmake_prefix_path.dsv'
[38.814s] INFO:colcon.colcon_core.shell:Creating environment hook '/home/aimane/data/colcon_ws2/install/pubsub_custom/share/pubsub_custom/hook/cmake_prefix_path.sh'
[38.815s] Level 1:colcon.colcon_core.environment:checking '/home/aimane/data/colcon_ws2/install/pubsub_custom/lib'
[38.815s] Level 1:colcon.colcon_core.environment:checking '/home/aimane/data/colcon_ws2/install/pubsub_custom/bin'
[38.815s] Level 1:colcon.colcon_core.environment:checking '/home/aimane/data/colcon_ws2/install/pubsub_custom/lib/pkgconfig/pubsub_custom.pc'
[38.816s] Level 1:colcon.colcon_core.environment:checking '/home/aimane/data/colcon_ws2/install/pubsub_custom/lib/python3.10/site-packages'
[38.816s] Level 1:colcon.colcon_core.environment:checking '/home/aimane/data/colcon_ws2/install/pubsub_custom/bin'
[38.817s] INFO:colcon.colcon_core.shell:Creating package script '/home/aimane/data/colcon_ws2/install/pubsub_custom/share/pubsub_custom/package.ps1'
[38.817s] INFO:colcon.colcon_core.shell:Creating package descriptor '/home/aimane/data/colcon_ws2/install/pubsub_custom/share/pubsub_custom/package.dsv'
[38.818s] INFO:colcon.colcon_core.shell:Creating package script '/home/aimane/data/colcon_ws2/install/pubsub_custom/share/pubsub_custom/package.sh'
[38.819s] INFO:colcon.colcon_core.shell:Creating package script '/home/aimane/data/colcon_ws2/install/pubsub_custom/share/pubsub_custom/package.bash'
[38.819s] INFO:colcon.colcon_core.shell:Creating package script '/home/aimane/data/colcon_ws2/install/pubsub_custom/share/pubsub_custom/package.zsh'
[38.820s] Level 1:colcon.colcon_core.environment:create_file_with_runtime_dependencies(/home/aimane/data/colcon_ws2/install/pubsub_custom/share/colcon-core/packages/pubsub_custom)
[38.821s] Level 1:colcon.colcon_core.environment:create_environment_scripts_only(pubsub_custom)
[38.822s] Level 1:colcon.colcon_core.environment:checking '/home/aimane/data/colcon_ws2/install/pubsub_custom' for CMake module files
[38.823s] Level 1:colcon.colcon_core.environment:checking '/home/aimane/data/colcon_ws2/install/pubsub_custom' for CMake config files
[38.823s] Level 1:colcon.colcon_core.shell:create_environment_hook('pubsub_custom', 'cmake_prefix_path')
[38.823s] INFO:colcon.colcon_core.shell:Creating environment hook '/home/aimane/data/colcon_ws2/install/pubsub_custom/share/pubsub_custom/hook/cmake_prefix_path.ps1'
[38.824s] INFO:colcon.colcon_core.shell:Creating environment descriptor '/home/aimane/data/colcon_ws2/install/pubsub_custom/share/pubsub_custom/hook/cmake_prefix_path.dsv'
[38.824s] INFO:colcon.colcon_core.shell:Creating environment hook '/home/aimane/data/colcon_ws2/install/pubsub_custom/share/pubsub_custom/hook/cmake_prefix_path.sh'
[38.825s] Level 1:colcon.colcon_core.environment:checking '/home/aimane/data/colcon_ws2/install/pubsub_custom/lib'
[38.825s] Level 1:colcon.colcon_core.environment:checking '/home/aimane/data/colcon_ws2/install/pubsub_custom/bin'
[38.826s] Level 1:colcon.colcon_core.environment:checking '/home/aimane/data/colcon_ws2/install/pubsub_custom/lib/pkgconfig/pubsub_custom.pc'
[38.826s] Level 1:colcon.colcon_core.environment:checking '/home/aimane/data/colcon_ws2/install/pubsub_custom/lib/python3.10/site-packages'
[38.827s] Level 1:colcon.colcon_core.environment:checking '/home/aimane/data/colcon_ws2/install/pubsub_custom/bin'
[38.827s] INFO:colcon.colcon_core.shell:Creating package script '/home/aimane/data/colcon_ws2/install/pubsub_custom/share/pubsub_custom/package.ps1'
[38.828s] INFO:colcon.colcon_core.shell:Creating package descriptor '/home/aimane/data/colcon_ws2/install/pubsub_custom/share/pubsub_custom/package.dsv'
[38.829s] INFO:colcon.colcon_core.shell:Creating package script '/home/aimane/data/colcon_ws2/install/pubsub_custom/share/pubsub_custom/package.sh'
[38.830s] INFO:colcon.colcon_core.shell:Creating package script '/home/aimane/data/colcon_ws2/install/pubsub_custom/share/pubsub_custom/package.bash'
[38.830s] INFO:colcon.colcon_core.shell:Creating package script '/home/aimane/data/colcon_ws2/install/pubsub_custom/share/pubsub_custom/package.zsh'
[38.831s] Level 1:colcon.colcon_core.environment:create_file_with_runtime_dependencies(/home/aimane/data/colcon_ws2/install/pubsub_custom/share/colcon-core/packages/pubsub_custom)
[38.832s] DEBUG:colcon.colcon_parallel_executor.executor.parallel:closing loop
[38.832s] DEBUG:colcon.colcon_parallel_executor.executor.parallel:loop closed
[38.832s] DEBUG:colcon.colcon_parallel_executor.executor.parallel:run_until_complete finished with '0'
[38.832s] DEBUG:colcon.colcon_core.event_reactor:joining thread
[38.840s] INFO:colcon.colcon_core.plugin_system:Skipping extension 'colcon_notification.desktop_notification.terminal_notifier': Not used on non-Darwin systems
[38.840s] INFO:colcon.colcon_core.plugin_system:Skipping extension 'colcon_notification.desktop_notification.win32': Not used on non-Windows systems
[38.840s] INFO:colcon.colcon_notification.desktop_notification:Sending desktop notification using 'notify2'
[38.866s] DEBUG:colcon.colcon_core.event_reactor:joined thread
[38.866s] INFO:colcon.colcon_core.shell:Creating prefix script '/home/aimane/data/colcon_ws2/install/local_setup.ps1'
[38.868s] INFO:colcon.colcon_core.shell:Creating prefix util module '/home/aimane/data/colcon_ws2/install/_local_setup_util_ps1.py'
[38.871s] INFO:colcon.colcon_core.shell:Creating prefix chain script '/home/aimane/data/colcon_ws2/install/setup.ps1'
[38.873s] INFO:colcon.colcon_core.shell:Creating prefix script '/home/aimane/data/colcon_ws2/install/local_setup.sh'
[38.874s] INFO:colcon.colcon_core.shell:Creating prefix util module '/home/aimane/data/colcon_ws2/install/_local_setup_util_sh.py'
[38.875s] INFO:colcon.colcon_core.shell:Creating prefix chain script '/home/aimane/data/colcon_ws2/install/setup.sh'
[38.877s] INFO:colcon.colcon_core.shell:Creating prefix script '/home/aimane/data/colcon_ws2/install/local_setup.bash'
[38.878s] INFO:colcon.colcon_core.shell:Creating prefix chain script '/home/aimane/data/colcon_ws2/install/setup.bash'
[38.880s] INFO:colcon.colcon_core.shell:Creating prefix script '/home/aimane/data/colcon_ws2/install/local_setup.zsh'
[38.881s] INFO:colcon.colcon_core.shell:Creating prefix chain script '/home/aimane/data/colcon_ws2/install/setup.zsh'
