[0.011s] Invoking command in '/home/aimane/data/colcon_ws2/build/foolturtle': CMAKE_PREFIX_PATH=/opt/ros/humble /usr/bin/cmake /home/aimane/data/colcon_ws2/src/foolturtle -DCMAKE_INSTALL_PREFIX=/home/aimane/data/colcon_ws2/install/foolturtle
[0.402s] -- The C compiler identification is GNU 11.4.0
[0.525s] -- The CXX compiler identification is GNU 11.4.0
[0.565s] -- Detecting C compiler ABI info
[0.706s] -- Detecting C compiler ABI info - done
[0.724s] -- Check for working C compiler: /usr/bin/cc - skipped
[0.726s] -- Detecting C compile features
[0.728s] -- Detecting C compile features - done
[0.737s] -- Detecting CXX compiler ABI info
[0.873s] -- Detecting CXX compiler ABI info - done
[0.891s] -- Check for working CXX compiler: /usr/bin/c++ - skipped
[0.892s] -- Detecting CXX compile features
[0.893s] -- Detecting CXX compile features - done
[1.015s] -- Found ament_cmake: 1.3.12 (/opt/ros/humble/share/ament_cmake/cmake)
[1.361s] -- Found Python3: /usr/bin/python3 (found version "3.10.12") found components: Interpreter 
[1.692s] -- Found rclcpp: 16.0.14 (/opt/ros/humble/share/rclcpp/cmake)
[1.914s] -- Found rosidl_generator_c: 3.1.7 (/opt/ros/humble/share/rosidl_generator_c/cmake)
[1.967s] -- Found rosidl_adapter: 3.1.7 (/opt/ros/humble/share/rosidl_adapter/cmake)
[1.998s] -- Found rosidl_generator_cpp: 3.1.7 (/opt/ros/humble/share/rosidl_generator_cpp/cmake)
[2.038s] -- Using all available rosidl_typesupport_c: rosidl_typesupport_fastrtps_c;rosidl_typesupport_introspection_c
[2.135s] -- Using all available rosidl_typesupport_cpp: rosidl_typesupport_fastrtps_cpp;rosidl_typesupport_introspection_cpp
[2.489s] -- Found rmw_implementation_cmake: 6.1.2 (/opt/ros/humble/share/rmw_implementation_cmake/cmake)
[2.521s] -- Found rmw_fastrtps_cpp: 6.2.8 (/opt/ros/humble/share/rmw_fastrtps_cpp/cmake)
[2.954s] -- Found OpenSSL: /usr/lib/x86_64-linux-gnu/libcrypto.so (found version "3.0.2")  
[3.006s] -- Found FastRTPS: /opt/ros/humble/include  
[3.073s] -- Using RMW implementation 'rmw_fastrtps_cpp' as default
[3.140s] -- Looking for pthread.h
[3.286s] -- Looking for pthread.h - found
[3.286s] -- Performing Test CMAKE_HAVE_LIBC_PTHREAD
[3.409s] -- Performing Test CMAKE_HAVE_LIBC_PTHREAD - Success
[3.410s] -- Found Threads: TRUE  
[3.741s] -- Found geometry_msgs: 4.9.0 (/opt/ros/humble/share/geometry_msgs/cmake)
[3.825s] -- Found turtlesim: 1.4.2 (/opt/ros/humble/share/turtlesim/cmake)
[4.011s] -- Found ament_lint_auto: 0.12.14 (/opt/ros/humble/share/ament_lint_auto/cmake)
[4.215s] -- Added test 'copyright' to check source files copyright and LICENSE
[4.221s] -- Added test 'cppcheck' to perform static code analysis on C / C++ code
[4.221s] -- Configured cppcheck include dirs: 
[4.221s] -- Configured cppcheck exclude dirs and/or files: 
[4.226s] -- Added test 'cpplint' to check C / C++ code against the Google style
[4.227s] -- Configured cpplint exclude dirs and/or files: 
[4.230s] -- Added test 'lint_cmake' to check CMake code style
[4.237s] -- Added test 'uncrustify' to check C / C++ code style
[4.237s] -- Configured uncrustify additional arguments: 
[4.239s] -- Added test 'xmllint' to check XML markup files
[4.244s] -- Configuring done
[4.268s] -- Generating done
[4.283s] -- Build files have been written to: /home/aimane/data/colcon_ws2/build/foolturtle
[4.297s] Invoked command in '/home/aimane/data/colcon_ws2/build/foolturtle' returned '0': CMAKE_PREFIX_PATH=/opt/ros/humble /usr/bin/cmake /home/aimane/data/colcon_ws2/src/foolturtle -DCMAKE_INSTALL_PREFIX=/home/aimane/data/colcon_ws2/install/foolturtle
[4.300s] Invoking command in '/home/aimane/data/colcon_ws2/build/foolturtle': CMAKE_PREFIX_PATH=/opt/ros/humble /usr/bin/cmake --build /home/aimane/data/colcon_ws2/build/foolturtle -- -j3 -l3
[4.361s] [ 50%] [32mBuilding CXX object CMakeFiles/subpose.dir/src/subpose.cpp.o[0m
[4.363s] [ 50%] [32mBuilding CXX object CMakeFiles/pubvel.dir/src/pubvel.cpp.o[0m
[11.213s] [ 75%] [32m[1mLinking CXX executable pubvel[0m
[11.760s] [ 75%] Built target pubvel
[16.809s] [100%] [32m[1mLinking CXX executable subpose[0m
[17.409s] [100%] Built target subpose
[17.422s] Invoked command in '/home/aimane/data/colcon_ws2/build/foolturtle' returned '0': CMAKE_PREFIX_PATH=/opt/ros/humble /usr/bin/cmake --build /home/aimane/data/colcon_ws2/build/foolturtle -- -j3 -l3
[17.433s] Invoking command in '/home/aimane/data/colcon_ws2/build/foolturtle': CMAKE_PREFIX_PATH=/opt/ros/humble /usr/bin/cmake --install /home/aimane/data/colcon_ws2/build/foolturtle
[17.441s] -- Install configuration: ""
[17.442s] -- Installing: /home/aimane/data/colcon_ws2/install/foolturtle/lib/foolturtle/pubvel
[17.443s] -- Set runtime path of "/home/aimane/data/colcon_ws2/install/foolturtle/lib/foolturtle/pubvel" to ""
[17.443s] -- Installing: /home/aimane/data/colcon_ws2/install/foolturtle/lib/foolturtle/subpose
[17.446s] -- Set runtime path of "/home/aimane/data/colcon_ws2/install/foolturtle/lib/foolturtle/subpose" to ""
[17.447s] -- Installing: /home/aimane/data/colcon_ws2/install/foolturtle/share/ament_index/resource_index/package_run_dependencies/foolturtle
[17.447s] -- Installing: /home/aimane/data/colcon_ws2/install/foolturtle/share/ament_index/resource_index/parent_prefix_path/foolturtle
[17.447s] -- Installing: /home/aimane/data/colcon_ws2/install/foolturtle/share/foolturtle/environment/ament_prefix_path.sh
[17.447s] -- Installing: /home/aimane/data/colcon_ws2/install/foolturtle/share/foolturtle/environment/ament_prefix_path.dsv
[17.450s] -- Installing: /home/aimane/data/colcon_ws2/install/foolturtle/share/foolturtle/environment/path.sh
[17.450s] -- Installing: /home/aimane/data/colcon_ws2/install/foolturtle/share/foolturtle/environment/path.dsv
[17.450s] -- Installing: /home/aimane/data/colcon_ws2/install/foolturtle/share/foolturtle/local_setup.bash
[17.450s] -- Installing: /home/aimane/data/colcon_ws2/install/foolturtle/share/foolturtle/local_setup.sh
[17.450s] -- Installing: /home/aimane/data/colcon_ws2/install/foolturtle/share/foolturtle/local_setup.zsh
[17.450s] -- Installing: /home/aimane/data/colcon_ws2/install/foolturtle/share/foolturtle/local_setup.dsv
[17.451s] -- Installing: /home/aimane/data/colcon_ws2/install/foolturtle/share/foolturtle/package.dsv
[17.451s] -- Installing: /home/aimane/data/colcon_ws2/install/foolturtle/share/ament_index/resource_index/packages/foolturtle
[17.451s] -- Installing: /home/aimane/data/colcon_ws2/install/foolturtle/share/foolturtle/cmake/ament_cmake_export_dependencies-extras.cmake
[17.451s] -- Installing: /home/aimane/data/colcon_ws2/install/foolturtle/share/foolturtle/cmake/foolturtleConfig.cmake
[17.451s] -- Installing: /home/aimane/data/colcon_ws2/install/foolturtle/share/foolturtle/cmake/foolturtleConfig-version.cmake
[17.451s] -- Installing: /home/aimane/data/colcon_ws2/install/foolturtle/share/foolturtle/package.xml
[17.456s] Invoked command in '/home/aimane/data/colcon_ws2/build/foolturtle' returned '0': CMAKE_PREFIX_PATH=/opt/ros/humble /usr/bin/cmake --install /home/aimane/data/colcon_ws2/build/foolturtle
