[0.018s] Invoking command in '/home/aimane/data/colcon_ws3/build/urdf_tutorial': CMAKE_PREFIX_PATH=/home/aimane/data/colcon_ws3/install/ur_description:/home/aimane/data/colcon_ws3/install/urdf_tutorial:/home/aimane/data/colcon_ws3/install/learning_tf2:/opt/ros/humble /usr/bin/cmake --build /home/aimane/data/colcon_ws3/build/urdf_tutorial -- -j3 -l3
[0.073s] Invoked command in '/home/aimane/data/colcon_ws3/build/urdf_tutorial' returned '0': CMAKE_PREFIX_PATH=/home/aimane/data/colcon_ws3/install/ur_description:/home/aimane/data/colcon_ws3/install/urdf_tutorial:/home/aimane/data/colcon_ws3/install/learning_tf2:/opt/ros/humble /usr/bin/cmake --build /home/aimane/data/colcon_ws3/build/urdf_tutorial -- -j3 -l3
[0.078s] Invoking command in '/home/aimane/data/colcon_ws3/build/urdf_tutorial': CMAKE_PREFIX_PATH=/home/aimane/data/colcon_ws3/install/ur_description:/home/aimane/data/colcon_ws3/install/urdf_tutorial:/home/aimane/data/colcon_ws3/install/learning_tf2:/opt/ros/humble /usr/bin/cmake --install /home/aimane/data/colcon_ws3/build/urdf_tutorial
[0.089s] -- Install configuration: ""
[0.089s] -- Up-to-date: /home/aimane/data/colcon_ws3/install/urdf_tutorial/share/urdf_tutorial/launch
[0.089s] -- Up-to-date: /home/aimane/data/colcon_ws3/install/urdf_tutorial/share/urdf_tutorial/launch/ur_visualization.launch.py
[0.091s] -- Up-to-date: /home/aimane/data/colcon_ws3/install/urdf_tutorial/share/urdf_tutorial/launch/pantilt_visualization.launch.py
[0.091s] -- Up-to-date: /home/aimane/data/colcon_ws3/install/urdf_tutorial/share/urdf_tutorial/launch/ur_robot.launch.py
[0.091s] -- Up-to-date: /home/aimane/data/colcon_ws3/install/urdf_tutorial/share/urdf_tutorial/config
[0.091s] -- Up-to-date: /home/aimane/data/colcon_ws3/install/urdf_tutorial/share/urdf_tutorial/config/pawn_marker.yaml
[0.092s] -- Up-to-date: /home/aimane/data/colcon_ws3/install/urdf_tutorial/share/urdf_tutorial/urdf
[0.092s] -- Up-to-date: /home/aimane/data/colcon_ws3/install/urdf_tutorial/share/urdf_tutorial/urdf/build
[0.092s] -- Up-to-date: /home/aimane/data/colcon_ws3/install/urdf_tutorial/share/urdf_tutorial/urdf/build/COLCON_IGNORE
[0.092s] -- Up-to-date: /home/aimane/data/colcon_ws3/install/urdf_tutorial/share/urdf_tutorial/urdf/build/.built_by
[0.092s] -- Up-to-date: /home/aimane/data/colcon_ws3/install/urdf_tutorial/share/urdf_tutorial/urdf/pan_tilt.pdf
[0.092s] -- Up-to-date: /home/aimane/data/colcon_ws3/install/urdf_tutorial/share/urdf_tutorial/urdf/ur.urdf.xacro 
[0.092s] -- Up-to-date: /home/aimane/data/colcon_ws3/install/urdf_tutorial/share/urdf_tutorial/urdf/pan_tilt.xacro
[0.093s] -- Up-to-date: /home/aimane/data/colcon_ws3/install/urdf_tutorial/share/urdf_tutorial/urdf/install
[0.093s] -- Up-to-date: /home/aimane/data/colcon_ws3/install/urdf_tutorial/share/urdf_tutorial/urdf/install/COLCON_IGNORE
[0.093s] -- Up-to-date: /home/aimane/data/colcon_ws3/install/urdf_tutorial/share/urdf_tutorial/urdf/install/.colcon_install_layout
[0.093s] -- Up-to-date: /home/aimane/data/colcon_ws3/install/urdf_tutorial/share/urdf_tutorial/urdf/log
[0.093s] -- Up-to-date: /home/aimane/data/colcon_ws3/install/urdf_tutorial/share/urdf_tutorial/urdf/log/latest
[0.093s] -- Up-to-date: /home/aimane/data/colcon_ws3/install/urdf_tutorial/share/urdf_tutorial/urdf/log/COLCON_IGNORE
[0.093s] -- Up-to-date: /home/aimane/data/colcon_ws3/install/urdf_tutorial/share/urdf_tutorial/urdf/log/build_2025-09-08_01-41-47
[0.094s] -- Up-to-date: /home/aimane/data/colcon_ws3/install/urdf_tutorial/share/urdf_tutorial/urdf/log/build_2025-09-08_01-41-47/logger_all.log
[0.094s] -- Up-to-date: /home/aimane/data/colcon_ws3/install/urdf_tutorial/share/urdf_tutorial/urdf/log/latest_build
[0.094s] -- Up-to-date: /home/aimane/data/colcon_ws3/install/urdf_tutorial/share/urdf_tutorial/urdf/pan_tilt.gv
[0.094s] -- Up-to-date: /home/aimane/data/colcon_ws3/install/urdf_tutorial/share/urdf_tutorial/urdf/pan_tilt.urdf
[0.094s] -- Up-to-date: /home/aimane/data/colcon_ws3/install/urdf_tutorial/share/urdf_tutorial/rviz
[0.094s] -- Up-to-date: /home/aimane/data/colcon_ws3/install/urdf_tutorial/share/urdf_tutorial/rviz/display_urdf.rviz
[0.094s] -- Up-to-date: /home/aimane/data/colcon_ws3/install/urdf_tutorial/share/urdf_tutorial/rviz/ur_visualization.rviz
[0.095s] -- Up-to-date: /home/aimane/data/colcon_ws3/install/urdf_tutorial/share/ament_index/resource_index/package_run_dependencies/urdf_tutorial
[0.095s] -- Up-to-date: /home/aimane/data/colcon_ws3/install/urdf_tutorial/share/ament_index/resource_index/parent_prefix_path/urdf_tutorial
[0.095s] -- Up-to-date: /home/aimane/data/colcon_ws3/install/urdf_tutorial/share/urdf_tutorial/environment/ament_prefix_path.sh
[0.095s] -- Up-to-date: /home/aimane/data/colcon_ws3/install/urdf_tutorial/share/urdf_tutorial/environment/ament_prefix_path.dsv
[0.095s] -- Up-to-date: /home/aimane/data/colcon_ws3/install/urdf_tutorial/share/urdf_tutorial/environment/path.sh
[0.095s] -- Up-to-date: /home/aimane/data/colcon_ws3/install/urdf_tutorial/share/urdf_tutorial/environment/path.dsv
[0.095s] -- Up-to-date: /home/aimane/data/colcon_ws3/install/urdf_tutorial/share/urdf_tutorial/local_setup.bash
[0.095s] -- Up-to-date: /home/aimane/data/colcon_ws3/install/urdf_tutorial/share/urdf_tutorial/local_setup.sh
[0.096s] -- Up-to-date: /home/aimane/data/colcon_ws3/install/urdf_tutorial/share/urdf_tutorial/local_setup.zsh
[0.096s] -- Up-to-date: /home/aimane/data/colcon_ws3/install/urdf_tutorial/share/urdf_tutorial/local_setup.dsv
[0.096s] -- Installing: /home/aimane/data/colcon_ws3/install/urdf_tutorial/share/urdf_tutorial/package.dsv
[0.096s] -- Up-to-date: /home/aimane/data/colcon_ws3/install/urdf_tutorial/share/ament_index/resource_index/packages/urdf_tutorial
[0.096s] -- Up-to-date: /home/aimane/data/colcon_ws3/install/urdf_tutorial/share/urdf_tutorial/cmake/ament_cmake_export_dependencies-extras.cmake
[0.097s] -- Up-to-date: /home/aimane/data/colcon_ws3/install/urdf_tutorial/share/urdf_tutorial/cmake/urdf_tutorialConfig.cmake
[0.098s] -- Up-to-date: /home/aimane/data/colcon_ws3/install/urdf_tutorial/share/urdf_tutorial/cmake/urdf_tutorialConfig-version.cmake
[0.098s] -- Up-to-date: /home/aimane/data/colcon_ws3/install/urdf_tutorial/share/urdf_tutorial/package.xml
[0.101s] Invoked command in '/home/aimane/data/colcon_ws3/build/urdf_tutorial' returned '0': CMAKE_PREFIX_PATH=/home/aimane/data/colcon_ws3/install/ur_description:/home/aimane/data/colcon_ws3/install/urdf_tutorial:/home/aimane/data/colcon_ws3/install/learning_tf2:/opt/ros/humble /usr/bin/cmake --install /home/aimane/data/colcon_ws3/build/urdf_tutorial
