[35m[1mConsolidate compiler generated dependencies of target my_nodeLoop[0m
[35m[1mConsolidate compiler generated dependencies of target my_node[0m
[ 25%] [32mBuilding CXX object CMakeFiles/my_nodeLoop.dir/src/my_nodeLoop.cpp.o[0m
[ 50%] [32mBuilding CXX object CMakeFiles/my_node.dir/src/my_node.cpp.o[0m
[100%] [32m[1mLinking CXX executable my_node[0m
[100%] [32m[1mLinking CXX executable my_nodeLoop[0m
[100%] Built target my_nodeLoop
[100%] Built target my_node
-- Install configuration: ""
-- Installing: /home/aimane/data/colcon_ws1/install/my_first_pkg/lib/my_first_pkg/my_node
-- Set runtime path of "/home/aimane/data/colcon_ws1/install/my_first_pkg/lib/my_first_pkg/my_node" to ""
-- Installing: /home/aimane/data/colcon_ws1/install/my_first_pkg/lib/my_first_pkg/my_nodeLoop
-- Set runtime path of "/home/aimane/data/colcon_ws1/install/my_first_pkg/lib/my_first_pkg/my_nodeLoop" to ""
-- Up-to-date: /home/aimane/data/colcon_ws1/install/my_first_pkg/share/ament_index/resource_index/package_run_dependencies/my_first_pkg
-- Up-to-date: /home/aimane/data/colcon_ws1/install/my_first_pkg/share/ament_index/resource_index/parent_prefix_path/my_first_pkg
-- Up-to-date: /home/aimane/data/colcon_ws1/install/my_first_pkg/share/my_first_pkg/environment/ament_prefix_path.sh
-- Up-to-date: /home/aimane/data/colcon_ws1/install/my_first_pkg/share/my_first_pkg/environment/ament_prefix_path.dsv
-- Up-to-date: /home/aimane/data/colcon_ws1/install/my_first_pkg/share/my_first_pkg/environment/path.sh
-- Up-to-date: /home/aimane/data/colcon_ws1/install/my_first_pkg/share/my_first_pkg/environment/path.dsv
-- Up-to-date: /home/aimane/data/colcon_ws1/install/my_first_pkg/share/my_first_pkg/local_setup.bash
-- Up-to-date: /home/aimane/data/colcon_ws1/install/my_first_pkg/share/my_first_pkg/local_setup.sh
-- Up-to-date: /home/aimane/data/colcon_ws1/install/my_first_pkg/share/my_first_pkg/local_setup.zsh
-- Up-to-date: /home/aimane/data/colcon_ws1/install/my_first_pkg/share/my_first_pkg/local_setup.dsv
-- Installing: /home/aimane/data/colcon_ws1/install/my_first_pkg/share/my_first_pkg/package.dsv
-- Up-to-date: /home/aimane/data/colcon_ws1/install/my_first_pkg/share/ament_index/resource_index/packages/my_first_pkg
-- Up-to-date: /home/aimane/data/colcon_ws1/install/my_first_pkg/share/my_first_pkg/cmake/my_first_pkgConfig.cmake
-- Up-to-date: /home/aimane/data/colcon_ws1/install/my_first_pkg/share/my_first_pkg/cmake/my_first_pkgConfig-version.cmake
-- Up-to-date: /home/aimane/data/colcon_ws1/install/my_first_pkg/share/my_first_pkg/package.xml
