[0.089s] Invoking command in '/home/aimane/data/colcon_ws1/build/my_first_pkg': CMAKE_PREFIX_PATH=/opt/ros/humble /usr/bin/cmake --build /home/aimane/data/colcon_ws1/build/my_first_pkg -- -j3 -l3
[0.400s] [35m[1mConsolidate compiler generated dependencies of target my_nodeLoop[0m
[0.408s] [35m[1mConsolidate compiler generated dependencies of target my_node[0m
[0.429s] [ 25%] [32mBuilding CXX object CMakeFiles/my_nodeLoop.dir/src/my_nodeLoop.cpp.o[0m
[0.434s] [ 50%] [32mBuilding CXX object CMakeFiles/my_node.dir/src/my_node.cpp.o[0m
[7.668s] [100%] [32m[1mLinking CXX executable my_node[0m
[7.668s] [100%] [32m[1mLinking CXX executable my_nodeLoop[0m
[8.239s] [100%] Built target my_nodeLoop
[8.243s] [100%] Built target my_node
[8.259s] Invoked command in '/home/aimane/data/colcon_ws1/build/my_first_pkg' returned '0': CMAKE_PREFIX_PATH=/opt/ros/humble /usr/bin/cmake --build /home/aimane/data/colcon_ws1/build/my_first_pkg -- -j3 -l3
[8.273s] Invoking command in '/home/aimane/data/colcon_ws1/build/my_first_pkg': CMAKE_PREFIX_PATH=/opt/ros/humble /usr/bin/cmake --install /home/aimane/data/colcon_ws1/build/my_first_pkg
[8.298s] -- Install configuration: ""
[8.312s] -- Installing: /home/aimane/data/colcon_ws1/install/my_first_pkg/lib/my_first_pkg/my_node
[8.314s] -- Set runtime path of "/home/aimane/data/colcon_ws1/install/my_first_pkg/lib/my_first_pkg/my_node" to ""
[8.333s] -- Installing: /home/aimane/data/colcon_ws1/install/my_first_pkg/lib/my_first_pkg/my_nodeLoop
[8.334s] -- Set runtime path of "/home/aimane/data/colcon_ws1/install/my_first_pkg/lib/my_first_pkg/my_nodeLoop" to ""
[8.334s] -- Up-to-date: /home/aimane/data/colcon_ws1/install/my_first_pkg/share/ament_index/resource_index/package_run_dependencies/my_first_pkg
[8.336s] -- Up-to-date: /home/aimane/data/colcon_ws1/install/my_first_pkg/share/ament_index/resource_index/parent_prefix_path/my_first_pkg
[8.336s] -- Up-to-date: /home/aimane/data/colcon_ws1/install/my_first_pkg/share/my_first_pkg/environment/ament_prefix_path.sh
[8.336s] -- Up-to-date: /home/aimane/data/colcon_ws1/install/my_first_pkg/share/my_first_pkg/environment/ament_prefix_path.dsv
[8.336s] -- Up-to-date: /home/aimane/data/colcon_ws1/install/my_first_pkg/share/my_first_pkg/environment/path.sh
[8.337s] -- Up-to-date: /home/aimane/data/colcon_ws1/install/my_first_pkg/share/my_first_pkg/environment/path.dsv
[8.337s] -- Up-to-date: /home/aimane/data/colcon_ws1/install/my_first_pkg/share/my_first_pkg/local_setup.bash
[8.337s] -- Up-to-date: /home/aimane/data/colcon_ws1/install/my_first_pkg/share/my_first_pkg/local_setup.sh
[8.337s] -- Up-to-date: /home/aimane/data/colcon_ws1/install/my_first_pkg/share/my_first_pkg/local_setup.zsh
[8.337s] -- Up-to-date: /home/aimane/data/colcon_ws1/install/my_first_pkg/share/my_first_pkg/local_setup.dsv
[8.337s] -- Installing: /home/aimane/data/colcon_ws1/install/my_first_pkg/share/my_first_pkg/package.dsv
[8.337s] -- Up-to-date: /home/aimane/data/colcon_ws1/install/my_first_pkg/share/ament_index/resource_index/packages/my_first_pkg
[8.337s] -- Up-to-date: /home/aimane/data/colcon_ws1/install/my_first_pkg/share/my_first_pkg/cmake/my_first_pkgConfig.cmake
[8.338s] -- Up-to-date: /home/aimane/data/colcon_ws1/install/my_first_pkg/share/my_first_pkg/cmake/my_first_pkgConfig-version.cmake
[8.338s] -- Up-to-date: /home/aimane/data/colcon_ws1/install/my_first_pkg/share/my_first_pkg/package.xml
[8.341s] Invoked command in '/home/aimane/data/colcon_ws1/build/my_first_pkg' returned '0': CMAKE_PREFIX_PATH=/opt/ros/humble /usr/bin/cmake --install /home/aimane/data/colcon_ws1/build/my_first_pkg
