-- The C compiler identification is GNU 11.4.0
-- The CXX compiler identification is GNU 11.4.0
-- Detecting C compiler ABI info
-- Detecting C compiler ABI info - done
-- Check for working C compiler: /usr/bin/cc - skipped
-- Detecting C compile features
-- Detecting C compile features - done
-- Detecting CXX compiler ABI info
-- Detecting CXX compiler ABI info - done
-- Check for working CXX compiler: /usr/bin/c++ - skipped
-- Detecting CXX compile features
-- Detecting CXX compile features - done
-- Found ament_cmake: 1.3.12 (/opt/ros/humble/share/ament_cmake/cmake)
-- Found Python3: /usr/bin/python3 (found version "3.10.12") found components: Interpreter 
-- Found rclcpp: 16.0.14 (/opt/ros/humble/share/rclcpp/cmake)
-- Found rosidl_generator_c: 3.1.7 (/opt/ros/humble/share/rosidl_generator_c/cmake)
-- Found rosidl_adapter: 3.1.7 (/opt/ros/humble/share/rosidl_adapter/cmake)
-- Found rosidl_generator_cpp: 3.1.7 (/opt/ros/humble/share/rosidl_generator_cpp/cmake)
-- Using all available rosidl_typesupport_c: rosidl_typesupport_fastrtps_c;rosidl_typesupport_introspection_c
-- Using all available rosidl_typesupport_cpp: rosidl_typesupport_fastrtps_cpp;rosidl_typesupport_introspection_cpp
-- Found rmw_implementation_cmake: 6.1.2 (/opt/ros/humble/share/rmw_implementation_cmake/cmake)
-- Found rmw_fastrtps_cpp: 6.2.8 (/opt/ros/humble/share/rmw_fastrtps_cpp/cmake)
-- Found OpenSSL: /usr/lib/x86_64-linux-gnu/libcrypto.so (found version "3.0.2")  
-- Found FastRTPS: /opt/ros/humble/include  
-- Using RMW implementation 'rmw_fastrtps_cpp' as default
-- Looking for pthread.h
-- Looking for pthread.h - found
-- Performing Test CMAKE_HAVE_LIBC_PTHREAD
-- Performing Test CMAKE_HAVE_LIBC_PTHREAD - Success
-- Found Threads: TRUE  
-- Found geometry_msgs: 4.9.0 (/opt/ros/humble/share/geometry_msgs/cmake)
-- Found tf2: 0.25.16 (/opt/ros/humble/share/tf2/cmake)
-- Found tf2_ros: 0.25.16 (/opt/ros/humble/share/tf2_ros/cmake)
-- Found turtlesim: 1.4.2 (/opt/ros/humble/share/turtlesim/cmake)
-- Found ament_lint_auto: 0.12.14 (/opt/ros/humble/share/ament_lint_auto/cmake)
-- Added test 'copyright' to check source files copyright and LICENSE
-- Added test 'cppcheck' to perform static code analysis on C / C++ code
-- Configured cppcheck include dirs: 
-- Configured cppcheck exclude dirs and/or files: 
-- Added test 'cpplint' to check C / C++ code against the Google style
-- Configured cpplint exclude dirs and/or files: 
-- Added test 'flake8' to check Python code syntax and style conventions
-- Added test 'lint_cmake' to check CMake code style
-- Added test 'pep257' to check Python code against some of the docstring style conventions in PEP 257
-- Added test 'uncrustify' to check C / C++ code style
-- Configured uncrustify additional arguments: 
-- Added test 'xmllint' to check XML markup files
-- Configuring done
-- Generating done
-- Build files have been written to: /home/aimane/data/colcon_ws3/build/learning_tf2
[ 25%] [32mBuilding CXX object CMakeFiles/turtle_tf2_broadcaster.dir/src/turtle_tf2_broadcaster.cpp.o[0m
[ 50%] [32mBuilding CXX object CMakeFiles/turtle_tf2_listener_simple.dir/src/turtle_tf2_listener_simple.cpp.o[0m
[ 75%] [32m[1mLinking CXX executable turtle_tf2_listener_simple[0m
[ 75%] Built target turtle_tf2_listener_simple
[100%] [32m[1mLinking CXX executable turtle_tf2_broadcaster[0m
[100%] Built target turtle_tf2_broadcaster
-- Install configuration: ""
-- Installing: /home/aimane/data/colcon_ws3/install/learning_tf2/lib/learning_tf2/turtle_tf2_broadcaster
-- Set runtime path of "/home/aimane/data/colcon_ws3/install/learning_tf2/lib/learning_tf2/turtle_tf2_broadcaster" to ""
-- Installing: /home/aimane/data/colcon_ws3/install/learning_tf2/lib/learning_tf2/turtle_tf2_listener_simple
-- Set runtime path of "/home/aimane/data/colcon_ws3/install/learning_tf2/lib/learning_tf2/turtle_tf2_listener_simple" to ""
-- Installing: /home/aimane/data/colcon_ws3/install/learning_tf2/share/learning_tf2/launch
-- Installing: /home/aimane/data/colcon_ws3/install/learning_tf2/share/learning_tf2/launch/turtle_tf2_demo2.launch.py
-- Installing: /home/aimane/data/colcon_ws3/install/learning_tf2/share/learning_tf2/launch/tf2_broadcaster.launch.py
-- Installing: /home/aimane/data/colcon_ws3/install/learning_tf2/share/learning_tf2/rviz
-- Installing: /home/aimane/data/colcon_ws3/install/learning_tf2/share/learning_tf2/rviz/turtlesim_vis.rviz
-- Installing: /home/aimane/data/colcon_ws3/install/learning_tf2/share/ament_index/resource_index/package_run_dependencies/learning_tf2
-- Installing: /home/aimane/data/colcon_ws3/install/learning_tf2/share/ament_index/resource_index/parent_prefix_path/learning_tf2
-- Installing: /home/aimane/data/colcon_ws3/install/learning_tf2/share/learning_tf2/environment/ament_prefix_path.sh
-- Installing: /home/aimane/data/colcon_ws3/install/learning_tf2/share/learning_tf2/environment/ament_prefix_path.dsv
-- Installing: /home/aimane/data/colcon_ws3/install/learning_tf2/share/learning_tf2/environment/path.sh
-- Installing: /home/aimane/data/colcon_ws3/install/learning_tf2/share/learning_tf2/environment/path.dsv
-- Installing: /home/aimane/data/colcon_ws3/install/learning_tf2/share/learning_tf2/local_setup.bash
-- Installing: /home/aimane/data/colcon_ws3/install/learning_tf2/share/learning_tf2/local_setup.sh
-- Installing: /home/aimane/data/colcon_ws3/install/learning_tf2/share/learning_tf2/local_setup.zsh
-- Installing: /home/aimane/data/colcon_ws3/install/learning_tf2/share/learning_tf2/local_setup.dsv
-- Installing: /home/aimane/data/colcon_ws3/install/learning_tf2/share/learning_tf2/package.dsv
-- Installing: /home/aimane/data/colcon_ws3/install/learning_tf2/share/ament_index/resource_index/packages/learning_tf2
-- Installing: /home/aimane/data/colcon_ws3/install/learning_tf2/share/learning_tf2/cmake/ament_cmake_export_dependencies-extras.cmake
-- Installing: /home/aimane/data/colcon_ws3/install/learning_tf2/share/learning_tf2/cmake/learning_tf2Config.cmake
-- Installing: /home/aimane/data/colcon_ws3/install/learning_tf2/share/learning_tf2/cmake/learning_tf2Config-version.cmake
-- Installing: /home/aimane/data/colcon_ws3/install/learning_tf2/share/learning_tf2/package.xml
