-- Install configuration: ""
-- Up-to-date: /home/aimane/data/colcon_ws3/install/urdf_tutorial/share/urdf_tutorial/launch
-- Up-to-date: /home/aimane/data/colcon_ws3/install/urdf_tutorial/share/urdf_tutorial/launch/ur_visualization.launch.py
-- Up-to-date: /home/aimane/data/colcon_ws3/install/urdf_tutorial/share/urdf_tutorial/launch/pantilt_visualization.launch.py
-- Up-to-date: /home/aimane/data/colcon_ws3/install/urdf_tutorial/share/urdf_tutorial/launch/ur_robot.launch.py
-- Up-to-date: /home/aimane/data/colcon_ws3/install/urdf_tutorial/share/urdf_tutorial/config
-- Up-to-date: /home/aimane/data/colcon_ws3/install/urdf_tutorial/share/urdf_tutorial/config/pawn_marker.yaml
-- Up-to-date: /home/aimane/data/colcon_ws3/install/urdf_tutorial/share/urdf_tutorial/urdf
-- Up-to-date: /home/aimane/data/colcon_ws3/install/urdf_tutorial/share/urdf_tutorial/urdf/build
-- Up-to-date: /home/aimane/data/colcon_ws3/install/urdf_tutorial/share/urdf_tutorial/urdf/build/COLCON_IGNORE
-- Up-to-date: /home/aimane/data/colcon_ws3/install/urdf_tutorial/share/urdf_tutorial/urdf/build/.built_by
-- Up-to-date: /home/aimane/data/colcon_ws3/install/urdf_tutorial/share/urdf_tutorial/urdf/pan_tilt.pdf
-- Up-to-date: /home/aimane/data/colcon_ws3/install/urdf_tutorial/share/urdf_tutorial/urdf/pan_tilt.xacro
-- Up-to-date: /home/aimane/data/colcon_ws3/install/urdf_tutorial/share/urdf_tutorial/urdf/install
-- Up-to-date: /home/aimane/data/colcon_ws3/install/urdf_tutorial/share/urdf_tutorial/urdf/install/COLCON_IGNORE
-- Up-to-date: /home/aimane/data/colcon_ws3/install/urdf_tutorial/share/urdf_tutorial/urdf/install/.colcon_install_layout
-- Up-to-date: /home/aimane/data/colcon_ws3/install/urdf_tutorial/share/urdf_tutorial/urdf/log
-- Up-to-date: /home/aimane/data/colcon_ws3/install/urdf_tutorial/share/urdf_tutorial/urdf/log/latest
-- Up-to-date: /home/aimane/data/colcon_ws3/install/urdf_tutorial/share/urdf_tutorial/urdf/log/COLCON_IGNORE
-- Up-to-date: /home/aimane/data/colcon_ws3/install/urdf_tutorial/share/urdf_tutorial/urdf/log/build_2025-09-08_01-41-47
-- Up-to-date: /home/aimane/data/colcon_ws3/install/urdf_tutorial/share/urdf_tutorial/urdf/log/build_2025-09-08_01-41-47/logger_all.log
-- Up-to-date: /home/aimane/data/colcon_ws3/install/urdf_tutorial/share/urdf_tutorial/urdf/log/latest_build
-- Installing: /home/aimane/data/colcon_ws3/install/urdf_tutorial/share/urdf_tutorial/urdf/ur.urdf.xacro
-- Up-to-date: /home/aimane/data/colcon_ws3/install/urdf_tutorial/share/urdf_tutorial/urdf/pan_tilt.gv
-- Up-to-date: /home/aimane/data/colcon_ws3/install/urdf_tutorial/share/urdf_tutorial/urdf/pan_tilt.urdf
-- Up-to-date: /home/aimane/data/colcon_ws3/install/urdf_tutorial/share/urdf_tutorial/rviz
-- Up-to-date: /home/aimane/data/colcon_ws3/install/urdf_tutorial/share/urdf_tutorial/rviz/display_urdf.rviz
-- Up-to-date: /home/aimane/data/colcon_ws3/install/urdf_tutorial/share/urdf_tutorial/rviz/ur_visualization.rviz
-- Up-to-date: /home/aimane/data/colcon_ws3/install/urdf_tutorial/share/ament_index/resource_index/package_run_dependencies/urdf_tutorial
-- Up-to-date: /home/aimane/data/colcon_ws3/install/urdf_tutorial/share/ament_index/resource_index/parent_prefix_path/urdf_tutorial
-- Up-to-date: /home/aimane/data/colcon_ws3/install/urdf_tutorial/share/urdf_tutorial/environment/ament_prefix_path.sh
-- Up-to-date: /home/aimane/data/colcon_ws3/install/urdf_tutorial/share/urdf_tutorial/environment/ament_prefix_path.dsv
-- Up-to-date: /home/aimane/data/colcon_ws3/install/urdf_tutorial/share/urdf_tutorial/environment/path.sh
-- Up-to-date: /home/aimane/data/colcon_ws3/install/urdf_tutorial/share/urdf_tutorial/environment/path.dsv
-- Up-to-date: /home/aimane/data/colcon_ws3/install/urdf_tutorial/share/urdf_tutorial/local_setup.bash
-- Up-to-date: /home/aimane/data/colcon_ws3/install/urdf_tutorial/share/urdf_tutorial/local_setup.sh
-- Up-to-date: /home/aimane/data/colcon_ws3/install/urdf_tutorial/share/urdf_tutorial/local_setup.zsh
-- Up-to-date: /home/aimane/data/colcon_ws3/install/urdf_tutorial/share/urdf_tutorial/local_setup.dsv
-- Installing: /home/aimane/data/colcon_ws3/install/urdf_tutorial/share/urdf_tutorial/package.dsv
-- Up-to-date: /home/aimane/data/colcon_ws3/install/urdf_tutorial/share/ament_index/resource_index/packages/urdf_tutorial
-- Up-to-date: /home/aimane/data/colcon_ws3/install/urdf_tutorial/share/urdf_tutorial/cmake/ament_cmake_export_dependencies-extras.cmake
-- Up-to-date: /home/aimane/data/colcon_ws3/install/urdf_tutorial/share/urdf_tutorial/cmake/urdf_tutorialConfig.cmake
-- Up-to-date: /home/aimane/data/colcon_ws3/install/urdf_tutorial/share/urdf_tutorial/cmake/urdf_tutorialConfig-version.cmake
-- Up-to-date: /home/aimane/data/colcon_ws3/install/urdf_tutorial/share/urdf_tutorial/package.xml
