[0.023s] Invoking command in '/home/aimane/data/colcon_ws3/build/urdf_tutorial': CMAKE_PREFIX_PATH=/home/aimane/data/colcon_ws3/install/ur_description:/home/aimane/data/colcon_ws3/install/urdf_tutorial:/home/aimane/data/colcon_ws3/install/learning_tf2:/opt/ros/humble /usr/bin/cmake --build /home/aimane/data/colcon_ws3/build/urdf_tutorial -- -j3 -l3
[0.084s] Invoked command in '/home/aimane/data/colcon_ws3/build/urdf_tutorial' returned '0': CMAKE_PREFIX_PATH=/home/aimane/data/colcon_ws3/install/ur_description:/home/aimane/data/colcon_ws3/install/urdf_tutorial:/home/aimane/data/colcon_ws3/install/learning_tf2:/opt/ros/humble /usr/bin/cmake --build /home/aimane/data/colcon_ws3/build/urdf_tutorial -- -j3 -l3
[0.101s] Invoking command in '/home/aimane/data/colcon_ws3/build/urdf_tutorial': CMAKE_PREFIX_PATH=/home/aimane/data/colcon_ws3/install/ur_description:/home/aimane/data/colcon_ws3/install/urdf_tutorial:/home/aimane/data/colcon_ws3/install/learning_tf2:/opt/ros/humble /usr/bin/cmake --install /home/aimane/data/colcon_ws3/build/urdf_tutorial
[0.109s] -- Install configuration: ""
[0.110s] -- Up-to-date: /home/aimane/data/colcon_ws3/install/urdf_tutorial/share/urdf_tutorial/launch
[0.110s] -- Up-to-date: /home/aimane/data/colcon_ws3/install/urdf_tutorial/share/urdf_tutorial/launch/ur_visualization.launch.py
[0.110s] -- Up-to-date: /home/aimane/data/colcon_ws3/install/urdf_tutorial/share/urdf_tutorial/launch/pantilt_visualization.launch.py
[0.111s] -- Up-to-date: /home/aimane/data/colcon_ws3/install/urdf_tutorial/share/urdf_tutorial/launch/ur_robot.launch.py
[0.111s] -- Up-to-date: /home/aimane/data/colcon_ws3/install/urdf_tutorial/share/urdf_tutorial/config
[0.111s] -- Up-to-date: /home/aimane/data/colcon_ws3/install/urdf_tutorial/share/urdf_tutorial/config/pawn_marker.yaml
[0.112s] -- Up-to-date: /home/aimane/data/colcon_ws3/install/urdf_tutorial/share/urdf_tutorial/urdf
[0.112s] -- Up-to-date: /home/aimane/data/colcon_ws3/install/urdf_tutorial/share/urdf_tutorial/urdf/build
[0.112s] -- Up-to-date: /home/aimane/data/colcon_ws3/install/urdf_tutorial/share/urdf_tutorial/urdf/build/COLCON_IGNORE
[0.112s] -- Up-to-date: /home/aimane/data/colcon_ws3/install/urdf_tutorial/share/urdf_tutorial/urdf/build/.built_by
[0.112s] -- Up-to-date: /home/aimane/data/colcon_ws3/install/urdf_tutorial/share/urdf_tutorial/urdf/ur_mocked.urdf.xacro
[0.113s] -- Up-to-date: /home/aimane/data/colcon_ws3/install/urdf_tutorial/share/urdf_tutorial/urdf/pan_tilt.pdf
[0.114s] -- Up-to-date: /home/aimane/data/colcon_ws3/install/urdf_tutorial/share/urdf_tutorial/urdf/pan_tilt.xacro
[0.114s] -- Up-to-date: /home/aimane/data/colcon_ws3/install/urdf_tutorial/share/urdf_tutorial/urdf/install
[0.114s] -- Up-to-date: /home/aimane/data/colcon_ws3/install/urdf_tutorial/share/urdf_tutorial/urdf/install/COLCON_IGNORE
[0.114s] -- Up-to-date: /home/aimane/data/colcon_ws3/install/urdf_tutorial/share/urdf_tutorial/urdf/install/.colcon_install_layout
[0.115s] -- Up-to-date: /home/aimane/data/colcon_ws3/install/urdf_tutorial/share/urdf_tutorial/urdf/ros2_control_mock_hardware.xacro
[0.115s] -- Up-to-date: /home/aimane/data/colcon_ws3/install/urdf_tutorial/share/urdf_tutorial/urdf/log
[0.115s] -- Up-to-date: /home/aimane/data/colcon_ws3/install/urdf_tutorial/share/urdf_tutorial/urdf/log/latest
[0.115s] -- Up-to-date: /home/aimane/data/colcon_ws3/install/urdf_tutorial/share/urdf_tutorial/urdf/log/COLCON_IGNORE
[0.115s] -- Up-to-date: /home/aimane/data/colcon_ws3/install/urdf_tutorial/share/urdf_tutorial/urdf/log/build_2025-09-08_01-41-47
[0.115s] -- Up-to-date: /home/aimane/data/colcon_ws3/install/urdf_tutorial/share/urdf_tutorial/urdf/log/build_2025-09-08_01-41-47/logger_all.log
[0.115s] -- Up-to-date: /home/aimane/data/colcon_ws3/install/urdf_tutorial/share/urdf_tutorial/urdf/log/latest_build
[0.115s] -- Installing: /home/aimane/data/colcon_ws3/install/urdf_tutorial/share/urdf_tutorial/urdf/ur.urdf.xacro
[0.115s] -- Up-to-date: /home/aimane/data/colcon_ws3/install/urdf_tutorial/share/urdf_tutorial/urdf/pan_tilt.gv
[0.116s] -- Up-to-date: /home/aimane/data/colcon_ws3/install/urdf_tutorial/share/urdf_tutorial/urdf/pan_tilt.urdf
[0.116s] -- Up-to-date: /home/aimane/data/colcon_ws3/install/urdf_tutorial/share/urdf_tutorial/urdf/ur_macro.xacro
[0.117s] -- Installing: /home/aimane/data/colcon_ws3/install/urdf_tutorial/share/urdf_tutorial/urdf/ur.urdf_robot.xacro
[0.117s] -- Up-to-date: /home/aimane/data/colcon_ws3/install/urdf_tutorial/share/urdf_tutorial/rviz
[0.118s] -- Up-to-date: /home/aimane/data/colcon_ws3/install/urdf_tutorial/share/urdf_tutorial/rviz/display_urdf.rviz
[0.119s] -- Up-to-date: /home/aimane/data/colcon_ws3/install/urdf_tutorial/share/urdf_tutorial/rviz/ur_visualization.rviz
[0.119s] -- Up-to-date: /home/aimane/data/colcon_ws3/install/urdf_tutorial/share/ament_index/resource_index/package_run_dependencies/urdf_tutorial
[0.119s] -- Up-to-date: /home/aimane/data/colcon_ws3/install/urdf_tutorial/share/ament_index/resource_index/parent_prefix_path/urdf_tutorial
[0.119s] -- Up-to-date: /home/aimane/data/colcon_ws3/install/urdf_tutorial/share/urdf_tutorial/environment/ament_prefix_path.sh
[0.119s] -- Up-to-date: /home/aimane/data/colcon_ws3/install/urdf_tutorial/share/urdf_tutorial/environment/ament_prefix_path.dsv
[0.119s] -- Up-to-date: /home/aimane/data/colcon_ws3/install/urdf_tutorial/share/urdf_tutorial/environment/path.sh
[0.119s] -- Up-to-date: /home/aimane/data/colcon_ws3/install/urdf_tutorial/share/urdf_tutorial/environment/path.dsv
[0.120s] -- Up-to-date: /home/aimane/data/colcon_ws3/install/urdf_tutorial/share/urdf_tutorial/local_setup.bash
[0.120s] -- Up-to-date: /home/aimane/data/colcon_ws3/install/urdf_tutorial/share/urdf_tutorial/local_setup.sh
[0.121s] -- Up-to-date: /home/aimane/data/colcon_ws3/install/urdf_tutorial/share/urdf_tutorial/local_setup.zsh
[0.121s] -- Up-to-date: /home/aimane/data/colcon_ws3/install/urdf_tutorial/share/urdf_tutorial/local_setup.dsv
[0.121s] -- Installing: /home/aimane/data/colcon_ws3/install/urdf_tutorial/share/urdf_tutorial/package.dsv
[0.121s] -- Up-to-date: /home/aimane/data/colcon_ws3/install/urdf_tutorial/share/ament_index/resource_index/packages/urdf_tutorial
[0.121s] -- Up-to-date: /home/aimane/data/colcon_ws3/install/urdf_tutorial/share/urdf_tutorial/cmake/ament_cmake_export_dependencies-extras.cmake
[0.121s] -- Up-to-date: /home/aimane/data/colcon_ws3/install/urdf_tutorial/share/urdf_tutorial/cmake/urdf_tutorialConfig.cmake
[0.121s] -- Up-to-date: /home/aimane/data/colcon_ws3/install/urdf_tutorial/share/urdf_tutorial/cmake/urdf_tutorialConfig-version.cmake
[0.121s] -- Up-to-date: /home/aimane/data/colcon_ws3/install/urdf_tutorial/share/urdf_tutorial/package.xml
[0.125s] Invoked command in '/home/aimane/data/colcon_ws3/build/urdf_tutorial' returned '0': CMAKE_PREFIX_PATH=/home/aimane/data/colcon_ws3/install/ur_description:/home/aimane/data/colcon_ws3/install/urdf_tutorial:/home/aimane/data/colcon_ws3/install/learning_tf2:/opt/ros/humble /usr/bin/cmake --install /home/aimane/data/colcon_ws3/build/urdf_tutorial
