-- Install configuration: ""
-- Up-to-date: /home/aimane/data/colcon_ws3/install/urdf_tutorial/share/urdf_tutorial/launch
-- Up-to-date: /home/aimane/data/colcon_ws3/install/urdf_tutorial/share/urdf_tutorial/launch/ur_visualization.launch.py
-- Up-to-date: /home/aimane/data/colcon_ws3/install/urdf_tutorial/share/urdf_tutorial/launch/pantilt_visualization.launch.py
-- Up-to-date: /home/aimane/data/colcon_ws3/install/urdf_tutorial/share/urdf_tutorial/launch/ur_robot.launch.py
-- Up-to-date: /home/aimane/data/colcon_ws3/install/urdf_tutorial/share/urdf_tutorial/config
-- Up-to-date: /home/aimane/data/colcon_ws3/install/urdf_tutorial/share/urdf_tutorial/config/ur12e
-- Up-to-date: /home/aimane/data/colcon_ws3/install/urdf_tutorial/share/urdf_tutorial/config/ur12e/default_kinematics.yaml
-- Up-to-date: /home/aimane/data/colcon_ws3/install/urdf_tutorial/share/urdf_tutorial/config/ur12e/visual_parameters.yaml
-- Up-to-date: /home/aimane/data/colcon_ws3/install/urdf_tutorial/share/urdf_tutorial/config/ur12e/joint_limits.yaml
-- Up-to-date: /home/aimane/data/colcon_ws3/install/urdf_tutorial/share/urdf_tutorial/config/ur12e/physical_parameters.yaml
-- Up-to-date: /home/aimane/data/colcon_ws3/install/urdf_tutorial/share/urdf_tutorial/config/ur3e
-- Up-to-date: /home/aimane/data/colcon_ws3/install/urdf_tutorial/share/urdf_tutorial/config/ur3e/default_kinematics.yaml
-- Up-to-date: /home/aimane/data/colcon_ws3/install/urdf_tutorial/share/urdf_tutorial/config/ur3e/visual_parameters.yaml
-- Up-to-date: /home/aimane/data/colcon_ws3/install/urdf_tutorial/share/urdf_tutorial/config/ur3e/joint_limits.yaml
-- Up-to-date: /home/aimane/data/colcon_ws3/install/urdf_tutorial/share/urdf_tutorial/config/ur3e/physical_parameters.yaml
-- Up-to-date: /home/aimane/data/colcon_ws3/install/urdf_tutorial/share/urdf_tutorial/config/ur10
-- Up-to-date: /home/aimane/data/colcon_ws3/install/urdf_tutorial/share/urdf_tutorial/config/ur10/default_kinematics.yaml
-- Up-to-date: /home/aimane/data/colcon_ws3/install/urdf_tutorial/share/urdf_tutorial/config/ur10/visual_parameters.yaml
-- Up-to-date: /home/aimane/data/colcon_ws3/install/urdf_tutorial/share/urdf_tutorial/config/ur10/joint_limits.yaml
-- Up-to-date: /home/aimane/data/colcon_ws3/install/urdf_tutorial/share/urdf_tutorial/config/ur10/physical_parameters.yaml
-- Up-to-date: /home/aimane/data/colcon_ws3/install/urdf_tutorial/share/urdf_tutorial/config/ur7e
-- Up-to-date: /home/aimane/data/colcon_ws3/install/urdf_tutorial/share/urdf_tutorial/config/ur7e/default_kinematics.yaml
-- Up-to-date: /home/aimane/data/colcon_ws3/install/urdf_tutorial/share/urdf_tutorial/config/ur7e/visual_parameters.yaml
-- Up-to-date: /home/aimane/data/colcon_ws3/install/urdf_tutorial/share/urdf_tutorial/config/ur7e/joint_limits.yaml
-- Up-to-date: /home/aimane/data/colcon_ws3/install/urdf_tutorial/share/urdf_tutorial/config/ur7e/physical_parameters.yaml
-- Up-to-date: /home/aimane/data/colcon_ws3/install/urdf_tutorial/share/urdf_tutorial/config/ur16e
-- Up-to-date: /home/aimane/data/colcon_ws3/install/urdf_tutorial/share/urdf_tutorial/config/ur16e/default_kinematics.yaml
-- Up-to-date: /home/aimane/data/colcon_ws3/install/urdf_tutorial/share/urdf_tutorial/config/ur16e/visual_parameters.yaml
-- Up-to-date: /home/aimane/data/colcon_ws3/install/urdf_tutorial/share/urdf_tutorial/config/ur16e/joint_limits.yaml
-- Up-to-date: /home/aimane/data/colcon_ws3/install/urdf_tutorial/share/urdf_tutorial/config/ur16e/physical_parameters.yaml
-- Up-to-date: /home/aimane/data/colcon_ws3/install/urdf_tutorial/share/urdf_tutorial/config/ur5
-- Up-to-date: /home/aimane/data/colcon_ws3/install/urdf_tutorial/share/urdf_tutorial/config/ur5/default_kinematics.yaml
-- Up-to-date: /home/aimane/data/colcon_ws3/install/urdf_tutorial/share/urdf_tutorial/config/ur5/visual_parameters.yaml
-- Up-to-date: /home/aimane/data/colcon_ws3/install/urdf_tutorial/share/urdf_tutorial/config/ur5/joint_limits.yaml
-- Up-to-date: /home/aimane/data/colcon_ws3/install/urdf_tutorial/share/urdf_tutorial/config/ur5/physical_parameters.yaml
-- Up-to-date: /home/aimane/data/colcon_ws3/install/urdf_tutorial/share/urdf_tutorial/config/ur30
-- Up-to-date: /home/aimane/data/colcon_ws3/install/urdf_tutorial/share/urdf_tutorial/config/ur30/default_kinematics.yaml
-- Up-to-date: /home/aimane/data/colcon_ws3/install/urdf_tutorial/share/urdf_tutorial/config/ur30/visual_parameters.yaml
-- Up-to-date: /home/aimane/data/colcon_ws3/install/urdf_tutorial/share/urdf_tutorial/config/ur30/joint_limits.yaml
-- Up-to-date: /home/aimane/data/colcon_ws3/install/urdf_tutorial/share/urdf_tutorial/config/ur30/physical_parameters.yaml
-- Up-to-date: /home/aimane/data/colcon_ws3/install/urdf_tutorial/share/urdf_tutorial/config/ur15
-- Up-to-date: /home/aimane/data/colcon_ws3/install/urdf_tutorial/share/urdf_tutorial/config/ur15/default_kinematics.yaml
-- Up-to-date: /home/aimane/data/colcon_ws3/install/urdf_tutorial/share/urdf_tutorial/config/ur15/visual_parameters.yaml
-- Up-to-date: /home/aimane/data/colcon_ws3/install/urdf_tutorial/share/urdf_tutorial/config/ur15/joint_limits.yaml
-- Up-to-date: /home/aimane/data/colcon_ws3/install/urdf_tutorial/share/urdf_tutorial/config/ur15/physical_parameters.yaml
-- Up-to-date: /home/aimane/data/colcon_ws3/install/urdf_tutorial/share/urdf_tutorial/config/ur10e
-- Up-to-date: /home/aimane/data/colcon_ws3/install/urdf_tutorial/share/urdf_tutorial/config/ur10e/default_kinematics.yaml
-- Up-to-date: /home/aimane/data/colcon_ws3/install/urdf_tutorial/share/urdf_tutorial/config/ur10e/visual_parameters.yaml
-- Up-to-date: /home/aimane/data/colcon_ws3/install/urdf_tutorial/share/urdf_tutorial/config/ur10e/joint_limits.yaml
-- Up-to-date: /home/aimane/data/colcon_ws3/install/urdf_tutorial/share/urdf_tutorial/config/ur10e/physical_parameters.yaml
-- Up-to-date: /home/aimane/data/colcon_ws3/install/urdf_tutorial/share/urdf_tutorial/config/pawn_marker.yaml
-- Up-to-date: /home/aimane/data/colcon_ws3/install/urdf_tutorial/share/urdf_tutorial/config/ur5e
-- Up-to-date: /home/aimane/data/colcon_ws3/install/urdf_tutorial/share/urdf_tutorial/config/ur5e/default_kinematics.yaml
-- Up-to-date: /home/aimane/data/colcon_ws3/install/urdf_tutorial/share/urdf_tutorial/config/ur5e/visual_parameters.yaml
-- Up-to-date: /home/aimane/data/colcon_ws3/install/urdf_tutorial/share/urdf_tutorial/config/ur5e/joint_limits.yaml
-- Up-to-date: /home/aimane/data/colcon_ws3/install/urdf_tutorial/share/urdf_tutorial/config/ur5e/physical_parameters.yaml
-- Up-to-date: /home/aimane/data/colcon_ws3/install/urdf_tutorial/share/urdf_tutorial/config/ur3
-- Up-to-date: /home/aimane/data/colcon_ws3/install/urdf_tutorial/share/urdf_tutorial/config/ur3/default_kinematics.yaml
-- Up-to-date: /home/aimane/data/colcon_ws3/install/urdf_tutorial/share/urdf_tutorial/config/ur3/visual_parameters.yaml
-- Up-to-date: /home/aimane/data/colcon_ws3/install/urdf_tutorial/share/urdf_tutorial/config/ur3/joint_limits.yaml
-- Up-to-date: /home/aimane/data/colcon_ws3/install/urdf_tutorial/share/urdf_tutorial/config/ur3/physical_parameters.yaml
-- Up-to-date: /home/aimane/data/colcon_ws3/install/urdf_tutorial/share/urdf_tutorial/config/ur20
-- Up-to-date: /home/aimane/data/colcon_ws3/install/urdf_tutorial/share/urdf_tutorial/config/ur20/default_kinematics.yaml
-- Up-to-date: /home/aimane/data/colcon_ws3/install/urdf_tutorial/share/urdf_tutorial/config/ur20/visual_parameters.yaml
-- Up-to-date: /home/aimane/data/colcon_ws3/install/urdf_tutorial/share/urdf_tutorial/config/ur20/joint_limits.yaml
-- Up-to-date: /home/aimane/data/colcon_ws3/install/urdf_tutorial/share/urdf_tutorial/config/ur20/physical_parameters.yaml
-- Up-to-date: /home/aimane/data/colcon_ws3/install/urdf_tutorial/share/urdf_tutorial/urdf
-- Up-to-date: /home/aimane/data/colcon_ws3/install/urdf_tutorial/share/urdf_tutorial/urdf/build
-- Up-to-date: /home/aimane/data/colcon_ws3/install/urdf_tutorial/share/urdf_tutorial/urdf/build/COLCON_IGNORE
-- Up-to-date: /home/aimane/data/colcon_ws3/install/urdf_tutorial/share/urdf_tutorial/urdf/build/.built_by
-- Up-to-date: /home/aimane/data/colcon_ws3/install/urdf_tutorial/share/urdf_tutorial/urdf/ur_mocked.urdf.xacro
-- Up-to-date: /home/aimane/data/colcon_ws3/install/urdf_tutorial/share/urdf_tutorial/urdf/pan_tilt.pdf
-- Up-to-date: /home/aimane/data/colcon_ws3/install/urdf_tutorial/share/urdf_tutorial/urdf/pan_tilt.xacro
-- Up-to-date: /home/aimane/data/colcon_ws3/install/urdf_tutorial/share/urdf_tutorial/urdf/install
-- Up-to-date: /home/aimane/data/colcon_ws3/install/urdf_tutorial/share/urdf_tutorial/urdf/install/COLCON_IGNORE
-- Up-to-date: /home/aimane/data/colcon_ws3/install/urdf_tutorial/share/urdf_tutorial/urdf/install/.colcon_install_layout
-- Up-to-date: /home/aimane/data/colcon_ws3/install/urdf_tutorial/share/urdf_tutorial/urdf/ros2_control_mock_hardware.xacro
-- Up-to-date: /home/aimane/data/colcon_ws3/install/urdf_tutorial/share/urdf_tutorial/urdf/log
-- Up-to-date: /home/aimane/data/colcon_ws3/install/urdf_tutorial/share/urdf_tutorial/urdf/log/latest
-- Up-to-date: /home/aimane/data/colcon_ws3/install/urdf_tutorial/share/urdf_tutorial/urdf/log/COLCON_IGNORE
-- Up-to-date: /home/aimane/data/colcon_ws3/install/urdf_tutorial/share/urdf_tutorial/urdf/log/build_2025-09-08_01-41-47
-- Up-to-date: /home/aimane/data/colcon_ws3/install/urdf_tutorial/share/urdf_tutorial/urdf/log/build_2025-09-08_01-41-47/logger_all.log
-- Up-to-date: /home/aimane/data/colcon_ws3/install/urdf_tutorial/share/urdf_tutorial/urdf/log/latest_build
-- Installing: /home/aimane/data/colcon_ws3/install/urdf_tutorial/share/urdf_tutorial/urdf/ur.urdf.xacro
-- Up-to-date: /home/aimane/data/colcon_ws3/install/urdf_tutorial/share/urdf_tutorial/urdf/ur_robot.urdf.xacro
-- Up-to-date: /home/aimane/data/colcon_ws3/install/urdf_tutorial/share/urdf_tutorial/urdf/pan_tilt.gv
-- Up-to-date: /home/aimane/data/colcon_ws3/install/urdf_tutorial/share/urdf_tutorial/urdf/pan_tilt.urdf
-- Up-to-date: /home/aimane/data/colcon_ws3/install/urdf_tutorial/share/urdf_tutorial/urdf/ur_macro.xacro
-- Up-to-date: /home/aimane/data/colcon_ws3/install/urdf_tutorial/share/urdf_tutorial/rviz
-- Up-to-date: /home/aimane/data/colcon_ws3/install/urdf_tutorial/share/urdf_tutorial/rviz/display_urdf.rviz
-- Up-to-date: /home/aimane/data/colcon_ws3/install/urdf_tutorial/share/urdf_tutorial/rviz/ur_visualization.rviz
-- Up-to-date: /home/aimane/data/colcon_ws3/install/urdf_tutorial/share/ament_index/resource_index/package_run_dependencies/urdf_tutorial
-- Up-to-date: /home/aimane/data/colcon_ws3/install/urdf_tutorial/share/ament_index/resource_index/parent_prefix_path/urdf_tutorial
-- Up-to-date: /home/aimane/data/colcon_ws3/install/urdf_tutorial/share/urdf_tutorial/environment/ament_prefix_path.sh
-- Up-to-date: /home/aimane/data/colcon_ws3/install/urdf_tutorial/share/urdf_tutorial/environment/ament_prefix_path.dsv
-- Up-to-date: /home/aimane/data/colcon_ws3/install/urdf_tutorial/share/urdf_tutorial/environment/path.sh
-- Up-to-date: /home/aimane/data/colcon_ws3/install/urdf_tutorial/share/urdf_tutorial/environment/path.dsv
-- Up-to-date: /home/aimane/data/colcon_ws3/install/urdf_tutorial/share/urdf_tutorial/local_setup.bash
-- Up-to-date: /home/aimane/data/colcon_ws3/install/urdf_tutorial/share/urdf_tutorial/local_setup.sh
-- Up-to-date: /home/aimane/data/colcon_ws3/install/urdf_tutorial/share/urdf_tutorial/local_setup.zsh
-- Up-to-date: /home/aimane/data/colcon_ws3/install/urdf_tutorial/share/urdf_tutorial/local_setup.dsv
-- Installing: /home/aimane/data/colcon_ws3/install/urdf_tutorial/share/urdf_tutorial/package.dsv
-- Up-to-date: /home/aimane/data/colcon_ws3/install/urdf_tutorial/share/ament_index/resource_index/packages/urdf_tutorial
-- Up-to-date: /home/aimane/data/colcon_ws3/install/urdf_tutorial/share/urdf_tutorial/cmake/ament_cmake_export_dependencies-extras.cmake
-- Up-to-date: /home/aimane/data/colcon_ws3/install/urdf_tutorial/share/urdf_tutorial/cmake/urdf_tutorialConfig.cmake
-- Up-to-date: /home/aimane/data/colcon_ws3/install/urdf_tutorial/share/urdf_tutorial/cmake/urdf_tutorialConfig-version.cmake
-- Up-to-date: /home/aimane/data/colcon_ws3/install/urdf_tutorial/share/urdf_tutorial/package.xml
