-- The C compiler identification is GNU 11.4.0
-- The CXX compiler identification is GNU 11.4.0
-- Detecting C compiler ABI info
-- Detecting C compiler ABI info - done
-- Check for working C compiler: /usr/bin/cc - skipped
-- Detecting C compile features
-- Detecting C compile features - done
-- Detecting CXX compiler ABI info
-- Detecting CXX compiler ABI info - done
-- Check for working CXX compiler: /usr/bin/c++ - skipped
-- Detecting CXX compile features
-- Detecting CXX compile features - done
-- Found ament_cmake: 1.3.12 (/opt/ros/humble/share/ament_cmake/cmake)
-- Found Python3: /usr/bin/python3 (found version "3.10.12") found components: Interpreter 
-- Found rclcpp: 16.0.14 (/opt/ros/humble/share/rclcpp/cmake)
-- Found rosidl_generator_c: 3.1.7 (/opt/ros/humble/share/rosidl_generator_c/cmake)
-- Found rosidl_adapter: 3.1.7 (/opt/ros/humble/share/rosidl_adapter/cmake)
-- Found rosidl_generator_cpp: 3.1.7 (/opt/ros/humble/share/rosidl_generator_cpp/cmake)
-- Using all available rosidl_typesupport_c: rosidl_typesupport_fastrtps_c;rosidl_typesupport_introspection_c
-- Using all available rosidl_typesupport_cpp: rosidl_typesupport_fastrtps_cpp;rosidl_typesupport_introspection_cpp
-- Found rmw_implementation_cmake: 6.1.2 (/opt/ros/humble/share/rmw_implementation_cmake/cmake)
-- Found rmw_fastrtps_cpp: 6.2.8 (/opt/ros/humble/share/rmw_fastrtps_cpp/cmake)
-- Found OpenSSL: /usr/lib/x86_64-linux-gnu/libcrypto.so (found version "3.0.2")  
-- Found FastRTPS: /opt/ros/humble/include  
-- Using RMW implementation 'rmw_fastrtps_cpp' as default
-- Looking for pthread.h
-- Looking for pthread.h - found
-- Performing Test CMAKE_HAVE_LIBC_PTHREAD
-- Performing Test CMAKE_HAVE_LIBC_PTHREAD - Success
-- Found Threads: TRUE  
-- Found ament_lint_auto: 0.12.14 (/opt/ros/humble/share/ament_lint_auto/cmake)
-- Added test 'copyright' to check source files copyright and LICENSE
-- Added test 'cppcheck' to perform static code analysis on C / C++ code
-- Configured cppcheck include dirs: 
-- Configured cppcheck exclude dirs and/or files: 
-- Added test 'cpplint' to check C / C++ code against the Google style
-- Configured cpplint exclude dirs and/or files: 
-- Added test 'lint_cmake' to check CMake code style
-- Added test 'uncrustify' to check C / C++ code style
-- Configured uncrustify additional arguments: 
-- Added test 'xmllint' to check XML markup files
-- Configuring done
-- Generating done
-- Build files have been written to: /home/aimane/data/colcon_ws2/build/pubsub
[ 12%] [32mBuilding CXX object CMakeFiles/publisher_class.dir/src/publisher_class.cpp.o[0m
[ 25%] [32mBuilding CXX object CMakeFiles/subscriber_class.dir/src/subscriber_class.cpp.o[0m
[ 37%] [32mBuilding CXX object CMakeFiles/publisher.dir/src/publisher.cpp.o[0m
[ 50%] [32m[1mLinking CXX executable publisher_class[0m
[ 62%] [32m[1mLinking CXX executable publisher[0m
[ 62%] Built target publisher_class
[ 75%] [32mBuilding CXX object CMakeFiles/executors.dir/src/executors.cpp.o[0m
[ 75%] Built target publisher
[ 87%] [32m[1mLinking CXX executable subscriber_class[0m
[ 87%] Built target subscriber_class
[100%] [32m[1mLinking CXX executable executors[0m
[100%] Built target executors
-- Install configuration: ""
-- Installing: /home/aimane/data/colcon_ws2/install/pubsub/lib/pubsub/publisher
-- Set runtime path of "/home/aimane/data/colcon_ws2/install/pubsub/lib/pubsub/publisher" to ""
-- Installing: /home/aimane/data/colcon_ws2/install/pubsub/lib/pubsub/publisher_class
-- Set runtime path of "/home/aimane/data/colcon_ws2/install/pubsub/lib/pubsub/publisher_class" to ""
-- Installing: /home/aimane/data/colcon_ws2/install/pubsub/lib/pubsub/subscriber_class
-- Set runtime path of "/home/aimane/data/colcon_ws2/install/pubsub/lib/pubsub/subscriber_class" to ""
-- Installing: /home/aimane/data/colcon_ws2/install/pubsub/lib/pubsub/executors
-- Set runtime path of "/home/aimane/data/colcon_ws2/install/pubsub/lib/pubsub/executors" to ""
-- Installing: /home/aimane/data/colcon_ws2/install/pubsub/share/ament_index/resource_index/package_run_dependencies/pubsub
-- Installing: /home/aimane/data/colcon_ws2/install/pubsub/share/ament_index/resource_index/parent_prefix_path/pubsub
-- Installing: /home/aimane/data/colcon_ws2/install/pubsub/share/pubsub/environment/ament_prefix_path.sh
-- Installing: /home/aimane/data/colcon_ws2/install/pubsub/share/pubsub/environment/ament_prefix_path.dsv
-- Installing: /home/aimane/data/colcon_ws2/install/pubsub/share/pubsub/environment/path.sh
-- Installing: /home/aimane/data/colcon_ws2/install/pubsub/share/pubsub/environment/path.dsv
-- Installing: /home/aimane/data/colcon_ws2/install/pubsub/share/pubsub/local_setup.bash
-- Installing: /home/aimane/data/colcon_ws2/install/pubsub/share/pubsub/local_setup.sh
-- Installing: /home/aimane/data/colcon_ws2/install/pubsub/share/pubsub/local_setup.zsh
-- Installing: /home/aimane/data/colcon_ws2/install/pubsub/share/pubsub/local_setup.dsv
-- Installing: /home/aimane/data/colcon_ws2/install/pubsub/share/pubsub/package.dsv
-- Installing: /home/aimane/data/colcon_ws2/install/pubsub/share/ament_index/resource_index/packages/pubsub
-- Installing: /home/aimane/data/colcon_ws2/install/pubsub/share/pubsub/cmake/ament_cmake_export_dependencies-extras.cmake
-- Installing: /home/aimane/data/colcon_ws2/install/pubsub/share/pubsub/cmake/pubsubConfig.cmake
-- Installing: /home/aimane/data/colcon_ws2/install/pubsub/share/pubsub/cmake/pubsubConfig-version.cmake
-- Installing: /home/aimane/data/colcon_ws2/install/pubsub/share/pubsub/package.xml
